ARM GAS  C:\Users\herreral\AppData\Local\Temp\ccDG2DmZ.s 			page 1


   1              		.syntax unified
   2              		.cpu cortex-m3
   3              		.fpu softvfp
   4              		.eabi_attribute 20, 1
   5              		.eabi_attribute 21, 1
   6              		.eabi_attribute 23, 3
   7              		.eabi_attribute 24, 1
   8              		.eabi_attribute 25, 1
   9              		.eabi_attribute 26, 1
  10              		.eabi_attribute 30, 6
  11              		.eabi_attribute 34, 1
  12              		.eabi_attribute 18, 4
  13              		.thumb
  14              		.syntax unified
  15              		.file	"cymetadata.c"
  16              		.text
  17              	.Ltext0:
  18              		.cfi_sections	.debug_frame
  19              		.global	cy_meta_configecc
  20              		.section	.cyconfigecc,"a",%progbits
  21              		.align	2
  22              		.type	cy_meta_configecc, %object
  23              		.size	cy_meta_configecc, 1480
  24              	cy_meta_configecc:
  25 0000 02       		.byte	2
  26 0001 4F       		.byte	79
  27 0002 00       		.byte	0
  28 0003 40       		.byte	64
  29 0004 04       		.byte	4
  30 0005 5A       		.byte	90
  31 0006 00       		.byte	0
  32 0007 40       		.byte	64
  33 0008 01       		.byte	1
  34 0009 64       		.byte	100
  35 000a 00       		.byte	0
  36 000b 40       		.byte	64
  37 000c 02       		.byte	2
  38 000d 65       		.byte	101
  39 000e 00       		.byte	0
  40 000f 40       		.byte	64
  41 0010 01       		.byte	1
  42 0011 01       		.byte	1
  43 0012 01       		.byte	1
  44 0013 40       		.byte	64
  45 0014 15       		.byte	21
  46 0015 02       		.byte	2
  47 0016 01       		.byte	1
  48 0017 40       		.byte	64
  49 0018 1A       		.byte	26
  50 0019 03       		.byte	3
  51 001a 01       		.byte	1
  52 001b 40       		.byte	64
  53 001c 0A       		.byte	10
  54 001d 05       		.byte	5
  55 001e 01       		.byte	1
  56 001f 40       		.byte	64
  57 0020 04       		.byte	4
ARM GAS  C:\Users\herreral\AppData\Local\Temp\ccDG2DmZ.s 			page 2


  58 0021 07       		.byte	7
  59 0022 01       		.byte	1
  60 0023 40       		.byte	64
  61 0024 4F       		.byte	79
  62 0025 08       		.byte	8
  63 0026 01       		.byte	1
  64 0027 40       		.byte	64
  65 0028 3B       		.byte	59
  66 0029 09       		.byte	9
  67 002a 01       		.byte	1
  68 002b 40       		.byte	64
  69 002c 02       		.byte	2
  70 002d 0B       		.byte	11
  71 002e 01       		.byte	1
  72 002f 40       		.byte	64
  73 0030 04       		.byte	4
  74 0031 0D       		.byte	13
  75 0032 01       		.byte	1
  76 0033 40       		.byte	64
  77 0034 04       		.byte	4
  78 0035 0E       		.byte	14
  79 0036 01       		.byte	1
  80 0037 40       		.byte	64
  81 0038 03       		.byte	3
  82 0039 0F       		.byte	15
  83 003a 01       		.byte	1
  84 003b 40       		.byte	64
  85 003c 05       		.byte	5
  86 003d 15       		.byte	21
  87 003e 01       		.byte	1
  88 003f 40       		.byte	64
  89 0040 06       		.byte	6
  90 0041 17       		.byte	23
  91 0042 01       		.byte	1
  92 0043 40       		.byte	64
  93 0044 26       		.byte	38
  94 0045 18       		.byte	24
  95 0046 01       		.byte	1
  96 0047 40       		.byte	64
  97 0048 45       		.byte	69
  98 0049 19       		.byte	25
  99 004a 01       		.byte	1
 100 004b 40       		.byte	64
 101 004c 3B       		.byte	59
 102 004d 1A       		.byte	26
 103 004e 01       		.byte	1
 104 004f 40       		.byte	64
 105 0050 36       		.byte	54
 106 0051 1B       		.byte	27
 107 0052 01       		.byte	1
 108 0053 40       		.byte	64
 109 0054 0C       		.byte	12
 110 0055 40       		.byte	64
 111 0056 01       		.byte	1
 112 0057 40       		.byte	64
 113 0058 15       		.byte	21
 114 0059 41       		.byte	65
ARM GAS  C:\Users\herreral\AppData\Local\Temp\ccDG2DmZ.s 			page 3


 115 005a 01       		.byte	1
 116 005b 40       		.byte	64
 117 005c 11       		.byte	17
 118 005d 42       		.byte	66
 119 005e 01       		.byte	1
 120 005f 40       		.byte	64
 121 0060 04       		.byte	4
 122 0061 43       		.byte	67
 123 0062 01       		.byte	1
 124 0063 40       		.byte	64
 125 0064 06       		.byte	6
 126 0065 44       		.byte	68
 127 0066 01       		.byte	1
 128 0067 40       		.byte	64
 129 0068 04       		.byte	4
 130 0069 45       		.byte	69
 131 006a 01       		.byte	1
 132 006b 40       		.byte	64
 133 006c 05       		.byte	5
 134 006d 46       		.byte	70
 135 006e 01       		.byte	1
 136 006f 40       		.byte	64
 137 0070 08       		.byte	8
 138 0071 47       		.byte	71
 139 0072 01       		.byte	1
 140 0073 40       		.byte	64
 141 0074 06       		.byte	6
 142 0075 48       		.byte	72
 143 0076 01       		.byte	1
 144 0077 40       		.byte	64
 145 0078 10       		.byte	16
 146 0079 49       		.byte	73
 147 007a 01       		.byte	1
 148 007b 40       		.byte	64
 149 007c 02       		.byte	2
 150 007d 4C       		.byte	76
 151 007e 01       		.byte	1
 152 007f 40       		.byte	64
 153 0080 0C       		.byte	12
 154 0081 4D       		.byte	77
 155 0082 01       		.byte	1
 156 0083 40       		.byte	64
 157 0084 09       		.byte	9
 158 0085 50       		.byte	80
 159 0086 01       		.byte	1
 160 0087 40       		.byte	64
 161 0088 03       		.byte	3
 162 0089 51       		.byte	81
 163 008a 01       		.byte	1
 164 008b 40       		.byte	64
 165 008c 01       		.byte	1
 166 008d 10       		.byte	16
 167 008e 0A       		.byte	10
 168 008f 4B       		.byte	75
 169 0090 87       		.byte	-121
 170 0091 01       		.byte	1
 171 0092 8F       		.byte	-113
ARM GAS  C:\Users\herreral\AppData\Local\Temp\ccDG2DmZ.s 			page 4


 172 0093 01       		.byte	1
 173 0094 97       		.byte	-105
 174 0095 01       		.byte	1
 175 0096 9F       		.byte	-97
 176 0097 01       		.byte	1
 177 0098 88       		.byte	-120
 178 0099 0F       		.byte	15
 179 009a 89       		.byte	-119
 180 009b 38       		.byte	56
 181 009c 8A       		.byte	-118
 182 009d 72       		.byte	114
 183 009e 82       		.byte	-126
 184 009f 80       		.byte	-128
 185 00a0 04       		.byte	4
 186 00a1 04       		.byte	4
 187 00a2 06       		.byte	6
 188 00a3 01       		.byte	1
 189 00a4 0E       		.byte	14
 190 00a5 08       		.byte	8
 191 00a6 0F       		.byte	15
 192 00a7 02       		.byte	2
 193 00a8 17       		.byte	23
 194 00a9 02       		.byte	2
 195 00aa 18       		.byte	24
 196 00ab 08       		.byte	8
 197 00ac 1E       		.byte	30
 198 00ad 05       		.byte	5
 199 00ae 23       		.byte	35
 200 00af 01       		.byte	1
 201 00b0 2E       		.byte	46
 202 00b1 02       		.byte	2
 203 00b2 30       		.byte	48
 204 00b3 08       		.byte	8
 205 00b4 32       		.byte	50
 206 00b5 02       		.byte	2
 207 00b6 34       		.byte	52
 208 00b7 04       		.byte	4
 209 00b8 35       		.byte	53
 210 00b9 01       		.byte	1
 211 00ba 36       		.byte	54
 212 00bb 01       		.byte	1
 213 00bc 37       		.byte	55
 214 00bd 02       		.byte	2
 215 00be 3E       		.byte	62
 216 00bf 51       		.byte	81
 217 00c0 3F       		.byte	63
 218 00c1 40       		.byte	64
 219 00c2 58       		.byte	88
 220 00c3 04       		.byte	4
 221 00c4 59       		.byte	89
 222 00c5 04       		.byte	4
 223 00c6 5C       		.byte	92
 224 00c7 34       		.byte	52
 225 00c8 5F       		.byte	95
 226 00c9 01       		.byte	1
 227 00ca 04       		.byte	4
 228 00cb 40       		.byte	64
ARM GAS  C:\Users\herreral\AppData\Local\Temp\ccDG2DmZ.s 			page 5


 229 00cc 05       		.byte	5
 230 00cd 04       		.byte	4
 231 00ce 0D       		.byte	13
 232 00cf 20       		.byte	32
 233 00d0 0E       		.byte	14
 234 00d1 01       		.byte	1
 235 00d2 15       		.byte	21
 236 00d3 80       		.byte	-128
 237 00d4 1C       		.byte	28
 238 00d5 02       		.byte	2
 239 00d6 1D       		.byte	29
 240 00d7 04       		.byte	4
 241 00d8 1F       		.byte	31
 242 00d9 12       		.byte	18
 243 00da 25       		.byte	37
 244 00db 20       		.byte	32
 245 00dc 26       		.byte	38
 246 00dd 80       		.byte	-128
 247 00de 27       		.byte	39
 248 00df 08       		.byte	8
 249 00e0 2F       		.byte	47
 250 00e1 40       		.byte	64
 251 00e2 37       		.byte	55
 252 00e3 08       		.byte	8
 253 00e4 3C       		.byte	60
 254 00e5 40       		.byte	64
 255 00e6 84       		.byte	-124
 256 00e7 01       		.byte	1
 257 00e8 94       		.byte	-108
 258 00e9 40       		.byte	64
 259 00ea A6       		.byte	-90
 260 00eb 80       		.byte	-128
 261 00ec B4       		.byte	-76
 262 00ed 40       		.byte	64
 263 00ee C0       		.byte	-64
 264 00ef A0       		.byte	-96
 265 00f0 C2       		.byte	-62
 266 00f1 C0       		.byte	-64
 267 00f2 C4       		.byte	-60
 268 00f3 80       		.byte	-128
 269 00f4 CA       		.byte	-54
 270 00f5 80       		.byte	-128
 271 00f6 CC       		.byte	-52
 272 00f7 40       		.byte	64
 273 00f8 CE       		.byte	-50
 274 00f9 10       		.byte	16
 275 00fa E6       		.byte	-26
 276 00fb 10       		.byte	16
 277 00fc EE       		.byte	-18
 278 00fd 08       		.byte	8
 279 00fe 5D       		.byte	93
 280 00ff 02       		.byte	2
 281 0100 5E       		.byte	94
 282 0101 01       		.byte	1
 283 0102 94       		.byte	-108
 284 0103 40       		.byte	64
 285 0104 96       		.byte	-106
ARM GAS  C:\Users\herreral\AppData\Local\Temp\ccDG2DmZ.s 			page 6


 286 0105 01       		.byte	1
 287 0106 A9       		.byte	-87
 288 0107 40       		.byte	64
 289 0108 AB       		.byte	-85
 290 0109 02       		.byte	2
 291 010a B3       		.byte	-77
 292 010b 50       		.byte	80
 293 010c E6       		.byte	-26
 294 010d 01       		.byte	1
 295 010e EA       		.byte	-22
 296 010f 20       		.byte	32
 297 0110 EC       		.byte	-20
 298 0111 80       		.byte	-128
 299 0112 94       		.byte	-108
 300 0113 40       		.byte	64
 301 0114 96       		.byte	-106
 302 0115 01       		.byte	1
 303 0116 B5       		.byte	-75
 304 0117 02       		.byte	2
 305 0118 EE       		.byte	-18
 306 0119 02       		.byte	2
 307 011a 01       		.byte	1
 308 011b 04       		.byte	4
 309 011c 02       		.byte	2
 310 011d 20       		.byte	32
 311 011e 04       		.byte	4
 312 011f 0C       		.byte	12
 313 0120 06       		.byte	6
 314 0121 71       		.byte	113
 315 0122 09       		.byte	9
 316 0123 01       		.byte	1
 317 0124 0A       		.byte	10
 318 0125 03       		.byte	3
 319 0126 0C       		.byte	12
 320 0127 DC       		.byte	-36
 321 0128 0E       		.byte	14
 322 0129 22       		.byte	34
 323 012a 13       		.byte	19
 324 012b 01       		.byte	1
 325 012c 17       		.byte	23
 326 012d 02       		.byte	2
 327 012e 18       		.byte	24
 328 012f 14       		.byte	20
 329 0130 1C       		.byte	28
 330 0131 09       		.byte	9
 331 0132 1E       		.byte	30
 332 0133 D0       		.byte	-48
 333 0134 24       		.byte	36
 334 0135 10       		.byte	16
 335 0136 26       		.byte	38
 336 0137 AC       		.byte	-84
 337 0138 27       		.byte	39
 338 0139 01       		.byte	1
 339 013a 29       		.byte	41
 340 013b 01       		.byte	1
 341 013c 2C       		.byte	44
 342 013d 10       		.byte	16
ARM GAS  C:\Users\herreral\AppData\Local\Temp\ccDG2DmZ.s 			page 7


 343 013e 2E       		.byte	46
 344 013f 40       		.byte	64
 345 0140 2F       		.byte	47
 346 0141 01       		.byte	1
 347 0142 31       		.byte	49
 348 0143 01       		.byte	1
 349 0144 32       		.byte	50
 350 0145 E0       		.byte	-32
 351 0146 33       		.byte	51
 352 0147 02       		.byte	2
 353 0148 34       		.byte	52
 354 0149 1F       		.byte	31
 355 014a 35       		.byte	53
 356 014b 04       		.byte	4
 357 014c 3A       		.byte	58
 358 014d 08       		.byte	8
 359 014e 3F       		.byte	63
 360 014f 11       		.byte	17
 361 0150 40       		.byte	64
 362 0151 34       		.byte	52
 363 0152 41       		.byte	65
 364 0153 06       		.byte	6
 365 0154 45       		.byte	69
 366 0155 0B       		.byte	11
 367 0156 46       		.byte	70
 368 0157 C0       		.byte	-64
 369 0158 47       		.byte	71
 370 0159 E0       		.byte	-32
 371 015a 48       		.byte	72
 372 015b 29       		.byte	41
 373 015c 49       		.byte	73
 374 015d FF       		.byte	-1
 375 015e 4A       		.byte	74
 376 015f FF       		.byte	-1
 377 0160 4B       		.byte	75
 378 0161 FF       		.byte	-1
 379 0162 4E       		.byte	78
 380 0163 F0       		.byte	-16
 381 0164 4F       		.byte	79
 382 0165 44       		.byte	68
 383 0166 50       		.byte	80
 384 0167 0C       		.byte	12
 385 0168 54       		.byte	84
 386 0169 01       		.byte	1
 387 016a 58       		.byte	88
 388 016b 04       		.byte	4
 389 016c 59       		.byte	89
 390 016d 04       		.byte	4
 391 016e 5A       		.byte	90
 392 016f 04       		.byte	4
 393 0170 5B       		.byte	91
 394 0171 04       		.byte	4
 395 0172 5C       		.byte	92
 396 0173 62       		.byte	98
 397 0174 5D       		.byte	93
 398 0175 22       		.byte	34
 399 0176 5F       		.byte	95
ARM GAS  C:\Users\herreral\AppData\Local\Temp\ccDG2DmZ.s 			page 8


 400 0177 01       		.byte	1
 401 0178 66       		.byte	102
 402 0179 C0       		.byte	-64
 403 017a 6A       		.byte	106
 404 017b 40       		.byte	64
 405 017c 6B       		.byte	107
 406 017d 02       		.byte	2
 407 017e 85       		.byte	-123
 408 017f 03       		.byte	3
 409 0180 87       		.byte	-121
 410 0181 0C       		.byte	12
 411 0182 88       		.byte	-120
 412 0183 01       		.byte	1
 413 0184 89       		.byte	-119
 414 0185 03       		.byte	3
 415 0186 8B       		.byte	-117
 416 0187 04       		.byte	4
 417 0188 8D       		.byte	-115
 418 0189 0A       		.byte	10
 419 018a 8E       		.byte	-114
 420 018b 0C       		.byte	12
 421 018c 8F       		.byte	-113
 422 018d 04       		.byte	4
 423 018e 92       		.byte	-110
 424 018f 01       		.byte	1
 425 0190 94       		.byte	-108
 426 0191 01       		.byte	1
 427 0192 95       		.byte	-107
 428 0193 03       		.byte	3
 429 0194 97       		.byte	-105
 430 0195 04       		.byte	4
 431 0196 A0       		.byte	-96
 432 0197 02       		.byte	2
 433 0198 A7       		.byte	-89
 434 0199 08       		.byte	8
 435 019a A8       		.byte	-88
 436 019b 08       		.byte	8
 437 019c AA       		.byte	-86
 438 019d 04       		.byte	4
 439 019e AF       		.byte	-81
 440 019f 05       		.byte	5
 441 01a0 B0       		.byte	-80
 442 01a1 08       		.byte	8
 443 01a2 B2       		.byte	-78
 444 01a3 03       		.byte	3
 445 01a4 B3       		.byte	-77
 446 01a5 0F       		.byte	15
 447 01a6 B4       		.byte	-76
 448 01a7 04       		.byte	4
 449 01a8 B6       		.byte	-74
 450 01a9 03       		.byte	3
 451 01aa B8       		.byte	-72
 452 01ab 88       		.byte	-120
 453 01ac BB       		.byte	-69
 454 01ad 08       		.byte	8
 455 01ae BE       		.byte	-66
 456 01af 11       		.byte	17
ARM GAS  C:\Users\herreral\AppData\Local\Temp\ccDG2DmZ.s 			page 9


 457 01b0 D8       		.byte	-40
 458 01b1 04       		.byte	4
 459 01b2 D9       		.byte	-39
 460 01b3 04       		.byte	4
 461 01b4 DC       		.byte	-36
 462 01b5 22       		.byte	34
 463 01b6 DF       		.byte	-33
 464 01b7 01       		.byte	1
 465 01b8 00       		.byte	0
 466 01b9 20       		.byte	32
 467 01ba 01       		.byte	1
 468 01bb 40       		.byte	64
 469 01bc 05       		.byte	5
 470 01bd 14       		.byte	20
 471 01be 06       		.byte	6
 472 01bf C0       		.byte	-64
 473 01c0 07       		.byte	7
 474 01c1 01       		.byte	1
 475 01c2 0A       		.byte	10
 476 01c3 10       		.byte	16
 477 01c4 0B       		.byte	11
 478 01c5 80       		.byte	-128
 479 01c6 0E       		.byte	14
 480 01c7 01       		.byte	1
 481 01c8 0F       		.byte	15
 482 01c9 04       		.byte	4
 483 01ca 12       		.byte	18
 484 01cb 40       		.byte	64
 485 01cc 13       		.byte	19
 486 01cd 20       		.byte	32
 487 01ce 15       		.byte	21
 488 01cf 08       		.byte	8
 489 01d0 16       		.byte	22
 490 01d1 01       		.byte	1
 491 01d2 18       		.byte	24
 492 01d3 88       		.byte	-120
 493 01d4 19       		.byte	25
 494 01d5 08       		.byte	8
 495 01d6 1A       		.byte	26
 496 01d7 01       		.byte	1
 497 01d8 1D       		.byte	29
 498 01d9 14       		.byte	20
 499 01da 1E       		.byte	30
 500 01db 10       		.byte	16
 501 01dc 20       		.byte	32
 502 01dd 20       		.byte	32
 503 01de 21       		.byte	33
 504 01df 0C       		.byte	12
 505 01e0 22       		.byte	34
 506 01e1 08       		.byte	8
 507 01e2 27       		.byte	39
 508 01e3 A8       		.byte	-88
 509 01e4 29       		.byte	41
 510 01e5 08       		.byte	8
 511 01e6 2A       		.byte	42
 512 01e7 80       		.byte	-128
 513 01e8 2E       		.byte	46
ARM GAS  C:\Users\herreral\AppData\Local\Temp\ccDG2DmZ.s 			page 10


 514 01e9 90       		.byte	-112
 515 01ea 2F       		.byte	47
 516 01eb 20       		.byte	32
 517 01ec 31       		.byte	49
 518 01ed 04       		.byte	4
 519 01ee 36       		.byte	54
 520 01ef 01       		.byte	1
 521 01f0 37       		.byte	55
 522 01f1 05       		.byte	5
 523 01f2 38       		.byte	56
 524 01f3 10       		.byte	16
 525 01f4 39       		.byte	57
 526 01f5 08       		.byte	8
 527 01f6 3A       		.byte	58
 528 01f7 20       		.byte	32
 529 01f8 3B       		.byte	59
 530 01f9 80       		.byte	-128
 531 01fa 3C       		.byte	60
 532 01fb 21       		.byte	33
 533 01fc 3E       		.byte	62
 534 01fd 02       		.byte	2
 535 01fe 45       		.byte	69
 536 01ff 08       		.byte	8
 537 0200 46       		.byte	70
 538 0201 80       		.byte	-128
 539 0202 4D       		.byte	77
 540 0203 20       		.byte	32
 541 0204 4F       		.byte	79
 542 0205 04       		.byte	4
 543 0206 56       		.byte	86
 544 0207 22       		.byte	34
 545 0208 57       		.byte	87
 546 0209 20       		.byte	32
 547 020a 59       		.byte	89
 548 020b 20       		.byte	32
 549 020c 5A       		.byte	90
 550 020d 10       		.byte	16
 551 020e 5C       		.byte	92
 552 020f 11       		.byte	17
 553 0210 5F       		.byte	95
 554 0211 88       		.byte	-120
 555 0212 8D       		.byte	-115
 556 0213 40       		.byte	64
 557 0214 94       		.byte	-108
 558 0215 88       		.byte	-120
 559 0216 A7       		.byte	-89
 560 0217 08       		.byte	8
 561 0218 AF       		.byte	-81
 562 0219 08       		.byte	8
 563 021a C0       		.byte	-64
 564 021b F3       		.byte	-13
 565 021c C2       		.byte	-62
 566 021d CC       		.byte	-52
 567 021e C4       		.byte	-60
 568 021f AA       		.byte	-86
 569 0220 CA       		.byte	-54
 570 0221 7A       		.byte	122
ARM GAS  C:\Users\herreral\AppData\Local\Temp\ccDG2DmZ.s 			page 11


 571 0222 CC       		.byte	-52
 572 0223 C2       		.byte	-62
 573 0224 CE       		.byte	-50
 574 0225 AE       		.byte	-82
 575 0226 D0       		.byte	-48
 576 0227 C0       		.byte	-64
 577 0228 D2       		.byte	-46
 578 0229 20       		.byte	32
 579 022a D6       		.byte	-42
 580 022b F0       		.byte	-16
 581 022c E8       		.byte	-24
 582 022d 40       		.byte	64
 583 022e 80       		.byte	-128
 584 022f 04       		.byte	4
 585 0230 94       		.byte	-108
 586 0231 80       		.byte	-128
 587 0232 8C       		.byte	-116
 588 0233 40       		.byte	64
 589 0234 AE       		.byte	-82
 590 0235 80       		.byte	-128
 591 0236 E6       		.byte	-26
 592 0237 10       		.byte	16
 593 0238 E8       		.byte	-24
 594 0239 40       		.byte	64
 595 023a 39       		.byte	57
 596 023b 82       		.byte	-126
 597 023c 3F       		.byte	63
 598 023d 41       		.byte	65
 599 023e 59       		.byte	89
 600 023f 04       		.byte	4
 601 0240 5F       		.byte	95
 602 0241 01       		.byte	1
 603 0242 20       		.byte	32
 604 0243 40       		.byte	64
 605 0244 22       		.byte	34
 606 0245 80       		.byte	-128
 607 0246 8C       		.byte	-116
 608 0247 40       		.byte	64
 609 0248 B4       		.byte	-76
 610 0249 40       		.byte	64
 611 024a E0       		.byte	-32
 612 024b 41       		.byte	65
 613 024c E4       		.byte	-28
 614 024d 10       		.byte	16
 615 024e E8       		.byte	-24
 616 024f 40       		.byte	64
 617 0250 EC       		.byte	-20
 618 0251 10       		.byte	16
 619 0252 8A       		.byte	-118
 620 0253 01       		.byte	1
 621 0254 94       		.byte	-108
 622 0255 40       		.byte	64
 623 0256 96       		.byte	-106
 624 0257 01       		.byte	1
 625 0258 E2       		.byte	-30
 626 0259 40       		.byte	64
 627 025a E4       		.byte	-28
ARM GAS  C:\Users\herreral\AppData\Local\Temp\ccDG2DmZ.s 			page 12


 628 025b 80       		.byte	-128
 629 025c EC       		.byte	-20
 630 025d 10       		.byte	16
 631 025e 02       		.byte	2
 632 025f 03       		.byte	3
 633 0260 09       		.byte	9
 634 0261 03       		.byte	3
 635 0262 0E       		.byte	14
 636 0263 08       		.byte	8
 637 0264 0F       		.byte	15
 638 0265 01       		.byte	1
 639 0266 14       		.byte	20
 640 0267 01       		.byte	1
 641 0268 15       		.byte	21
 642 0269 03       		.byte	3
 643 026a 16       		.byte	22
 644 026b 0E       		.byte	14
 645 026c 1E       		.byte	30
 646 026d 0C       		.byte	12
 647 026e 21       		.byte	33
 648 026f 02       		.byte	2
 649 0270 24       		.byte	36
 650 0271 01       		.byte	1
 651 0272 26       		.byte	38
 652 0273 06       		.byte	6
 653 0274 2C       		.byte	44
 654 0275 0C       		.byte	12
 655 0276 2E       		.byte	46
 656 0277 03       		.byte	3
 657 0278 31       		.byte	49
 658 0279 03       		.byte	3
 659 027a 36       		.byte	54
 660 027b 0F       		.byte	15
 661 027c 39       		.byte	57
 662 027d 02       		.byte	2
 663 027e 3A       		.byte	58
 664 027f 80       		.byte	-128
 665 0280 3F       		.byte	63
 666 0281 01       		.byte	1
 667 0282 40       		.byte	64
 668 0283 01       		.byte	1
 669 0284 47       		.byte	71
 670 0285 40       		.byte	64
 671 0286 49       		.byte	73
 672 0287 FF       		.byte	-1
 673 0288 4A       		.byte	74
 674 0289 07       		.byte	7
 675 028a 4B       		.byte	75
 676 028b FF       		.byte	-1
 677 028c 4C       		.byte	76
 678 028d 40       		.byte	64
 679 028e 4D       		.byte	77
 680 028f 20       		.byte	32
 681 0290 4E       		.byte	78
 682 0291 F0       		.byte	-16
 683 0292 4F       		.byte	79
 684 0293 05       		.byte	5
ARM GAS  C:\Users\herreral\AppData\Local\Temp\ccDG2DmZ.s 			page 13


 685 0294 50       		.byte	80
 686 0295 08       		.byte	8
 687 0296 58       		.byte	88
 688 0297 04       		.byte	4
 689 0298 59       		.byte	89
 690 0299 04       		.byte	4
 691 029a 5A       		.byte	90
 692 029b 04       		.byte	4
 693 029c 5C       		.byte	92
 694 029d 02       		.byte	2
 695 029e 5D       		.byte	93
 696 029f 02       		.byte	2
 697 02a0 5F       		.byte	95
 698 02a1 01       		.byte	1
 699 02a2 60       		.byte	96
 700 02a3 40       		.byte	64
 701 02a4 61       		.byte	97
 702 02a5 A8       		.byte	-88
 703 02a6 62       		.byte	98
 704 02a7 40       		.byte	64
 705 02a8 63       		.byte	99
 706 02a9 20       		.byte	32
 707 02aa 00       		.byte	0
 708 02ab 52       		.byte	82
 709 02ac 03       		.byte	3
 710 02ad 10       		.byte	16
 711 02ae 06       		.byte	6
 712 02af 81       		.byte	-127
 713 02b0 08       		.byte	8
 714 02b1 40       		.byte	64
 715 02b2 09       		.byte	9
 716 02b3 08       		.byte	8
 717 02b4 0A       		.byte	10
 718 02b5 08       		.byte	8
 719 02b6 0B       		.byte	11
 720 02b7 40       		.byte	64
 721 02b8 0E       		.byte	14
 722 02b9 11       		.byte	17
 723 02ba 12       		.byte	18
 724 02bb 10       		.byte	16
 725 02bc 16       		.byte	22
 726 02bd 02       		.byte	2
 727 02be 17       		.byte	23
 728 02bf 04       		.byte	4
 729 02c0 18       		.byte	24
 730 02c1 15       		.byte	21
 731 02c2 1A       		.byte	26
 732 02c3 40       		.byte	64
 733 02c4 1E       		.byte	30
 734 02c5 02       		.byte	2
 735 02c6 1F       		.byte	31
 736 02c7 40       		.byte	64
 737 02c8 20       		.byte	32
 738 02c9 20       		.byte	32
 739 02ca 21       		.byte	33
 740 02cb 2D       		.byte	45
 741 02cc 22       		.byte	34
ARM GAS  C:\Users\herreral\AppData\Local\Temp\ccDG2DmZ.s 			page 14


 742 02cd 02       		.byte	2
 743 02ce 27       		.byte	39
 744 02cf 80       		.byte	-128
 745 02d0 28       		.byte	40
 746 02d1 40       		.byte	64
 747 02d2 29       		.byte	41
 748 02d3 24       		.byte	36
 749 02d4 2B       		.byte	43
 750 02d5 80       		.byte	-128
 751 02d6 2E       		.byte	46
 752 02d7 02       		.byte	2
 753 02d8 2F       		.byte	47
 754 02d9 40       		.byte	64
 755 02da 30       		.byte	48
 756 02db A8       		.byte	-88
 757 02dc 36       		.byte	54
 758 02dd 08       		.byte	8
 759 02de 37       		.byte	55
 760 02df 04       		.byte	4
 761 02e0 38       		.byte	56
 762 02e1 40       		.byte	64
 763 02e2 39       		.byte	57
 764 02e3 2A       		.byte	42
 765 02e4 3E       		.byte	62
 766 02e5 10       		.byte	16
 767 02e6 3F       		.byte	63
 768 02e7 80       		.byte	-128
 769 02e8 40       		.byte	64
 770 02e9 41       		.byte	65
 771 02ea 41       		.byte	65
 772 02eb 10       		.byte	16
 773 02ec 42       		.byte	66
 774 02ed 04       		.byte	4
 775 02ee 43       		.byte	67
 776 02ef 10       		.byte	16
 777 02f0 47       		.byte	71
 778 02f1 80       		.byte	-128
 779 02f2 48       		.byte	72
 780 02f3 04       		.byte	4
 781 02f4 49       		.byte	73
 782 02f5 24       		.byte	36
 783 02f6 4A       		.byte	74
 784 02f7 02       		.byte	2
 785 02f8 52       		.byte	82
 786 02f9 10       		.byte	16
 787 02fa 56       		.byte	86
 788 02fb 81       		.byte	-127
 789 02fc 57       		.byte	87
 790 02fd 40       		.byte	64
 791 02fe 5B       		.byte	91
 792 02ff 02       		.byte	2
 793 0300 60       		.byte	96
 794 0301 04       		.byte	4
 795 0302 62       		.byte	98
 796 0303 40       		.byte	64
 797 0304 89       		.byte	-119
 798 0305 20       		.byte	32
ARM GAS  C:\Users\herreral\AppData\Local\Temp\ccDG2DmZ.s 			page 15


 799 0306 8A       		.byte	-118
 800 0307 40       		.byte	64
 801 0308 8F       		.byte	-113
 802 0309 20       		.byte	32
 803 030a 92       		.byte	-110
 804 030b 11       		.byte	17
 805 030c 95       		.byte	-107
 806 030d 40       		.byte	64
 807 030e 97       		.byte	-105
 808 030f 80       		.byte	-128
 809 0310 99       		.byte	-103
 810 0311 10       		.byte	16
 811 0312 9E       		.byte	-98
 812 0313 81       		.byte	-127
 813 0314 A2       		.byte	-94
 814 0315 08       		.byte	8
 815 0316 A6       		.byte	-90
 816 0317 01       		.byte	1
 817 0318 A7       		.byte	-89
 818 0319 08       		.byte	8
 819 031a B7       		.byte	-73
 820 031b 04       		.byte	4
 821 031c C0       		.byte	-64
 822 031d 9F       		.byte	-97
 823 031e C2       		.byte	-62
 824 031f AF       		.byte	-81
 825 0320 C4       		.byte	-60
 826 0321 A4       		.byte	-92
 827 0322 CA       		.byte	-54
 828 0323 87       		.byte	-121
 829 0324 CC       		.byte	-52
 830 0325 4E       		.byte	78
 831 0326 CE       		.byte	-50
 832 0327 3F       		.byte	63
 833 0328 D0       		.byte	-48
 834 0329 1D       		.byte	29
 835 032a D2       		.byte	-46
 836 032b 0C       		.byte	12
 837 032c D6       		.byte	-42
 838 032d 01       		.byte	1
 839 032e D8       		.byte	-40
 840 032f 0C       		.byte	12
 841 0330 E2       		.byte	-30
 842 0331 40       		.byte	64
 843 0332 EC       		.byte	-20
 844 0333 10       		.byte	16
 845 0334 00       		.byte	0
 846 0335 24       		.byte	36
 847 0336 01       		.byte	1
 848 0337 38       		.byte	56
 849 0338 03       		.byte	3
 850 0339 C0       		.byte	-64
 851 033a 05       		.byte	5
 852 033b E7       		.byte	-25
 853 033c 06       		.byte	6
 854 033d 63       		.byte	99
 855 033e 08       		.byte	8
ARM GAS  C:\Users\herreral\AppData\Local\Temp\ccDG2DmZ.s 			page 16


 856 033f FC       		.byte	-4
 857 0340 09       		.byte	9
 858 0341 E7       		.byte	-25
 859 0342 0A       		.byte	10
 860 0343 01       		.byte	1
 861 0344 0C       		.byte	12
 862 0345 FF       		.byte	-1
 863 0346 0D       		.byte	13
 864 0347 18       		.byte	24
 865 0348 11       		.byte	17
 866 0349 04       		.byte	4
 867 034a 12       		.byte	18
 868 034b 04       		.byte	4
 869 034c 14       		.byte	20
 870 034d 40       		.byte	64
 871 034e 15       		.byte	21
 872 034f 92       		.byte	-110
 873 0350 17       		.byte	23
 874 0351 21       		.byte	33
 875 0352 18       		.byte	24
 876 0353 E7       		.byte	-25
 877 0354 1A       		.byte	26
 878 0355 18       		.byte	24
 879 0356 1B       		.byte	27
 880 0357 18       		.byte	24
 881 0358 1C       		.byte	28
 882 0359 9C       		.byte	-100
 883 035a 1E       		.byte	30
 884 035b 62       		.byte	98
 885 035c 1F       		.byte	31
 886 035d 18       		.byte	24
 887 035e 20       		.byte	32
 888 035f 10       		.byte	16
 889 0360 21       		.byte	33
 890 0361 49       		.byte	73
 891 0362 23       		.byte	35
 892 0363 22       		.byte	34
 893 0364 24       		.byte	36
 894 0365 08       		.byte	8
 895 0366 28       		.byte	40
 896 0367 18       		.byte	24
 897 0368 29       		.byte	41
 898 0369 18       		.byte	24
 899 036a 2C       		.byte	44
 900 036b 60       		.byte	96
 901 036c 2F       		.byte	47
 902 036d 18       		.byte	24
 903 036e 31       		.byte	49
 904 036f E0       		.byte	-32
 905 0370 32       		.byte	50
 906 0371 80       		.byte	-128
 907 0372 33       		.byte	51
 908 0373 03       		.byte	3
 909 0374 34       		.byte	52
 910 0375 78       		.byte	120
 911 0376 35       		.byte	53
 912 0377 04       		.byte	4
ARM GAS  C:\Users\herreral\AppData\Local\Temp\ccDG2DmZ.s 			page 17


 913 0378 36       		.byte	54
 914 0379 1F       		.byte	31
 915 037a 37       		.byte	55
 916 037b 18       		.byte	24
 917 037c 3A       		.byte	58
 918 037d A2       		.byte	-94
 919 037e 3E       		.byte	62
 920 037f 04       		.byte	4
 921 0380 56       		.byte	86
 922 0381 02       		.byte	2
 923 0382 57       		.byte	87
 924 0383 12       		.byte	18
 925 0384 58       		.byte	88
 926 0385 04       		.byte	4
 927 0386 59       		.byte	89
 928 0387 04       		.byte	4
 929 0388 5B       		.byte	91
 930 0389 04       		.byte	4
 931 038a 5C       		.byte	92
 932 038b 22       		.byte	34
 933 038c 5D       		.byte	93
 934 038d 20       		.byte	32
 935 038e 5F       		.byte	95
 936 038f 01       		.byte	1
 937 0390 88       		.byte	-120
 938 0391 08       		.byte	8
 939 0392 8C       		.byte	-116
 940 0393 04       		.byte	4
 941 0394 8E       		.byte	-114
 942 0395 01       		.byte	1
 943 0396 9E       		.byte	-98
 944 0397 05       		.byte	5
 945 0398 A6       		.byte	-90
 946 0399 02       		.byte	2
 947 039a B0       		.byte	-80
 948 039b 08       		.byte	8
 949 039c B2       		.byte	-78
 950 039d 04       		.byte	4
 951 039e B4       		.byte	-76
 952 039f 01       		.byte	1
 953 03a0 B6       		.byte	-74
 954 03a1 02       		.byte	2
 955 03a2 BE       		.byte	-66
 956 03a3 15       		.byte	21
 957 03a4 D8       		.byte	-40
 958 03a5 04       		.byte	4
 959 03a6 DC       		.byte	-36
 960 03a7 05       		.byte	5
 961 03a8 DF       		.byte	-33
 962 03a9 01       		.byte	1
 963 03aa 00       		.byte	0
 964 03ab 6A       		.byte	106
 965 03ac 05       		.byte	5
 966 03ad 50       		.byte	80
 967 03ae 09       		.byte	9
 968 03af 08       		.byte	8
 969 03b0 0A       		.byte	10
ARM GAS  C:\Users\herreral\AppData\Local\Temp\ccDG2DmZ.s 			page 18


 970 03b1 45       		.byte	69
 971 03b2 0F       		.byte	15
 972 03b3 01       		.byte	1
 973 03b4 10       		.byte	16
 974 03b5 A8       		.byte	-88
 975 03b6 13       		.byte	19
 976 03b7 40       		.byte	64
 977 03b8 17       		.byte	23
 978 03b9 04       		.byte	4
 979 03ba 18       		.byte	24
 980 03bb 40       		.byte	64
 981 03bc 19       		.byte	25
 982 03bd 24       		.byte	36
 983 03be 1A       		.byte	26
 984 03bf 05       		.byte	5
 985 03c0 1B       		.byte	27
 986 03c1 80       		.byte	-128
 987 03c2 1D       		.byte	29
 988 03c3 40       		.byte	64
 989 03c4 1F       		.byte	31
 990 03c5 2A       		.byte	42
 991 03c6 20       		.byte	32
 992 03c7 08       		.byte	8
 993 03c8 21       		.byte	33
 994 03c9 09       		.byte	9
 995 03ca 22       		.byte	34
 996 03cb 14       		.byte	20
 997 03cc 23       		.byte	35
 998 03cd 42       		.byte	66
 999 03ce 29       		.byte	41
 1000 03cf A0       		.byte	-96
 1001 03d0 2A       		.byte	42
 1002 03d1 02       		.byte	2
 1003 03d2 32       		.byte	50
 1004 03d3 14       		.byte	20
 1005 03d4 33       		.byte	51
 1006 03d5 81       		.byte	-127
 1007 03d6 38       		.byte	56
 1008 03d7 40       		.byte	64
 1009 03d8 39       		.byte	57
 1010 03d9 16       		.byte	22
 1011 03da 59       		.byte	89
 1012 03db 04       		.byte	4
 1013 03dc 69       		.byte	105
 1014 03dd 14       		.byte	20
 1015 03de 6B       		.byte	107
 1016 03df 01       		.byte	1
 1017 03e0 70       		.byte	112
 1018 03e1 A8       		.byte	-88
 1019 03e2 83       		.byte	-125
 1020 03e3 06       		.byte	6
 1021 03e4 88       		.byte	-120
 1022 03e5 11       		.byte	17
 1023 03e6 89       		.byte	-119
 1024 03e7 80       		.byte	-128
 1025 03e8 8A       		.byte	-118
 1026 03e9 02       		.byte	2
ARM GAS  C:\Users\herreral\AppData\Local\Temp\ccDG2DmZ.s 			page 19


 1027 03ea 8D       		.byte	-115
 1028 03eb 40       		.byte	64
 1029 03ec 8F       		.byte	-113
 1030 03ed 01       		.byte	1
 1031 03ee 92       		.byte	-110
 1032 03ef 40       		.byte	64
 1033 03f0 94       		.byte	-108
 1034 03f1 40       		.byte	64
 1035 03f2 95       		.byte	-107
 1036 03f3 40       		.byte	64
 1037 03f4 96       		.byte	-106
 1038 03f5 0C       		.byte	12
 1039 03f6 97       		.byte	-105
 1040 03f7 40       		.byte	64
 1041 03f8 99       		.byte	-103
 1042 03f9 10       		.byte	16
 1043 03fa 9F       		.byte	-97
 1044 03fb 02       		.byte	2
 1045 03fc A0       		.byte	-96
 1046 03fd 10       		.byte	16
 1047 03fe A4       		.byte	-92
 1048 03ff AD       		.byte	-83
 1049 0400 A7       		.byte	-89
 1050 0401 A8       		.byte	-88
 1051 0402 C0       		.byte	-64
 1052 0403 CF       		.byte	-49
 1053 0404 C2       		.byte	-62
 1054 0405 8F       		.byte	-113
 1055 0406 C4       		.byte	-60
 1056 0407 2F       		.byte	47
 1057 0408 CA       		.byte	-54
 1058 0409 0D       		.byte	13
 1059 040a CC       		.byte	-52
 1060 040b 0F       		.byte	15
 1061 040c CE       		.byte	-50
 1062 040d 0F       		.byte	15
 1063 040e D6       		.byte	-42
 1064 040f 02       		.byte	2
 1065 0410 E0       		.byte	-32
 1066 0411 44       		.byte	68
 1067 0412 E4       		.byte	-28
 1068 0413 10       		.byte	16
 1069 0414 EC       		.byte	-20
 1070 0415 10       		.byte	16
 1071 0416 31       		.byte	49
 1072 0417 40       		.byte	64
 1073 0418 36       		.byte	54
 1074 0419 80       		.byte	-128
 1075 041a 38       		.byte	56
 1076 041b 08       		.byte	8
 1077 041c 3D       		.byte	61
 1078 041d 28       		.byte	40
 1079 041e 42       		.byte	66
 1080 041f 02       		.byte	2
 1081 0420 48       		.byte	72
 1082 0421 02       		.byte	2
 1083 0422 49       		.byte	73
ARM GAS  C:\Users\herreral\AppData\Local\Temp\ccDG2DmZ.s 			page 20


 1084 0423 40       		.byte	64
 1085 0424 82       		.byte	-126
 1086 0425 02       		.byte	2
 1087 0426 CC       		.byte	-52
 1088 0427 30       		.byte	48
 1089 0428 CE       		.byte	-50
 1090 0429 E0       		.byte	-32
 1091 042a D0       		.byte	-48
 1092 042b 10       		.byte	16
 1093 042c E6       		.byte	-26
 1094 042d 20       		.byte	32
 1095 042e 01       		.byte	1
 1096 042f 01       		.byte	1
 1097 0430 06       		.byte	6
 1098 0431 80       		.byte	-128
 1099 0432 0C       		.byte	12
 1100 0433 02       		.byte	2
 1101 0434 3B       		.byte	59
 1102 0435 02       		.byte	2
 1103 0436 3D       		.byte	61
 1104 0437 04       		.byte	4
 1105 0438 3F       		.byte	63
 1106 0439 40       		.byte	64
 1107 043a 43       		.byte	67
 1108 043b 20       		.byte	32
 1109 043c 87       		.byte	-121
 1110 043d 20       		.byte	32
 1111 043e 8D       		.byte	-115
 1112 043f 10       		.byte	16
 1113 0440 94       		.byte	-108
 1114 0441 08       		.byte	8
 1115 0442 A3       		.byte	-93
 1116 0443 01       		.byte	1
 1117 0444 A4       		.byte	-92
 1118 0445 02       		.byte	2
 1119 0446 A5       		.byte	-91
 1120 0447 14       		.byte	20
 1121 0448 A6       		.byte	-90
 1122 0449 80       		.byte	-128
 1123 044a AF       		.byte	-81
 1124 044b 01       		.byte	1
 1125 044c C0       		.byte	-64
 1126 044d 30       		.byte	48
 1127 044e C2       		.byte	-62
 1128 044f 20       		.byte	32
 1129 0450 CE       		.byte	-50
 1130 0451 E0       		.byte	-32
 1131 0452 D0       		.byte	-48
 1132 0453 10       		.byte	16
 1133 0454 E6       		.byte	-26
 1134 0455 10       		.byte	16
 1135 0456 EE       		.byte	-18
 1136 0457 10       		.byte	16
 1137 0458 07       		.byte	7
 1138 0459 80       		.byte	-128
 1139 045a 12       		.byte	18
 1140 045b 80       		.byte	-128
ARM GAS  C:\Users\herreral\AppData\Local\Temp\ccDG2DmZ.s 			page 21


 1141 045c 63       		.byte	99
 1142 045d 02       		.byte	2
 1143 045e 80       		.byte	-128
 1144 045f 04       		.byte	4
 1145 0460 94       		.byte	-108
 1146 0461 08       		.byte	8
 1147 0462 97       		.byte	-105
 1148 0463 42       		.byte	66
 1149 0464 A3       		.byte	-93
 1150 0465 01       		.byte	1
 1151 0466 A6       		.byte	-90
 1152 0467 80       		.byte	-128
 1153 0468 A9       		.byte	-87
 1154 0469 04       		.byte	4
 1155 046a AA       		.byte	-86
 1156 046b 80       		.byte	-128
 1157 046c B1       		.byte	-79
 1158 046d 05       		.byte	5
 1159 046e C0       		.byte	-64
 1160 046f 20       		.byte	32
 1161 0470 C4       		.byte	-60
 1162 0471 10       		.byte	16
 1163 0472 D6       		.byte	-42
 1164 0473 40       		.byte	64
 1165 0474 E6       		.byte	-26
 1166 0475 80       		.byte	-128
 1167 0476 E8       		.byte	-24
 1168 0477 80       		.byte	-128
 1169 0478 EA       		.byte	-22
 1170 0479 20       		.byte	32
 1171 047a 97       		.byte	-105
 1172 047b 02       		.byte	2
 1173 047c 9B       		.byte	-101
 1174 047d 80       		.byte	-128
 1175 047e AF       		.byte	-81
 1176 047f 40       		.byte	64
 1177 0480 EE       		.byte	-18
 1178 0481 40       		.byte	64
 1179 0482 33       		.byte	51
 1180 0483 20       		.byte	32
 1181 0484 7C       		.byte	124
 1182 0485 20       		.byte	32
 1183 0486 8C       		.byte	-116
 1184 0487 20       		.byte	32
 1185 0488 CC       		.byte	-52
 1186 0489 08       		.byte	8
 1187 048a DE       		.byte	-34
 1188 048b 01       		.byte	1
 1189 048c E0       		.byte	-32
 1190 048d 02       		.byte	2
 1191 048e 31       		.byte	49
 1192 048f 10       		.byte	16
 1193 0490 B7       		.byte	-73
 1194 0491 20       		.byte	32
 1195 0492 CC       		.byte	-52
 1196 0493 08       		.byte	8
 1197 0494 E8       		.byte	-24
ARM GAS  C:\Users\herreral\AppData\Local\Temp\ccDG2DmZ.s 			page 22


 1198 0495 02       		.byte	2
 1199 0496 33       		.byte	51
 1200 0497 20       		.byte	32
 1201 0498 45       		.byte	69
 1202 0499 08       		.byte	8
 1203 049a 9D       		.byte	-99
 1204 049b 10       		.byte	16
 1205 049c CC       		.byte	-52
 1206 049d 08       		.byte	8
 1207 049e D0       		.byte	-48
 1208 049f 01       		.byte	1
 1209 04a0 30       		.byte	48
 1210 04a1 20       		.byte	32
 1211 04a2 8D       		.byte	-115
 1212 04a3 10       		.byte	16
 1213 04a4 9D       		.byte	-99
 1214 04a5 10       		.byte	16
 1215 04a6 A5       		.byte	-91
 1216 04a7 08       		.byte	8
 1217 04a8 B7       		.byte	-73
 1218 04a9 20       		.byte	32
 1219 04aa CC       		.byte	-52
 1220 04ab 08       		.byte	8
 1221 04ac E0       		.byte	-32
 1222 04ad 02       		.byte	2
 1223 04ae E8       		.byte	-24
 1224 04af 02       		.byte	2
 1225 04b0 25       		.byte	37
 1226 04b1 10       		.byte	16
 1227 04b2 89       		.byte	-119
 1228 04b3 20       		.byte	32
 1229 04b4 8F       		.byte	-113
 1230 04b5 01       		.byte	1
 1231 04b6 97       		.byte	-105
 1232 04b7 02       		.byte	2
 1233 04b8 B7       		.byte	-73
 1234 04b9 80       		.byte	-128
 1235 04ba C8       		.byte	-56
 1236 04bb 20       		.byte	32
 1237 04bc 07       		.byte	7
 1238 04bd 80       		.byte	-128
 1239 04be 1B       		.byte	27
 1240 04bf 80       		.byte	-128
 1241 04c0 1D       		.byte	29
 1242 04c1 20       		.byte	32
 1243 04c2 23       		.byte	35
 1244 04c3 01       		.byte	1
 1245 04c4 24       		.byte	36
 1246 04c5 02       		.byte	2
 1247 04c6 83       		.byte	-125
 1248 04c7 80       		.byte	-128
 1249 04c8 8C       		.byte	-116
 1250 04c9 01       		.byte	1
 1251 04ca 8F       		.byte	-113
 1252 04cb 01       		.byte	1
 1253 04cc A5       		.byte	-91
 1254 04cd 20       		.byte	32
ARM GAS  C:\Users\herreral\AppData\Local\Temp\ccDG2DmZ.s 			page 23


 1255 04ce A7       		.byte	-89
 1256 04cf 80       		.byte	-128
 1257 04d0 B5       		.byte	-75
 1258 04d1 10       		.byte	16
 1259 04d2 B7       		.byte	-73
 1260 04d3 80       		.byte	-128
 1261 04d4 C0       		.byte	-64
 1262 04d5 20       		.byte	32
 1263 04d6 C6       		.byte	-58
 1264 04d7 C0       		.byte	-64
 1265 04d8 C8       		.byte	-56
 1266 04d9 30       		.byte	48
 1267 04da E0       		.byte	-32
 1268 04db 80       		.byte	-128
 1269 04dc A4       		.byte	-92
 1270 04dd 20       		.byte	32
 1271 04de A5       		.byte	-91
 1272 04df 08       		.byte	8
 1273 04e0 10       		.byte	16
 1274 04e1 40       		.byte	64
 1275 04e2 74       		.byte	116
 1276 04e3 02       		.byte	2
 1277 04e4 80       		.byte	-128
 1278 04e5 02       		.byte	2
 1279 04e6 88       		.byte	-120
 1280 04e7 40       		.byte	64
 1281 04e8 8C       		.byte	-116
 1282 04e9 20       		.byte	32
 1283 04ea A4       		.byte	-92
 1284 04eb 20       		.byte	32
 1285 04ec B5       		.byte	-75
 1286 04ed 08       		.byte	8
 1287 04ee C4       		.byte	-60
 1288 04ef 08       		.byte	8
 1289 04f0 DE       		.byte	-34
 1290 04f1 04       		.byte	4
 1291 04f2 E2       		.byte	-30
 1292 04f3 01       		.byte	1
 1293 04f4 E4       		.byte	-28
 1294 04f5 08       		.byte	8
 1295 04f6 EC       		.byte	-20
 1296 04f7 08       		.byte	8
 1297 04f8 00       		.byte	0
 1298 04f9 5C       		.byte	92
 1299 04fa 01       		.byte	1
 1300 04fb 01       		.byte	1
 1301 04fc 08       		.byte	8
 1302 04fd 18       		.byte	24
 1303 04fe 0C       		.byte	12
 1304 04ff 44       		.byte	68
 1305 0500 0D       		.byte	13
 1306 0501 01       		.byte	1
 1307 0502 10       		.byte	16
 1308 0503 24       		.byte	36
 1309 0504 11       		.byte	17
 1310 0505 01       		.byte	1
 1311 0506 1C       		.byte	28
ARM GAS  C:\Users\herreral\AppData\Local\Temp\ccDG2DmZ.s 			page 24


 1312 0507 24       		.byte	36
 1313 0508 1D       		.byte	29
 1314 0509 01       		.byte	1
 1315 050a 00       		.byte	0
 1316 050b 0F       		.byte	15
 1317 050c 10       		.byte	16
 1318 050d AA       		.byte	-86
 1319 050e 11       		.byte	17
 1320 050f AA       		.byte	-86
 1321 0510 80       		.byte	-128
 1322 0511 80       		.byte	-128
 1323 0512 00       		.byte	0
 1324 0513 00       		.byte	0
 1325 0514 40       		.byte	64
 1326 0515 00       		.byte	0
 1327 0516 00       		.byte	0
 1328 0517 00       		.byte	0
 1329 0518 00       		.byte	0
 1330 0519 00       		.byte	0
 1331 051a 18       		.byte	24
 1332 051b 01       		.byte	1
 1333 051c 02       		.byte	2
 1334 051d 0C       		.byte	12
 1335 051e 00       		.byte	0
 1336 051f 12       		.byte	18
 1337 0520 00       		.byte	0
 1338 0521 12       		.byte	18
 1339 0522 01       		.byte	1
 1340 0523 0C       		.byte	12
 1341 0524 02       		.byte	2
 1342 0525 1E       		.byte	30
 1343 0526 00       		.byte	0
 1344 0527 00       		.byte	0
 1345 0528 00       		.byte	0
 1346 0529 00       		.byte	0
 1347 052a 04       		.byte	4
 1348 052b 00       		.byte	0
 1349 052c 00       		.byte	0
 1350 052d 0C       		.byte	12
 1351 052e 02       		.byte	2
 1352 052f 00       		.byte	0
 1353 0530 00       		.byte	0
 1354 0531 04       		.byte	4
 1355 0532 08       		.byte	8
 1356 0533 00       		.byte	0
 1357 0534 00       		.byte	0
 1358 0535 08       		.byte	8
 1359 0536 02       		.byte	2
 1360 0537 00       		.byte	0
 1361 0538 00       		.byte	0
 1362 0539 0E       		.byte	14
 1363 053a 00       		.byte	0
 1364 053b 10       		.byte	16
 1365 053c 00       		.byte	0
 1366 053d 00       		.byte	0
 1367 053e 01       		.byte	1
 1368 053f 01       		.byte	1
ARM GAS  C:\Users\herreral\AppData\Local\Temp\ccDG2DmZ.s 			page 25


 1369 0540 00       		.byte	0
 1370 0541 00       		.byte	0
 1371 0542 00       		.byte	0
 1372 0543 12       		.byte	18
 1373 0544 00       		.byte	0
 1374 0545 00       		.byte	0
 1375 0546 00       		.byte	0
 1376 0547 00       		.byte	0
 1377 0548 10       		.byte	16
 1378 0549 0E       		.byte	14
 1379 054a 02       		.byte	2
 1380 054b 1C       		.byte	28
 1381 054c 01       		.byte	1
 1382 054d 01       		.byte	1
 1383 054e 0C       		.byte	12
 1384 054f 00       		.byte	0
 1385 0550 08       		.byte	8
 1386 0551 00       		.byte	0
 1387 0552 00       		.byte	0
 1388 0553 08       		.byte	8
 1389 0554 00       		.byte	0
 1390 0555 00       		.byte	0
 1391 0556 50       		.byte	80
 1392 0557 10       		.byte	16
 1393 0558 26       		.byte	38
 1394 0559 04       		.byte	4
 1395 055a 05       		.byte	5
 1396 055b 00       		.byte	0
 1397 055c 01       		.byte	1
 1398 055d 0C       		.byte	12
 1399 055e E0       		.byte	-32
 1400 055f 00       		.byte	0
 1401 0560 09       		.byte	9
 1402 0561 FF       		.byte	-1
 1403 0562 FF       		.byte	-1
 1404 0563 FF       		.byte	-1
 1405 0564 62       		.byte	98
 1406 0565 A0       		.byte	-96
 1407 0566 F0       		.byte	-16
 1408 0567 41       		.byte	65
 1409 0568 0C       		.byte	12
 1410 0569 00       		.byte	0
 1411 056a 00       		.byte	0
 1412 056b 00       		.byte	0
 1413 056c 18       		.byte	24
 1414 056d 00       		.byte	0
 1415 056e 00       		.byte	0
 1416 056f 00       		.byte	0
 1417 0570 04       		.byte	4
 1418 0571 04       		.byte	4
 1419 0572 04       		.byte	4
 1420 0573 04       		.byte	4
 1421 0574 22       		.byte	34
 1422 0575 22       		.byte	34
 1423 0576 00       		.byte	0
 1424 0577 01       		.byte	1
 1425 0578 00       		.byte	0
ARM GAS  C:\Users\herreral\AppData\Local\Temp\ccDG2DmZ.s 			page 26


 1426 0579 00       		.byte	0
 1427 057a 00       		.byte	0
 1428 057b 00       		.byte	0
 1429 057c 00       		.byte	0
 1430 057d 00       		.byte	0
 1431 057e 40       		.byte	64
 1432 057f 02       		.byte	2
 1433 0580 00       		.byte	0
 1434 0581 10       		.byte	16
 1435 0582 30       		.byte	48
 1436 0583 10       		.byte	16
 1437 0584 00       		.byte	0
 1438 0585 10       		.byte	16
 1439 0586 10       		.byte	16
 1440 0587 12       		.byte	18
 1441 0588 00       		.byte	0
 1442 0589 00       		.byte	0
 1443 058a 00       		.byte	0
 1444 058b 00       		.byte	0
 1445 058c 00       		.byte	0
 1446 058d 00       		.byte	0
 1447 058e 00       		.byte	0
 1448 058f 00       		.byte	0
 1449 0590 00       		.byte	0
 1450 0591 00       		.byte	0
 1451 0592 00       		.byte	0
 1452 0593 00       		.byte	0
 1453 0594 00       		.byte	0
 1454 0595 00       		.byte	0
 1455 0596 00       		.byte	0
 1456 0597 00       		.byte	0
 1457 0598 23       		.byte	35
 1458 0599 00       		.byte	0
 1459 059a 00       		.byte	0
 1460 059b 23       		.byte	35
 1461 059c 00       		.byte	0
 1462 059d 00       		.byte	0
 1463 059e 00       		.byte	0
 1464 059f 00       		.byte	0
 1465 05a0 90       		.byte	-112
 1466 05a1 00       		.byte	0
 1467 05a2 00       		.byte	0
 1468 05a3 00       		.byte	0
 1469 05a4 88       		.byte	-120
 1470 05a5 00       		.byte	0
 1471 05a6 40       		.byte	64
 1472 05a7 88       		.byte	-120
 1473 05a8 80       		.byte	-128
 1474 05a9 00       		.byte	0
 1475 05aa 80       		.byte	-128
 1476 05ab 00       		.byte	0
 1477 05ac 00       		.byte	0
 1478 05ad 00       		.byte	0
 1479 05ae 00       		.byte	0
 1480 05af 00       		.byte	0
 1481 05b0 00       		.byte	0
 1482 05b1 0B       		.byte	11
ARM GAS  C:\Users\herreral\AppData\Local\Temp\ccDG2DmZ.s 			page 27


 1483 05b2 0B       		.byte	11
 1484 05b3 00       		.byte	0
 1485 05b4 00       		.byte	0
 1486 05b5 00       		.byte	0
 1487 05b6 00       		.byte	0
 1488 05b7 00       		.byte	0
 1489 05b8 02       		.byte	2
 1490 05b9 00       		.byte	0
 1491 05ba 00       		.byte	0
 1492 05bb 02       		.byte	2
 1493 05bc 00       		.byte	0
 1494 05bd 00       		.byte	0
 1495 05be 00       		.byte	0
 1496 05bf 00       		.byte	0
 1497 05c0 00       		.byte	0
 1498 05c1 00       		.byte	0
 1499 05c2 00       		.byte	0
 1500 05c3 00       		.byte	0
 1501 05c4 95       		.byte	-107
 1502 05c5 00       		.byte	0
 1503 05c6 18       		.byte	24
 1504 05c7 01       		.byte	1
 1505              		.global	cy_meta_custnvl
 1506              		.section	.cycustnvl,"a",%progbits
 1507              		.align	2
 1508              		.type	cy_meta_custnvl, %object
 1509              		.size	cy_meta_custnvl, 4
 1510              	cy_meta_custnvl:
 1511 0000 00       		.byte	0
 1512 0001 00       		.byte	0
 1513 0002 40       		.byte	64
 1514 0003 05       		.byte	5
 1515              		.global	cy_meta_wonvl
 1516              		.section	.cywolatch,"a",%progbits
 1517              		.align	2
 1518              		.type	cy_meta_wonvl, %object
 1519              		.size	cy_meta_wonvl, 4
 1520              	cy_meta_wonvl:
 1521 0000 BC       		.byte	-68
 1522 0001 90       		.byte	-112
 1523 0002 AC       		.byte	-84
 1524 0003 AF       		.byte	-81
 1525              		.global	cy_meta_flashprotect
 1526              		.section	.cyflashprotect,"a",%progbits
 1527              		.align	2
 1528              		.type	cy_meta_flashprotect, %object
 1529              		.size	cy_meta_flashprotect, 256
 1530              	cy_meta_flashprotect:
 1531 0000 00000000 		.space	256
 1531      00000000 
 1531      00000000 
 1531      00000000 
 1531      00000000 
 1532              		.global	cy_metadata
 1533              		.section	.cymeta,"a",%progbits
 1534              		.align	2
 1535              		.type	cy_metadata, %object
ARM GAS  C:\Users\herreral\AppData\Local\Temp\ccDG2DmZ.s 			page 28


 1536              		.size	cy_metadata, 12
 1537              	cy_metadata:
 1538 0000 00       		.byte	0
 1539 0001 01       		.byte	1
 1540 0002 2E       		.byte	46
 1541 0003 16       		.byte	22
 1542 0004 10       		.byte	16
 1543 0005 69       		.byte	105
 1544 0006 00       		.byte	0
 1545 0007 01       		.byte	1
 1546 0008 00       		.byte	0
 1547 0009 00       		.byte	0
 1548 000a 00       		.byte	0
 1549 000b 00       		.byte	0
 1550              		.text
 1551              	.Letext0:
 1552              		.file 1 "c:\\program files (x86)\\cypress\\psoc creator\\4.1\\psoc creator\\import\\gnu\\arm\\5.4.
 1553              		.file 2 "c:\\program files (x86)\\cypress\\psoc creator\\4.1\\psoc creator\\import\\gnu\\arm\\5.4.
 1554              		.file 3 "Generated_Source\\PSoC5\\cymetadata.c"
 1555              		.section	.debug_info,"",%progbits
 1556              	.Ldebug_info0:
 1557 0000 33010000 		.4byte	0x133
 1558 0004 0400     		.2byte	0x4
 1559 0006 00000000 		.4byte	.Ldebug_abbrev0
 1560 000a 04       		.byte	0x4
 1561 000b 01       		.uleb128 0x1
 1562 000c 0A000000 		.4byte	.LASF17
 1563 0010 0C       		.byte	0xc
 1564 0011 2B020000 		.4byte	.LASF18
 1565 0015 B2000000 		.4byte	.LASF19
 1566 0019 00000000 		.4byte	.Ldebug_line0
 1567 001d 02       		.uleb128 0x2
 1568 001e 01       		.byte	0x1
 1569 001f 06       		.byte	0x6
 1570 0020 1F020000 		.4byte	.LASF0
 1571 0024 03       		.uleb128 0x3
 1572 0025 00000000 		.4byte	.LASF9
 1573 0029 01       		.byte	0x1
 1574 002a 1D       		.byte	0x1d
 1575 002b 2F000000 		.4byte	0x2f
 1576 002f 02       		.uleb128 0x2
 1577 0030 01       		.byte	0x1
 1578 0031 08       		.byte	0x8
 1579 0032 A4000000 		.4byte	.LASF1
 1580 0036 02       		.uleb128 0x2
 1581 0037 02       		.byte	0x2
 1582 0038 05       		.byte	0x5
 1583 0039 0C020000 		.4byte	.LASF2
 1584 003d 02       		.uleb128 0x2
 1585 003e 02       		.byte	0x2
 1586 003f 07       		.byte	0x7
 1587 0040 71010000 		.4byte	.LASF3
 1588 0044 02       		.uleb128 0x2
 1589 0045 04       		.byte	0x4
 1590 0046 05       		.byte	0x5
 1591 0047 16020000 		.4byte	.LASF4
 1592 004b 02       		.uleb128 0x2
ARM GAS  C:\Users\herreral\AppData\Local\Temp\ccDG2DmZ.s 			page 29


 1593 004c 04       		.byte	0x4
 1594 004d 07       		.byte	0x7
 1595 004e 5F010000 		.4byte	.LASF5
 1596 0052 02       		.uleb128 0x2
 1597 0053 08       		.byte	0x8
 1598 0054 05       		.byte	0x5
 1599 0055 FE010000 		.4byte	.LASF6
 1600 0059 02       		.uleb128 0x2
 1601 005a 08       		.byte	0x8
 1602 005b 07       		.byte	0x7
 1603 005c B3010000 		.4byte	.LASF7
 1604 0060 04       		.uleb128 0x4
 1605 0061 04       		.byte	0x4
 1606 0062 05       		.byte	0x5
 1607 0063 696E7400 		.ascii	"int\000"
 1608 0067 02       		.uleb128 0x2
 1609 0068 04       		.byte	0x4
 1610 0069 07       		.byte	0x7
 1611 006a A6010000 		.4byte	.LASF8
 1612 006e 03       		.uleb128 0x3
 1613 006f CA010000 		.4byte	.LASF10
 1614 0073 02       		.byte	0x2
 1615 0074 18       		.byte	0x18
 1616 0075 24000000 		.4byte	0x24
 1617 0079 05       		.uleb128 0x5
 1618 007a 91000000 		.4byte	0x91
 1619 007e 8A000000 		.4byte	0x8a
 1620 0082 06       		.uleb128 0x6
 1621 0083 8A000000 		.4byte	0x8a
 1622 0087 C705     		.2byte	0x5c7
 1623 0089 00       		.byte	0
 1624 008a 02       		.uleb128 0x2
 1625 008b 04       		.byte	0x4
 1626 008c 07       		.byte	0x7
 1627 008d F5010000 		.4byte	.LASF11
 1628 0091 07       		.uleb128 0x7
 1629 0092 6E000000 		.4byte	0x6e
 1630 0096 08       		.uleb128 0x8
 1631 0097 94010000 		.4byte	.LASF12
 1632 009b 03       		.byte	0x3
 1633 009c 1F       		.byte	0x1f
 1634 009d A7000000 		.4byte	0xa7
 1635 00a1 05       		.uleb128 0x5
 1636 00a2 03       		.byte	0x3
 1637 00a3 00000000 		.4byte	cy_meta_configecc
 1638 00a7 07       		.uleb128 0x7
 1639 00a8 79000000 		.4byte	0x79
 1640 00ac 05       		.uleb128 0x5
 1641 00ad 91000000 		.4byte	0x91
 1642 00b1 BC000000 		.4byte	0xbc
 1643 00b5 09       		.uleb128 0x9
 1644 00b6 8A000000 		.4byte	0x8a
 1645 00ba 03       		.byte	0x3
 1646 00bb 00       		.byte	0
 1647 00bc 08       		.uleb128 0x8
 1648 00bd 84010000 		.4byte	.LASF13
 1649 00c1 03       		.byte	0x3
ARM GAS  C:\Users\herreral\AppData\Local\Temp\ccDG2DmZ.s 			page 30


 1650 00c2 E5       		.byte	0xe5
 1651 00c3 CD000000 		.4byte	0xcd
 1652 00c7 05       		.uleb128 0x5
 1653 00c8 03       		.byte	0x3
 1654 00c9 00000000 		.4byte	cy_meta_custnvl
 1655 00cd 07       		.uleb128 0x7
 1656 00ce AC000000 		.4byte	0xac
 1657 00d2 08       		.uleb128 0x8
 1658 00d3 E7010000 		.4byte	.LASF14
 1659 00d7 03       		.byte	0x3
 1660 00d8 F3       		.byte	0xf3
 1661 00d9 E3000000 		.4byte	0xe3
 1662 00dd 05       		.uleb128 0x5
 1663 00de 03       		.byte	0x3
 1664 00df 00000000 		.4byte	cy_meta_wonvl
 1665 00e3 07       		.uleb128 0x7
 1666 00e4 AC000000 		.4byte	0xac
 1667 00e8 05       		.uleb128 0x5
 1668 00e9 91000000 		.4byte	0x91
 1669 00ed F8000000 		.4byte	0xf8
 1670 00f1 09       		.uleb128 0x9
 1671 00f2 8A000000 		.4byte	0x8a
 1672 00f6 FF       		.byte	0xff
 1673 00f7 00       		.byte	0
 1674 00f8 0A       		.uleb128 0xa
 1675 00f9 D2010000 		.4byte	.LASF15
 1676 00fd 03       		.byte	0x3
 1677 00fe 0101     		.2byte	0x101
 1678 0100 0A010000 		.4byte	0x10a
 1679 0104 05       		.uleb128 0x5
 1680 0105 03       		.byte	0x3
 1681 0106 00000000 		.4byte	cy_meta_flashprotect
 1682 010a 07       		.uleb128 0x7
 1683 010b E8000000 		.4byte	0xe8
 1684 010f 05       		.uleb128 0x5
 1685 0110 91000000 		.4byte	0x91
 1686 0114 1F010000 		.4byte	0x11f
 1687 0118 09       		.uleb128 0x9
 1688 0119 8A000000 		.4byte	0x8a
 1689 011d 0B       		.byte	0xb
 1690 011e 00       		.byte	0
 1691 011f 0A       		.uleb128 0xa
 1692 0120 98000000 		.4byte	.LASF16
 1693 0124 03       		.byte	0x3
 1694 0125 2E01     		.2byte	0x12e
 1695 0127 31010000 		.4byte	0x131
 1696 012b 05       		.uleb128 0x5
 1697 012c 03       		.byte	0x3
 1698 012d 00000000 		.4byte	cy_metadata
 1699 0131 07       		.uleb128 0x7
 1700 0132 0F010000 		.4byte	0x10f
 1701 0136 00       		.byte	0
 1702              		.section	.debug_abbrev,"",%progbits
 1703              	.Ldebug_abbrev0:
 1704 0000 01       		.uleb128 0x1
 1705 0001 11       		.uleb128 0x11
 1706 0002 01       		.byte	0x1
ARM GAS  C:\Users\herreral\AppData\Local\Temp\ccDG2DmZ.s 			page 31


 1707 0003 25       		.uleb128 0x25
 1708 0004 0E       		.uleb128 0xe
 1709 0005 13       		.uleb128 0x13
 1710 0006 0B       		.uleb128 0xb
 1711 0007 03       		.uleb128 0x3
 1712 0008 0E       		.uleb128 0xe
 1713 0009 1B       		.uleb128 0x1b
 1714 000a 0E       		.uleb128 0xe
 1715 000b 10       		.uleb128 0x10
 1716 000c 17       		.uleb128 0x17
 1717 000d 00       		.byte	0
 1718 000e 00       		.byte	0
 1719 000f 02       		.uleb128 0x2
 1720 0010 24       		.uleb128 0x24
 1721 0011 00       		.byte	0
 1722 0012 0B       		.uleb128 0xb
 1723 0013 0B       		.uleb128 0xb
 1724 0014 3E       		.uleb128 0x3e
 1725 0015 0B       		.uleb128 0xb
 1726 0016 03       		.uleb128 0x3
 1727 0017 0E       		.uleb128 0xe
 1728 0018 00       		.byte	0
 1729 0019 00       		.byte	0
 1730 001a 03       		.uleb128 0x3
 1731 001b 16       		.uleb128 0x16
 1732 001c 00       		.byte	0
 1733 001d 03       		.uleb128 0x3
 1734 001e 0E       		.uleb128 0xe
 1735 001f 3A       		.uleb128 0x3a
 1736 0020 0B       		.uleb128 0xb
 1737 0021 3B       		.uleb128 0x3b
 1738 0022 0B       		.uleb128 0xb
 1739 0023 49       		.uleb128 0x49
 1740 0024 13       		.uleb128 0x13
 1741 0025 00       		.byte	0
 1742 0026 00       		.byte	0
 1743 0027 04       		.uleb128 0x4
 1744 0028 24       		.uleb128 0x24
 1745 0029 00       		.byte	0
 1746 002a 0B       		.uleb128 0xb
 1747 002b 0B       		.uleb128 0xb
 1748 002c 3E       		.uleb128 0x3e
 1749 002d 0B       		.uleb128 0xb
 1750 002e 03       		.uleb128 0x3
 1751 002f 08       		.uleb128 0x8
 1752 0030 00       		.byte	0
 1753 0031 00       		.byte	0
 1754 0032 05       		.uleb128 0x5
 1755 0033 01       		.uleb128 0x1
 1756 0034 01       		.byte	0x1
 1757 0035 49       		.uleb128 0x49
 1758 0036 13       		.uleb128 0x13
 1759 0037 01       		.uleb128 0x1
 1760 0038 13       		.uleb128 0x13
 1761 0039 00       		.byte	0
 1762 003a 00       		.byte	0
 1763 003b 06       		.uleb128 0x6
ARM GAS  C:\Users\herreral\AppData\Local\Temp\ccDG2DmZ.s 			page 32


 1764 003c 21       		.uleb128 0x21
 1765 003d 00       		.byte	0
 1766 003e 49       		.uleb128 0x49
 1767 003f 13       		.uleb128 0x13
 1768 0040 2F       		.uleb128 0x2f
 1769 0041 05       		.uleb128 0x5
 1770 0042 00       		.byte	0
 1771 0043 00       		.byte	0
 1772 0044 07       		.uleb128 0x7
 1773 0045 26       		.uleb128 0x26
 1774 0046 00       		.byte	0
 1775 0047 49       		.uleb128 0x49
 1776 0048 13       		.uleb128 0x13
 1777 0049 00       		.byte	0
 1778 004a 00       		.byte	0
 1779 004b 08       		.uleb128 0x8
 1780 004c 34       		.uleb128 0x34
 1781 004d 00       		.byte	0
 1782 004e 03       		.uleb128 0x3
 1783 004f 0E       		.uleb128 0xe
 1784 0050 3A       		.uleb128 0x3a
 1785 0051 0B       		.uleb128 0xb
 1786 0052 3B       		.uleb128 0x3b
 1787 0053 0B       		.uleb128 0xb
 1788 0054 49       		.uleb128 0x49
 1789 0055 13       		.uleb128 0x13
 1790 0056 3F       		.uleb128 0x3f
 1791 0057 19       		.uleb128 0x19
 1792 0058 02       		.uleb128 0x2
 1793 0059 18       		.uleb128 0x18
 1794 005a 00       		.byte	0
 1795 005b 00       		.byte	0
 1796 005c 09       		.uleb128 0x9
 1797 005d 21       		.uleb128 0x21
 1798 005e 00       		.byte	0
 1799 005f 49       		.uleb128 0x49
 1800 0060 13       		.uleb128 0x13
 1801 0061 2F       		.uleb128 0x2f
 1802 0062 0B       		.uleb128 0xb
 1803 0063 00       		.byte	0
 1804 0064 00       		.byte	0
 1805 0065 0A       		.uleb128 0xa
 1806 0066 34       		.uleb128 0x34
 1807 0067 00       		.byte	0
 1808 0068 03       		.uleb128 0x3
 1809 0069 0E       		.uleb128 0xe
 1810 006a 3A       		.uleb128 0x3a
 1811 006b 0B       		.uleb128 0xb
 1812 006c 3B       		.uleb128 0x3b
 1813 006d 05       		.uleb128 0x5
 1814 006e 49       		.uleb128 0x49
 1815 006f 13       		.uleb128 0x13
 1816 0070 3F       		.uleb128 0x3f
 1817 0071 19       		.uleb128 0x19
 1818 0072 02       		.uleb128 0x2
 1819 0073 18       		.uleb128 0x18
 1820 0074 00       		.byte	0
ARM GAS  C:\Users\herreral\AppData\Local\Temp\ccDG2DmZ.s 			page 33


 1821 0075 00       		.byte	0
 1822 0076 00       		.byte	0
 1823              		.section	.debug_aranges,"",%progbits
 1824 0000 14000000 		.4byte	0x14
 1825 0004 0200     		.2byte	0x2
 1826 0006 00000000 		.4byte	.Ldebug_info0
 1827 000a 04       		.byte	0x4
 1828 000b 00       		.byte	0
 1829 000c 0000     		.2byte	0
 1830 000e 0000     		.2byte	0
 1831 0010 00000000 		.4byte	0
 1832 0014 00000000 		.4byte	0
 1833              		.section	.debug_line,"",%progbits
 1834              	.Ldebug_line0:
 1835 0000 3D010000 		.section	.debug_str,"MS",%progbits,1
 1835      02003701 
 1835      00000201 
 1835      FB0E0D00 
 1835      01010101 
 1836              	.LASF9:
 1837 0000 5F5F7569 		.ascii	"__uint8_t\000"
 1837      6E74385F 
 1837      7400
 1838              	.LASF17:
 1839 000a 474E5520 		.ascii	"GNU C11 5.4.1 20160609 (release) [ARM/embedded-5-br"
 1839      43313120 
 1839      352E342E 
 1839      31203230 
 1839      31363036 
 1840 003d 616E6368 		.ascii	"anch revision 237715] -mcpu=cortex-m3 -mthumb -g -O"
 1840      20726576 
 1840      6973696F 
 1840      6E203233 
 1840      37373135 
 1841 0070 30202D66 		.ascii	"0 -ffunction-sections -ffat-lto-objects\000"
 1841      66756E63 
 1841      74696F6E 
 1841      2D736563 
 1841      74696F6E 
 1842              	.LASF16:
 1843 0098 63795F6D 		.ascii	"cy_metadata\000"
 1843      65746164 
 1843      61746100 
 1844              	.LASF1:
 1845 00a4 756E7369 		.ascii	"unsigned char\000"
 1845      676E6564 
 1845      20636861 
 1845      7200
 1846              	.LASF19:
 1847 00b2 433A5C55 		.ascii	"C:\\Users\\herreral\\Documents\\Masters\\Tecnicas d"
 1847      73657273 
 1847      5C686572 
 1847      72657261 
 1847      6C5C446F 
 1848 00e0 65204164 		.ascii	"e Adquisicion y Procesamiento de Datos\\Proyecto1_D"
 1848      71756973 
 1848      6963696F 
ARM GAS  C:\Users\herreral\AppData\Local\Temp\ccDG2DmZ.s 			page 34


 1848      6E207920 
 1848      50726F63 
 1849 0112 75616C54 		.ascii	"ualToneCoder\\DualToneMultiFrequencyCoder\\DualTone"
 1849      6F6E6543 
 1849      6F646572 
 1849      5C447561 
 1849      6C546F6E 
 1850 0143 204D756C 		.ascii	" MultiFrequency Coder.cydsn\000"
 1850      74694672 
 1850      65717565 
 1850      6E637920 
 1850      436F6465 
 1851              	.LASF5:
 1852 015f 6C6F6E67 		.ascii	"long unsigned int\000"
 1852      20756E73 
 1852      69676E65 
 1852      6420696E 
 1852      7400
 1853              	.LASF3:
 1854 0171 73686F72 		.ascii	"short unsigned int\000"
 1854      7420756E 
 1854      7369676E 
 1854      65642069 
 1854      6E7400
 1855              	.LASF13:
 1856 0184 63795F6D 		.ascii	"cy_meta_custnvl\000"
 1856      6574615F 
 1856      63757374 
 1856      6E766C00 
 1857              	.LASF12:
 1858 0194 63795F6D 		.ascii	"cy_meta_configecc\000"
 1858      6574615F 
 1858      636F6E66 
 1858      69676563 
 1858      6300
 1859              	.LASF8:
 1860 01a6 756E7369 		.ascii	"unsigned int\000"
 1860      676E6564 
 1860      20696E74 
 1860      00
 1861              	.LASF7:
 1862 01b3 6C6F6E67 		.ascii	"long long unsigned int\000"
 1862      206C6F6E 
 1862      6720756E 
 1862      7369676E 
 1862      65642069 
 1863              	.LASF10:
 1864 01ca 75696E74 		.ascii	"uint8_t\000"
 1864      385F7400 
 1865              	.LASF15:
 1866 01d2 63795F6D 		.ascii	"cy_meta_flashprotect\000"
 1866      6574615F 
 1866      666C6173 
 1866      6870726F 
 1866      74656374 
 1867              	.LASF14:
 1868 01e7 63795F6D 		.ascii	"cy_meta_wonvl\000"
ARM GAS  C:\Users\herreral\AppData\Local\Temp\ccDG2DmZ.s 			page 35


 1868      6574615F 
 1868      776F6E76 
 1868      6C00
 1869              	.LASF11:
 1870 01f5 73697A65 		.ascii	"sizetype\000"
 1870      74797065 
 1870      00
 1871              	.LASF6:
 1872 01fe 6C6F6E67 		.ascii	"long long int\000"
 1872      206C6F6E 
 1872      6720696E 
 1872      7400
 1873              	.LASF2:
 1874 020c 73686F72 		.ascii	"short int\000"
 1874      7420696E 
 1874      7400
 1875              	.LASF4:
 1876 0216 6C6F6E67 		.ascii	"long int\000"
 1876      20696E74 
 1876      00
 1877              	.LASF0:
 1878 021f 7369676E 		.ascii	"signed char\000"
 1878      65642063 
 1878      68617200 
 1879              	.LASF18:
 1880 022b 47656E65 		.ascii	"Generated_Source\\PSoC5\\cymetadata.c\000"
 1880      72617465 
 1880      645F536F 
 1880      75726365 
 1880      5C50536F 
 1881              		.ident	"GCC: (GNU Tools for ARM Embedded Processors) 5.4.1 20160609 (release) [ARM/embedded-5-bran
