ARM GAS  C:\Users\riveraes\AppData\Local\Temp\ccOpbc4i.s 			page 1


   1              		.syntax unified
   2              		.cpu cortex-m3
   3              		.fpu softvfp
   4              		.eabi_attribute 20, 1
   5              		.eabi_attribute 21, 1
   6              		.eabi_attribute 23, 3
   7              		.eabi_attribute 24, 1
   8              		.eabi_attribute 25, 1
   9              		.eabi_attribute 26, 1
  10              		.eabi_attribute 30, 6
  11              		.eabi_attribute 34, 1
  12              		.eabi_attribute 18, 4
  13              		.thumb
  14              		.syntax unified
  15              		.file	"HighFrequencies_2_VDAC8.c"
  16              		.text
  17              	.Ltext0:
  18              		.cfi_sections	.debug_frame
  19              		.global	HighFrequencies_2_VDAC8_initVar
  20              		.bss
  21              		.type	HighFrequencies_2_VDAC8_initVar, %object
  22              		.size	HighFrequencies_2_VDAC8_initVar, 1
  23              	HighFrequencies_2_VDAC8_initVar:
  24 0000 00       		.space	1
  25              		.section	.text.HighFrequencies_2_VDAC8_Init,"ax",%progbits
  26              		.align	2
  27              		.global	HighFrequencies_2_VDAC8_Init
  28              		.thumb
  29              		.thumb_func
  30              		.type	HighFrequencies_2_VDAC8_Init, %function
  31              	HighFrequencies_2_VDAC8_Init:
  32              	.LFB0:
  33              		.file 1 "Generated_Source\\PSoC5\\HighFrequencies_2_VDAC8.c"
   1:Generated_Source\PSoC5/HighFrequencies_2_VDAC8.c **** /*******************************************************************************
   2:Generated_Source\PSoC5/HighFrequencies_2_VDAC8.c **** * File Name: HighFrequencies_2_VDAC8.c  
   3:Generated_Source\PSoC5/HighFrequencies_2_VDAC8.c **** * Version 1.90
   4:Generated_Source\PSoC5/HighFrequencies_2_VDAC8.c **** *
   5:Generated_Source\PSoC5/HighFrequencies_2_VDAC8.c **** * Description:
   6:Generated_Source\PSoC5/HighFrequencies_2_VDAC8.c **** *  This file provides the source code to the API for the 8-bit Voltage DAC 
   7:Generated_Source\PSoC5/HighFrequencies_2_VDAC8.c **** *  (VDAC8) User Module.
   8:Generated_Source\PSoC5/HighFrequencies_2_VDAC8.c **** *
   9:Generated_Source\PSoC5/HighFrequencies_2_VDAC8.c **** * Note:
  10:Generated_Source\PSoC5/HighFrequencies_2_VDAC8.c **** *  Any unusual or non-standard behavior should be noted here. Other-
  11:Generated_Source\PSoC5/HighFrequencies_2_VDAC8.c **** *  wise, this section should remain blank.
  12:Generated_Source\PSoC5/HighFrequencies_2_VDAC8.c **** *
  13:Generated_Source\PSoC5/HighFrequencies_2_VDAC8.c **** ********************************************************************************
  14:Generated_Source\PSoC5/HighFrequencies_2_VDAC8.c **** * Copyright 2008-2012, Cypress Semiconductor Corporation.  All rights reserved.
  15:Generated_Source\PSoC5/HighFrequencies_2_VDAC8.c **** * You may use this file only in accordance with the license, terms, conditions, 
  16:Generated_Source\PSoC5/HighFrequencies_2_VDAC8.c **** * disclaimers, and limitations in the end user license agreement accompanying 
  17:Generated_Source\PSoC5/HighFrequencies_2_VDAC8.c **** * the software package with which this file was provided.
  18:Generated_Source\PSoC5/HighFrequencies_2_VDAC8.c **** *******************************************************************************/
  19:Generated_Source\PSoC5/HighFrequencies_2_VDAC8.c **** 
  20:Generated_Source\PSoC5/HighFrequencies_2_VDAC8.c **** #include "cytypes.h"
  21:Generated_Source\PSoC5/HighFrequencies_2_VDAC8.c **** #include "HighFrequencies_2_VDAC8.h"
  22:Generated_Source\PSoC5/HighFrequencies_2_VDAC8.c **** 
  23:Generated_Source\PSoC5/HighFrequencies_2_VDAC8.c **** #if (CY_PSOC5A)
  24:Generated_Source\PSoC5/HighFrequencies_2_VDAC8.c **** #include <CyLib.h>
ARM GAS  C:\Users\riveraes\AppData\Local\Temp\ccOpbc4i.s 			page 2


  25:Generated_Source\PSoC5/HighFrequencies_2_VDAC8.c **** #endif /* CY_PSOC5A */
  26:Generated_Source\PSoC5/HighFrequencies_2_VDAC8.c **** 
  27:Generated_Source\PSoC5/HighFrequencies_2_VDAC8.c **** uint8 HighFrequencies_2_VDAC8_initVar = 0u;
  28:Generated_Source\PSoC5/HighFrequencies_2_VDAC8.c **** 
  29:Generated_Source\PSoC5/HighFrequencies_2_VDAC8.c **** #if (CY_PSOC5A)
  30:Generated_Source\PSoC5/HighFrequencies_2_VDAC8.c ****     static uint8 HighFrequencies_2_VDAC8_restoreVal = 0u;
  31:Generated_Source\PSoC5/HighFrequencies_2_VDAC8.c **** #endif /* CY_PSOC5A */
  32:Generated_Source\PSoC5/HighFrequencies_2_VDAC8.c **** 
  33:Generated_Source\PSoC5/HighFrequencies_2_VDAC8.c **** #if (CY_PSOC5A)
  34:Generated_Source\PSoC5/HighFrequencies_2_VDAC8.c ****     static HighFrequencies_2_VDAC8_backupStruct HighFrequencies_2_VDAC8_backup;
  35:Generated_Source\PSoC5/HighFrequencies_2_VDAC8.c **** #endif /* CY_PSOC5A */
  36:Generated_Source\PSoC5/HighFrequencies_2_VDAC8.c **** 
  37:Generated_Source\PSoC5/HighFrequencies_2_VDAC8.c **** 
  38:Generated_Source\PSoC5/HighFrequencies_2_VDAC8.c **** /*******************************************************************************
  39:Generated_Source\PSoC5/HighFrequencies_2_VDAC8.c **** * Function Name: HighFrequencies_2_VDAC8_Init
  40:Generated_Source\PSoC5/HighFrequencies_2_VDAC8.c **** ********************************************************************************
  41:Generated_Source\PSoC5/HighFrequencies_2_VDAC8.c **** * Summary:
  42:Generated_Source\PSoC5/HighFrequencies_2_VDAC8.c **** *  Initialize to the schematic state.
  43:Generated_Source\PSoC5/HighFrequencies_2_VDAC8.c **** * 
  44:Generated_Source\PSoC5/HighFrequencies_2_VDAC8.c **** * Parameters:
  45:Generated_Source\PSoC5/HighFrequencies_2_VDAC8.c **** *  void:
  46:Generated_Source\PSoC5/HighFrequencies_2_VDAC8.c **** *
  47:Generated_Source\PSoC5/HighFrequencies_2_VDAC8.c **** * Return:
  48:Generated_Source\PSoC5/HighFrequencies_2_VDAC8.c **** *  void
  49:Generated_Source\PSoC5/HighFrequencies_2_VDAC8.c **** *
  50:Generated_Source\PSoC5/HighFrequencies_2_VDAC8.c **** * Theory:
  51:Generated_Source\PSoC5/HighFrequencies_2_VDAC8.c **** *
  52:Generated_Source\PSoC5/HighFrequencies_2_VDAC8.c **** * Side Effects:
  53:Generated_Source\PSoC5/HighFrequencies_2_VDAC8.c **** *
  54:Generated_Source\PSoC5/HighFrequencies_2_VDAC8.c **** *******************************************************************************/
  55:Generated_Source\PSoC5/HighFrequencies_2_VDAC8.c **** void HighFrequencies_2_VDAC8_Init(void) 
  56:Generated_Source\PSoC5/HighFrequencies_2_VDAC8.c **** {
  34              		.loc 1 56 0
  35              		.cfi_startproc
  36              		@ args = 0, pretend = 0, frame = 0
  37              		@ frame_needed = 1, uses_anonymous_args = 0
  38 0000 80B5     		push	{r7, lr}
  39              		.cfi_def_cfa_offset 8
  40              		.cfi_offset 7, -8
  41              		.cfi_offset 14, -4
  42 0002 00AF     		add	r7, sp, #0
  43              		.cfi_def_cfa_register 7
  57:Generated_Source\PSoC5/HighFrequencies_2_VDAC8.c ****     HighFrequencies_2_VDAC8_CR0 = (HighFrequencies_2_VDAC8_MODE_V );
  44              		.loc 1 57 0
  45 0004 0A4B     		ldr	r3, .L2
  46 0006 0022     		movs	r2, #0
  47 0008 1A70     		strb	r2, [r3]
  58:Generated_Source\PSoC5/HighFrequencies_2_VDAC8.c **** 
  59:Generated_Source\PSoC5/HighFrequencies_2_VDAC8.c ****     /* Set default data source */
  60:Generated_Source\PSoC5/HighFrequencies_2_VDAC8.c ****     #if(HighFrequencies_2_VDAC8_DEFAULT_DATA_SRC != 0 )
  61:Generated_Source\PSoC5/HighFrequencies_2_VDAC8.c ****         HighFrequencies_2_VDAC8_CR1 = (HighFrequencies_2_VDAC8_DEFAULT_CNTL | HighFrequencies_2_VDA
  62:Generated_Source\PSoC5/HighFrequencies_2_VDAC8.c ****     #else
  63:Generated_Source\PSoC5/HighFrequencies_2_VDAC8.c ****         HighFrequencies_2_VDAC8_CR1 = (HighFrequencies_2_VDAC8_DEFAULT_CNTL | HighFrequencies_2_VDA
  48              		.loc 1 63 0
  49 000a 0A4B     		ldr	r3, .L2+4
  50 000c 0022     		movs	r2, #0
  51 000e 1A70     		strb	r2, [r3]
ARM GAS  C:\Users\riveraes\AppData\Local\Temp\ccOpbc4i.s 			page 3


  64:Generated_Source\PSoC5/HighFrequencies_2_VDAC8.c ****     #endif /* (HighFrequencies_2_VDAC8_DEFAULT_DATA_SRC != 0 ) */
  65:Generated_Source\PSoC5/HighFrequencies_2_VDAC8.c **** 
  66:Generated_Source\PSoC5/HighFrequencies_2_VDAC8.c ****     /* Set default strobe mode */
  67:Generated_Source\PSoC5/HighFrequencies_2_VDAC8.c ****     #if(HighFrequencies_2_VDAC8_DEFAULT_STRB != 0)
  68:Generated_Source\PSoC5/HighFrequencies_2_VDAC8.c ****         HighFrequencies_2_VDAC8_Strobe |= HighFrequencies_2_VDAC8_STRB_EN ;
  52              		.loc 1 68 0
  53 0010 094A     		ldr	r2, .L2+8
  54 0012 094B     		ldr	r3, .L2+8
  55 0014 1B78     		ldrb	r3, [r3]
  56 0016 DBB2     		uxtb	r3, r3
  57 0018 43F00803 		orr	r3, r3, #8
  58 001c DBB2     		uxtb	r3, r3
  59 001e 1370     		strb	r3, [r2]
  69:Generated_Source\PSoC5/HighFrequencies_2_VDAC8.c ****     #endif/* (HighFrequencies_2_VDAC8_DEFAULT_STRB != 0) */
  70:Generated_Source\PSoC5/HighFrequencies_2_VDAC8.c **** 
  71:Generated_Source\PSoC5/HighFrequencies_2_VDAC8.c ****     /* Set default range */
  72:Generated_Source\PSoC5/HighFrequencies_2_VDAC8.c ****     HighFrequencies_2_VDAC8_SetRange(HighFrequencies_2_VDAC8_DEFAULT_RANGE); 
  60              		.loc 1 72 0
  61 0020 0020     		movs	r0, #0
  62 0022 FFF7FEFF 		bl	HighFrequencies_2_VDAC8_SetRange
  73:Generated_Source\PSoC5/HighFrequencies_2_VDAC8.c **** 
  74:Generated_Source\PSoC5/HighFrequencies_2_VDAC8.c ****     /* Set default speed */
  75:Generated_Source\PSoC5/HighFrequencies_2_VDAC8.c ****     HighFrequencies_2_VDAC8_SetSpeed(HighFrequencies_2_VDAC8_DEFAULT_SPEED);
  63              		.loc 1 75 0
  64 0026 0220     		movs	r0, #2
  65 0028 FFF7FEFF 		bl	HighFrequencies_2_VDAC8_SetSpeed
  76:Generated_Source\PSoC5/HighFrequencies_2_VDAC8.c **** }
  66              		.loc 1 76 0
  67 002c 00BF     		nop
  68 002e 80BD     		pop	{r7, pc}
  69              	.L3:
  70              		.align	2
  71              	.L2:
  72 0030 24580040 		.word	1073764388
  73 0034 25580040 		.word	1073764389
  74 0038 8F5A0040 		.word	1073765007
  75              		.cfi_endproc
  76              	.LFE0:
  77              		.size	HighFrequencies_2_VDAC8_Init, .-HighFrequencies_2_VDAC8_Init
  78              		.section	.text.HighFrequencies_2_VDAC8_Enable,"ax",%progbits
  79              		.align	2
  80              		.global	HighFrequencies_2_VDAC8_Enable
  81              		.thumb
  82              		.thumb_func
  83              		.type	HighFrequencies_2_VDAC8_Enable, %function
  84              	HighFrequencies_2_VDAC8_Enable:
  85              	.LFB1:
  77:Generated_Source\PSoC5/HighFrequencies_2_VDAC8.c **** 
  78:Generated_Source\PSoC5/HighFrequencies_2_VDAC8.c **** 
  79:Generated_Source\PSoC5/HighFrequencies_2_VDAC8.c **** /*******************************************************************************
  80:Generated_Source\PSoC5/HighFrequencies_2_VDAC8.c **** * Function Name: HighFrequencies_2_VDAC8_Enable
  81:Generated_Source\PSoC5/HighFrequencies_2_VDAC8.c **** ********************************************************************************
  82:Generated_Source\PSoC5/HighFrequencies_2_VDAC8.c **** * Summary:
  83:Generated_Source\PSoC5/HighFrequencies_2_VDAC8.c **** *  Enable the VDAC8
  84:Generated_Source\PSoC5/HighFrequencies_2_VDAC8.c **** * 
  85:Generated_Source\PSoC5/HighFrequencies_2_VDAC8.c **** * Parameters:
  86:Generated_Source\PSoC5/HighFrequencies_2_VDAC8.c **** *  void
ARM GAS  C:\Users\riveraes\AppData\Local\Temp\ccOpbc4i.s 			page 4


  87:Generated_Source\PSoC5/HighFrequencies_2_VDAC8.c **** *
  88:Generated_Source\PSoC5/HighFrequencies_2_VDAC8.c **** * Return:
  89:Generated_Source\PSoC5/HighFrequencies_2_VDAC8.c **** *  void
  90:Generated_Source\PSoC5/HighFrequencies_2_VDAC8.c **** *
  91:Generated_Source\PSoC5/HighFrequencies_2_VDAC8.c **** * Theory:
  92:Generated_Source\PSoC5/HighFrequencies_2_VDAC8.c **** *
  93:Generated_Source\PSoC5/HighFrequencies_2_VDAC8.c **** * Side Effects:
  94:Generated_Source\PSoC5/HighFrequencies_2_VDAC8.c **** *
  95:Generated_Source\PSoC5/HighFrequencies_2_VDAC8.c **** *******************************************************************************/
  96:Generated_Source\PSoC5/HighFrequencies_2_VDAC8.c **** void HighFrequencies_2_VDAC8_Enable(void) 
  97:Generated_Source\PSoC5/HighFrequencies_2_VDAC8.c **** {
  86              		.loc 1 97 0
  87              		.cfi_startproc
  88              		@ args = 0, pretend = 0, frame = 0
  89              		@ frame_needed = 1, uses_anonymous_args = 0
  90              		@ link register save eliminated.
  91 0000 80B4     		push	{r7}
  92              		.cfi_def_cfa_offset 4
  93              		.cfi_offset 7, -4
  94 0002 00AF     		add	r7, sp, #0
  95              		.cfi_def_cfa_register 7
  98:Generated_Source\PSoC5/HighFrequencies_2_VDAC8.c ****     HighFrequencies_2_VDAC8_PWRMGR |= HighFrequencies_2_VDAC8_ACT_PWR_EN;
  96              		.loc 1 98 0
  97 0004 094A     		ldr	r2, .L5
  98 0006 094B     		ldr	r3, .L5
  99 0008 1B78     		ldrb	r3, [r3]
 100 000a DBB2     		uxtb	r3, r3
 101 000c 43F00203 		orr	r3, r3, #2
 102 0010 DBB2     		uxtb	r3, r3
 103 0012 1370     		strb	r3, [r2]
  99:Generated_Source\PSoC5/HighFrequencies_2_VDAC8.c ****     HighFrequencies_2_VDAC8_STBY_PWRMGR |= HighFrequencies_2_VDAC8_STBY_PWR_EN;
 104              		.loc 1 99 0
 105 0014 064A     		ldr	r2, .L5+4
 106 0016 064B     		ldr	r3, .L5+4
 107 0018 1B78     		ldrb	r3, [r3]
 108 001a DBB2     		uxtb	r3, r3
 109 001c 43F00203 		orr	r3, r3, #2
 110 0020 DBB2     		uxtb	r3, r3
 111 0022 1370     		strb	r3, [r2]
 100:Generated_Source\PSoC5/HighFrequencies_2_VDAC8.c **** 
 101:Generated_Source\PSoC5/HighFrequencies_2_VDAC8.c ****     /*This is to restore the value of register CR0 ,
 102:Generated_Source\PSoC5/HighFrequencies_2_VDAC8.c ****     which is modified  in Stop API , this prevents misbehaviour of VDAC */
 103:Generated_Source\PSoC5/HighFrequencies_2_VDAC8.c ****     #if (CY_PSOC5A)
 104:Generated_Source\PSoC5/HighFrequencies_2_VDAC8.c ****         if(HighFrequencies_2_VDAC8_restoreVal == 1u) 
 105:Generated_Source\PSoC5/HighFrequencies_2_VDAC8.c ****         {
 106:Generated_Source\PSoC5/HighFrequencies_2_VDAC8.c ****              HighFrequencies_2_VDAC8_CR0 = HighFrequencies_2_VDAC8_backup.data_value;
 107:Generated_Source\PSoC5/HighFrequencies_2_VDAC8.c ****              HighFrequencies_2_VDAC8_restoreVal = 0u;
 108:Generated_Source\PSoC5/HighFrequencies_2_VDAC8.c ****         }
 109:Generated_Source\PSoC5/HighFrequencies_2_VDAC8.c ****     #endif /* CY_PSOC5A */
 110:Generated_Source\PSoC5/HighFrequencies_2_VDAC8.c **** }
 112              		.loc 1 110 0
 113 0024 00BF     		nop
 114 0026 BD46     		mov	sp, r7
 115              		.cfi_def_cfa_register 13
 116              		@ sp needed
 117 0028 80BC     		pop	{r7}
 118              		.cfi_restore 7
ARM GAS  C:\Users\riveraes\AppData\Local\Temp\ccOpbc4i.s 			page 5


 119              		.cfi_def_cfa_offset 0
 120 002a 7047     		bx	lr
 121              	.L6:
 122              		.align	2
 123              	.L5:
 124 002c A8430040 		.word	1073759144
 125 0030 B8430040 		.word	1073759160
 126              		.cfi_endproc
 127              	.LFE1:
 128              		.size	HighFrequencies_2_VDAC8_Enable, .-HighFrequencies_2_VDAC8_Enable
 129              		.section	.text.HighFrequencies_2_VDAC8_Start,"ax",%progbits
 130              		.align	2
 131              		.global	HighFrequencies_2_VDAC8_Start
 132              		.thumb
 133              		.thumb_func
 134              		.type	HighFrequencies_2_VDAC8_Start, %function
 135              	HighFrequencies_2_VDAC8_Start:
 136              	.LFB2:
 111:Generated_Source\PSoC5/HighFrequencies_2_VDAC8.c **** 
 112:Generated_Source\PSoC5/HighFrequencies_2_VDAC8.c **** 
 113:Generated_Source\PSoC5/HighFrequencies_2_VDAC8.c **** /*******************************************************************************
 114:Generated_Source\PSoC5/HighFrequencies_2_VDAC8.c **** * Function Name: HighFrequencies_2_VDAC8_Start
 115:Generated_Source\PSoC5/HighFrequencies_2_VDAC8.c **** ********************************************************************************
 116:Generated_Source\PSoC5/HighFrequencies_2_VDAC8.c **** *
 117:Generated_Source\PSoC5/HighFrequencies_2_VDAC8.c **** * Summary:
 118:Generated_Source\PSoC5/HighFrequencies_2_VDAC8.c **** *  The start function initializes the voltage DAC with the default values, 
 119:Generated_Source\PSoC5/HighFrequencies_2_VDAC8.c **** *  and sets the power to the given level.  A power level of 0, is the same as
 120:Generated_Source\PSoC5/HighFrequencies_2_VDAC8.c **** *  executing the stop function.
 121:Generated_Source\PSoC5/HighFrequencies_2_VDAC8.c **** *
 122:Generated_Source\PSoC5/HighFrequencies_2_VDAC8.c **** * Parameters:
 123:Generated_Source\PSoC5/HighFrequencies_2_VDAC8.c **** *  Power: Sets power level between off (0) and (3) high power
 124:Generated_Source\PSoC5/HighFrequencies_2_VDAC8.c **** *
 125:Generated_Source\PSoC5/HighFrequencies_2_VDAC8.c **** * Return:
 126:Generated_Source\PSoC5/HighFrequencies_2_VDAC8.c **** *  void 
 127:Generated_Source\PSoC5/HighFrequencies_2_VDAC8.c **** *
 128:Generated_Source\PSoC5/HighFrequencies_2_VDAC8.c **** * Global variables:
 129:Generated_Source\PSoC5/HighFrequencies_2_VDAC8.c **** *  HighFrequencies_2_VDAC8_initVar: Is modified when this function is called for the 
 130:Generated_Source\PSoC5/HighFrequencies_2_VDAC8.c **** *  first time. Is used to ensure that initialization happens only once.
 131:Generated_Source\PSoC5/HighFrequencies_2_VDAC8.c **** *
 132:Generated_Source\PSoC5/HighFrequencies_2_VDAC8.c **** *******************************************************************************/
 133:Generated_Source\PSoC5/HighFrequencies_2_VDAC8.c **** void HighFrequencies_2_VDAC8_Start(void)  
 134:Generated_Source\PSoC5/HighFrequencies_2_VDAC8.c **** {
 137              		.loc 1 134 0
 138              		.cfi_startproc
 139              		@ args = 0, pretend = 0, frame = 0
 140              		@ frame_needed = 1, uses_anonymous_args = 0
 141 0000 80B5     		push	{r7, lr}
 142              		.cfi_def_cfa_offset 8
 143              		.cfi_offset 7, -8
 144              		.cfi_offset 14, -4
 145 0002 00AF     		add	r7, sp, #0
 146              		.cfi_def_cfa_register 7
 135:Generated_Source\PSoC5/HighFrequencies_2_VDAC8.c ****     /* Hardware initiazation only needs to occure the first time */
 136:Generated_Source\PSoC5/HighFrequencies_2_VDAC8.c ****     if(HighFrequencies_2_VDAC8_initVar == 0u)
 147              		.loc 1 136 0
 148 0004 074B     		ldr	r3, .L9
 149 0006 1B78     		ldrb	r3, [r3]	@ zero_extendqisi2
ARM GAS  C:\Users\riveraes\AppData\Local\Temp\ccOpbc4i.s 			page 6


 150 0008 002B     		cmp	r3, #0
 151 000a 04D1     		bne	.L8
 137:Generated_Source\PSoC5/HighFrequencies_2_VDAC8.c ****     { 
 138:Generated_Source\PSoC5/HighFrequencies_2_VDAC8.c ****         HighFrequencies_2_VDAC8_Init();
 152              		.loc 1 138 0
 153 000c FFF7FEFF 		bl	HighFrequencies_2_VDAC8_Init
 139:Generated_Source\PSoC5/HighFrequencies_2_VDAC8.c ****         HighFrequencies_2_VDAC8_initVar = 1u;
 154              		.loc 1 139 0
 155 0010 044B     		ldr	r3, .L9
 156 0012 0122     		movs	r2, #1
 157 0014 1A70     		strb	r2, [r3]
 158              	.L8:
 140:Generated_Source\PSoC5/HighFrequencies_2_VDAC8.c ****     }
 141:Generated_Source\PSoC5/HighFrequencies_2_VDAC8.c **** 
 142:Generated_Source\PSoC5/HighFrequencies_2_VDAC8.c ****     /* Enable power to DAC */
 143:Generated_Source\PSoC5/HighFrequencies_2_VDAC8.c ****     HighFrequencies_2_VDAC8_Enable();
 159              		.loc 1 143 0
 160 0016 FFF7FEFF 		bl	HighFrequencies_2_VDAC8_Enable
 144:Generated_Source\PSoC5/HighFrequencies_2_VDAC8.c **** 
 145:Generated_Source\PSoC5/HighFrequencies_2_VDAC8.c ****     /* Set default value */
 146:Generated_Source\PSoC5/HighFrequencies_2_VDAC8.c ****     HighFrequencies_2_VDAC8_SetValue(HighFrequencies_2_VDAC8_DEFAULT_DATA); 
 161              		.loc 1 146 0
 162 001a 6420     		movs	r0, #100
 163 001c FFF7FEFF 		bl	HighFrequencies_2_VDAC8_SetValue
 147:Generated_Source\PSoC5/HighFrequencies_2_VDAC8.c **** }
 164              		.loc 1 147 0
 165 0020 00BF     		nop
 166 0022 80BD     		pop	{r7, pc}
 167              	.L10:
 168              		.align	2
 169              	.L9:
 170 0024 00000000 		.word	HighFrequencies_2_VDAC8_initVar
 171              		.cfi_endproc
 172              	.LFE2:
 173              		.size	HighFrequencies_2_VDAC8_Start, .-HighFrequencies_2_VDAC8_Start
 174              		.section	.text.HighFrequencies_2_VDAC8_Stop,"ax",%progbits
 175              		.align	2
 176              		.global	HighFrequencies_2_VDAC8_Stop
 177              		.thumb
 178              		.thumb_func
 179              		.type	HighFrequencies_2_VDAC8_Stop, %function
 180              	HighFrequencies_2_VDAC8_Stop:
 181              	.LFB3:
 148:Generated_Source\PSoC5/HighFrequencies_2_VDAC8.c **** 
 149:Generated_Source\PSoC5/HighFrequencies_2_VDAC8.c **** 
 150:Generated_Source\PSoC5/HighFrequencies_2_VDAC8.c **** /*******************************************************************************
 151:Generated_Source\PSoC5/HighFrequencies_2_VDAC8.c **** * Function Name: HighFrequencies_2_VDAC8_Stop
 152:Generated_Source\PSoC5/HighFrequencies_2_VDAC8.c **** ********************************************************************************
 153:Generated_Source\PSoC5/HighFrequencies_2_VDAC8.c **** *
 154:Generated_Source\PSoC5/HighFrequencies_2_VDAC8.c **** * Summary:
 155:Generated_Source\PSoC5/HighFrequencies_2_VDAC8.c **** *  Powers down DAC to lowest power state.
 156:Generated_Source\PSoC5/HighFrequencies_2_VDAC8.c **** *
 157:Generated_Source\PSoC5/HighFrequencies_2_VDAC8.c **** * Parameters:
 158:Generated_Source\PSoC5/HighFrequencies_2_VDAC8.c **** *  void
 159:Generated_Source\PSoC5/HighFrequencies_2_VDAC8.c **** *
 160:Generated_Source\PSoC5/HighFrequencies_2_VDAC8.c **** * Return:
 161:Generated_Source\PSoC5/HighFrequencies_2_VDAC8.c **** *  void
ARM GAS  C:\Users\riveraes\AppData\Local\Temp\ccOpbc4i.s 			page 7


 162:Generated_Source\PSoC5/HighFrequencies_2_VDAC8.c **** *
 163:Generated_Source\PSoC5/HighFrequencies_2_VDAC8.c **** * Theory:
 164:Generated_Source\PSoC5/HighFrequencies_2_VDAC8.c **** *
 165:Generated_Source\PSoC5/HighFrequencies_2_VDAC8.c **** * Side Effects:
 166:Generated_Source\PSoC5/HighFrequencies_2_VDAC8.c **** *
 167:Generated_Source\PSoC5/HighFrequencies_2_VDAC8.c **** *******************************************************************************/
 168:Generated_Source\PSoC5/HighFrequencies_2_VDAC8.c **** void HighFrequencies_2_VDAC8_Stop(void) 
 169:Generated_Source\PSoC5/HighFrequencies_2_VDAC8.c **** {
 182              		.loc 1 169 0
 183              		.cfi_startproc
 184              		@ args = 0, pretend = 0, frame = 0
 185              		@ frame_needed = 1, uses_anonymous_args = 0
 186              		@ link register save eliminated.
 187 0000 80B4     		push	{r7}
 188              		.cfi_def_cfa_offset 4
 189              		.cfi_offset 7, -4
 190 0002 00AF     		add	r7, sp, #0
 191              		.cfi_def_cfa_register 7
 170:Generated_Source\PSoC5/HighFrequencies_2_VDAC8.c ****     /* Disble power to DAC */
 171:Generated_Source\PSoC5/HighFrequencies_2_VDAC8.c ****     HighFrequencies_2_VDAC8_PWRMGR &= (uint8)(~HighFrequencies_2_VDAC8_ACT_PWR_EN);
 192              		.loc 1 171 0
 193 0004 094A     		ldr	r2, .L12
 194 0006 094B     		ldr	r3, .L12
 195 0008 1B78     		ldrb	r3, [r3]
 196 000a DBB2     		uxtb	r3, r3
 197 000c 23F00203 		bic	r3, r3, #2
 198 0010 DBB2     		uxtb	r3, r3
 199 0012 1370     		strb	r3, [r2]
 172:Generated_Source\PSoC5/HighFrequencies_2_VDAC8.c ****     HighFrequencies_2_VDAC8_STBY_PWRMGR &= (uint8)(~HighFrequencies_2_VDAC8_STBY_PWR_EN);
 200              		.loc 1 172 0
 201 0014 064A     		ldr	r2, .L12+4
 202 0016 064B     		ldr	r3, .L12+4
 203 0018 1B78     		ldrb	r3, [r3]
 204 001a DBB2     		uxtb	r3, r3
 205 001c 23F00203 		bic	r3, r3, #2
 206 0020 DBB2     		uxtb	r3, r3
 207 0022 1370     		strb	r3, [r2]
 173:Generated_Source\PSoC5/HighFrequencies_2_VDAC8.c **** 
 174:Generated_Source\PSoC5/HighFrequencies_2_VDAC8.c ****     /* This is a work around for PSoC5A  ,
 175:Generated_Source\PSoC5/HighFrequencies_2_VDAC8.c ****     this sets VDAC to current mode with output off */
 176:Generated_Source\PSoC5/HighFrequencies_2_VDAC8.c ****     #if (CY_PSOC5A)
 177:Generated_Source\PSoC5/HighFrequencies_2_VDAC8.c ****         HighFrequencies_2_VDAC8_backup.data_value = HighFrequencies_2_VDAC8_CR0;
 178:Generated_Source\PSoC5/HighFrequencies_2_VDAC8.c ****         HighFrequencies_2_VDAC8_CR0 = HighFrequencies_2_VDAC8_CUR_MODE_OUT_OFF;
 179:Generated_Source\PSoC5/HighFrequencies_2_VDAC8.c ****         HighFrequencies_2_VDAC8_restoreVal = 1u;
 180:Generated_Source\PSoC5/HighFrequencies_2_VDAC8.c ****     #endif /* CY_PSOC5A */
 181:Generated_Source\PSoC5/HighFrequencies_2_VDAC8.c **** }
 208              		.loc 1 181 0
 209 0024 00BF     		nop
 210 0026 BD46     		mov	sp, r7
 211              		.cfi_def_cfa_register 13
 212              		@ sp needed
 213 0028 80BC     		pop	{r7}
 214              		.cfi_restore 7
 215              		.cfi_def_cfa_offset 0
 216 002a 7047     		bx	lr
 217              	.L13:
 218              		.align	2
ARM GAS  C:\Users\riveraes\AppData\Local\Temp\ccOpbc4i.s 			page 8


 219              	.L12:
 220 002c A8430040 		.word	1073759144
 221 0030 B8430040 		.word	1073759160
 222              		.cfi_endproc
 223              	.LFE3:
 224              		.size	HighFrequencies_2_VDAC8_Stop, .-HighFrequencies_2_VDAC8_Stop
 225              		.section	.text.HighFrequencies_2_VDAC8_SetSpeed,"ax",%progbits
 226              		.align	2
 227              		.global	HighFrequencies_2_VDAC8_SetSpeed
 228              		.thumb
 229              		.thumb_func
 230              		.type	HighFrequencies_2_VDAC8_SetSpeed, %function
 231              	HighFrequencies_2_VDAC8_SetSpeed:
 232              	.LFB4:
 182:Generated_Source\PSoC5/HighFrequencies_2_VDAC8.c **** 
 183:Generated_Source\PSoC5/HighFrequencies_2_VDAC8.c **** 
 184:Generated_Source\PSoC5/HighFrequencies_2_VDAC8.c **** /*******************************************************************************
 185:Generated_Source\PSoC5/HighFrequencies_2_VDAC8.c **** * Function Name: HighFrequencies_2_VDAC8_SetSpeed
 186:Generated_Source\PSoC5/HighFrequencies_2_VDAC8.c **** ********************************************************************************
 187:Generated_Source\PSoC5/HighFrequencies_2_VDAC8.c **** *
 188:Generated_Source\PSoC5/HighFrequencies_2_VDAC8.c **** * Summary:
 189:Generated_Source\PSoC5/HighFrequencies_2_VDAC8.c **** *  Set DAC speed
 190:Generated_Source\PSoC5/HighFrequencies_2_VDAC8.c **** *
 191:Generated_Source\PSoC5/HighFrequencies_2_VDAC8.c **** * Parameters:
 192:Generated_Source\PSoC5/HighFrequencies_2_VDAC8.c **** *  power: Sets speed value
 193:Generated_Source\PSoC5/HighFrequencies_2_VDAC8.c **** *
 194:Generated_Source\PSoC5/HighFrequencies_2_VDAC8.c **** * Return:
 195:Generated_Source\PSoC5/HighFrequencies_2_VDAC8.c **** *  void
 196:Generated_Source\PSoC5/HighFrequencies_2_VDAC8.c **** *
 197:Generated_Source\PSoC5/HighFrequencies_2_VDAC8.c **** * Theory:
 198:Generated_Source\PSoC5/HighFrequencies_2_VDAC8.c **** *
 199:Generated_Source\PSoC5/HighFrequencies_2_VDAC8.c **** * Side Effects:
 200:Generated_Source\PSoC5/HighFrequencies_2_VDAC8.c **** *
 201:Generated_Source\PSoC5/HighFrequencies_2_VDAC8.c **** *******************************************************************************/
 202:Generated_Source\PSoC5/HighFrequencies_2_VDAC8.c **** void HighFrequencies_2_VDAC8_SetSpeed(uint8 speed) 
 203:Generated_Source\PSoC5/HighFrequencies_2_VDAC8.c **** {
 233              		.loc 1 203 0
 234              		.cfi_startproc
 235              		@ args = 0, pretend = 0, frame = 8
 236              		@ frame_needed = 1, uses_anonymous_args = 0
 237              		@ link register save eliminated.
 238 0000 80B4     		push	{r7}
 239              		.cfi_def_cfa_offset 4
 240              		.cfi_offset 7, -4
 241 0002 83B0     		sub	sp, sp, #12
 242              		.cfi_def_cfa_offset 16
 243 0004 00AF     		add	r7, sp, #0
 244              		.cfi_def_cfa_register 7
 245 0006 0346     		mov	r3, r0
 246 0008 FB71     		strb	r3, [r7, #7]
 204:Generated_Source\PSoC5/HighFrequencies_2_VDAC8.c ****     /* Clear power mask then write in new value */
 205:Generated_Source\PSoC5/HighFrequencies_2_VDAC8.c ****     HighFrequencies_2_VDAC8_CR0 &= (uint8)(~HighFrequencies_2_VDAC8_HS_MASK);
 247              		.loc 1 205 0
 248 000a 0C4A     		ldr	r2, .L15
 249 000c 0B4B     		ldr	r3, .L15
 250 000e 1B78     		ldrb	r3, [r3]
 251 0010 DBB2     		uxtb	r3, r3
ARM GAS  C:\Users\riveraes\AppData\Local\Temp\ccOpbc4i.s 			page 9


 252 0012 23F00203 		bic	r3, r3, #2
 253 0016 DBB2     		uxtb	r3, r3
 254 0018 1370     		strb	r3, [r2]
 206:Generated_Source\PSoC5/HighFrequencies_2_VDAC8.c ****     HighFrequencies_2_VDAC8_CR0 |=  (speed & HighFrequencies_2_VDAC8_HS_MASK);
 255              		.loc 1 206 0
 256 001a 0849     		ldr	r1, .L15
 257 001c 074B     		ldr	r3, .L15
 258 001e 1B78     		ldrb	r3, [r3]
 259 0020 DAB2     		uxtb	r2, r3
 260 0022 FB79     		ldrb	r3, [r7, #7]
 261 0024 03F00203 		and	r3, r3, #2
 262 0028 DBB2     		uxtb	r3, r3
 263 002a 1343     		orrs	r3, r3, r2
 264 002c DBB2     		uxtb	r3, r3
 265 002e 0B70     		strb	r3, [r1]
 207:Generated_Source\PSoC5/HighFrequencies_2_VDAC8.c **** }
 266              		.loc 1 207 0
 267 0030 00BF     		nop
 268 0032 0C37     		adds	r7, r7, #12
 269              		.cfi_def_cfa_offset 4
 270 0034 BD46     		mov	sp, r7
 271              		.cfi_def_cfa_register 13
 272              		@ sp needed
 273 0036 80BC     		pop	{r7}
 274              		.cfi_restore 7
 275              		.cfi_def_cfa_offset 0
 276 0038 7047     		bx	lr
 277              	.L16:
 278 003a 00BF     		.align	2
 279              	.L15:
 280 003c 24580040 		.word	1073764388
 281              		.cfi_endproc
 282              	.LFE4:
 283              		.size	HighFrequencies_2_VDAC8_SetSpeed, .-HighFrequencies_2_VDAC8_SetSpeed
 284              		.section	.text.HighFrequencies_2_VDAC8_SetRange,"ax",%progbits
 285              		.align	2
 286              		.global	HighFrequencies_2_VDAC8_SetRange
 287              		.thumb
 288              		.thumb_func
 289              		.type	HighFrequencies_2_VDAC8_SetRange, %function
 290              	HighFrequencies_2_VDAC8_SetRange:
 291              	.LFB5:
 208:Generated_Source\PSoC5/HighFrequencies_2_VDAC8.c **** 
 209:Generated_Source\PSoC5/HighFrequencies_2_VDAC8.c **** 
 210:Generated_Source\PSoC5/HighFrequencies_2_VDAC8.c **** /*******************************************************************************
 211:Generated_Source\PSoC5/HighFrequencies_2_VDAC8.c **** * Function Name: HighFrequencies_2_VDAC8_SetRange
 212:Generated_Source\PSoC5/HighFrequencies_2_VDAC8.c **** ********************************************************************************
 213:Generated_Source\PSoC5/HighFrequencies_2_VDAC8.c **** *
 214:Generated_Source\PSoC5/HighFrequencies_2_VDAC8.c **** * Summary:
 215:Generated_Source\PSoC5/HighFrequencies_2_VDAC8.c **** *  Set one of three current ranges.
 216:Generated_Source\PSoC5/HighFrequencies_2_VDAC8.c **** *
 217:Generated_Source\PSoC5/HighFrequencies_2_VDAC8.c **** * Parameters:
 218:Generated_Source\PSoC5/HighFrequencies_2_VDAC8.c **** *  Range: Sets one of Three valid ranges.
 219:Generated_Source\PSoC5/HighFrequencies_2_VDAC8.c **** *
 220:Generated_Source\PSoC5/HighFrequencies_2_VDAC8.c **** * Return:
 221:Generated_Source\PSoC5/HighFrequencies_2_VDAC8.c **** *  void 
 222:Generated_Source\PSoC5/HighFrequencies_2_VDAC8.c **** *
ARM GAS  C:\Users\riveraes\AppData\Local\Temp\ccOpbc4i.s 			page 10


 223:Generated_Source\PSoC5/HighFrequencies_2_VDAC8.c **** * Theory:
 224:Generated_Source\PSoC5/HighFrequencies_2_VDAC8.c **** *
 225:Generated_Source\PSoC5/HighFrequencies_2_VDAC8.c **** * Side Effects:
 226:Generated_Source\PSoC5/HighFrequencies_2_VDAC8.c **** *
 227:Generated_Source\PSoC5/HighFrequencies_2_VDAC8.c **** *******************************************************************************/
 228:Generated_Source\PSoC5/HighFrequencies_2_VDAC8.c **** void HighFrequencies_2_VDAC8_SetRange(uint8 range) 
 229:Generated_Source\PSoC5/HighFrequencies_2_VDAC8.c **** {
 292              		.loc 1 229 0
 293              		.cfi_startproc
 294              		@ args = 0, pretend = 0, frame = 8
 295              		@ frame_needed = 1, uses_anonymous_args = 0
 296 0000 80B5     		push	{r7, lr}
 297              		.cfi_def_cfa_offset 8
 298              		.cfi_offset 7, -8
 299              		.cfi_offset 14, -4
 300 0002 82B0     		sub	sp, sp, #8
 301              		.cfi_def_cfa_offset 16
 302 0004 00AF     		add	r7, sp, #0
 303              		.cfi_def_cfa_register 7
 304 0006 0346     		mov	r3, r0
 305 0008 FB71     		strb	r3, [r7, #7]
 230:Generated_Source\PSoC5/HighFrequencies_2_VDAC8.c ****     HighFrequencies_2_VDAC8_CR0 &= (uint8)(~HighFrequencies_2_VDAC8_RANGE_MASK);      /* Clear exis
 306              		.loc 1 230 0
 307 000a 0C4A     		ldr	r2, .L18
 308 000c 0B4B     		ldr	r3, .L18
 309 000e 1B78     		ldrb	r3, [r3]
 310 0010 DBB2     		uxtb	r3, r3
 311 0012 23F00C03 		bic	r3, r3, #12
 312 0016 DBB2     		uxtb	r3, r3
 313 0018 1370     		strb	r3, [r2]
 231:Generated_Source\PSoC5/HighFrequencies_2_VDAC8.c ****     HighFrequencies_2_VDAC8_CR0 |= (range & HighFrequencies_2_VDAC8_RANGE_MASK);      /*  Set Range
 314              		.loc 1 231 0
 315 001a 0849     		ldr	r1, .L18
 316 001c 074B     		ldr	r3, .L18
 317 001e 1B78     		ldrb	r3, [r3]
 318 0020 DAB2     		uxtb	r2, r3
 319 0022 FB79     		ldrb	r3, [r7, #7]
 320 0024 03F00C03 		and	r3, r3, #12
 321 0028 DBB2     		uxtb	r3, r3
 322 002a 1343     		orrs	r3, r3, r2
 323 002c DBB2     		uxtb	r3, r3
 324 002e 0B70     		strb	r3, [r1]
 232:Generated_Source\PSoC5/HighFrequencies_2_VDAC8.c ****     HighFrequencies_2_VDAC8_DacTrim();
 325              		.loc 1 232 0
 326 0030 FFF7FEFF 		bl	HighFrequencies_2_VDAC8_DacTrim
 233:Generated_Source\PSoC5/HighFrequencies_2_VDAC8.c **** }
 327              		.loc 1 233 0
 328 0034 00BF     		nop
 329 0036 0837     		adds	r7, r7, #8
 330              		.cfi_def_cfa_offset 8
 331 0038 BD46     		mov	sp, r7
 332              		.cfi_def_cfa_register 13
 333              		@ sp needed
 334 003a 80BD     		pop	{r7, pc}
 335              	.L19:
 336              		.align	2
 337              	.L18:
ARM GAS  C:\Users\riveraes\AppData\Local\Temp\ccOpbc4i.s 			page 11


 338 003c 24580040 		.word	1073764388
 339              		.cfi_endproc
 340              	.LFE5:
 341              		.size	HighFrequencies_2_VDAC8_SetRange, .-HighFrequencies_2_VDAC8_SetRange
 342              		.section	.text.HighFrequencies_2_VDAC8_SetValue,"ax",%progbits
 343              		.align	2
 344              		.global	HighFrequencies_2_VDAC8_SetValue
 345              		.thumb
 346              		.thumb_func
 347              		.type	HighFrequencies_2_VDAC8_SetValue, %function
 348              	HighFrequencies_2_VDAC8_SetValue:
 349              	.LFB6:
 234:Generated_Source\PSoC5/HighFrequencies_2_VDAC8.c **** 
 235:Generated_Source\PSoC5/HighFrequencies_2_VDAC8.c **** 
 236:Generated_Source\PSoC5/HighFrequencies_2_VDAC8.c **** /*******************************************************************************
 237:Generated_Source\PSoC5/HighFrequencies_2_VDAC8.c **** * Function Name: HighFrequencies_2_VDAC8_SetValue
 238:Generated_Source\PSoC5/HighFrequencies_2_VDAC8.c **** ********************************************************************************
 239:Generated_Source\PSoC5/HighFrequencies_2_VDAC8.c **** *
 240:Generated_Source\PSoC5/HighFrequencies_2_VDAC8.c **** * Summary:
 241:Generated_Source\PSoC5/HighFrequencies_2_VDAC8.c **** *  Set 8-bit DAC value
 242:Generated_Source\PSoC5/HighFrequencies_2_VDAC8.c **** *
 243:Generated_Source\PSoC5/HighFrequencies_2_VDAC8.c **** * Parameters:  
 244:Generated_Source\PSoC5/HighFrequencies_2_VDAC8.c **** *  value:  Sets DAC value between 0 and 255.
 245:Generated_Source\PSoC5/HighFrequencies_2_VDAC8.c **** *
 246:Generated_Source\PSoC5/HighFrequencies_2_VDAC8.c **** * Return: 
 247:Generated_Source\PSoC5/HighFrequencies_2_VDAC8.c **** *  void 
 248:Generated_Source\PSoC5/HighFrequencies_2_VDAC8.c **** *
 249:Generated_Source\PSoC5/HighFrequencies_2_VDAC8.c **** * Theory: 
 250:Generated_Source\PSoC5/HighFrequencies_2_VDAC8.c **** *
 251:Generated_Source\PSoC5/HighFrequencies_2_VDAC8.c **** * Side Effects:
 252:Generated_Source\PSoC5/HighFrequencies_2_VDAC8.c **** *
 253:Generated_Source\PSoC5/HighFrequencies_2_VDAC8.c **** *******************************************************************************/
 254:Generated_Source\PSoC5/HighFrequencies_2_VDAC8.c **** void HighFrequencies_2_VDAC8_SetValue(uint8 value) 
 255:Generated_Source\PSoC5/HighFrequencies_2_VDAC8.c **** {
 350              		.loc 1 255 0
 351              		.cfi_startproc
 352              		@ args = 0, pretend = 0, frame = 8
 353              		@ frame_needed = 1, uses_anonymous_args = 0
 354              		@ link register save eliminated.
 355 0000 80B4     		push	{r7}
 356              		.cfi_def_cfa_offset 4
 357              		.cfi_offset 7, -4
 358 0002 83B0     		sub	sp, sp, #12
 359              		.cfi_def_cfa_offset 16
 360 0004 00AF     		add	r7, sp, #0
 361              		.cfi_def_cfa_register 7
 362 0006 0346     		mov	r3, r0
 363 0008 FB71     		strb	r3, [r7, #7]
 256:Generated_Source\PSoC5/HighFrequencies_2_VDAC8.c ****     #if (CY_PSOC5A)
 257:Generated_Source\PSoC5/HighFrequencies_2_VDAC8.c ****         uint8 HighFrequencies_2_VDAC8_intrStatus = CyEnterCriticalSection();
 258:Generated_Source\PSoC5/HighFrequencies_2_VDAC8.c ****     #endif /* CY_PSOC5A */
 259:Generated_Source\PSoC5/HighFrequencies_2_VDAC8.c **** 
 260:Generated_Source\PSoC5/HighFrequencies_2_VDAC8.c ****     HighFrequencies_2_VDAC8_Data = value;                /*  Set Value  */
 364              		.loc 1 260 0
 365 000a 044A     		ldr	r2, .L21
 366 000c FB79     		ldrb	r3, [r7, #7]
 367 000e 1370     		strb	r3, [r2]
ARM GAS  C:\Users\riveraes\AppData\Local\Temp\ccOpbc4i.s 			page 12


 261:Generated_Source\PSoC5/HighFrequencies_2_VDAC8.c **** 
 262:Generated_Source\PSoC5/HighFrequencies_2_VDAC8.c ****     /* PSOC5A requires a double write */
 263:Generated_Source\PSoC5/HighFrequencies_2_VDAC8.c ****     /* Exit Critical Section */
 264:Generated_Source\PSoC5/HighFrequencies_2_VDAC8.c ****     #if (CY_PSOC5A)
 265:Generated_Source\PSoC5/HighFrequencies_2_VDAC8.c ****         HighFrequencies_2_VDAC8_Data = value;
 266:Generated_Source\PSoC5/HighFrequencies_2_VDAC8.c ****         CyExitCriticalSection(HighFrequencies_2_VDAC8_intrStatus);
 267:Generated_Source\PSoC5/HighFrequencies_2_VDAC8.c ****     #endif /* CY_PSOC5A */
 268:Generated_Source\PSoC5/HighFrequencies_2_VDAC8.c **** }
 368              		.loc 1 268 0
 369 0010 00BF     		nop
 370 0012 0C37     		adds	r7, r7, #12
 371              		.cfi_def_cfa_offset 4
 372 0014 BD46     		mov	sp, r7
 373              		.cfi_def_cfa_register 13
 374              		@ sp needed
 375 0016 80BC     		pop	{r7}
 376              		.cfi_restore 7
 377              		.cfi_def_cfa_offset 0
 378 0018 7047     		bx	lr
 379              	.L22:
 380 001a 00BF     		.align	2
 381              	.L21:
 382 001c 815B0040 		.word	1073765249
 383              		.cfi_endproc
 384              	.LFE6:
 385              		.size	HighFrequencies_2_VDAC8_SetValue, .-HighFrequencies_2_VDAC8_SetValue
 386              		.section	.text.HighFrequencies_2_VDAC8_DacTrim,"ax",%progbits
 387              		.align	2
 388              		.global	HighFrequencies_2_VDAC8_DacTrim
 389              		.thumb
 390              		.thumb_func
 391              		.type	HighFrequencies_2_VDAC8_DacTrim, %function
 392              	HighFrequencies_2_VDAC8_DacTrim:
 393              	.LFB7:
 269:Generated_Source\PSoC5/HighFrequencies_2_VDAC8.c **** 
 270:Generated_Source\PSoC5/HighFrequencies_2_VDAC8.c **** 
 271:Generated_Source\PSoC5/HighFrequencies_2_VDAC8.c **** /*******************************************************************************
 272:Generated_Source\PSoC5/HighFrequencies_2_VDAC8.c **** * Function Name: HighFrequencies_2_VDAC8_DacTrim
 273:Generated_Source\PSoC5/HighFrequencies_2_VDAC8.c **** ********************************************************************************
 274:Generated_Source\PSoC5/HighFrequencies_2_VDAC8.c **** *
 275:Generated_Source\PSoC5/HighFrequencies_2_VDAC8.c **** * Summary:
 276:Generated_Source\PSoC5/HighFrequencies_2_VDAC8.c **** *  Set the trim value for the given range.
 277:Generated_Source\PSoC5/HighFrequencies_2_VDAC8.c **** *
 278:Generated_Source\PSoC5/HighFrequencies_2_VDAC8.c **** * Parameters:
 279:Generated_Source\PSoC5/HighFrequencies_2_VDAC8.c **** *  range:  1V or 4V range.  See constants.
 280:Generated_Source\PSoC5/HighFrequencies_2_VDAC8.c **** *
 281:Generated_Source\PSoC5/HighFrequencies_2_VDAC8.c **** * Return:
 282:Generated_Source\PSoC5/HighFrequencies_2_VDAC8.c **** *  void
 283:Generated_Source\PSoC5/HighFrequencies_2_VDAC8.c **** *
 284:Generated_Source\PSoC5/HighFrequencies_2_VDAC8.c **** * Theory: 
 285:Generated_Source\PSoC5/HighFrequencies_2_VDAC8.c **** *
 286:Generated_Source\PSoC5/HighFrequencies_2_VDAC8.c **** * Side Effects:
 287:Generated_Source\PSoC5/HighFrequencies_2_VDAC8.c **** *
 288:Generated_Source\PSoC5/HighFrequencies_2_VDAC8.c **** *******************************************************************************/
 289:Generated_Source\PSoC5/HighFrequencies_2_VDAC8.c **** void HighFrequencies_2_VDAC8_DacTrim(void) 
 290:Generated_Source\PSoC5/HighFrequencies_2_VDAC8.c **** {
 394              		.loc 1 290 0
ARM GAS  C:\Users\riveraes\AppData\Local\Temp\ccOpbc4i.s 			page 13


 395              		.cfi_startproc
 396              		@ args = 0, pretend = 0, frame = 8
 397              		@ frame_needed = 1, uses_anonymous_args = 0
 398              		@ link register save eliminated.
 399 0000 80B4     		push	{r7}
 400              		.cfi_def_cfa_offset 4
 401              		.cfi_offset 7, -4
 402 0002 83B0     		sub	sp, sp, #12
 403              		.cfi_def_cfa_offset 16
 404 0004 00AF     		add	r7, sp, #0
 405              		.cfi_def_cfa_register 7
 291:Generated_Source\PSoC5/HighFrequencies_2_VDAC8.c ****     uint8 mode;
 292:Generated_Source\PSoC5/HighFrequencies_2_VDAC8.c **** 
 293:Generated_Source\PSoC5/HighFrequencies_2_VDAC8.c ****     mode = (uint8)((HighFrequencies_2_VDAC8_CR0 & HighFrequencies_2_VDAC8_RANGE_MASK) >> 2) + HighF
 406              		.loc 1 293 0
 407 0006 0B4B     		ldr	r3, .L24
 408 0008 1B78     		ldrb	r3, [r3]
 409 000a DBB2     		uxtb	r3, r3
 410 000c 03F00C03 		and	r3, r3, #12
 411 0010 9B08     		lsrs	r3, r3, #2
 412 0012 DBB2     		uxtb	r3, r3
 413 0014 0633     		adds	r3, r3, #6
 414 0016 FB71     		strb	r3, [r7, #7]
 294:Generated_Source\PSoC5/HighFrequencies_2_VDAC8.c ****     HighFrequencies_2_VDAC8_TR = CY_GET_XTND_REG8((uint8 *)(HighFrequencies_2_VDAC8_DAC_TRIM_BASE +
 415              		.loc 1 294 0
 416 0018 074A     		ldr	r2, .L24+4
 417 001a FB79     		ldrb	r3, [r7, #7]	@ zero_extendqisi2
 418 001c 03F19243 		add	r3, r3, #1224736768
 419 0020 03F59873 		add	r3, r3, #304
 420 0024 1B78     		ldrb	r3, [r3]
 421 0026 DBB2     		uxtb	r3, r3
 422 0028 1370     		strb	r3, [r2]
 295:Generated_Source\PSoC5/HighFrequencies_2_VDAC8.c **** }
 423              		.loc 1 295 0
 424 002a 00BF     		nop
 425 002c 0C37     		adds	r7, r7, #12
 426              		.cfi_def_cfa_offset 4
 427 002e BD46     		mov	sp, r7
 428              		.cfi_def_cfa_register 13
 429              		@ sp needed
 430 0030 80BC     		pop	{r7}
 431              		.cfi_restore 7
 432              		.cfi_def_cfa_offset 0
 433 0032 7047     		bx	lr
 434              	.L25:
 435              		.align	2
 436              	.L24:
 437 0034 24580040 		.word	1073764388
 438 0038 09460040 		.word	1073759753
 439              		.cfi_endproc
 440              	.LFE7:
 441              		.size	HighFrequencies_2_VDAC8_DacTrim, .-HighFrequencies_2_VDAC8_DacTrim
 442              		.text
 443              	.Letext0:
 444              		.file 2 "Generated_Source\\PSoC5\\cytypes.h"
 445              		.section	.debug_info,"",%progbits
 446              	.Ldebug_info0:
ARM GAS  C:\Users\riveraes\AppData\Local\Temp\ccOpbc4i.s 			page 14


 447 0000 81010000 		.4byte	0x181
 448 0004 0400     		.2byte	0x4
 449 0006 00000000 		.4byte	.Ldebug_abbrev0
 450 000a 04       		.byte	0x4
 451 000b 01       		.uleb128 0x1
 452 000c 00000000 		.4byte	.LASF25
 453 0010 0C       		.byte	0xc
 454 0011 1F020000 		.4byte	.LASF26
 455 0015 4E010000 		.4byte	.LASF27
 456 0019 00000000 		.4byte	.Ldebug_ranges0+0
 457 001d 00000000 		.4byte	0
 458 0021 00000000 		.4byte	.Ldebug_line0
 459 0025 02       		.uleb128 0x2
 460 0026 01       		.byte	0x1
 461 0027 06       		.byte	0x6
 462 0028 FC020000 		.4byte	.LASF0
 463 002c 02       		.uleb128 0x2
 464 002d 01       		.byte	0x1
 465 002e 08       		.byte	0x8
 466 002f B8000000 		.4byte	.LASF1
 467 0033 02       		.uleb128 0x2
 468 0034 02       		.byte	0x2
 469 0035 05       		.byte	0x5
 470 0036 E3020000 		.4byte	.LASF2
 471 003a 02       		.uleb128 0x2
 472 003b 02       		.byte	0x2
 473 003c 07       		.byte	0x7
 474 003d FA000000 		.4byte	.LASF3
 475 0041 02       		.uleb128 0x2
 476 0042 04       		.byte	0x4
 477 0043 05       		.byte	0x5
 478 0044 F3020000 		.4byte	.LASF4
 479 0048 02       		.uleb128 0x2
 480 0049 04       		.byte	0x4
 481 004a 07       		.byte	0x7
 482 004b E8000000 		.4byte	.LASF5
 483 004f 02       		.uleb128 0x2
 484 0050 08       		.byte	0x8
 485 0051 05       		.byte	0x5
 486 0052 92020000 		.4byte	.LASF6
 487 0056 02       		.uleb128 0x2
 488 0057 08       		.byte	0x8
 489 0058 07       		.byte	0x7
 490 0059 50020000 		.4byte	.LASF7
 491 005d 03       		.uleb128 0x3
 492 005e 04       		.byte	0x4
 493 005f 05       		.byte	0x5
 494 0060 696E7400 		.ascii	"int\000"
 495 0064 02       		.uleb128 0x2
 496 0065 04       		.byte	0x4
 497 0066 07       		.byte	0x7
 498 0067 12020000 		.4byte	.LASF8
 499 006b 04       		.uleb128 0x4
 500 006c ED020000 		.4byte	.LASF12
 501 0070 02       		.byte	0x2
 502 0071 9201     		.2byte	0x192
 503 0073 2C000000 		.4byte	0x2c
ARM GAS  C:\Users\riveraes\AppData\Local\Temp\ccOpbc4i.s 			page 15


 504 0077 02       		.uleb128 0x2
 505 0078 04       		.byte	0x4
 506 0079 04       		.byte	0x4
 507 007a 94000000 		.4byte	.LASF9
 508 007e 02       		.uleb128 0x2
 509 007f 08       		.byte	0x8
 510 0080 04       		.byte	0x4
 511 0081 EC010000 		.4byte	.LASF10
 512 0085 02       		.uleb128 0x2
 513 0086 01       		.byte	0x1
 514 0087 08       		.byte	0x8
 515 0088 C1020000 		.4byte	.LASF11
 516 008c 04       		.uleb128 0x4
 517 008d E3000000 		.4byte	.LASF13
 518 0091 02       		.byte	0x2
 519 0092 3C02     		.2byte	0x23c
 520 0094 98000000 		.4byte	0x98
 521 0098 05       		.uleb128 0x5
 522 0099 6B000000 		.4byte	0x6b
 523 009d 06       		.uleb128 0x6
 524 009e C6000000 		.4byte	.LASF14
 525 00a2 01       		.byte	0x1
 526 00a3 37       		.byte	0x37
 527 00a4 00000000 		.4byte	.LFB0
 528 00a8 3C000000 		.4byte	.LFE0-.LFB0
 529 00ac 01       		.uleb128 0x1
 530 00ad 9C       		.byte	0x9c
 531 00ae 07       		.uleb128 0x7
 532 00af F3010000 		.4byte	.LASF15
 533 00b3 01       		.byte	0x1
 534 00b4 60       		.byte	0x60
 535 00b5 00000000 		.4byte	.LFB1
 536 00b9 34000000 		.4byte	.LFE1-.LFB1
 537 00bd 01       		.uleb128 0x1
 538 00be 9C       		.byte	0x9c
 539 00bf 06       		.uleb128 0x6
 540 00c0 9A000000 		.4byte	.LASF16
 541 00c4 01       		.byte	0x1
 542 00c5 85       		.byte	0x85
 543 00c6 00000000 		.4byte	.LFB2
 544 00ca 28000000 		.4byte	.LFE2-.LFB2
 545 00ce 01       		.uleb128 0x1
 546 00cf 9C       		.byte	0x9c
 547 00d0 07       		.uleb128 0x7
 548 00d1 C6020000 		.4byte	.LASF17
 549 00d5 01       		.byte	0x1
 550 00d6 A8       		.byte	0xa8
 551 00d7 00000000 		.4byte	.LFB3
 552 00db 34000000 		.4byte	.LFE3-.LFB3
 553 00df 01       		.uleb128 0x1
 554 00e0 9C       		.byte	0x9c
 555 00e1 08       		.uleb128 0x8
 556 00e2 08030000 		.4byte	.LASF18
 557 00e6 01       		.byte	0x1
 558 00e7 CA       		.byte	0xca
 559 00e8 00000000 		.4byte	.LFB4
 560 00ec 40000000 		.4byte	.LFE4-.LFB4
ARM GAS  C:\Users\riveraes\AppData\Local\Temp\ccOpbc4i.s 			page 16


 561 00f0 01       		.uleb128 0x1
 562 00f1 9C       		.byte	0x9c
 563 00f2 05010000 		.4byte	0x105
 564 00f6 09       		.uleb128 0x9
 565 00f7 8C020000 		.4byte	.LASF20
 566 00fb 01       		.byte	0x1
 567 00fc CA       		.byte	0xca
 568 00fd 6B000000 		.4byte	0x6b
 569 0101 02       		.uleb128 0x2
 570 0102 91       		.byte	0x91
 571 0103 77       		.sleb128 -9
 572 0104 00       		.byte	0
 573 0105 0A       		.uleb128 0xa
 574 0106 A0020000 		.4byte	.LASF19
 575 010a 01       		.byte	0x1
 576 010b E4       		.byte	0xe4
 577 010c 00000000 		.4byte	.LFB5
 578 0110 40000000 		.4byte	.LFE5-.LFB5
 579 0114 01       		.uleb128 0x1
 580 0115 9C       		.byte	0x9c
 581 0116 29010000 		.4byte	0x129
 582 011a 09       		.uleb128 0x9
 583 011b E6010000 		.4byte	.LASF21
 584 011f 01       		.byte	0x1
 585 0120 E4       		.byte	0xe4
 586 0121 6B000000 		.4byte	0x6b
 587 0125 02       		.uleb128 0x2
 588 0126 91       		.byte	0x91
 589 0127 77       		.sleb128 -9
 590 0128 00       		.byte	0
 591 0129 08       		.uleb128 0x8
 592 012a 0D010000 		.4byte	.LASF22
 593 012e 01       		.byte	0x1
 594 012f FE       		.byte	0xfe
 595 0130 00000000 		.4byte	.LFB6
 596 0134 20000000 		.4byte	.LFE6-.LFB6
 597 0138 01       		.uleb128 0x1
 598 0139 9C       		.byte	0x9c
 599 013a 4D010000 		.4byte	0x14d
 600 013e 09       		.uleb128 0x9
 601 013f 8E000000 		.4byte	.LASF23
 602 0143 01       		.byte	0x1
 603 0144 FE       		.byte	0xfe
 604 0145 6B000000 		.4byte	0x6b
 605 0149 02       		.uleb128 0x2
 606 014a 91       		.byte	0x91
 607 014b 77       		.sleb128 -9
 608 014c 00       		.byte	0
 609 014d 0B       		.uleb128 0xb
 610 014e 6C020000 		.4byte	.LASF24
 611 0152 01       		.byte	0x1
 612 0153 2101     		.2byte	0x121
 613 0155 00000000 		.4byte	.LFB7
 614 0159 3C000000 		.4byte	.LFE7-.LFB7
 615 015d 01       		.uleb128 0x1
 616 015e 9C       		.byte	0x9c
 617 015f 73010000 		.4byte	0x173
ARM GAS  C:\Users\riveraes\AppData\Local\Temp\ccOpbc4i.s 			page 17


 618 0163 0C       		.uleb128 0xc
 619 0164 67020000 		.4byte	.LASF28
 620 0168 01       		.byte	0x1
 621 0169 2301     		.2byte	0x123
 622 016b 6B000000 		.4byte	0x6b
 623 016f 02       		.uleb128 0x2
 624 0170 91       		.byte	0x91
 625 0171 77       		.sleb128 -9
 626 0172 00       		.byte	0
 627 0173 0D       		.uleb128 0xd
 628 0174 2E010000 		.4byte	.LASF29
 629 0178 01       		.byte	0x1
 630 0179 1B       		.byte	0x1b
 631 017a 6B000000 		.4byte	0x6b
 632 017e 05       		.uleb128 0x5
 633 017f 03       		.byte	0x3
 634 0180 00000000 		.4byte	HighFrequencies_2_VDAC8_initVar
 635 0184 00       		.byte	0
 636              		.section	.debug_abbrev,"",%progbits
 637              	.Ldebug_abbrev0:
 638 0000 01       		.uleb128 0x1
 639 0001 11       		.uleb128 0x11
 640 0002 01       		.byte	0x1
 641 0003 25       		.uleb128 0x25
 642 0004 0E       		.uleb128 0xe
 643 0005 13       		.uleb128 0x13
 644 0006 0B       		.uleb128 0xb
 645 0007 03       		.uleb128 0x3
 646 0008 0E       		.uleb128 0xe
 647 0009 1B       		.uleb128 0x1b
 648 000a 0E       		.uleb128 0xe
 649 000b 55       		.uleb128 0x55
 650 000c 17       		.uleb128 0x17
 651 000d 11       		.uleb128 0x11
 652 000e 01       		.uleb128 0x1
 653 000f 10       		.uleb128 0x10
 654 0010 17       		.uleb128 0x17
 655 0011 00       		.byte	0
 656 0012 00       		.byte	0
 657 0013 02       		.uleb128 0x2
 658 0014 24       		.uleb128 0x24
 659 0015 00       		.byte	0
 660 0016 0B       		.uleb128 0xb
 661 0017 0B       		.uleb128 0xb
 662 0018 3E       		.uleb128 0x3e
 663 0019 0B       		.uleb128 0xb
 664 001a 03       		.uleb128 0x3
 665 001b 0E       		.uleb128 0xe
 666 001c 00       		.byte	0
 667 001d 00       		.byte	0
 668 001e 03       		.uleb128 0x3
 669 001f 24       		.uleb128 0x24
 670 0020 00       		.byte	0
 671 0021 0B       		.uleb128 0xb
 672 0022 0B       		.uleb128 0xb
 673 0023 3E       		.uleb128 0x3e
 674 0024 0B       		.uleb128 0xb
ARM GAS  C:\Users\riveraes\AppData\Local\Temp\ccOpbc4i.s 			page 18


 675 0025 03       		.uleb128 0x3
 676 0026 08       		.uleb128 0x8
 677 0027 00       		.byte	0
 678 0028 00       		.byte	0
 679 0029 04       		.uleb128 0x4
 680 002a 16       		.uleb128 0x16
 681 002b 00       		.byte	0
 682 002c 03       		.uleb128 0x3
 683 002d 0E       		.uleb128 0xe
 684 002e 3A       		.uleb128 0x3a
 685 002f 0B       		.uleb128 0xb
 686 0030 3B       		.uleb128 0x3b
 687 0031 05       		.uleb128 0x5
 688 0032 49       		.uleb128 0x49
 689 0033 13       		.uleb128 0x13
 690 0034 00       		.byte	0
 691 0035 00       		.byte	0
 692 0036 05       		.uleb128 0x5
 693 0037 35       		.uleb128 0x35
 694 0038 00       		.byte	0
 695 0039 49       		.uleb128 0x49
 696 003a 13       		.uleb128 0x13
 697 003b 00       		.byte	0
 698 003c 00       		.byte	0
 699 003d 06       		.uleb128 0x6
 700 003e 2E       		.uleb128 0x2e
 701 003f 00       		.byte	0
 702 0040 3F       		.uleb128 0x3f
 703 0041 19       		.uleb128 0x19
 704 0042 03       		.uleb128 0x3
 705 0043 0E       		.uleb128 0xe
 706 0044 3A       		.uleb128 0x3a
 707 0045 0B       		.uleb128 0xb
 708 0046 3B       		.uleb128 0x3b
 709 0047 0B       		.uleb128 0xb
 710 0048 27       		.uleb128 0x27
 711 0049 19       		.uleb128 0x19
 712 004a 11       		.uleb128 0x11
 713 004b 01       		.uleb128 0x1
 714 004c 12       		.uleb128 0x12
 715 004d 06       		.uleb128 0x6
 716 004e 40       		.uleb128 0x40
 717 004f 18       		.uleb128 0x18
 718 0050 9642     		.uleb128 0x2116
 719 0052 19       		.uleb128 0x19
 720 0053 00       		.byte	0
 721 0054 00       		.byte	0
 722 0055 07       		.uleb128 0x7
 723 0056 2E       		.uleb128 0x2e
 724 0057 00       		.byte	0
 725 0058 3F       		.uleb128 0x3f
 726 0059 19       		.uleb128 0x19
 727 005a 03       		.uleb128 0x3
 728 005b 0E       		.uleb128 0xe
 729 005c 3A       		.uleb128 0x3a
 730 005d 0B       		.uleb128 0xb
 731 005e 3B       		.uleb128 0x3b
ARM GAS  C:\Users\riveraes\AppData\Local\Temp\ccOpbc4i.s 			page 19


 732 005f 0B       		.uleb128 0xb
 733 0060 27       		.uleb128 0x27
 734 0061 19       		.uleb128 0x19
 735 0062 11       		.uleb128 0x11
 736 0063 01       		.uleb128 0x1
 737 0064 12       		.uleb128 0x12
 738 0065 06       		.uleb128 0x6
 739 0066 40       		.uleb128 0x40
 740 0067 18       		.uleb128 0x18
 741 0068 9742     		.uleb128 0x2117
 742 006a 19       		.uleb128 0x19
 743 006b 00       		.byte	0
 744 006c 00       		.byte	0
 745 006d 08       		.uleb128 0x8
 746 006e 2E       		.uleb128 0x2e
 747 006f 01       		.byte	0x1
 748 0070 3F       		.uleb128 0x3f
 749 0071 19       		.uleb128 0x19
 750 0072 03       		.uleb128 0x3
 751 0073 0E       		.uleb128 0xe
 752 0074 3A       		.uleb128 0x3a
 753 0075 0B       		.uleb128 0xb
 754 0076 3B       		.uleb128 0x3b
 755 0077 0B       		.uleb128 0xb
 756 0078 27       		.uleb128 0x27
 757 0079 19       		.uleb128 0x19
 758 007a 11       		.uleb128 0x11
 759 007b 01       		.uleb128 0x1
 760 007c 12       		.uleb128 0x12
 761 007d 06       		.uleb128 0x6
 762 007e 40       		.uleb128 0x40
 763 007f 18       		.uleb128 0x18
 764 0080 9742     		.uleb128 0x2117
 765 0082 19       		.uleb128 0x19
 766 0083 01       		.uleb128 0x1
 767 0084 13       		.uleb128 0x13
 768 0085 00       		.byte	0
 769 0086 00       		.byte	0
 770 0087 09       		.uleb128 0x9
 771 0088 05       		.uleb128 0x5
 772 0089 00       		.byte	0
 773 008a 03       		.uleb128 0x3
 774 008b 0E       		.uleb128 0xe
 775 008c 3A       		.uleb128 0x3a
 776 008d 0B       		.uleb128 0xb
 777 008e 3B       		.uleb128 0x3b
 778 008f 0B       		.uleb128 0xb
 779 0090 49       		.uleb128 0x49
 780 0091 13       		.uleb128 0x13
 781 0092 02       		.uleb128 0x2
 782 0093 18       		.uleb128 0x18
 783 0094 00       		.byte	0
 784 0095 00       		.byte	0
 785 0096 0A       		.uleb128 0xa
 786 0097 2E       		.uleb128 0x2e
 787 0098 01       		.byte	0x1
 788 0099 3F       		.uleb128 0x3f
ARM GAS  C:\Users\riveraes\AppData\Local\Temp\ccOpbc4i.s 			page 20


 789 009a 19       		.uleb128 0x19
 790 009b 03       		.uleb128 0x3
 791 009c 0E       		.uleb128 0xe
 792 009d 3A       		.uleb128 0x3a
 793 009e 0B       		.uleb128 0xb
 794 009f 3B       		.uleb128 0x3b
 795 00a0 0B       		.uleb128 0xb
 796 00a1 27       		.uleb128 0x27
 797 00a2 19       		.uleb128 0x19
 798 00a3 11       		.uleb128 0x11
 799 00a4 01       		.uleb128 0x1
 800 00a5 12       		.uleb128 0x12
 801 00a6 06       		.uleb128 0x6
 802 00a7 40       		.uleb128 0x40
 803 00a8 18       		.uleb128 0x18
 804 00a9 9642     		.uleb128 0x2116
 805 00ab 19       		.uleb128 0x19
 806 00ac 01       		.uleb128 0x1
 807 00ad 13       		.uleb128 0x13
 808 00ae 00       		.byte	0
 809 00af 00       		.byte	0
 810 00b0 0B       		.uleb128 0xb
 811 00b1 2E       		.uleb128 0x2e
 812 00b2 01       		.byte	0x1
 813 00b3 3F       		.uleb128 0x3f
 814 00b4 19       		.uleb128 0x19
 815 00b5 03       		.uleb128 0x3
 816 00b6 0E       		.uleb128 0xe
 817 00b7 3A       		.uleb128 0x3a
 818 00b8 0B       		.uleb128 0xb
 819 00b9 3B       		.uleb128 0x3b
 820 00ba 05       		.uleb128 0x5
 821 00bb 27       		.uleb128 0x27
 822 00bc 19       		.uleb128 0x19
 823 00bd 11       		.uleb128 0x11
 824 00be 01       		.uleb128 0x1
 825 00bf 12       		.uleb128 0x12
 826 00c0 06       		.uleb128 0x6
 827 00c1 40       		.uleb128 0x40
 828 00c2 18       		.uleb128 0x18
 829 00c3 9742     		.uleb128 0x2117
 830 00c5 19       		.uleb128 0x19
 831 00c6 01       		.uleb128 0x1
 832 00c7 13       		.uleb128 0x13
 833 00c8 00       		.byte	0
 834 00c9 00       		.byte	0
 835 00ca 0C       		.uleb128 0xc
 836 00cb 34       		.uleb128 0x34
 837 00cc 00       		.byte	0
 838 00cd 03       		.uleb128 0x3
 839 00ce 0E       		.uleb128 0xe
 840 00cf 3A       		.uleb128 0x3a
 841 00d0 0B       		.uleb128 0xb
 842 00d1 3B       		.uleb128 0x3b
 843 00d2 05       		.uleb128 0x5
 844 00d3 49       		.uleb128 0x49
 845 00d4 13       		.uleb128 0x13
ARM GAS  C:\Users\riveraes\AppData\Local\Temp\ccOpbc4i.s 			page 21


 846 00d5 02       		.uleb128 0x2
 847 00d6 18       		.uleb128 0x18
 848 00d7 00       		.byte	0
 849 00d8 00       		.byte	0
 850 00d9 0D       		.uleb128 0xd
 851 00da 34       		.uleb128 0x34
 852 00db 00       		.byte	0
 853 00dc 03       		.uleb128 0x3
 854 00dd 0E       		.uleb128 0xe
 855 00de 3A       		.uleb128 0x3a
 856 00df 0B       		.uleb128 0xb
 857 00e0 3B       		.uleb128 0x3b
 858 00e1 0B       		.uleb128 0xb
 859 00e2 49       		.uleb128 0x49
 860 00e3 13       		.uleb128 0x13
 861 00e4 3F       		.uleb128 0x3f
 862 00e5 19       		.uleb128 0x19
 863 00e6 02       		.uleb128 0x2
 864 00e7 18       		.uleb128 0x18
 865 00e8 00       		.byte	0
 866 00e9 00       		.byte	0
 867 00ea 00       		.byte	0
 868              		.section	.debug_aranges,"",%progbits
 869 0000 54000000 		.4byte	0x54
 870 0004 0200     		.2byte	0x2
 871 0006 00000000 		.4byte	.Ldebug_info0
 872 000a 04       		.byte	0x4
 873 000b 00       		.byte	0
 874 000c 0000     		.2byte	0
 875 000e 0000     		.2byte	0
 876 0010 00000000 		.4byte	.LFB0
 877 0014 3C000000 		.4byte	.LFE0-.LFB0
 878 0018 00000000 		.4byte	.LFB1
 879 001c 34000000 		.4byte	.LFE1-.LFB1
 880 0020 00000000 		.4byte	.LFB2
 881 0024 28000000 		.4byte	.LFE2-.LFB2
 882 0028 00000000 		.4byte	.LFB3
 883 002c 34000000 		.4byte	.LFE3-.LFB3
 884 0030 00000000 		.4byte	.LFB4
 885 0034 40000000 		.4byte	.LFE4-.LFB4
 886 0038 00000000 		.4byte	.LFB5
 887 003c 40000000 		.4byte	.LFE5-.LFB5
 888 0040 00000000 		.4byte	.LFB6
 889 0044 20000000 		.4byte	.LFE6-.LFB6
 890 0048 00000000 		.4byte	.LFB7
 891 004c 3C000000 		.4byte	.LFE7-.LFB7
 892 0050 00000000 		.4byte	0
 893 0054 00000000 		.4byte	0
 894              		.section	.debug_ranges,"",%progbits
 895              	.Ldebug_ranges0:
 896 0000 00000000 		.4byte	.LFB0
 897 0004 3C000000 		.4byte	.LFE0
 898 0008 00000000 		.4byte	.LFB1
 899 000c 34000000 		.4byte	.LFE1
 900 0010 00000000 		.4byte	.LFB2
 901 0014 28000000 		.4byte	.LFE2
 902 0018 00000000 		.4byte	.LFB3
ARM GAS  C:\Users\riveraes\AppData\Local\Temp\ccOpbc4i.s 			page 22


 903 001c 34000000 		.4byte	.LFE3
 904 0020 00000000 		.4byte	.LFB4
 905 0024 40000000 		.4byte	.LFE4
 906 0028 00000000 		.4byte	.LFB5
 907 002c 40000000 		.4byte	.LFE5
 908 0030 00000000 		.4byte	.LFB6
 909 0034 20000000 		.4byte	.LFE6
 910 0038 00000000 		.4byte	.LFB7
 911 003c 3C000000 		.4byte	.LFE7
 912 0040 00000000 		.4byte	0
 913 0044 00000000 		.4byte	0
 914              		.section	.debug_line,"",%progbits
 915              	.Ldebug_line0:
 916 0000 FB000000 		.section	.debug_str,"MS",%progbits,1
 916      02005400 
 916      00000201 
 916      FB0E0D00 
 916      01010101 
 917              	.LASF25:
 918 0000 474E5520 		.ascii	"GNU C11 5.4.1 20160609 (release) [ARM/embedded-5-br"
 918      43313120 
 918      352E342E 
 918      31203230 
 918      31363036 
 919 0033 616E6368 		.ascii	"anch revision 237715] -mcpu=cortex-m3 -mthumb -g -O"
 919      20726576 
 919      6973696F 
 919      6E203233 
 919      37373135 
 920 0066 30202D66 		.ascii	"0 -ffunction-sections -ffat-lto-objects\000"
 920      66756E63 
 920      74696F6E 
 920      2D736563 
 920      74696F6E 
 921              	.LASF23:
 922 008e 76616C75 		.ascii	"value\000"
 922      6500
 923              	.LASF9:
 924 0094 666C6F61 		.ascii	"float\000"
 924      7400
 925              	.LASF16:
 926 009a 48696768 		.ascii	"HighFrequencies_2_VDAC8_Start\000"
 926      46726571 
 926      75656E63 
 926      6965735F 
 926      325F5644 
 927              	.LASF1:
 928 00b8 756E7369 		.ascii	"unsigned char\000"
 928      676E6564 
 928      20636861 
 928      7200
 929              	.LASF14:
 930 00c6 48696768 		.ascii	"HighFrequencies_2_VDAC8_Init\000"
 930      46726571 
 930      75656E63 
 930      6965735F 
 930      325F5644 
ARM GAS  C:\Users\riveraes\AppData\Local\Temp\ccOpbc4i.s 			page 23


 931              	.LASF13:
 932 00e3 72656738 		.ascii	"reg8\000"
 932      00
 933              	.LASF5:
 934 00e8 6C6F6E67 		.ascii	"long unsigned int\000"
 934      20756E73 
 934      69676E65 
 934      6420696E 
 934      7400
 935              	.LASF3:
 936 00fa 73686F72 		.ascii	"short unsigned int\000"
 936      7420756E 
 936      7369676E 
 936      65642069 
 936      6E7400
 937              	.LASF22:
 938 010d 48696768 		.ascii	"HighFrequencies_2_VDAC8_SetValue\000"
 938      46726571 
 938      75656E63 
 938      6965735F 
 938      325F5644 
 939              	.LASF29:
 940 012e 48696768 		.ascii	"HighFrequencies_2_VDAC8_initVar\000"
 940      46726571 
 940      75656E63 
 940      6965735F 
 940      325F5644 
 941              	.LASF27:
 942 014e 433A5C55 		.ascii	"C:\\Users\\riveraes\\Documents\\LaptopPublic\\Maest"
 942      73657273 
 942      5C726976 
 942      65726165 
 942      735C446F 
 943 017c 7269615C 		.ascii	"ria\\MP6157_Adquisicion y procesamiento de datos\\P"
 943      4D503631 
 943      35375F41 
 943      64717569 
 943      73696369 
 944 01ad 726F7965 		.ascii	"royecto1\\CE95277 ADC and UART\\CE95277 ADC and UAR"
 944      63746F31 
 944      5C434539 
 944      35323737 
 944      20414443 
 945 01de 542E6379 		.ascii	"T.cydsn\000"
 945      64736E00 
 946              	.LASF21:
 947 01e6 72616E67 		.ascii	"range\000"
 947      6500
 948              	.LASF10:
 949 01ec 646F7562 		.ascii	"double\000"
 949      6C6500
 950              	.LASF15:
 951 01f3 48696768 		.ascii	"HighFrequencies_2_VDAC8_Enable\000"
 951      46726571 
 951      75656E63 
 951      6965735F 
 951      325F5644 
ARM GAS  C:\Users\riveraes\AppData\Local\Temp\ccOpbc4i.s 			page 24


 952              	.LASF8:
 953 0212 756E7369 		.ascii	"unsigned int\000"
 953      676E6564 
 953      20696E74 
 953      00
 954              	.LASF26:
 955 021f 47656E65 		.ascii	"Generated_Source\\PSoC5\\HighFrequencies_2_VDAC8.c\000"
 955      72617465 
 955      645F536F 
 955      75726365 
 955      5C50536F 
 956              	.LASF7:
 957 0250 6C6F6E67 		.ascii	"long long unsigned int\000"
 957      206C6F6E 
 957      6720756E 
 957      7369676E 
 957      65642069 
 958              	.LASF28:
 959 0267 6D6F6465 		.ascii	"mode\000"
 959      00
 960              	.LASF24:
 961 026c 48696768 		.ascii	"HighFrequencies_2_VDAC8_DacTrim\000"
 961      46726571 
 961      75656E63 
 961      6965735F 
 961      325F5644 
 962              	.LASF20:
 963 028c 73706565 		.ascii	"speed\000"
 963      6400
 964              	.LASF6:
 965 0292 6C6F6E67 		.ascii	"long long int\000"
 965      206C6F6E 
 965      6720696E 
 965      7400
 966              	.LASF19:
 967 02a0 48696768 		.ascii	"HighFrequencies_2_VDAC8_SetRange\000"
 967      46726571 
 967      75656E63 
 967      6965735F 
 967      325F5644 
 968              	.LASF11:
 969 02c1 63686172 		.ascii	"char\000"
 969      00
 970              	.LASF17:
 971 02c6 48696768 		.ascii	"HighFrequencies_2_VDAC8_Stop\000"
 971      46726571 
 971      75656E63 
 971      6965735F 
 971      325F5644 
 972              	.LASF2:
 973 02e3 73686F72 		.ascii	"short int\000"
 973      7420696E 
 973      7400
 974              	.LASF12:
 975 02ed 75696E74 		.ascii	"uint8\000"
 975      3800
 976              	.LASF4:
ARM GAS  C:\Users\riveraes\AppData\Local\Temp\ccOpbc4i.s 			page 25


 977 02f3 6C6F6E67 		.ascii	"long int\000"
 977      20696E74 
 977      00
 978              	.LASF0:
 979 02fc 7369676E 		.ascii	"signed char\000"
 979      65642063 
 979      68617200 
 980              	.LASF18:
 981 0308 48696768 		.ascii	"HighFrequencies_2_VDAC8_SetSpeed\000"
 981      46726571 
 981      75656E63 
 981      6965735F 
 981      325F5644 
 982              		.ident	"GCC: (GNU Tools for ARM Embedded Processors) 5.4.1 20160609 (release) [ARM/embedded-5-bran
