ARM GAS  C:\Users\riveraes\AppData\Local\Temp\ccXBqxBU.s 			page 1


   1              		.syntax unified
   2              		.cpu cortex-m3
   3              		.fpu softvfp
   4              		.eabi_attribute 20, 1
   5              		.eabi_attribute 21, 1
   6              		.eabi_attribute 23, 3
   7              		.eabi_attribute 24, 1
   8              		.eabi_attribute 25, 1
   9              		.eabi_attribute 26, 1
  10              		.eabi_attribute 30, 6
  11              		.eabi_attribute 34, 1
  12              		.eabi_attribute 18, 4
  13              		.thumb
  14              		.syntax unified
  15              		.file	"cymetadata.c"
  16              		.text
  17              	.Ltext0:
  18              		.cfi_sections	.debug_frame
  19              		.global	cy_meta_configecc
  20              		.section	.cyconfigecc,"a",%progbits
  21              		.align	2
  22              		.type	cy_meta_configecc, %object
  23              		.size	cy_meta_configecc, 1188
  24              	cy_meta_configecc:
  25 0000 02       		.byte	2
  26 0001 5A       		.byte	90
  27 0002 00       		.byte	0
  28 0003 40       		.byte	64
  29 0004 01       		.byte	1
  30 0005 64       		.byte	100
  31 0006 00       		.byte	0
  32 0007 40       		.byte	64
  33 0008 02       		.byte	2
  34 0009 65       		.byte	101
  35 000a 00       		.byte	0
  36 000b 40       		.byte	64
  37 000c 01       		.byte	1
  38 000d 05       		.byte	5
  39 000e 01       		.byte	1
  40 000f 40       		.byte	64
  41 0010 02       		.byte	2
  42 0011 07       		.byte	7
  43 0012 01       		.byte	1
  44 0013 40       		.byte	64
  45 0014 5D       		.byte	93
  46 0015 08       		.byte	8
  47 0016 01       		.byte	1
  48 0017 40       		.byte	64
  49 0018 3C       		.byte	60
  50 0019 09       		.byte	9
  51 001a 01       		.byte	1
  52 001b 40       		.byte	64
  53 001c 02       		.byte	2
  54 001d 0B       		.byte	11
  55 001e 01       		.byte	1
  56 001f 40       		.byte	64
  57 0020 04       		.byte	4
ARM GAS  C:\Users\riveraes\AppData\Local\Temp\ccXBqxBU.s 			page 2


  58 0021 0C       		.byte	12
  59 0022 01       		.byte	1
  60 0023 40       		.byte	64
  61 0024 01       		.byte	1
  62 0025 0D       		.byte	13
  63 0026 01       		.byte	1
  64 0027 40       		.byte	64
  65 0028 02       		.byte	2
  66 0029 15       		.byte	21
  67 002a 01       		.byte	1
  68 002b 40       		.byte	64
  69 002c 01       		.byte	1
  70 002d 17       		.byte	23
  71 002e 01       		.byte	1
  72 002f 40       		.byte	64
  73 0030 3E       		.byte	62
  74 0031 18       		.byte	24
  75 0032 01       		.byte	1
  76 0033 40       		.byte	64
  77 0034 36       		.byte	54
  78 0035 19       		.byte	25
  79 0036 01       		.byte	1
  80 0037 40       		.byte	64
  81 0038 0F       		.byte	15
  82 0039 1A       		.byte	26
  83 003a 01       		.byte	1
  84 003b 40       		.byte	64
  85 003c 42       		.byte	66
  86 003d 1B       		.byte	27
  87 003e 01       		.byte	1
  88 003f 40       		.byte	64
  89 0040 06       		.byte	6
  90 0041 40       		.byte	64
  91 0042 01       		.byte	1
  92 0043 40       		.byte	64
  93 0044 03       		.byte	3
  94 0045 41       		.byte	65
  95 0046 01       		.byte	1
  96 0047 40       		.byte	64
  97 0048 07       		.byte	7
  98 0049 42       		.byte	66
  99 004a 01       		.byte	1
 100 004b 40       		.byte	64
 101 004c 04       		.byte	4
 102 004d 43       		.byte	67
 103 004e 01       		.byte	1
 104 004f 40       		.byte	64
 105 0050 02       		.byte	2
 106 0051 44       		.byte	68
 107 0052 01       		.byte	1
 108 0053 40       		.byte	64
 109 0054 01       		.byte	1
 110 0055 45       		.byte	69
 111 0056 01       		.byte	1
 112 0057 40       		.byte	64
 113 0058 06       		.byte	6
 114 0059 46       		.byte	70
ARM GAS  C:\Users\riveraes\AppData\Local\Temp\ccXBqxBU.s 			page 3


 115 005a 01       		.byte	1
 116 005b 40       		.byte	64
 117 005c 06       		.byte	6
 118 005d 47       		.byte	71
 119 005e 01       		.byte	1
 120 005f 40       		.byte	64
 121 0060 09       		.byte	9
 122 0061 48       		.byte	72
 123 0062 01       		.byte	1
 124 0063 40       		.byte	64
 125 0064 07       		.byte	7
 126 0065 49       		.byte	73
 127 0066 01       		.byte	1
 128 0067 40       		.byte	64
 129 0068 08       		.byte	8
 130 0069 4C       		.byte	76
 131 006a 01       		.byte	1
 132 006b 40       		.byte	64
 133 006c 0A       		.byte	10
 134 006d 4D       		.byte	77
 135 006e 01       		.byte	1
 136 006f 40       		.byte	64
 137 0070 08       		.byte	8
 138 0071 50       		.byte	80
 139 0072 01       		.byte	1
 140 0073 40       		.byte	64
 141 0074 01       		.byte	1
 142 0075 51       		.byte	81
 143 0076 01       		.byte	1
 144 0077 40       		.byte	64
 145 0078 97       		.byte	-105
 146 0079 01       		.byte	1
 147 007a 9F       		.byte	-97
 148 007b 01       		.byte	1
 149 007c 88       		.byte	-120
 150 007d 0F       		.byte	15
 151 007e 88       		.byte	-120
 152 007f 38       		.byte	56
 153 0080 89       		.byte	-119
 154 0081 72       		.byte	114
 155 0082 E6       		.byte	-26
 156 0083 08       		.byte	8
 157 0084 EA       		.byte	-22
 158 0085 80       		.byte	-128
 159 0086 EC       		.byte	-20
 160 0087 02       		.byte	2
 161 0088 00       		.byte	0
 162 0089 0A       		.byte	10
 163 008a 02       		.byte	2
 164 008b 04       		.byte	4
 165 008c 03       		.byte	3
 166 008d 02       		.byte	2
 167 008e 06       		.byte	6
 168 008f 05       		.byte	5
 169 0090 07       		.byte	7
 170 0091 02       		.byte	2
 171 0092 0E       		.byte	14
ARM GAS  C:\Users\riveraes\AppData\Local\Temp\ccXBqxBU.s 			page 4


 172 0093 08       		.byte	8
 173 0094 10       		.byte	16
 174 0095 03       		.byte	3
 175 0096 12       		.byte	18
 176 0097 04       		.byte	4
 177 0098 13       		.byte	19
 178 0099 02       		.byte	2
 179 009a 1C       		.byte	28
 180 009b 03       		.byte	3
 181 009c 1E       		.byte	30
 182 009d 04       		.byte	4
 183 009e 20       		.byte	32
 184 009f 03       		.byte	3
 185 00a0 21       		.byte	33
 186 00a1 02       		.byte	2
 187 00a2 22       		.byte	34
 188 00a3 0C       		.byte	12
 189 00a4 25       		.byte	37
 190 00a5 01       		.byte	1
 191 00a6 2D       		.byte	45
 192 00a7 02       		.byte	2
 193 00a8 31       		.byte	49
 194 00a9 02       		.byte	2
 195 00aa 35       		.byte	53
 196 00ab 01       		.byte	1
 197 00ac 36       		.byte	54
 198 00ad 0F       		.byte	15
 199 00ae 3A       		.byte	58
 200 00af 80       		.byte	-128
 201 00b0 3F       		.byte	63
 202 00b1 11       		.byte	17
 203 00b2 40       		.byte	64
 204 00b3 42       		.byte	66
 205 00b4 41       		.byte	65
 206 00b5 05       		.byte	5
 207 00b6 45       		.byte	69
 208 00b7 EE       		.byte	-18
 209 00b8 47       		.byte	71
 210 00b9 CB       		.byte	-53
 211 00ba 48       		.byte	72
 212 00bb 33       		.byte	51
 213 00bc 49       		.byte	73
 214 00bd FF       		.byte	-1
 215 00be 4A       		.byte	74
 216 00bf FF       		.byte	-1
 217 00c0 4B       		.byte	75
 218 00c1 FF       		.byte	-1
 219 00c2 4E       		.byte	78
 220 00c3 F0       		.byte	-16
 221 00c4 4F       		.byte	79
 222 00c5 44       		.byte	68
 223 00c6 50       		.byte	80
 224 00c7 0C       		.byte	12
 225 00c8 54       		.byte	84
 226 00c9 01       		.byte	1
 227 00ca 58       		.byte	88
 228 00cb 04       		.byte	4
ARM GAS  C:\Users\riveraes\AppData\Local\Temp\ccXBqxBU.s 			page 5


 229 00cc 59       		.byte	89
 230 00cd 04       		.byte	4
 231 00ce 5A       		.byte	90
 232 00cf 04       		.byte	4
 233 00d0 5B       		.byte	91
 234 00d1 04       		.byte	4
 235 00d2 5C       		.byte	92
 236 00d3 03       		.byte	3
 237 00d4 5D       		.byte	93
 238 00d5 33       		.byte	51
 239 00d6 5F       		.byte	95
 240 00d7 01       		.byte	1
 241 00d8 66       		.byte	102
 242 00d9 C0       		.byte	-64
 243 00da 6A       		.byte	106
 244 00db 40       		.byte	64
 245 00dc 6B       		.byte	107
 246 00dd 02       		.byte	2
 247 00de 80       		.byte	-128
 248 00df 0C       		.byte	12
 249 00e0 82       		.byte	-126
 250 00e1 03       		.byte	3
 251 00e2 84       		.byte	-124
 252 00e3 10       		.byte	16
 253 00e4 85       		.byte	-123
 254 00e5 14       		.byte	20
 255 00e6 8B       		.byte	-117
 256 00e7 03       		.byte	3
 257 00e8 8C       		.byte	-116
 258 00e9 01       		.byte	1
 259 00ea 8D       		.byte	-115
 260 00eb 10       		.byte	16
 261 00ec 8E       		.byte	-114
 262 00ed 0E       		.byte	14
 263 00ee 8F       		.byte	-113
 264 00ef AC       		.byte	-84
 265 00f0 90       		.byte	-112
 266 00f1 01       		.byte	1
 267 00f2 92       		.byte	-110
 268 00f3 06       		.byte	6
 269 00f4 9B       		.byte	-101
 270 00f5 20       		.byte	32
 271 00f6 9D       		.byte	-99
 272 00f7 09       		.byte	9
 273 00f8 9F       		.byte	-97
 274 00f9 D0       		.byte	-48
 275 00fa A1       		.byte	-95
 276 00fb DC       		.byte	-36
 277 00fc A2       		.byte	-94
 278 00fd 0C       		.byte	12
 279 00fe A3       		.byte	-93
 280 00ff 22       		.byte	34
 281 0100 A6       		.byte	-90
 282 0101 03       		.byte	3
 283 0102 A9       		.byte	-87
 284 0103 10       		.byte	16
 285 0104 AA       		.byte	-86
ARM GAS  C:\Users\riveraes\AppData\Local\Temp\ccXBqxBU.s 			page 6


 286 0105 08       		.byte	8
 287 0106 AB       		.byte	-85
 288 0107 40       		.byte	64
 289 0108 AD       		.byte	-83
 290 0109 0C       		.byte	12
 291 010a AF       		.byte	-81
 292 010b 71       		.byte	113
 293 010c B0       		.byte	-80
 294 010d 0F       		.byte	15
 295 010e B1       		.byte	-79
 296 010f E0       		.byte	-32
 297 0110 B2       		.byte	-78
 298 0111 10       		.byte	16
 299 0112 B5       		.byte	-75
 300 0113 1F       		.byte	31
 301 0114 BA       		.byte	-70
 302 0115 02       		.byte	2
 303 0116 BB       		.byte	-69
 304 0117 02       		.byte	2
 305 0118 BE       		.byte	-66
 306 0119 04       		.byte	4
 307 011a C0       		.byte	-64
 308 011b 03       		.byte	3
 309 011c C7       		.byte	-57
 310 011d 04       		.byte	4
 311 011e C9       		.byte	-55
 312 011f FF       		.byte	-1
 313 0120 CA       		.byte	-54
 314 0121 07       		.byte	7
 315 0122 CB       		.byte	-53
 316 0123 FF       		.byte	-1
 317 0124 CC       		.byte	-52
 318 0125 40       		.byte	64
 319 0126 CD       		.byte	-51
 320 0127 20       		.byte	32
 321 0128 CE       		.byte	-50
 322 0129 F0       		.byte	-16
 323 012a CF       		.byte	-49
 324 012b 05       		.byte	5
 325 012c D0       		.byte	-48
 326 012d 08       		.byte	8
 327 012e D8       		.byte	-40
 328 012f 04       		.byte	4
 329 0130 D9       		.byte	-39
 330 0131 04       		.byte	4
 331 0132 DA       		.byte	-38
 332 0133 04       		.byte	4
 333 0134 DC       		.byte	-36
 334 0135 33       		.byte	51
 335 0136 DD       		.byte	-35
 336 0137 03       		.byte	3
 337 0138 DF       		.byte	-33
 338 0139 01       		.byte	1
 339 013a E0       		.byte	-32
 340 013b 40       		.byte	64
 341 013c E1       		.byte	-31
 342 013d A8       		.byte	-88
ARM GAS  C:\Users\riveraes\AppData\Local\Temp\ccXBqxBU.s 			page 7


 343 013e E2       		.byte	-30
 344 013f 40       		.byte	64
 345 0140 E3       		.byte	-29
 346 0141 20       		.byte	32
 347 0142 00       		.byte	0
 348 0143 04       		.byte	4
 349 0144 01       		.byte	1
 350 0145 02       		.byte	2
 351 0146 02       		.byte	2
 352 0147 02       		.byte	2
 353 0148 05       		.byte	5
 354 0149 41       		.byte	65
 355 014a 07       		.byte	7
 356 014b 10       		.byte	16
 357 014c 0B       		.byte	11
 358 014d 80       		.byte	-128
 359 014e 0D       		.byte	13
 360 014f 01       		.byte	1
 361 0150 0F       		.byte	15
 362 0151 02       		.byte	2
 363 0152 10       		.byte	16
 364 0153 08       		.byte	8
 365 0154 12       		.byte	18
 366 0155 A0       		.byte	-96
 367 0156 16       		.byte	22
 368 0157 40       		.byte	64
 369 0158 19       		.byte	25
 370 0159 0B       		.byte	11
 371 015a 1F       		.byte	31
 372 015b 40       		.byte	64
 373 015c 20       		.byte	32
 374 015d 04       		.byte	4
 375 015e 21       		.byte	33
 376 015f 11       		.byte	17
 377 0160 22       		.byte	34
 378 0161 02       		.byte	2
 379 0162 27       		.byte	39
 380 0163 88       		.byte	-120
 381 0164 29       		.byte	41
 382 0165 81       		.byte	-127
 383 0166 2B       		.byte	43
 384 0167 08       		.byte	8
 385 0168 2C       		.byte	44
 386 0169 20       		.byte	32
 387 016a 2D       		.byte	45
 388 016b 80       		.byte	-128
 389 016c 2F       		.byte	47
 390 016d 40       		.byte	64
 391 016e 31       		.byte	49
 392 016f 40       		.byte	64
 393 0170 32       		.byte	50
 394 0171 A0       		.byte	-96
 395 0172 33       		.byte	51
 396 0173 10       		.byte	16
 397 0174 35       		.byte	53
 398 0175 01       		.byte	1
 399 0176 39       		.byte	57
ARM GAS  C:\Users\riveraes\AppData\Local\Temp\ccXBqxBU.s 			page 8


 400 0177 20       		.byte	32
 401 0178 3A       		.byte	58
 402 0179 44       		.byte	68
 403 017a 3B       		.byte	59
 404 017b 80       		.byte	-128
 405 017c 3F       		.byte	63
 406 017d 06       		.byte	6
 407 017e 41       		.byte	65
 408 017f 04       		.byte	4
 409 0180 46       		.byte	70
 410 0181 40       		.byte	64
 411 0182 47       		.byte	71
 412 0183 10       		.byte	16
 413 0184 4A       		.byte	74
 414 0185 20       		.byte	32
 415 0186 4B       		.byte	75
 416 0187 04       		.byte	4
 417 0188 4C       		.byte	76
 418 0189 20       		.byte	32
 419 018a 4D       		.byte	77
 420 018b 81       		.byte	-127
 421 018c 4E       		.byte	78
 422 018d 02       		.byte	2
 423 018e 50       		.byte	80
 424 018f 08       		.byte	8
 425 0190 53       		.byte	83
 426 0191 08       		.byte	8
 427 0192 56       		.byte	86
 428 0193 04       		.byte	4
 429 0194 57       		.byte	87
 430 0195 01       		.byte	1
 431 0196 5D       		.byte	93
 432 0197 11       		.byte	17
 433 0198 5F       		.byte	95
 434 0199 88       		.byte	-120
 435 019a 8D       		.byte	-115
 436 019b 08       		.byte	8
 437 019c 93       		.byte	-109
 438 019d 40       		.byte	64
 439 019e A6       		.byte	-90
 440 019f 10       		.byte	16
 441 01a0 A7       		.byte	-89
 442 01a1 80       		.byte	-128
 443 01a2 AF       		.byte	-81
 444 01a3 40       		.byte	64
 445 01a4 B2       		.byte	-78
 446 01a5 10       		.byte	16
 447 01a6 C0       		.byte	-64
 448 01a7 BD       		.byte	-67
 449 01a8 C2       		.byte	-62
 450 01a9 98       		.byte	-104
 451 01aa C4       		.byte	-60
 452 01ab 1E       		.byte	30
 453 01ac CA       		.byte	-54
 454 01ad DD       		.byte	-35
 455 01ae CC       		.byte	-52
 456 01af 8C       		.byte	-116
ARM GAS  C:\Users\riveraes\AppData\Local\Temp\ccXBqxBU.s 			page 9


 457 01b0 CE       		.byte	-50
 458 01b1 CE       		.byte	-50
 459 01b2 D0       		.byte	-48
 460 01b3 A2       		.byte	-94
 461 01b4 D2       		.byte	-46
 462 01b5 10       		.byte	16
 463 01b6 D6       		.byte	-42
 464 01b7 F0       		.byte	-16
 465 01b8 EA       		.byte	-22
 466 01b9 80       		.byte	-128
 467 01ba 87       		.byte	-121
 468 01bb 80       		.byte	-128
 469 01bc B4       		.byte	-76
 470 01bd 40       		.byte	64
 471 01be 38       		.byte	56
 472 01bf 02       		.byte	2
 473 01c0 3E       		.byte	62
 474 01c1 01       		.byte	1
 475 01c2 58       		.byte	88
 476 01c3 04       		.byte	4
 477 01c4 5F       		.byte	95
 478 01c5 01       		.byte	1
 479 01c6 1C       		.byte	28
 480 01c7 40       		.byte	64
 481 01c8 E6       		.byte	-26
 482 01c9 06       		.byte	6
 483 01ca EC       		.byte	-20
 484 01cb 81       		.byte	-127
 485 01cc E4       		.byte	-28
 486 01cd A0       		.byte	-96
 487 01ce 05       		.byte	5
 488 01cf 02       		.byte	2
 489 01d0 10       		.byte	16
 490 01d1 04       		.byte	4
 491 01d2 12       		.byte	18
 492 01d3 01       		.byte	1
 493 01d4 13       		.byte	19
 494 01d5 01       		.byte	1
 495 01d6 1E       		.byte	30
 496 01d7 05       		.byte	5
 497 01d8 21       		.byte	33
 498 01d9 01       		.byte	1
 499 01da 2A       		.byte	42
 500 01db 02       		.byte	2
 501 01dc 2D       		.byte	45
 502 01dd 01       		.byte	1
 503 01de 30       		.byte	48
 504 01df 02       		.byte	2
 505 01e0 32       		.byte	50
 506 01e1 04       		.byte	4
 507 01e2 36       		.byte	54
 508 01e3 01       		.byte	1
 509 01e4 37       		.byte	55
 510 01e5 03       		.byte	3
 511 01e6 39       		.byte	57
 512 01e7 80       		.byte	-128
 513 01e8 3E       		.byte	62
ARM GAS  C:\Users\riveraes\AppData\Local\Temp\ccXBqxBU.s 			page 10


 514 01e9 44       		.byte	68
 515 01ea 54       		.byte	84
 516 01eb 18       		.byte	24
 517 01ec 58       		.byte	88
 518 01ed 04       		.byte	4
 519 01ee 59       		.byte	89
 520 01ef 04       		.byte	4
 521 01f0 5B       		.byte	91
 522 01f1 04       		.byte	4
 523 01f2 5C       		.byte	92
 524 01f3 32       		.byte	50
 525 01f4 5D       		.byte	93
 526 01f5 30       		.byte	48
 527 01f6 5F       		.byte	95
 528 01f7 01       		.byte	1
 529 01f8 81       		.byte	-127
 530 01f9 01       		.byte	1
 531 01fa 84       		.byte	-124
 532 01fb 1C       		.byte	28
 533 01fc 85       		.byte	-123
 534 01fd 08       		.byte	8
 535 01fe 86       		.byte	-122
 536 01ff 60       		.byte	96
 537 0200 88       		.byte	-120
 538 0201 0C       		.byte	12
 539 0202 89       		.byte	-119
 540 0203 08       		.byte	8
 541 0204 8D       		.byte	-115
 542 0205 06       		.byte	6
 543 0206 8E       		.byte	-114
 544 0207 0C       		.byte	12
 545 0208 90       		.byte	-112
 546 0209 4A       		.byte	74
 547 020a 91       		.byte	-111
 548 020b 06       		.byte	6
 549 020c 92       		.byte	-110
 550 020d 11       		.byte	17
 551 020e 94       		.byte	-108
 552 020f 0C       		.byte	12
 553 0210 95       		.byte	-107
 554 0211 01       		.byte	1
 555 0212 9A       		.byte	-102
 556 0213 0C       		.byte	12
 557 0214 9B       		.byte	-101
 558 0215 02       		.byte	2
 559 0216 9D       		.byte	-99
 560 0217 08       		.byte	8
 561 0218 A1       		.byte	-95
 562 0219 04       		.byte	4
 563 021a A2       		.byte	-94
 564 021b 0C       		.byte	12
 565 021c A4       		.byte	-92
 566 021d 73       		.byte	115
 567 021e A8       		.byte	-88
 568 021f 73       		.byte	115
 569 0220 A9       		.byte	-87
 570 0221 01       		.byte	1
ARM GAS  C:\Users\riveraes\AppData\Local\Temp\ccXBqxBU.s 			page 11


 571 0222 AC       		.byte	-84
 572 0223 25       		.byte	37
 573 0224 AD       		.byte	-83
 574 0225 01       		.byte	1
 575 0226 AE       		.byte	-82
 576 0227 92       		.byte	-110
 577 0228 B0       		.byte	-80
 578 0229 0C       		.byte	12
 579 022a B1       		.byte	-79
 580 022b 01       		.byte	1
 581 022c B2       		.byte	-78
 582 022d 70       		.byte	112
 583 022e B3       		.byte	-77
 584 022f 06       		.byte	6
 585 0230 B4       		.byte	-76
 586 0231 03       		.byte	3
 587 0232 B5       		.byte	-75
 588 0233 08       		.byte	8
 589 0234 B6       		.byte	-74
 590 0235 80       		.byte	-128
 591 0236 B9       		.byte	-71
 592 0237 08       		.byte	8
 593 0238 BF       		.byte	-65
 594 0239 05       		.byte	5
 595 023a D6       		.byte	-42
 596 023b 02       		.byte	2
 597 023c D7       		.byte	-41
 598 023d 13       		.byte	19
 599 023e D8       		.byte	-40
 600 023f 04       		.byte	4
 601 0240 D9       		.byte	-39
 602 0241 04       		.byte	4
 603 0242 DB       		.byte	-37
 604 0243 04       		.byte	4
 605 0244 DC       		.byte	-36
 606 0245 33       		.byte	51
 607 0246 DD       		.byte	-35
 608 0247 30       		.byte	48
 609 0248 DF       		.byte	-33
 610 0249 01       		.byte	1
 611 024a 01       		.byte	1
 612 024b 88       		.byte	-120
 613 024c 03       		.byte	3
 614 024d 08       		.byte	8
 615 024e 09       		.byte	9
 616 024f 29       		.byte	41
 617 0250 0D       		.byte	13
 618 0251 80       		.byte	-128
 619 0252 0E       		.byte	14
 620 0253 80       		.byte	-128
 621 0254 10       		.byte	16
 622 0255 02       		.byte	2
 623 0256 11       		.byte	17
 624 0257 15       		.byte	21
 625 0258 14       		.byte	20
 626 0259 04       		.byte	4
 627 025a 19       		.byte	25
ARM GAS  C:\Users\riveraes\AppData\Local\Temp\ccXBqxBU.s 			page 12


 628 025b 6A       		.byte	106
 629 025c 1A       		.byte	26
 630 025d 10       		.byte	16
 631 025e 1E       		.byte	30
 632 025f A0       		.byte	-96
 633 0260 1F       		.byte	31
 634 0261 80       		.byte	-128
 635 0262 21       		.byte	33
 636 0263 34       		.byte	52
 637 0264 22       		.byte	34
 638 0265 01       		.byte	1
 639 0266 26       		.byte	38
 640 0267 80       		.byte	-128
 641 0268 28       		.byte	40
 642 0269 02       		.byte	2
 643 026a 29       		.byte	41
 644 026b 91       		.byte	-111
 645 026c 2B       		.byte	43
 646 026d 08       		.byte	8
 647 026e 2F       		.byte	47
 648 026f 42       		.byte	66
 649 0270 31       		.byte	49
 650 0271 08       		.byte	8
 651 0272 32       		.byte	50
 652 0273 62       		.byte	98
 653 0274 33       		.byte	51
 654 0275 02       		.byte	2
 655 0276 35       		.byte	53
 656 0277 01       		.byte	1
 657 0278 39       		.byte	57
 658 0279 17       		.byte	23
 659 027a 3B       		.byte	59
 660 027b 80       		.byte	-128
 661 027c 3F       		.byte	63
 662 027d 04       		.byte	4
 663 027e 5A       		.byte	90
 664 027f 02       		.byte	2
 665 0280 5D       		.byte	93
 666 0281 02       		.byte	2
 667 0282 67       		.byte	103
 668 0283 09       		.byte	9
 669 0284 69       		.byte	105
 670 0285 14       		.byte	20
 671 0286 6A       		.byte	106
 672 0287 80       		.byte	-128
 673 0288 70       		.byte	112
 674 0289 80       		.byte	-128
 675 028a 71       		.byte	113
 676 028b 04       		.byte	4
 677 028c 73       		.byte	115
 678 028d 08       		.byte	8
 679 028e 88       		.byte	-120
 680 028f 05       		.byte	5
 681 0290 8D       		.byte	-115
 682 0291 04       		.byte	4
 683 0292 8F       		.byte	-113
 684 0293 40       		.byte	64
ARM GAS  C:\Users\riveraes\AppData\Local\Temp\ccXBqxBU.s 			page 13


 685 0294 93       		.byte	-109
 686 0295 C4       		.byte	-60
 687 0296 95       		.byte	-107
 688 0297 08       		.byte	8
 689 0298 99       		.byte	-103
 690 0299 01       		.byte	1
 691 029a A2       		.byte	-94
 692 029b 22       		.byte	34
 693 029c A6       		.byte	-90
 694 029d 90       		.byte	-112
 695 029e A7       		.byte	-89
 696 029f 80       		.byte	-128
 697 02a0 B1       		.byte	-79
 698 02a1 10       		.byte	16
 699 02a2 B3       		.byte	-77
 700 02a3 01       		.byte	1
 701 02a4 C0       		.byte	-64
 702 02a5 07       		.byte	7
 703 02a6 C2       		.byte	-62
 704 02a7 9E       		.byte	-98
 705 02a8 C4       		.byte	-60
 706 02a9 4F       		.byte	79
 707 02aa CA       		.byte	-54
 708 02ab 9D       		.byte	-99
 709 02ac CC       		.byte	-52
 710 02ad 8F       		.byte	-113
 711 02ae CE       		.byte	-50
 712 02af 4F       		.byte	79
 713 02b0 D6       		.byte	-42
 714 02b1 81       		.byte	-127
 715 02b2 D8       		.byte	-40
 716 02b3 30       		.byte	48
 717 02b4 E4       		.byte	-28
 718 02b5 A0       		.byte	-96
 719 02b6 88       		.byte	-120
 720 02b7 04       		.byte	4
 721 02b8 8A       		.byte	-118
 722 02b9 02       		.byte	2
 723 02ba 8F       		.byte	-113
 724 02bb 01       		.byte	1
 725 02bc 92       		.byte	-110
 726 02bd 06       		.byte	6
 727 02be 9A       		.byte	-102
 728 02bf 01       		.byte	1
 729 02c0 A6       		.byte	-90
 730 02c1 01       		.byte	1
 731 02c2 B2       		.byte	-78
 732 02c3 01       		.byte	1
 733 02c4 B4       		.byte	-76
 734 02c5 02       		.byte	2
 735 02c6 B5       		.byte	-75
 736 02c7 01       		.byte	1
 737 02c8 B6       		.byte	-74
 738 02c9 04       		.byte	4
 739 02ca BE       		.byte	-66
 740 02cb 54       		.byte	84
 741 02cc D8       		.byte	-40
ARM GAS  C:\Users\riveraes\AppData\Local\Temp\ccXBqxBU.s 			page 14


 742 02cd 04       		.byte	4
 743 02ce D9       		.byte	-39
 744 02cf 04       		.byte	4
 745 02d0 DC       		.byte	-36
 746 02d1 10       		.byte	16
 747 02d2 DF       		.byte	-33
 748 02d3 01       		.byte	1
 749 02d4 00       		.byte	0
 750 02d5 A4       		.byte	-92
 751 02d6 03       		.byte	3
 752 02d7 40       		.byte	64
 753 02d8 07       		.byte	7
 754 02d9 04       		.byte	4
 755 02da 09       		.byte	9
 756 02db 01       		.byte	1
 757 02dc 0A       		.byte	10
 758 02dd 12       		.byte	18
 759 02de 0C       		.byte	12
 760 02df 01       		.byte	1
 761 02e0 0F       		.byte	15
 762 02e1 08       		.byte	8
 763 02e2 10       		.byte	16
 764 02e3 82       		.byte	-126
 765 02e4 12       		.byte	18
 766 02e5 14       		.byte	20
 767 02e6 13       		.byte	19
 768 02e7 08       		.byte	8
 769 02e8 15       		.byte	21
 770 02e9 08       		.byte	8
 771 02ea 18       		.byte	24
 772 02eb 45       		.byte	69
 773 02ec 19       		.byte	25
 774 02ed 11       		.byte	17
 775 02ee 1B       		.byte	27
 776 02ef 04       		.byte	4
 777 02f0 1D       		.byte	29
 778 02f1 80       		.byte	-128
 779 02f2 1F       		.byte	31
 780 02f3 24       		.byte	36
 781 02f4 20       		.byte	32
 782 02f5 20       		.byte	32
 783 02f6 21       		.byte	33
 784 02f7 09       		.byte	9
 785 02f8 22       		.byte	34
 786 02f9 21       		.byte	33
 787 02fa 23       		.byte	35
 788 02fb 05       		.byte	5
 789 02fc 27       		.byte	39
 790 02fd 04       		.byte	4
 791 02fe 28       		.byte	40
 792 02ff 08       		.byte	8
 793 0300 29       		.byte	41
 794 0301 45       		.byte	69
 795 0302 30       		.byte	48
 796 0303 80       		.byte	-128
 797 0304 31       		.byte	49
 798 0305 18       		.byte	24
ARM GAS  C:\Users\riveraes\AppData\Local\Temp\ccXBqxBU.s 			page 15


 799 0306 32       		.byte	50
 800 0307 01       		.byte	1
 801 0308 3A       		.byte	58
 802 0309 15       		.byte	21
 803 030a 3B       		.byte	59
 804 030b 84       		.byte	-124
 805 030c 3F       		.byte	63
 806 030d 40       		.byte	64
 807 030e 40       		.byte	64
 808 030f 49       		.byte	73
 809 0310 41       		.byte	65
 810 0311 18       		.byte	24
 811 0312 49       		.byte	73
 812 0313 10       		.byte	16
 813 0314 51       		.byte	81
 814 0315 04       		.byte	4
 815 0316 52       		.byte	82
 816 0317 01       		.byte	1
 817 0318 80       		.byte	-128
 818 0319 02       		.byte	2
 819 031a 82       		.byte	-126
 820 031b 20       		.byte	32
 821 031c 83       		.byte	-125
 822 031d 20       		.byte	32
 823 031e 85       		.byte	-123
 824 031f 80       		.byte	-128
 825 0320 88       		.byte	-120
 826 0321 42       		.byte	66
 827 0322 89       		.byte	-119
 828 0323 10       		.byte	16
 829 0324 8B       		.byte	-117
 830 0325 40       		.byte	64
 831 0326 91       		.byte	-111
 832 0327 20       		.byte	32
 833 0328 92       		.byte	-110
 834 0329 10       		.byte	16
 835 032a 93       		.byte	-109
 836 032b 40       		.byte	64
 837 032c 95       		.byte	-107
 838 032d 02       		.byte	2
 839 032e 97       		.byte	-105
 840 032f 09       		.byte	9
 841 0330 98       		.byte	-104
 842 0331 01       		.byte	1
 843 0332 99       		.byte	-103
 844 0333 44       		.byte	68
 845 0334 9B       		.byte	-101
 846 0335 48       		.byte	72
 847 0336 9C       		.byte	-100
 848 0337 02       		.byte	2
 849 0338 9D       		.byte	-99
 850 0339 10       		.byte	16
 851 033a A0       		.byte	-96
 852 033b 80       		.byte	-128
 853 033c A1       		.byte	-95
 854 033d 01       		.byte	1
 855 033e A4       		.byte	-92
ARM GAS  C:\Users\riveraes\AppData\Local\Temp\ccXBqxBU.s 			page 16


 856 033f 02       		.byte	2
 857 0340 A5       		.byte	-91
 858 0341 08       		.byte	8
 859 0342 A9       		.byte	-87
 860 0343 80       		.byte	-128
 861 0344 B5       		.byte	-75
 862 0345 21       		.byte	33
 863 0346 C0       		.byte	-64
 864 0347 4F       		.byte	79
 865 0348 C2       		.byte	-62
 866 0349 5D       		.byte	93
 867 034a C4       		.byte	-60
 868 034b 2F       		.byte	47
 869 034c CA       		.byte	-54
 870 034d 0F       		.byte	15
 871 034e CC       		.byte	-52
 872 034f 0F       		.byte	15
 873 0350 CE       		.byte	-50
 874 0351 1F       		.byte	31
 875 0352 D0       		.byte	-48
 876 0353 0F       		.byte	15
 877 0354 D2       		.byte	-46
 878 0355 04       		.byte	4
 879 0356 EC       		.byte	-20
 880 0357 81       		.byte	-127
 881 0358 3B       		.byte	59
 882 0359 02       		.byte	2
 883 035a 3C       		.byte	60
 884 035b 02       		.byte	2
 885 035c 3F       		.byte	63
 886 035d 40       		.byte	64
 887 035e 43       		.byte	67
 888 035f 80       		.byte	-128
 889 0360 CE       		.byte	-50
 890 0361 E0       		.byte	-32
 891 0362 D0       		.byte	-48
 892 0363 10       		.byte	16
 893 0364 97       		.byte	-105
 894 0365 42       		.byte	66
 895 0366 A4       		.byte	-92
 896 0367 01       		.byte	1
 897 0368 A7       		.byte	-89
 898 0369 80       		.byte	-128
 899 036a 02       		.byte	2
 900 036b 20       		.byte	32
 901 036c 87       		.byte	-121
 902 036d 80       		.byte	-128
 903 036e 97       		.byte	-105
 904 036f 42       		.byte	66
 905 0370 A4       		.byte	-92
 906 0371 01       		.byte	1
 907 0372 A7       		.byte	-89
 908 0373 80       		.byte	-128
 909 0374 C0       		.byte	-64
 910 0375 10       		.byte	16
 911 0376 E6       		.byte	-26
 912 0377 10       		.byte	16
ARM GAS  C:\Users\riveraes\AppData\Local\Temp\ccXBqxBU.s 			page 17


 913 0378 97       		.byte	-105
 914 0379 42       		.byte	66
 915 037a AE       		.byte	-82
 916 037b 20       		.byte	32
 917 037c B0       		.byte	-80
 918 037d 01       		.byte	1
 919 037e EC       		.byte	-20
 920 037f 40       		.byte	64
 921 0380 7C       		.byte	124
 922 0381 20       		.byte	32
 923 0382 DE       		.byte	-34
 924 0383 01       		.byte	1
 925 0384 9C       		.byte	-100
 926 0385 20       		.byte	32
 927 0386 33       		.byte	51
 928 0387 80       		.byte	-128
 929 0388 46       		.byte	70
 930 0389 40       		.byte	64
 931 038a B4       		.byte	-76
 932 038b 20       		.byte	32
 933 038c CC       		.byte	-52
 934 038d 08       		.byte	8
 935 038e D0       		.byte	-48
 936 038f 01       		.byte	1
 937 0390 E8       		.byte	-24
 938 0391 02       		.byte	2
 939 0392 32       		.byte	50
 940 0393 40       		.byte	64
 941 0394 8D       		.byte	-115
 942 0395 02       		.byte	2
 943 0396 9E       		.byte	-98
 944 0397 40       		.byte	64
 945 0398 A7       		.byte	-89
 946 0399 80       		.byte	-128
 947 039a CC       		.byte	-52
 948 039b 08       		.byte	8
 949 039c E0       		.byte	-32
 950 039d 02       		.byte	2
 951 039e 06       		.byte	6
 952 039f 40       		.byte	64
 953 03a0 23       		.byte	35
 954 03a1 80       		.byte	-128
 955 03a2 26       		.byte	38
 956 03a3 01       		.byte	1
 957 03a4 27       		.byte	39
 958 03a5 08       		.byte	8
 959 03a6 8A       		.byte	-118
 960 03a7 40       		.byte	64
 961 03a8 8B       		.byte	-117
 962 03a9 80       		.byte	-128
 963 03aa 97       		.byte	-105
 964 03ab 42       		.byte	66
 965 03ac C0       		.byte	-64
 966 03ad 20       		.byte	32
 967 03ae C8       		.byte	-56
 968 03af E0       		.byte	-32
 969 03b0 83       		.byte	-125
ARM GAS  C:\Users\riveraes\AppData\Local\Temp\ccXBqxBU.s 			page 18


 970 03b1 01       		.byte	1
 971 03b2 87       		.byte	-121
 972 03b3 40       		.byte	64
 973 03b4 97       		.byte	-105
 974 03b5 42       		.byte	66
 975 03b6 AA       		.byte	-86
 976 03b7 01       		.byte	1
 977 03b8 B3       		.byte	-77
 978 03b9 08       		.byte	8
 979 03ba E6       		.byte	-26
 980 03bb 60       		.byte	96
 981 03bc EC       		.byte	-20
 982 03bd 80       		.byte	-128
 983 03be 42       		.byte	66
 984 03bf 04       		.byte	4
 985 03c0 43       		.byte	67
 986 03c1 80       		.byte	-128
 987 03c2 8A       		.byte	-118
 988 03c3 04       		.byte	4
 989 03c4 96       		.byte	-106
 990 03c5 80       		.byte	-128
 991 03c6 99       		.byte	-103
 992 03c7 02       		.byte	2
 993 03c8 9E       		.byte	-98
 994 03c9 40       		.byte	64
 995 03ca A7       		.byte	-89
 996 03cb 80       		.byte	-128
 997 03cc E4       		.byte	-28
 998 03cd 04       		.byte	4
 999 03ce 10       		.byte	16
 1000 03cf 80       		.byte	-128
 1001 03d0 75       		.byte	117
 1002 03d1 02       		.byte	2
 1003 03d2 88       		.byte	-120
 1004 03d3 80       		.byte	-128
 1005 03d4 99       		.byte	-103
 1006 03d5 02       		.byte	2
 1007 03d6 AA       		.byte	-86
 1008 03d7 40       		.byte	64
 1009 03d8 B2       		.byte	-78
 1010 03d9 40       		.byte	64
 1011 03da C4       		.byte	-60
 1012 03db 08       		.byte	8
 1013 03dc DE       		.byte	-34
 1014 03dd 04       		.byte	4
 1015 03de E6       		.byte	-26
 1016 03df 01       		.byte	1
 1017 03e0 EC       		.byte	-20
 1018 03e1 01       		.byte	1
 1019 03e2 00       		.byte	0
 1020 03e3 08       		.byte	8
 1021 03e4 01       		.byte	1
 1022 03e5 01       		.byte	1
 1023 03e6 0C       		.byte	12
 1024 03e7 08       		.byte	8
 1025 03e8 0D       		.byte	13
 1026 03e9 01       		.byte	1
ARM GAS  C:\Users\riveraes\AppData\Local\Temp\ccXBqxBU.s 			page 19


 1027 03ea 10       		.byte	16
 1028 03eb 0E       		.byte	14
 1029 03ec 11       		.byte	17
 1030 03ed 01       		.byte	1
 1031 03ee 1C       		.byte	28
 1032 03ef 0E       		.byte	14
 1033 03f0 1D       		.byte	29
 1034 03f1 01       		.byte	1
 1035 03f2 10       		.byte	16
 1036 03f3 AA       		.byte	-86
 1037 03f4 80       		.byte	-128
 1038 03f5 80       		.byte	-128
 1039 03f6 00       		.byte	0
 1040 03f7 00       		.byte	0
 1041 03f8 40       		.byte	64
 1042 03f9 00       		.byte	0
 1043 03fa 00       		.byte	0
 1044 03fb 00       		.byte	0
 1045 03fc 0C       		.byte	12
 1046 03fd 00       		.byte	0
 1047 03fe 00       		.byte	0
 1048 03ff 20       		.byte	32
 1049 0400 93       		.byte	-109
 1050 0401 1C       		.byte	28
 1051 0402 0C       		.byte	12
 1052 0403 42       		.byte	66
 1053 0404 9F       		.byte	-97
 1054 0405 08       		.byte	8
 1055 0406 00       		.byte	0
 1056 0407 00       		.byte	0
 1057 0408 00       		.byte	0
 1058 0409 04       		.byte	4
 1059 040a 13       		.byte	19
 1060 040b 00       		.byte	0
 1061 040c 02       		.byte	2
 1062 040d 1C       		.byte	28
 1063 040e 40       		.byte	64
 1064 040f 41       		.byte	65
 1065 0410 03       		.byte	3
 1066 0411 5F       		.byte	95
 1067 0412 20       		.byte	32
 1068 0413 00       		.byte	0
 1069 0414 00       		.byte	0
 1070 0415 47       		.byte	71
 1071 0416 00       		.byte	0
 1072 0417 18       		.byte	24
 1073 0418 0F       		.byte	15
 1074 0419 10       		.byte	16
 1075 041a 90       		.byte	-112
 1076 041b 00       		.byte	0
 1077 041c 08       		.byte	8
 1078 041d 00       		.byte	0
 1079 041e 00       		.byte	0
 1080 041f 20       		.byte	32
 1081 0420 04       		.byte	4
 1082 0421 18       		.byte	24
 1083 0422 00       		.byte	0
ARM GAS  C:\Users\riveraes\AppData\Local\Temp\ccXBqxBU.s 			page 20


 1084 0423 00       		.byte	0
 1085 0424 1C       		.byte	28
 1086 0425 00       		.byte	0
 1087 0426 83       		.byte	-125
 1088 0427 43       		.byte	67
 1089 0428 01       		.byte	1
 1090 0429 00       		.byte	0
 1091 042a 40       		.byte	64
 1092 042b 04       		.byte	4
 1093 042c 1C       		.byte	28
 1094 042d 58       		.byte	88
 1095 042e 80       		.byte	-128
 1096 042f 00       		.byte	0
 1097 0430 0F       		.byte	15
 1098 0431 1F       		.byte	31
 1099 0432 60       		.byte	96
 1100 0433 20       		.byte	32
 1101 0434 08       		.byte	8
 1102 0435 00       		.byte	0
 1103 0436 20       		.byte	32
 1104 0437 2A       		.byte	42
 1105 0438 00       		.byte	0
 1106 0439 00       		.byte	0
 1107 043a 40       		.byte	64
 1108 043b 40       		.byte	64
 1109 043c 62       		.byte	98
 1110 043d 03       		.byte	3
 1111 043e 04       		.byte	4
 1112 043f 00       		.byte	0
 1113 0440 01       		.byte	1
 1114 0441 00       		.byte	0
 1115 0442 00       		.byte	0
 1116 0443 CE       		.byte	-50
 1117 0444 30       		.byte	48
 1118 0445 FF       		.byte	-1
 1119 0446 FF       		.byte	-1
 1120 0447 FF       		.byte	-1
 1121 0448 62       		.byte	98
 1122 0449 A0       		.byte	-96
 1123 044a F0       		.byte	-16
 1124 044b 41       		.byte	65
 1125 044c 0C       		.byte	12
 1126 044d 00       		.byte	0
 1127 044e 00       		.byte	0
 1128 044f 00       		.byte	0
 1129 0450 00       		.byte	0
 1130 0451 00       		.byte	0
 1131 0452 00       		.byte	0
 1132 0453 00       		.byte	0
 1133 0454 04       		.byte	4
 1134 0455 04       		.byte	4
 1135 0456 04       		.byte	4
 1136 0457 00       		.byte	0
 1137 0458 33       		.byte	51
 1138 0459 03       		.byte	3
 1139 045a 00       		.byte	0
 1140 045b 01       		.byte	1
ARM GAS  C:\Users\riveraes\AppData\Local\Temp\ccXBqxBU.s 			page 21


 1141 045c 00       		.byte	0
 1142 045d 00       		.byte	0
 1143 045e 00       		.byte	0
 1144 045f 00       		.byte	0
 1145 0460 00       		.byte	0
 1146 0461 00       		.byte	0
 1147 0462 40       		.byte	64
 1148 0463 02       		.byte	2
 1149 0464 00       		.byte	0
 1150 0465 10       		.byte	16
 1151 0466 30       		.byte	48
 1152 0467 10       		.byte	16
 1153 0468 00       		.byte	0
 1154 0469 10       		.byte	16
 1155 046a 10       		.byte	16
 1156 046b 12       		.byte	18
 1157 046c 00       		.byte	0
 1158 046d 00       		.byte	0
 1159 046e 00       		.byte	0
 1160 046f 00       		.byte	0
 1161 0470 00       		.byte	0
 1162 0471 00       		.byte	0
 1163 0472 00       		.byte	0
 1164 0473 00       		.byte	0
 1165 0474 00       		.byte	0
 1166 0475 00       		.byte	0
 1167 0476 00       		.byte	0
 1168 0477 00       		.byte	0
 1169 0478 00       		.byte	0
 1170 0479 00       		.byte	0
 1171 047a 00       		.byte	0
 1172 047b 00       		.byte	0
 1173 047c 80       		.byte	-128
 1174 047d 00       		.byte	0
 1175 047e 40       		.byte	64
 1176 047f 84       		.byte	-124
 1177 0480 80       		.byte	-128
 1178 0481 00       		.byte	0
 1179 0482 80       		.byte	-128
 1180 0483 00       		.byte	0
 1181 0484 00       		.byte	0
 1182 0485 00       		.byte	0
 1183 0486 00       		.byte	0
 1184 0487 00       		.byte	0
 1185 0488 00       		.byte	0
 1186 0489 02       		.byte	2
 1187 048a 00       		.byte	0
 1188 048b 00       		.byte	0
 1189 048c 00       		.byte	0
 1190 048d 00       		.byte	0
 1191 048e 00       		.byte	0
 1192 048f 00       		.byte	0
 1193 0490 00       		.byte	0
 1194 0491 0B       		.byte	11
 1195 0492 0B       		.byte	11
 1196 0493 00       		.byte	0
 1197 0494 00       		.byte	0
ARM GAS  C:\Users\riveraes\AppData\Local\Temp\ccXBqxBU.s 			page 22


 1198 0495 00       		.byte	0
 1199 0496 00       		.byte	0
 1200 0497 00       		.byte	0
 1201 0498 00       		.byte	0
 1202 0499 00       		.byte	0
 1203 049a 00       		.byte	0
 1204 049b 00       		.byte	0
 1205 049c 00       		.byte	0
 1206 049d 00       		.byte	0
 1207 049e 01       		.byte	1
 1208 049f 00       		.byte	0
 1209 04a0 95       		.byte	-107
 1210 04a1 00       		.byte	0
 1211 04a2 18       		.byte	24
 1212 04a3 01       		.byte	1
 1213              		.global	cy_meta_custnvl
 1214              		.section	.cycustnvl,"a",%progbits
 1215              		.align	2
 1216              		.type	cy_meta_custnvl, %object
 1217              		.size	cy_meta_custnvl, 4
 1218              	cy_meta_custnvl:
 1219 0000 00       		.byte	0
 1220 0001 00       		.byte	0
 1221 0002 40       		.byte	64
 1222 0003 05       		.byte	5
 1223              		.global	cy_meta_wonvl
 1224              		.section	.cywolatch,"a",%progbits
 1225              		.align	2
 1226              		.type	cy_meta_wonvl, %object
 1227              		.size	cy_meta_wonvl, 4
 1228              	cy_meta_wonvl:
 1229 0000 BC       		.byte	-68
 1230 0001 90       		.byte	-112
 1231 0002 AC       		.byte	-84
 1232 0003 AF       		.byte	-81
 1233              		.global	cy_meta_flashprotect
 1234              		.section	.cyflashprotect,"a",%progbits
 1235              		.align	2
 1236              		.type	cy_meta_flashprotect, %object
 1237              		.size	cy_meta_flashprotect, 256
 1238              	cy_meta_flashprotect:
 1239 0000 00000000 		.space	256
 1239      00000000 
 1239      00000000 
 1239      00000000 
 1239      00000000 
 1240              		.global	cy_metadata
 1241              		.section	.cymeta,"a",%progbits
 1242              		.align	2
 1243              		.type	cy_metadata, %object
 1244              		.size	cy_metadata, 12
 1245              	cy_metadata:
 1246 0000 00       		.byte	0
 1247 0001 01       		.byte	1
 1248 0002 2E       		.byte	46
 1249 0003 16       		.byte	22
 1250 0004 10       		.byte	16
ARM GAS  C:\Users\riveraes\AppData\Local\Temp\ccXBqxBU.s 			page 23


 1251 0005 69       		.byte	105
 1252 0006 00       		.byte	0
 1253 0007 01       		.byte	1
 1254 0008 00       		.byte	0
 1255 0009 00       		.byte	0
 1256 000a 00       		.byte	0
 1257 000b 00       		.byte	0
 1258              		.text
 1259              	.Letext0:
 1260              		.file 1 "c:\\program files (x86)\\cypress\\psoc creator\\4.1\\psoc creator\\import\\gnu\\arm\\5.4.
 1261              		.file 2 "c:\\program files (x86)\\cypress\\psoc creator\\4.1\\psoc creator\\import\\gnu\\arm\\5.4.
 1262              		.file 3 "Generated_Source\\PSoC5\\cymetadata.c"
 1263              		.section	.debug_info,"",%progbits
 1264              	.Ldebug_info0:
 1265 0000 32010000 		.4byte	0x132
 1266 0004 0400     		.2byte	0x4
 1267 0006 00000000 		.4byte	.Ldebug_abbrev0
 1268 000a 04       		.byte	0x4
 1269 000b 01       		.uleb128 0x1
 1270 000c 0A000000 		.4byte	.LASF17
 1271 0010 0C       		.byte	0xc
 1272 0011 0F020000 		.4byte	.LASF18
 1273 0015 7E010000 		.4byte	.LASF19
 1274 0019 00000000 		.4byte	.Ldebug_line0
 1275 001d 02       		.uleb128 0x2
 1276 001e 01       		.byte	0x1
 1277 001f 06       		.byte	0x6
 1278 0020 72010000 		.4byte	.LASF0
 1279 0024 03       		.uleb128 0x3
 1280 0025 00000000 		.4byte	.LASF9
 1281 0029 01       		.byte	0x1
 1282 002a 1D       		.byte	0x1d
 1283 002b 2F000000 		.4byte	0x2f
 1284 002f 02       		.uleb128 0x2
 1285 0030 01       		.byte	0x1
 1286 0031 08       		.byte	0x8
 1287 0032 A4000000 		.4byte	.LASF1
 1288 0036 02       		.uleb128 0x2
 1289 0037 02       		.byte	0x2
 1290 0038 05       		.byte	0x5
 1291 0039 5F010000 		.4byte	.LASF2
 1292 003d 02       		.uleb128 0x2
 1293 003e 02       		.byte	0x2
 1294 003f 07       		.byte	0x7
 1295 0040 C4000000 		.4byte	.LASF3
 1296 0044 02       		.uleb128 0x2
 1297 0045 04       		.byte	0x4
 1298 0046 05       		.byte	0x5
 1299 0047 69010000 		.4byte	.LASF4
 1300 004b 02       		.uleb128 0x2
 1301 004c 04       		.byte	0x4
 1302 004d 07       		.byte	0x7
 1303 004e B2000000 		.4byte	.LASF5
 1304 0052 02       		.uleb128 0x2
 1305 0053 08       		.byte	0x8
 1306 0054 05       		.byte	0x5
 1307 0055 51010000 		.4byte	.LASF6
ARM GAS  C:\Users\riveraes\AppData\Local\Temp\ccXBqxBU.s 			page 24


 1308 0059 02       		.uleb128 0x2
 1309 005a 08       		.byte	0x8
 1310 005b 07       		.byte	0x7
 1311 005c 06010000 		.4byte	.LASF7
 1312 0060 04       		.uleb128 0x4
 1313 0061 04       		.byte	0x4
 1314 0062 05       		.byte	0x5
 1315 0063 696E7400 		.ascii	"int\000"
 1316 0067 02       		.uleb128 0x2
 1317 0068 04       		.byte	0x4
 1318 0069 07       		.byte	0x7
 1319 006a F9000000 		.4byte	.LASF8
 1320 006e 03       		.uleb128 0x3
 1321 006f 1D010000 		.4byte	.LASF10
 1322 0073 02       		.byte	0x2
 1323 0074 18       		.byte	0x18
 1324 0075 24000000 		.4byte	0x24
 1325 0079 05       		.uleb128 0x5
 1326 007a 91000000 		.4byte	0x91
 1327 007e 8A000000 		.4byte	0x8a
 1328 0082 06       		.uleb128 0x6
 1329 0083 8A000000 		.4byte	0x8a
 1330 0087 A304     		.2byte	0x4a3
 1331 0089 00       		.byte	0
 1332 008a 02       		.uleb128 0x2
 1333 008b 04       		.byte	0x4
 1334 008c 07       		.byte	0x7
 1335 008d 48010000 		.4byte	.LASF11
 1336 0091 07       		.uleb128 0x7
 1337 0092 6E000000 		.4byte	0x6e
 1338 0096 08       		.uleb128 0x8
 1339 0097 E7000000 		.4byte	.LASF12
 1340 009b 03       		.byte	0x3
 1341 009c 1F       		.byte	0x1f
 1342 009d A7000000 		.4byte	0xa7
 1343 00a1 05       		.uleb128 0x5
 1344 00a2 03       		.byte	0x3
 1345 00a3 00000000 		.4byte	cy_meta_configecc
 1346 00a7 07       		.uleb128 0x7
 1347 00a8 79000000 		.4byte	0x79
 1348 00ac 05       		.uleb128 0x5
 1349 00ad 91000000 		.4byte	0x91
 1350 00b1 BC000000 		.4byte	0xbc
 1351 00b5 09       		.uleb128 0x9
 1352 00b6 8A000000 		.4byte	0x8a
 1353 00ba 03       		.byte	0x3
 1354 00bb 00       		.byte	0
 1355 00bc 08       		.uleb128 0x8
 1356 00bd D7000000 		.4byte	.LASF13
 1357 00c1 03       		.byte	0x3
 1358 00c2 C1       		.byte	0xc1
 1359 00c3 CD000000 		.4byte	0xcd
 1360 00c7 05       		.uleb128 0x5
 1361 00c8 03       		.byte	0x3
 1362 00c9 00000000 		.4byte	cy_meta_custnvl
 1363 00cd 07       		.uleb128 0x7
 1364 00ce AC000000 		.4byte	0xac
ARM GAS  C:\Users\riveraes\AppData\Local\Temp\ccXBqxBU.s 			page 25


 1365 00d2 08       		.uleb128 0x8
 1366 00d3 3A010000 		.4byte	.LASF14
 1367 00d7 03       		.byte	0x3
 1368 00d8 CF       		.byte	0xcf
 1369 00d9 E3000000 		.4byte	0xe3
 1370 00dd 05       		.uleb128 0x5
 1371 00de 03       		.byte	0x3
 1372 00df 00000000 		.4byte	cy_meta_wonvl
 1373 00e3 07       		.uleb128 0x7
 1374 00e4 AC000000 		.4byte	0xac
 1375 00e8 05       		.uleb128 0x5
 1376 00e9 91000000 		.4byte	0x91
 1377 00ed F8000000 		.4byte	0xf8
 1378 00f1 09       		.uleb128 0x9
 1379 00f2 8A000000 		.4byte	0x8a
 1380 00f6 FF       		.byte	0xff
 1381 00f7 00       		.byte	0
 1382 00f8 08       		.uleb128 0x8
 1383 00f9 25010000 		.4byte	.LASF15
 1384 00fd 03       		.byte	0x3
 1385 00fe DD       		.byte	0xdd
 1386 00ff 09010000 		.4byte	0x109
 1387 0103 05       		.uleb128 0x5
 1388 0104 03       		.byte	0x3
 1389 0105 00000000 		.4byte	cy_meta_flashprotect
 1390 0109 07       		.uleb128 0x7
 1391 010a E8000000 		.4byte	0xe8
 1392 010e 05       		.uleb128 0x5
 1393 010f 91000000 		.4byte	0x91
 1394 0113 1E010000 		.4byte	0x11e
 1395 0117 09       		.uleb128 0x9
 1396 0118 8A000000 		.4byte	0x8a
 1397 011c 0B       		.byte	0xb
 1398 011d 00       		.byte	0
 1399 011e 0A       		.uleb128 0xa
 1400 011f 98000000 		.4byte	.LASF16
 1401 0123 03       		.byte	0x3
 1402 0124 0A01     		.2byte	0x10a
 1403 0126 30010000 		.4byte	0x130
 1404 012a 05       		.uleb128 0x5
 1405 012b 03       		.byte	0x3
 1406 012c 00000000 		.4byte	cy_metadata
 1407 0130 07       		.uleb128 0x7
 1408 0131 0E010000 		.4byte	0x10e
 1409 0135 00       		.byte	0
 1410              		.section	.debug_abbrev,"",%progbits
 1411              	.Ldebug_abbrev0:
 1412 0000 01       		.uleb128 0x1
 1413 0001 11       		.uleb128 0x11
 1414 0002 01       		.byte	0x1
 1415 0003 25       		.uleb128 0x25
 1416 0004 0E       		.uleb128 0xe
 1417 0005 13       		.uleb128 0x13
 1418 0006 0B       		.uleb128 0xb
 1419 0007 03       		.uleb128 0x3
 1420 0008 0E       		.uleb128 0xe
 1421 0009 1B       		.uleb128 0x1b
ARM GAS  C:\Users\riveraes\AppData\Local\Temp\ccXBqxBU.s 			page 26


 1422 000a 0E       		.uleb128 0xe
 1423 000b 10       		.uleb128 0x10
 1424 000c 17       		.uleb128 0x17
 1425 000d 00       		.byte	0
 1426 000e 00       		.byte	0
 1427 000f 02       		.uleb128 0x2
 1428 0010 24       		.uleb128 0x24
 1429 0011 00       		.byte	0
 1430 0012 0B       		.uleb128 0xb
 1431 0013 0B       		.uleb128 0xb
 1432 0014 3E       		.uleb128 0x3e
 1433 0015 0B       		.uleb128 0xb
 1434 0016 03       		.uleb128 0x3
 1435 0017 0E       		.uleb128 0xe
 1436 0018 00       		.byte	0
 1437 0019 00       		.byte	0
 1438 001a 03       		.uleb128 0x3
 1439 001b 16       		.uleb128 0x16
 1440 001c 00       		.byte	0
 1441 001d 03       		.uleb128 0x3
 1442 001e 0E       		.uleb128 0xe
 1443 001f 3A       		.uleb128 0x3a
 1444 0020 0B       		.uleb128 0xb
 1445 0021 3B       		.uleb128 0x3b
 1446 0022 0B       		.uleb128 0xb
 1447 0023 49       		.uleb128 0x49
 1448 0024 13       		.uleb128 0x13
 1449 0025 00       		.byte	0
 1450 0026 00       		.byte	0
 1451 0027 04       		.uleb128 0x4
 1452 0028 24       		.uleb128 0x24
 1453 0029 00       		.byte	0
 1454 002a 0B       		.uleb128 0xb
 1455 002b 0B       		.uleb128 0xb
 1456 002c 3E       		.uleb128 0x3e
 1457 002d 0B       		.uleb128 0xb
 1458 002e 03       		.uleb128 0x3
 1459 002f 08       		.uleb128 0x8
 1460 0030 00       		.byte	0
 1461 0031 00       		.byte	0
 1462 0032 05       		.uleb128 0x5
 1463 0033 01       		.uleb128 0x1
 1464 0034 01       		.byte	0x1
 1465 0035 49       		.uleb128 0x49
 1466 0036 13       		.uleb128 0x13
 1467 0037 01       		.uleb128 0x1
 1468 0038 13       		.uleb128 0x13
 1469 0039 00       		.byte	0
 1470 003a 00       		.byte	0
 1471 003b 06       		.uleb128 0x6
 1472 003c 21       		.uleb128 0x21
 1473 003d 00       		.byte	0
 1474 003e 49       		.uleb128 0x49
 1475 003f 13       		.uleb128 0x13
 1476 0040 2F       		.uleb128 0x2f
 1477 0041 05       		.uleb128 0x5
 1478 0042 00       		.byte	0
ARM GAS  C:\Users\riveraes\AppData\Local\Temp\ccXBqxBU.s 			page 27


 1479 0043 00       		.byte	0
 1480 0044 07       		.uleb128 0x7
 1481 0045 26       		.uleb128 0x26
 1482 0046 00       		.byte	0
 1483 0047 49       		.uleb128 0x49
 1484 0048 13       		.uleb128 0x13
 1485 0049 00       		.byte	0
 1486 004a 00       		.byte	0
 1487 004b 08       		.uleb128 0x8
 1488 004c 34       		.uleb128 0x34
 1489 004d 00       		.byte	0
 1490 004e 03       		.uleb128 0x3
 1491 004f 0E       		.uleb128 0xe
 1492 0050 3A       		.uleb128 0x3a
 1493 0051 0B       		.uleb128 0xb
 1494 0052 3B       		.uleb128 0x3b
 1495 0053 0B       		.uleb128 0xb
 1496 0054 49       		.uleb128 0x49
 1497 0055 13       		.uleb128 0x13
 1498 0056 3F       		.uleb128 0x3f
 1499 0057 19       		.uleb128 0x19
 1500 0058 02       		.uleb128 0x2
 1501 0059 18       		.uleb128 0x18
 1502 005a 00       		.byte	0
 1503 005b 00       		.byte	0
 1504 005c 09       		.uleb128 0x9
 1505 005d 21       		.uleb128 0x21
 1506 005e 00       		.byte	0
 1507 005f 49       		.uleb128 0x49
 1508 0060 13       		.uleb128 0x13
 1509 0061 2F       		.uleb128 0x2f
 1510 0062 0B       		.uleb128 0xb
 1511 0063 00       		.byte	0
 1512 0064 00       		.byte	0
 1513 0065 0A       		.uleb128 0xa
 1514 0066 34       		.uleb128 0x34
 1515 0067 00       		.byte	0
 1516 0068 03       		.uleb128 0x3
 1517 0069 0E       		.uleb128 0xe
 1518 006a 3A       		.uleb128 0x3a
 1519 006b 0B       		.uleb128 0xb
 1520 006c 3B       		.uleb128 0x3b
 1521 006d 05       		.uleb128 0x5
 1522 006e 49       		.uleb128 0x49
 1523 006f 13       		.uleb128 0x13
 1524 0070 3F       		.uleb128 0x3f
 1525 0071 19       		.uleb128 0x19
 1526 0072 02       		.uleb128 0x2
 1527 0073 18       		.uleb128 0x18
 1528 0074 00       		.byte	0
 1529 0075 00       		.byte	0
 1530 0076 00       		.byte	0
 1531              		.section	.debug_aranges,"",%progbits
 1532 0000 14000000 		.4byte	0x14
 1533 0004 0200     		.2byte	0x2
 1534 0006 00000000 		.4byte	.Ldebug_info0
 1535 000a 04       		.byte	0x4
ARM GAS  C:\Users\riveraes\AppData\Local\Temp\ccXBqxBU.s 			page 28


 1536 000b 00       		.byte	0
 1537 000c 0000     		.2byte	0
 1538 000e 0000     		.2byte	0
 1539 0010 00000000 		.4byte	0
 1540 0014 00000000 		.4byte	0
 1541              		.section	.debug_line,"",%progbits
 1542              	.Ldebug_line0:
 1543 0000 3D010000 		.section	.debug_str,"MS",%progbits,1
 1543      02003701 
 1543      00000201 
 1543      FB0E0D00 
 1543      01010101 
 1544              	.LASF9:
 1545 0000 5F5F7569 		.ascii	"__uint8_t\000"
 1545      6E74385F 
 1545      7400
 1546              	.LASF17:
 1547 000a 474E5520 		.ascii	"GNU C11 5.4.1 20160609 (release) [ARM/embedded-5-br"
 1547      43313120 
 1547      352E342E 
 1547      31203230 
 1547      31363036 
 1548 003d 616E6368 		.ascii	"anch revision 237715] -mcpu=cortex-m3 -mthumb -g -O"
 1548      20726576 
 1548      6973696F 
 1548      6E203233 
 1548      37373135 
 1549 0070 30202D66 		.ascii	"0 -ffunction-sections -ffat-lto-objects\000"
 1549      66756E63 
 1549      74696F6E 
 1549      2D736563 
 1549      74696F6E 
 1550              	.LASF16:
 1551 0098 63795F6D 		.ascii	"cy_metadata\000"
 1551      65746164 
 1551      61746100 
 1552              	.LASF1:
 1553 00a4 756E7369 		.ascii	"unsigned char\000"
 1553      676E6564 
 1553      20636861 
 1553      7200
 1554              	.LASF5:
 1555 00b2 6C6F6E67 		.ascii	"long unsigned int\000"
 1555      20756E73 
 1555      69676E65 
 1555      6420696E 
 1555      7400
 1556              	.LASF3:
 1557 00c4 73686F72 		.ascii	"short unsigned int\000"
 1557      7420756E 
 1557      7369676E 
 1557      65642069 
 1557      6E7400
 1558              	.LASF13:
 1559 00d7 63795F6D 		.ascii	"cy_meta_custnvl\000"
 1559      6574615F 
 1559      63757374 
ARM GAS  C:\Users\riveraes\AppData\Local\Temp\ccXBqxBU.s 			page 29


 1559      6E766C00 
 1560              	.LASF12:
 1561 00e7 63795F6D 		.ascii	"cy_meta_configecc\000"
 1561      6574615F 
 1561      636F6E66 
 1561      69676563 
 1561      6300
 1562              	.LASF8:
 1563 00f9 756E7369 		.ascii	"unsigned int\000"
 1563      676E6564 
 1563      20696E74 
 1563      00
 1564              	.LASF7:
 1565 0106 6C6F6E67 		.ascii	"long long unsigned int\000"
 1565      206C6F6E 
 1565      6720756E 
 1565      7369676E 
 1565      65642069 
 1566              	.LASF10:
 1567 011d 75696E74 		.ascii	"uint8_t\000"
 1567      385F7400 
 1568              	.LASF15:
 1569 0125 63795F6D 		.ascii	"cy_meta_flashprotect\000"
 1569      6574615F 
 1569      666C6173 
 1569      6870726F 
 1569      74656374 
 1570              	.LASF14:
 1571 013a 63795F6D 		.ascii	"cy_meta_wonvl\000"
 1571      6574615F 
 1571      776F6E76 
 1571      6C00
 1572              	.LASF11:
 1573 0148 73697A65 		.ascii	"sizetype\000"
 1573      74797065 
 1573      00
 1574              	.LASF6:
 1575 0151 6C6F6E67 		.ascii	"long long int\000"
 1575      206C6F6E 
 1575      6720696E 
 1575      7400
 1576              	.LASF2:
 1577 015f 73686F72 		.ascii	"short int\000"
 1577      7420696E 
 1577      7400
 1578              	.LASF4:
 1579 0169 6C6F6E67 		.ascii	"long int\000"
 1579      20696E74 
 1579      00
 1580              	.LASF0:
 1581 0172 7369676E 		.ascii	"signed char\000"
 1581      65642063 
 1581      68617200 
 1582              	.LASF19:
 1583 017e 433A5C55 		.ascii	"C:\\Users\\riveraes\\Documents\\LaptopPublic\\Maest"
 1583      73657273 
 1583      5C726976 
ARM GAS  C:\Users\riveraes\AppData\Local\Temp\ccXBqxBU.s 			page 30


 1583      65726165 
 1583      735C446F 
 1584 01ac 7269615C 		.ascii	"ria\\MP6157_Adquisicion y procesamiento de datos\\D"
 1584      4D503631 
 1584      35375F41 
 1584      64717569 
 1584      73696369 
 1585 01dd 75616C54 		.ascii	"ualToneMultiFrequency\\DTMF_Projects\\DTMF_TX.cydsn"
 1585      6F6E654D 
 1585      756C7469 
 1585      46726571 
 1585      75656E63 
 1586 020e 00       		.ascii	"\000"
 1587              	.LASF18:
 1588 020f 47656E65 		.ascii	"Generated_Source\\PSoC5\\cymetadata.c\000"
 1588      72617465 
 1588      645F536F 
 1588      75726365 
 1588      5C50536F 
 1589              		.ident	"GCC: (GNU Tools for ARM Embedded Processors) 5.4.1 20160609 (release) [ARM/embedded-5-bran
