ARM GAS  C:\Users\riveraes\AppData\Local\Temp\ccEOKd1l.s 			page 1


   1              		.syntax unified
   2              		.cpu cortex-m3
   3              		.fpu softvfp
   4              		.eabi_attribute 20, 1
   5              		.eabi_attribute 21, 1
   6              		.eabi_attribute 23, 3
   7              		.eabi_attribute 24, 1
   8              		.eabi_attribute 25, 1
   9              		.eabi_attribute 26, 1
  10              		.eabi_attribute 30, 6
  11              		.eabi_attribute 34, 1
  12              		.eabi_attribute 18, 4
  13              		.thumb
  14              		.syntax unified
  15              		.file	"HF_DAC_1.c"
  16              		.text
  17              	.Ltext0:
  18              		.cfi_sections	.debug_frame
  19              		.global	HF_DAC_1_initVar
  20              		.bss
  21              		.type	HF_DAC_1_initVar, %object
  22              		.size	HF_DAC_1_initVar, 1
  23              	HF_DAC_1_initVar:
  24 0000 00       		.space	1
  25              		.global	HF_DAC_1_wave1
  26              		.section	.rodata
  27              		.align	2
  28              		.type	HF_DAC_1_wave1, %object
  29              		.size	HF_DAC_1_wave1, 300
  30              	HF_DAC_1_wave1:
  31 0000 80       		.byte	-128
  32 0001 81       		.byte	-127
  33 0002 82       		.byte	-126
  34 0003 83       		.byte	-125
  35 0004 85       		.byte	-123
  36 0005 86       		.byte	-122
  37 0006 87       		.byte	-121
  38 0007 89       		.byte	-119
  39 0008 8A       		.byte	-118
  40 0009 8B       		.byte	-117
  41 000a 8C       		.byte	-116
  42 000b 8E       		.byte	-114
  43 000c 8F       		.byte	-113
  44 000d 90       		.byte	-112
  45 000e 92       		.byte	-110
  46 000f 93       		.byte	-109
  47 0010 94       		.byte	-108
  48 0011 95       		.byte	-107
  49 0012 97       		.byte	-105
  50 0013 98       		.byte	-104
  51 0014 99       		.byte	-103
  52 0015 9A       		.byte	-102
  53 0016 9B       		.byte	-101
  54 0017 9C       		.byte	-100
  55 0018 9E       		.byte	-98
  56 0019 9F       		.byte	-97
  57 001a A0       		.byte	-96
ARM GAS  C:\Users\riveraes\AppData\Local\Temp\ccEOKd1l.s 			page 2


  58 001b A1       		.byte	-95
  59 001c A2       		.byte	-94
  60 001d A3       		.byte	-93
  61 001e A4       		.byte	-92
  62 001f A5       		.byte	-91
  63 0020 A6       		.byte	-90
  64 0021 A7       		.byte	-89
  65 0022 A8       		.byte	-88
  66 0023 A9       		.byte	-87
  67 0024 AA       		.byte	-86
  68 0025 AB       		.byte	-85
  69 0026 AC       		.byte	-84
  70 0027 AD       		.byte	-83
  71 0028 AE       		.byte	-82
  72 0029 AF       		.byte	-81
  73 002a B0       		.byte	-80
  74 002b B0       		.byte	-80
  75 002c B1       		.byte	-79
  76 002d B2       		.byte	-78
  77 002e B3       		.byte	-77
  78 002f B4       		.byte	-76
  79 0030 B4       		.byte	-76
  80 0031 B5       		.byte	-75
  81 0032 B6       		.byte	-74
  82 0033 B6       		.byte	-74
  83 0034 B7       		.byte	-73
  84 0035 B7       		.byte	-73
  85 0036 B8       		.byte	-72
  86 0037 B9       		.byte	-71
  87 0038 B9       		.byte	-71
  88 0039 BA       		.byte	-70
  89 003a BA       		.byte	-70
  90 003b BB       		.byte	-69
  91 003c BB       		.byte	-69
  92 003d BB       		.byte	-69
  93 003e BC       		.byte	-68
  94 003f BC       		.byte	-68
  95 0040 BC       		.byte	-68
  96 0041 BD       		.byte	-67
  97 0042 BD       		.byte	-67
  98 0043 BD       		.byte	-67
  99 0044 BD       		.byte	-67
 100 0045 BE       		.byte	-66
 101 0046 BE       		.byte	-66
 102 0047 BE       		.byte	-66
 103 0048 BE       		.byte	-66
 104 0049 BE       		.byte	-66
 105 004a BE       		.byte	-66
 106 004b BE       		.byte	-66
 107 004c BE       		.byte	-66
 108 004d BE       		.byte	-66
 109 004e BE       		.byte	-66
 110 004f BE       		.byte	-66
 111 0050 BE       		.byte	-66
 112 0051 BE       		.byte	-66
 113 0052 BD       		.byte	-67
 114 0053 BD       		.byte	-67
ARM GAS  C:\Users\riveraes\AppData\Local\Temp\ccEOKd1l.s 			page 3


 115 0054 BD       		.byte	-67
 116 0055 BD       		.byte	-67
 117 0056 BC       		.byte	-68
 118 0057 BC       		.byte	-68
 119 0058 BC       		.byte	-68
 120 0059 BB       		.byte	-69
 121 005a BB       		.byte	-69
 122 005b BB       		.byte	-69
 123 005c BA       		.byte	-70
 124 005d BA       		.byte	-70
 125 005e B9       		.byte	-71
 126 005f B9       		.byte	-71
 127 0060 B8       		.byte	-72
 128 0061 B7       		.byte	-73
 129 0062 B7       		.byte	-73
 130 0063 B6       		.byte	-74
 131 0064 B6       		.byte	-74
 132 0065 B5       		.byte	-75
 133 0066 B4       		.byte	-76
 134 0067 B4       		.byte	-76
 135 0068 B3       		.byte	-77
 136 0069 B2       		.byte	-78
 137 006a B1       		.byte	-79
 138 006b B0       		.byte	-80
 139 006c B0       		.byte	-80
 140 006d AF       		.byte	-81
 141 006e AE       		.byte	-82
 142 006f AD       		.byte	-83
 143 0070 AC       		.byte	-84
 144 0071 AB       		.byte	-85
 145 0072 AA       		.byte	-86
 146 0073 A9       		.byte	-87
 147 0074 A8       		.byte	-88
 148 0075 A7       		.byte	-89
 149 0076 A6       		.byte	-90
 150 0077 A5       		.byte	-91
 151 0078 A4       		.byte	-92
 152 0079 A3       		.byte	-93
 153 007a A2       		.byte	-94
 154 007b A1       		.byte	-95
 155 007c A0       		.byte	-96
 156 007d 9F       		.byte	-97
 157 007e 9E       		.byte	-98
 158 007f 9C       		.byte	-100
 159 0080 9B       		.byte	-101
 160 0081 9A       		.byte	-102
 161 0082 99       		.byte	-103
 162 0083 98       		.byte	-104
 163 0084 97       		.byte	-105
 164 0085 95       		.byte	-107
 165 0086 94       		.byte	-108
 166 0087 93       		.byte	-109
 167 0088 92       		.byte	-110
 168 0089 90       		.byte	-112
 169 008a 8F       		.byte	-113
 170 008b 8E       		.byte	-114
 171 008c 8C       		.byte	-116
ARM GAS  C:\Users\riveraes\AppData\Local\Temp\ccEOKd1l.s 			page 4


 172 008d 8B       		.byte	-117
 173 008e 8A       		.byte	-118
 174 008f 89       		.byte	-119
 175 0090 87       		.byte	-121
 176 0091 86       		.byte	-122
 177 0092 85       		.byte	-123
 178 0093 83       		.byte	-125
 179 0094 82       		.byte	-126
 180 0095 81       		.byte	-127
 181 0096 80       		.byte	-128
 182 0097 7E       		.byte	126
 183 0098 7D       		.byte	125
 184 0099 7C       		.byte	124
 185 009a 7A       		.byte	122
 186 009b 79       		.byte	121
 187 009c 78       		.byte	120
 188 009d 76       		.byte	118
 189 009e 75       		.byte	117
 190 009f 74       		.byte	116
 191 00a0 73       		.byte	115
 192 00a1 71       		.byte	113
 193 00a2 70       		.byte	112
 194 00a3 6F       		.byte	111
 195 00a4 6D       		.byte	109
 196 00a5 6C       		.byte	108
 197 00a6 6B       		.byte	107
 198 00a7 6A       		.byte	106
 199 00a8 68       		.byte	104
 200 00a9 67       		.byte	103
 201 00aa 66       		.byte	102
 202 00ab 65       		.byte	101
 203 00ac 64       		.byte	100
 204 00ad 63       		.byte	99
 205 00ae 61       		.byte	97
 206 00af 60       		.byte	96
 207 00b0 5F       		.byte	95
 208 00b1 5E       		.byte	94
 209 00b2 5D       		.byte	93
 210 00b3 5C       		.byte	92
 211 00b4 5B       		.byte	91
 212 00b5 5A       		.byte	90
 213 00b6 59       		.byte	89
 214 00b7 58       		.byte	88
 215 00b8 57       		.byte	87
 216 00b9 56       		.byte	86
 217 00ba 55       		.byte	85
 218 00bb 54       		.byte	84
 219 00bc 53       		.byte	83
 220 00bd 52       		.byte	82
 221 00be 51       		.byte	81
 222 00bf 50       		.byte	80
 223 00c0 4F       		.byte	79
 224 00c1 4F       		.byte	79
 225 00c2 4E       		.byte	78
 226 00c3 4D       		.byte	77
 227 00c4 4C       		.byte	76
 228 00c5 4B       		.byte	75
ARM GAS  C:\Users\riveraes\AppData\Local\Temp\ccEOKd1l.s 			page 5


 229 00c6 4B       		.byte	75
 230 00c7 4A       		.byte	74
 231 00c8 49       		.byte	73
 232 00c9 49       		.byte	73
 233 00ca 48       		.byte	72
 234 00cb 48       		.byte	72
 235 00cc 47       		.byte	71
 236 00cd 46       		.byte	70
 237 00ce 46       		.byte	70
 238 00cf 45       		.byte	69
 239 00d0 45       		.byte	69
 240 00d1 44       		.byte	68
 241 00d2 44       		.byte	68
 242 00d3 44       		.byte	68
 243 00d4 43       		.byte	67
 244 00d5 43       		.byte	67
 245 00d6 43       		.byte	67
 246 00d7 42       		.byte	66
 247 00d8 42       		.byte	66
 248 00d9 42       		.byte	66
 249 00da 42       		.byte	66
 250 00db 41       		.byte	65
 251 00dc 41       		.byte	65
 252 00dd 41       		.byte	65
 253 00de 41       		.byte	65
 254 00df 41       		.byte	65
 255 00e0 41       		.byte	65
 256 00e1 41       		.byte	65
 257 00e2 41       		.byte	65
 258 00e3 41       		.byte	65
 259 00e4 41       		.byte	65
 260 00e5 41       		.byte	65
 261 00e6 41       		.byte	65
 262 00e7 41       		.byte	65
 263 00e8 42       		.byte	66
 264 00e9 42       		.byte	66
 265 00ea 42       		.byte	66
 266 00eb 42       		.byte	66
 267 00ec 43       		.byte	67
 268 00ed 43       		.byte	67
 269 00ee 43       		.byte	67
 270 00ef 44       		.byte	68
 271 00f0 44       		.byte	68
 272 00f1 44       		.byte	68
 273 00f2 45       		.byte	69
 274 00f3 45       		.byte	69
 275 00f4 46       		.byte	70
 276 00f5 46       		.byte	70
 277 00f6 47       		.byte	71
 278 00f7 48       		.byte	72
 279 00f8 48       		.byte	72
 280 00f9 49       		.byte	73
 281 00fa 49       		.byte	73
 282 00fb 4A       		.byte	74
 283 00fc 4B       		.byte	75
 284 00fd 4B       		.byte	75
 285 00fe 4C       		.byte	76
ARM GAS  C:\Users\riveraes\AppData\Local\Temp\ccEOKd1l.s 			page 6


 286 00ff 4D       		.byte	77
 287 0100 4E       		.byte	78
 288 0101 4F       		.byte	79
 289 0102 4F       		.byte	79
 290 0103 50       		.byte	80
 291 0104 51       		.byte	81
 292 0105 52       		.byte	82
 293 0106 53       		.byte	83
 294 0107 54       		.byte	84
 295 0108 55       		.byte	85
 296 0109 56       		.byte	86
 297 010a 57       		.byte	87
 298 010b 58       		.byte	88
 299 010c 59       		.byte	89
 300 010d 5A       		.byte	90
 301 010e 5B       		.byte	91
 302 010f 5C       		.byte	92
 303 0110 5D       		.byte	93
 304 0111 5E       		.byte	94
 305 0112 5F       		.byte	95
 306 0113 60       		.byte	96
 307 0114 61       		.byte	97
 308 0115 63       		.byte	99
 309 0116 64       		.byte	100
 310 0117 65       		.byte	101
 311 0118 66       		.byte	102
 312 0119 67       		.byte	103
 313 011a 68       		.byte	104
 314 011b 6A       		.byte	106
 315 011c 6B       		.byte	107
 316 011d 6C       		.byte	108
 317 011e 6D       		.byte	109
 318 011f 6F       		.byte	111
 319 0120 70       		.byte	112
 320 0121 71       		.byte	113
 321 0122 73       		.byte	115
 322 0123 74       		.byte	116
 323 0124 75       		.byte	117
 324 0125 76       		.byte	118
 325 0126 78       		.byte	120
 326 0127 79       		.byte	121
 327 0128 7A       		.byte	122
 328 0129 7C       		.byte	124
 329 012a 7D       		.byte	125
 330 012b 7E       		.byte	126
 331              		.global	HF_DAC_1_wave2
 332              		.align	2
 333              		.type	HF_DAC_1_wave2, %object
 334              		.size	HF_DAC_1_wave2, 4
 335              	HF_DAC_1_wave2:
 336 012c 80       		.byte	-128
 337 012d 80       		.byte	-128
 338 012e 80       		.byte	-128
 339 012f 80       		.byte	-128
 340              		.bss
 341              	HF_DAC_1_Wave1Chan:
 342 0001 00       		.space	1
ARM GAS  C:\Users\riveraes\AppData\Local\Temp\ccEOKd1l.s 			page 7


 343              	HF_DAC_1_Wave2Chan:
 344 0002 00       		.space	1
 345              	HF_DAC_1_Wave1TD:
 346 0003 00       		.space	1
 347              	HF_DAC_1_Wave2TD:
 348 0004 00       		.space	1
 349              		.section	.text.HF_DAC_1_Init,"ax",%progbits
 350              		.align	2
 351              		.global	HF_DAC_1_Init
 352              		.thumb
 353              		.thumb_func
 354              		.type	HF_DAC_1_Init, %function
 355              	HF_DAC_1_Init:
 356              	.LFB0:
 357              		.file 1 "Generated_Source\\PSoC5\\HF_DAC_1.c"
   1:Generated_Source\PSoC5/HF_DAC_1.c **** /*******************************************************************************
   2:Generated_Source\PSoC5/HF_DAC_1.c **** * File Name: HF_DAC_1.c
   3:Generated_Source\PSoC5/HF_DAC_1.c **** * Version 2.10
   4:Generated_Source\PSoC5/HF_DAC_1.c **** *
   5:Generated_Source\PSoC5/HF_DAC_1.c **** * Description:
   6:Generated_Source\PSoC5/HF_DAC_1.c **** *  This file provides the source code for the 8-bit Waveform DAC 
   7:Generated_Source\PSoC5/HF_DAC_1.c **** *  (WaveDAC8) Component.
   8:Generated_Source\PSoC5/HF_DAC_1.c **** *
   9:Generated_Source\PSoC5/HF_DAC_1.c **** ********************************************************************************
  10:Generated_Source\PSoC5/HF_DAC_1.c **** * Copyright 2013, Cypress Semiconductor Corporation.  All rights reserved.
  11:Generated_Source\PSoC5/HF_DAC_1.c **** * You may use this file only in accordance with the license, terms, conditions,
  12:Generated_Source\PSoC5/HF_DAC_1.c **** * disclaimers, and limitations in the end user license agreement accompanying
  13:Generated_Source\PSoC5/HF_DAC_1.c **** * the software package with which this file was provided.
  14:Generated_Source\PSoC5/HF_DAC_1.c **** *******************************************************************************/
  15:Generated_Source\PSoC5/HF_DAC_1.c **** 
  16:Generated_Source\PSoC5/HF_DAC_1.c **** #include "HF_DAC_1.h"
  17:Generated_Source\PSoC5/HF_DAC_1.c **** 
  18:Generated_Source\PSoC5/HF_DAC_1.c **** uint8  HF_DAC_1_initVar = 0u;
  19:Generated_Source\PSoC5/HF_DAC_1.c **** 
  20:Generated_Source\PSoC5/HF_DAC_1.c **** const uint8 CYCODE HF_DAC_1_wave1[HF_DAC_1_WAVE1_LENGTH] = { 128u,129u,130u,131u,133u,134u,135u,137
  21:Generated_Source\PSoC5/HF_DAC_1.c **** const uint8 CYCODE HF_DAC_1_wave2[HF_DAC_1_WAVE2_LENGTH] = { 128u,128u,128u,128u };
  22:Generated_Source\PSoC5/HF_DAC_1.c **** 
  23:Generated_Source\PSoC5/HF_DAC_1.c **** static uint8  HF_DAC_1_Wave1Chan;
  24:Generated_Source\PSoC5/HF_DAC_1.c **** static uint8  HF_DAC_1_Wave2Chan;
  25:Generated_Source\PSoC5/HF_DAC_1.c **** static uint8  HF_DAC_1_Wave1TD;
  26:Generated_Source\PSoC5/HF_DAC_1.c **** static uint8  HF_DAC_1_Wave2TD;
  27:Generated_Source\PSoC5/HF_DAC_1.c **** 
  28:Generated_Source\PSoC5/HF_DAC_1.c **** 
  29:Generated_Source\PSoC5/HF_DAC_1.c **** /*******************************************************************************
  30:Generated_Source\PSoC5/HF_DAC_1.c **** * Function Name: HF_DAC_1_Init
  31:Generated_Source\PSoC5/HF_DAC_1.c **** ********************************************************************************
  32:Generated_Source\PSoC5/HF_DAC_1.c **** *
  33:Generated_Source\PSoC5/HF_DAC_1.c **** * Summary:
  34:Generated_Source\PSoC5/HF_DAC_1.c **** *  Initializes component with parameters set in the customizer.
  35:Generated_Source\PSoC5/HF_DAC_1.c **** *
  36:Generated_Source\PSoC5/HF_DAC_1.c **** * Parameters:  
  37:Generated_Source\PSoC5/HF_DAC_1.c **** *  None
  38:Generated_Source\PSoC5/HF_DAC_1.c **** *
  39:Generated_Source\PSoC5/HF_DAC_1.c **** * Return: 
  40:Generated_Source\PSoC5/HF_DAC_1.c **** *  None
  41:Generated_Source\PSoC5/HF_DAC_1.c **** *
  42:Generated_Source\PSoC5/HF_DAC_1.c **** *******************************************************************************/
ARM GAS  C:\Users\riveraes\AppData\Local\Temp\ccEOKd1l.s 			page 8


  43:Generated_Source\PSoC5/HF_DAC_1.c **** void HF_DAC_1_Init(void) 
  44:Generated_Source\PSoC5/HF_DAC_1.c **** {
 358              		.loc 1 44 0
 359              		.cfi_startproc
 360              		@ args = 0, pretend = 0, frame = 0
 361              		@ frame_needed = 1, uses_anonymous_args = 0
 362 0000 80B5     		push	{r7, lr}
 363              		.cfi_def_cfa_offset 8
 364              		.cfi_offset 7, -8
 365              		.cfi_offset 14, -4
 366 0002 00AF     		add	r7, sp, #0
 367              		.cfi_def_cfa_register 7
  45:Generated_Source\PSoC5/HF_DAC_1.c **** 	HF_DAC_1_VDAC8_Init();
 368              		.loc 1 45 0
 369 0004 FFF7FEFF 		bl	HF_DAC_1_VDAC8_Init
  46:Generated_Source\PSoC5/HF_DAC_1.c **** 	HF_DAC_1_VDAC8_SetSpeed(HF_DAC_1_HIGHSPEED);
 370              		.loc 1 46 0
 371 0008 0220     		movs	r0, #2
 372 000a FFF7FEFF 		bl	HF_DAC_1_VDAC8_SetSpeed
  47:Generated_Source\PSoC5/HF_DAC_1.c **** 	HF_DAC_1_VDAC8_SetRange(HF_DAC_1_DAC_RANGE);
 373              		.loc 1 47 0
 374 000e 0020     		movs	r0, #0
 375 0010 FFF7FEFF 		bl	HF_DAC_1_VDAC8_SetRange
  48:Generated_Source\PSoC5/HF_DAC_1.c **** 
  49:Generated_Source\PSoC5/HF_DAC_1.c **** 	#if(HF_DAC_1_DAC_MODE == HF_DAC_1_CURRENT_MODE)
  50:Generated_Source\PSoC5/HF_DAC_1.c **** 		HF_DAC_1_IDAC8_SetPolarity(HF_DAC_1_DAC_POL);
  51:Generated_Source\PSoC5/HF_DAC_1.c **** 	#endif /* HF_DAC_1_DAC_MODE == HF_DAC_1_CURRENT_MODE */
  52:Generated_Source\PSoC5/HF_DAC_1.c **** 
  53:Generated_Source\PSoC5/HF_DAC_1.c **** 	#if(HF_DAC_1_OUT_MODE == HF_DAC_1_BUFFER_MODE)
  54:Generated_Source\PSoC5/HF_DAC_1.c **** 	   HF_DAC_1_BuffAmp_Init();
  55:Generated_Source\PSoC5/HF_DAC_1.c **** 	#endif /* HF_DAC_1_OUT_MODE == HF_DAC_1_BUFFER_MODE */
  56:Generated_Source\PSoC5/HF_DAC_1.c **** 
  57:Generated_Source\PSoC5/HF_DAC_1.c **** 	/* Get the TD Number for the DMA channel 1 and 2   */
  58:Generated_Source\PSoC5/HF_DAC_1.c **** 	HF_DAC_1_Wave1TD = CyDmaTdAllocate();
 376              		.loc 1 58 0
 377 0014 FFF7FEFF 		bl	CyDmaTdAllocate
 378 0018 0346     		mov	r3, r0
 379 001a 1A46     		mov	r2, r3
 380 001c 094B     		ldr	r3, .L2
 381 001e 1A70     		strb	r2, [r3]
  59:Generated_Source\PSoC5/HF_DAC_1.c **** 	HF_DAC_1_Wave2TD = CyDmaTdAllocate();
 382              		.loc 1 59 0
 383 0020 FFF7FEFF 		bl	CyDmaTdAllocate
 384 0024 0346     		mov	r3, r0
 385 0026 1A46     		mov	r2, r3
 386 0028 074B     		ldr	r3, .L2+4
 387 002a 1A70     		strb	r2, [r3]
  60:Generated_Source\PSoC5/HF_DAC_1.c **** 	
  61:Generated_Source\PSoC5/HF_DAC_1.c **** 	/* Initialize waveform pointers  */
  62:Generated_Source\PSoC5/HF_DAC_1.c **** 	HF_DAC_1_Wave1Setup(HF_DAC_1_wave1, HF_DAC_1_WAVE1_LENGTH) ;
 388              		.loc 1 62 0
 389 002c 4FF49671 		mov	r1, #300
 390 0030 0648     		ldr	r0, .L2+8
 391 0032 FFF7FEFF 		bl	HF_DAC_1_Wave1Setup
  63:Generated_Source\PSoC5/HF_DAC_1.c **** 	HF_DAC_1_Wave2Setup(HF_DAC_1_wave2, HF_DAC_1_WAVE2_LENGTH) ;
 392              		.loc 1 63 0
 393 0036 0421     		movs	r1, #4
ARM GAS  C:\Users\riveraes\AppData\Local\Temp\ccEOKd1l.s 			page 9


 394 0038 0548     		ldr	r0, .L2+12
 395 003a FFF7FEFF 		bl	HF_DAC_1_Wave2Setup
  64:Generated_Source\PSoC5/HF_DAC_1.c **** 	
  65:Generated_Source\PSoC5/HF_DAC_1.c **** 	/* Initialize the internal clock if one present  */
  66:Generated_Source\PSoC5/HF_DAC_1.c **** 	#if defined(HF_DAC_1_DacClk_PHASE)
  67:Generated_Source\PSoC5/HF_DAC_1.c **** 	   HF_DAC_1_DacClk_SetPhase(HF_DAC_1_CLK_PHASE_0nS);
  68:Generated_Source\PSoC5/HF_DAC_1.c **** 	#endif /* defined(HF_DAC_1_DacClk_PHASE) */
  69:Generated_Source\PSoC5/HF_DAC_1.c **** }
 396              		.loc 1 69 0
 397 003e 00BF     		nop
 398 0040 80BD     		pop	{r7, pc}
 399              	.L3:
 400 0042 00BF     		.align	2
 401              	.L2:
 402 0044 03000000 		.word	HF_DAC_1_Wave1TD
 403 0048 04000000 		.word	HF_DAC_1_Wave2TD
 404 004c 00000000 		.word	HF_DAC_1_wave1
 405 0050 00000000 		.word	HF_DAC_1_wave2
 406              		.cfi_endproc
 407              	.LFE0:
 408              		.size	HF_DAC_1_Init, .-HF_DAC_1_Init
 409              		.section	.text.HF_DAC_1_Enable,"ax",%progbits
 410              		.align	2
 411              		.global	HF_DAC_1_Enable
 412              		.thumb
 413              		.thumb_func
 414              		.type	HF_DAC_1_Enable, %function
 415              	HF_DAC_1_Enable:
 416              	.LFB1:
  70:Generated_Source\PSoC5/HF_DAC_1.c **** 
  71:Generated_Source\PSoC5/HF_DAC_1.c **** 
  72:Generated_Source\PSoC5/HF_DAC_1.c **** /*******************************************************************************
  73:Generated_Source\PSoC5/HF_DAC_1.c **** * Function Name: HF_DAC_1_Enable
  74:Generated_Source\PSoC5/HF_DAC_1.c **** ********************************************************************************
  75:Generated_Source\PSoC5/HF_DAC_1.c **** *  
  76:Generated_Source\PSoC5/HF_DAC_1.c **** * Summary: 
  77:Generated_Source\PSoC5/HF_DAC_1.c **** *  Enables the DAC block and DMA operation.
  78:Generated_Source\PSoC5/HF_DAC_1.c **** *
  79:Generated_Source\PSoC5/HF_DAC_1.c **** * Parameters:  
  80:Generated_Source\PSoC5/HF_DAC_1.c **** *  None
  81:Generated_Source\PSoC5/HF_DAC_1.c **** *
  82:Generated_Source\PSoC5/HF_DAC_1.c **** * Return: 
  83:Generated_Source\PSoC5/HF_DAC_1.c **** *  None
  84:Generated_Source\PSoC5/HF_DAC_1.c **** *
  85:Generated_Source\PSoC5/HF_DAC_1.c **** *******************************************************************************/
  86:Generated_Source\PSoC5/HF_DAC_1.c **** void HF_DAC_1_Enable(void) 
  87:Generated_Source\PSoC5/HF_DAC_1.c **** {
 417              		.loc 1 87 0
 418              		.cfi_startproc
 419              		@ args = 0, pretend = 0, frame = 0
 420              		@ frame_needed = 1, uses_anonymous_args = 0
 421 0000 80B5     		push	{r7, lr}
 422              		.cfi_def_cfa_offset 8
 423              		.cfi_offset 7, -8
 424              		.cfi_offset 14, -4
 425 0002 00AF     		add	r7, sp, #0
 426              		.cfi_def_cfa_register 7
ARM GAS  C:\Users\riveraes\AppData\Local\Temp\ccEOKd1l.s 			page 10


  88:Generated_Source\PSoC5/HF_DAC_1.c **** 	HF_DAC_1_VDAC8_Enable();
 427              		.loc 1 88 0
 428 0004 FFF7FEFF 		bl	HF_DAC_1_VDAC8_Enable
  89:Generated_Source\PSoC5/HF_DAC_1.c **** 
  90:Generated_Source\PSoC5/HF_DAC_1.c **** 	#if(HF_DAC_1_OUT_MODE == HF_DAC_1_BUFFER_MODE)
  91:Generated_Source\PSoC5/HF_DAC_1.c **** 	   HF_DAC_1_BuffAmp_Enable();
  92:Generated_Source\PSoC5/HF_DAC_1.c **** 	#endif /* HF_DAC_1_OUT_MODE == HF_DAC_1_BUFFER_MODE */
  93:Generated_Source\PSoC5/HF_DAC_1.c **** 
  94:Generated_Source\PSoC5/HF_DAC_1.c **** 	/* 
  95:Generated_Source\PSoC5/HF_DAC_1.c **** 	* Enable the channel. It is configured to remember the TD value so that
  96:Generated_Source\PSoC5/HF_DAC_1.c **** 	* it can be restored from the place where it has been stopped.
  97:Generated_Source\PSoC5/HF_DAC_1.c **** 	*/
  98:Generated_Source\PSoC5/HF_DAC_1.c **** 	(void)CyDmaChEnable(HF_DAC_1_Wave1Chan, 1u);
 429              		.loc 1 98 0
 430 0008 084B     		ldr	r3, .L5
 431 000a 1B78     		ldrb	r3, [r3]	@ zero_extendqisi2
 432 000c 0121     		movs	r1, #1
 433 000e 1846     		mov	r0, r3
 434 0010 FFF7FEFF 		bl	CyDmaChEnable
  99:Generated_Source\PSoC5/HF_DAC_1.c **** 	(void)CyDmaChEnable(HF_DAC_1_Wave2Chan, 1u);
 435              		.loc 1 99 0
 436 0014 064B     		ldr	r3, .L5+4
 437 0016 1B78     		ldrb	r3, [r3]	@ zero_extendqisi2
 438 0018 0121     		movs	r1, #1
 439 001a 1846     		mov	r0, r3
 440 001c FFF7FEFF 		bl	CyDmaChEnable
 100:Generated_Source\PSoC5/HF_DAC_1.c **** 	
 101:Generated_Source\PSoC5/HF_DAC_1.c **** 	/* set the initial value */
 102:Generated_Source\PSoC5/HF_DAC_1.c **** 	HF_DAC_1_SetValue(0u);
 441              		.loc 1 102 0
 442 0020 0020     		movs	r0, #0
 443 0022 FFF7FEFF 		bl	HF_DAC_1_VDAC8_SetValue
 103:Generated_Source\PSoC5/HF_DAC_1.c **** 	
 104:Generated_Source\PSoC5/HF_DAC_1.c **** 	#if(HF_DAC_1_CLOCK_SRC == HF_DAC_1_CLOCK_INT)  	
 105:Generated_Source\PSoC5/HF_DAC_1.c **** 	   HF_DAC_1_DacClk_Start();
 106:Generated_Source\PSoC5/HF_DAC_1.c **** 	#endif /* HF_DAC_1_CLOCK_SRC == HF_DAC_1_CLOCK_INT */
 107:Generated_Source\PSoC5/HF_DAC_1.c **** }
 444              		.loc 1 107 0
 445 0026 00BF     		nop
 446 0028 80BD     		pop	{r7, pc}
 447              	.L6:
 448 002a 00BF     		.align	2
 449              	.L5:
 450 002c 01000000 		.word	HF_DAC_1_Wave1Chan
 451 0030 02000000 		.word	HF_DAC_1_Wave2Chan
 452              		.cfi_endproc
 453              	.LFE1:
 454              		.size	HF_DAC_1_Enable, .-HF_DAC_1_Enable
 455              		.section	.text.HF_DAC_1_Start,"ax",%progbits
 456              		.align	2
 457              		.global	HF_DAC_1_Start
 458              		.thumb
 459              		.thumb_func
 460              		.type	HF_DAC_1_Start, %function
 461              	HF_DAC_1_Start:
 462              	.LFB2:
 108:Generated_Source\PSoC5/HF_DAC_1.c **** 
ARM GAS  C:\Users\riveraes\AppData\Local\Temp\ccEOKd1l.s 			page 11


 109:Generated_Source\PSoC5/HF_DAC_1.c **** 
 110:Generated_Source\PSoC5/HF_DAC_1.c **** /*******************************************************************************
 111:Generated_Source\PSoC5/HF_DAC_1.c **** * Function Name: HF_DAC_1_Start
 112:Generated_Source\PSoC5/HF_DAC_1.c **** ********************************************************************************
 113:Generated_Source\PSoC5/HF_DAC_1.c **** *
 114:Generated_Source\PSoC5/HF_DAC_1.c **** * Summary:
 115:Generated_Source\PSoC5/HF_DAC_1.c **** *  The start function initializes the voltage DAC with the default values, 
 116:Generated_Source\PSoC5/HF_DAC_1.c **** *  and sets the power to the given level.  A power level of 0, is the same as 
 117:Generated_Source\PSoC5/HF_DAC_1.c **** *  executing the stop function.
 118:Generated_Source\PSoC5/HF_DAC_1.c **** *
 119:Generated_Source\PSoC5/HF_DAC_1.c **** * Parameters:  
 120:Generated_Source\PSoC5/HF_DAC_1.c **** *  None
 121:Generated_Source\PSoC5/HF_DAC_1.c **** *
 122:Generated_Source\PSoC5/HF_DAC_1.c **** * Return: 
 123:Generated_Source\PSoC5/HF_DAC_1.c **** *  None
 124:Generated_Source\PSoC5/HF_DAC_1.c **** *
 125:Generated_Source\PSoC5/HF_DAC_1.c **** * Reentrant:
 126:Generated_Source\PSoC5/HF_DAC_1.c **** *  No
 127:Generated_Source\PSoC5/HF_DAC_1.c **** *
 128:Generated_Source\PSoC5/HF_DAC_1.c **** *******************************************************************************/
 129:Generated_Source\PSoC5/HF_DAC_1.c **** void HF_DAC_1_Start(void) 
 130:Generated_Source\PSoC5/HF_DAC_1.c **** {
 463              		.loc 1 130 0
 464              		.cfi_startproc
 465              		@ args = 0, pretend = 0, frame = 0
 466              		@ frame_needed = 1, uses_anonymous_args = 0
 467 0000 80B5     		push	{r7, lr}
 468              		.cfi_def_cfa_offset 8
 469              		.cfi_offset 7, -8
 470              		.cfi_offset 14, -4
 471 0002 00AF     		add	r7, sp, #0
 472              		.cfi_def_cfa_register 7
 131:Generated_Source\PSoC5/HF_DAC_1.c **** 	/* If not Initialized then initialize all required hardware and software */
 132:Generated_Source\PSoC5/HF_DAC_1.c **** 	if(HF_DAC_1_initVar == 0u)
 473              		.loc 1 132 0
 474 0004 064B     		ldr	r3, .L9
 475 0006 1B78     		ldrb	r3, [r3]	@ zero_extendqisi2
 476 0008 002B     		cmp	r3, #0
 477 000a 04D1     		bne	.L8
 133:Generated_Source\PSoC5/HF_DAC_1.c **** 	{
 134:Generated_Source\PSoC5/HF_DAC_1.c **** 		HF_DAC_1_Init();
 478              		.loc 1 134 0
 479 000c FFF7FEFF 		bl	HF_DAC_1_Init
 135:Generated_Source\PSoC5/HF_DAC_1.c **** 		HF_DAC_1_initVar = 1u;
 480              		.loc 1 135 0
 481 0010 034B     		ldr	r3, .L9
 482 0012 0122     		movs	r2, #1
 483 0014 1A70     		strb	r2, [r3]
 484              	.L8:
 136:Generated_Source\PSoC5/HF_DAC_1.c **** 	}
 137:Generated_Source\PSoC5/HF_DAC_1.c **** 	
 138:Generated_Source\PSoC5/HF_DAC_1.c **** 	HF_DAC_1_Enable();
 485              		.loc 1 138 0
 486 0016 FFF7FEFF 		bl	HF_DAC_1_Enable
 139:Generated_Source\PSoC5/HF_DAC_1.c **** }
 487              		.loc 1 139 0
 488 001a 00BF     		nop
ARM GAS  C:\Users\riveraes\AppData\Local\Temp\ccEOKd1l.s 			page 12


 489 001c 80BD     		pop	{r7, pc}
 490              	.L10:
 491 001e 00BF     		.align	2
 492              	.L9:
 493 0020 00000000 		.word	HF_DAC_1_initVar
 494              		.cfi_endproc
 495              	.LFE2:
 496              		.size	HF_DAC_1_Start, .-HF_DAC_1_Start
 497              		.section	.text.HF_DAC_1_StartEx,"ax",%progbits
 498              		.align	2
 499              		.global	HF_DAC_1_StartEx
 500              		.thumb
 501              		.thumb_func
 502              		.type	HF_DAC_1_StartEx, %function
 503              	HF_DAC_1_StartEx:
 504              	.LFB3:
 140:Generated_Source\PSoC5/HF_DAC_1.c **** 
 141:Generated_Source\PSoC5/HF_DAC_1.c **** 
 142:Generated_Source\PSoC5/HF_DAC_1.c **** /*******************************************************************************
 143:Generated_Source\PSoC5/HF_DAC_1.c **** * Function Name: HF_DAC_1_StartEx
 144:Generated_Source\PSoC5/HF_DAC_1.c **** ********************************************************************************
 145:Generated_Source\PSoC5/HF_DAC_1.c **** *
 146:Generated_Source\PSoC5/HF_DAC_1.c **** * Summary:
 147:Generated_Source\PSoC5/HF_DAC_1.c **** *  The StartEx function sets pointers and sizes for both waveforms
 148:Generated_Source\PSoC5/HF_DAC_1.c **** *  and then starts the component.
 149:Generated_Source\PSoC5/HF_DAC_1.c **** *
 150:Generated_Source\PSoC5/HF_DAC_1.c **** * Parameters:  
 151:Generated_Source\PSoC5/HF_DAC_1.c **** *   uint8 * wavePtr1:     Pointer to the waveform 1 array.
 152:Generated_Source\PSoC5/HF_DAC_1.c **** *   uint16  sampleSize1:  The amount of samples in the waveform 1.
 153:Generated_Source\PSoC5/HF_DAC_1.c **** *   uint8 * wavePtr2:     Pointer to the waveform 2 array.
 154:Generated_Source\PSoC5/HF_DAC_1.c **** *   uint16  sampleSize2:  The amount of samples in the waveform 2.
 155:Generated_Source\PSoC5/HF_DAC_1.c **** *
 156:Generated_Source\PSoC5/HF_DAC_1.c **** * Return: 
 157:Generated_Source\PSoC5/HF_DAC_1.c **** *  None
 158:Generated_Source\PSoC5/HF_DAC_1.c **** *
 159:Generated_Source\PSoC5/HF_DAC_1.c **** * Reentrant:
 160:Generated_Source\PSoC5/HF_DAC_1.c **** *  No
 161:Generated_Source\PSoC5/HF_DAC_1.c **** *
 162:Generated_Source\PSoC5/HF_DAC_1.c **** *******************************************************************************/
 163:Generated_Source\PSoC5/HF_DAC_1.c **** void HF_DAC_1_StartEx(const uint8 * wavePtr1, uint16 sampleSize1, const uint8 * wavePtr2, uint16 sa
 164:Generated_Source\PSoC5/HF_DAC_1.c **** 
 165:Generated_Source\PSoC5/HF_DAC_1.c **** {
 505              		.loc 1 165 0
 506              		.cfi_startproc
 507              		@ args = 0, pretend = 0, frame = 16
 508              		@ frame_needed = 1, uses_anonymous_args = 0
 509 0000 80B5     		push	{r7, lr}
 510              		.cfi_def_cfa_offset 8
 511              		.cfi_offset 7, -8
 512              		.cfi_offset 14, -4
 513 0002 84B0     		sub	sp, sp, #16
 514              		.cfi_def_cfa_offset 24
 515 0004 00AF     		add	r7, sp, #0
 516              		.cfi_def_cfa_register 7
 517 0006 F860     		str	r0, [r7, #12]
 518 0008 7A60     		str	r2, [r7, #4]
 519 000a 1A46     		mov	r2, r3
ARM GAS  C:\Users\riveraes\AppData\Local\Temp\ccEOKd1l.s 			page 13


 520 000c 0B46     		mov	r3, r1	@ movhi
 521 000e 7B81     		strh	r3, [r7, #10]	@ movhi
 522 0010 1346     		mov	r3, r2	@ movhi
 523 0012 3B81     		strh	r3, [r7, #8]	@ movhi
 166:Generated_Source\PSoC5/HF_DAC_1.c **** 	HF_DAC_1_Wave1Setup(wavePtr1, sampleSize1);
 524              		.loc 1 166 0
 525 0014 7B89     		ldrh	r3, [r7, #10]
 526 0016 1946     		mov	r1, r3
 527 0018 F868     		ldr	r0, [r7, #12]
 528 001a FFF7FEFF 		bl	HF_DAC_1_Wave1Setup
 167:Generated_Source\PSoC5/HF_DAC_1.c **** 	HF_DAC_1_Wave2Setup(wavePtr2, sampleSize2);
 529              		.loc 1 167 0
 530 001e 3B89     		ldrh	r3, [r7, #8]
 531 0020 1946     		mov	r1, r3
 532 0022 7868     		ldr	r0, [r7, #4]
 533 0024 FFF7FEFF 		bl	HF_DAC_1_Wave2Setup
 168:Generated_Source\PSoC5/HF_DAC_1.c **** 	HF_DAC_1_Start();
 534              		.loc 1 168 0
 535 0028 FFF7FEFF 		bl	HF_DAC_1_Start
 169:Generated_Source\PSoC5/HF_DAC_1.c **** }
 536              		.loc 1 169 0
 537 002c 00BF     		nop
 538 002e 1037     		adds	r7, r7, #16
 539              		.cfi_def_cfa_offset 8
 540 0030 BD46     		mov	sp, r7
 541              		.cfi_def_cfa_register 13
 542              		@ sp needed
 543 0032 80BD     		pop	{r7, pc}
 544              		.cfi_endproc
 545              	.LFE3:
 546              		.size	HF_DAC_1_StartEx, .-HF_DAC_1_StartEx
 547              		.section	.text.HF_DAC_1_Stop,"ax",%progbits
 548              		.align	2
 549              		.global	HF_DAC_1_Stop
 550              		.thumb
 551              		.thumb_func
 552              		.type	HF_DAC_1_Stop, %function
 553              	HF_DAC_1_Stop:
 554              	.LFB4:
 170:Generated_Source\PSoC5/HF_DAC_1.c **** 
 171:Generated_Source\PSoC5/HF_DAC_1.c **** 
 172:Generated_Source\PSoC5/HF_DAC_1.c **** /*******************************************************************************
 173:Generated_Source\PSoC5/HF_DAC_1.c **** * Function Name: HF_DAC_1_Stop
 174:Generated_Source\PSoC5/HF_DAC_1.c **** ********************************************************************************
 175:Generated_Source\PSoC5/HF_DAC_1.c **** *
 176:Generated_Source\PSoC5/HF_DAC_1.c **** * Summary:
 177:Generated_Source\PSoC5/HF_DAC_1.c **** *  Stops the clock (if internal), disables the DMA channels
 178:Generated_Source\PSoC5/HF_DAC_1.c **** *  and powers down the DAC.
 179:Generated_Source\PSoC5/HF_DAC_1.c **** *
 180:Generated_Source\PSoC5/HF_DAC_1.c **** * Parameters:  
 181:Generated_Source\PSoC5/HF_DAC_1.c **** *  None  
 182:Generated_Source\PSoC5/HF_DAC_1.c **** *
 183:Generated_Source\PSoC5/HF_DAC_1.c **** * Return: 
 184:Generated_Source\PSoC5/HF_DAC_1.c **** *  None
 185:Generated_Source\PSoC5/HF_DAC_1.c **** *
 186:Generated_Source\PSoC5/HF_DAC_1.c **** *******************************************************************************/
 187:Generated_Source\PSoC5/HF_DAC_1.c **** void HF_DAC_1_Stop(void) 
ARM GAS  C:\Users\riveraes\AppData\Local\Temp\ccEOKd1l.s 			page 14


 188:Generated_Source\PSoC5/HF_DAC_1.c **** {
 555              		.loc 1 188 0
 556              		.cfi_startproc
 557              		@ args = 0, pretend = 0, frame = 0
 558              		@ frame_needed = 1, uses_anonymous_args = 0
 559 0000 80B5     		push	{r7, lr}
 560              		.cfi_def_cfa_offset 8
 561              		.cfi_offset 7, -8
 562              		.cfi_offset 14, -4
 563 0002 00AF     		add	r7, sp, #0
 564              		.cfi_def_cfa_register 7
 189:Generated_Source\PSoC5/HF_DAC_1.c **** 	/* Turn off internal clock, if one present */
 190:Generated_Source\PSoC5/HF_DAC_1.c **** 	#if(HF_DAC_1_CLOCK_SRC == HF_DAC_1_CLOCK_INT)  	
 191:Generated_Source\PSoC5/HF_DAC_1.c **** 	   HF_DAC_1_DacClk_Stop();
 192:Generated_Source\PSoC5/HF_DAC_1.c **** 	#endif /* HF_DAC_1_CLOCK_SRC == HF_DAC_1_CLOCK_INT */
 193:Generated_Source\PSoC5/HF_DAC_1.c **** 	
 194:Generated_Source\PSoC5/HF_DAC_1.c **** 	/* Disble DMA channels */
 195:Generated_Source\PSoC5/HF_DAC_1.c **** 	(void)CyDmaChDisable(HF_DAC_1_Wave1Chan);
 565              		.loc 1 195 0
 566 0004 064B     		ldr	r3, .L13
 567 0006 1B78     		ldrb	r3, [r3]	@ zero_extendqisi2
 568 0008 1846     		mov	r0, r3
 569 000a FFF7FEFF 		bl	CyDmaChDisable
 196:Generated_Source\PSoC5/HF_DAC_1.c **** 	(void)CyDmaChDisable(HF_DAC_1_Wave2Chan);
 570              		.loc 1 196 0
 571 000e 054B     		ldr	r3, .L13+4
 572 0010 1B78     		ldrb	r3, [r3]	@ zero_extendqisi2
 573 0012 1846     		mov	r0, r3
 574 0014 FFF7FEFF 		bl	CyDmaChDisable
 197:Generated_Source\PSoC5/HF_DAC_1.c **** 
 198:Generated_Source\PSoC5/HF_DAC_1.c **** 	/* Disable power to DAC */
 199:Generated_Source\PSoC5/HF_DAC_1.c **** 	HF_DAC_1_VDAC8_Stop();
 575              		.loc 1 199 0
 576 0018 FFF7FEFF 		bl	HF_DAC_1_VDAC8_Stop
 200:Generated_Source\PSoC5/HF_DAC_1.c **** }
 577              		.loc 1 200 0
 578 001c 00BF     		nop
 579 001e 80BD     		pop	{r7, pc}
 580              	.L14:
 581              		.align	2
 582              	.L13:
 583 0020 01000000 		.word	HF_DAC_1_Wave1Chan
 584 0024 02000000 		.word	HF_DAC_1_Wave2Chan
 585              		.cfi_endproc
 586              	.LFE4:
 587              		.size	HF_DAC_1_Stop, .-HF_DAC_1_Stop
 588              		.section	.text.HF_DAC_1_Wave1Setup,"ax",%progbits
 589              		.align	2
 590              		.global	HF_DAC_1_Wave1Setup
 591              		.thumb
 592              		.thumb_func
 593              		.type	HF_DAC_1_Wave1Setup, %function
 594              	HF_DAC_1_Wave1Setup:
 595              	.LFB5:
 201:Generated_Source\PSoC5/HF_DAC_1.c **** 
 202:Generated_Source\PSoC5/HF_DAC_1.c **** 
 203:Generated_Source\PSoC5/HF_DAC_1.c **** /*******************************************************************************
ARM GAS  C:\Users\riveraes\AppData\Local\Temp\ccEOKd1l.s 			page 15


 204:Generated_Source\PSoC5/HF_DAC_1.c **** * Function Name: HF_DAC_1_Wave1Setup
 205:Generated_Source\PSoC5/HF_DAC_1.c **** ********************************************************************************
 206:Generated_Source\PSoC5/HF_DAC_1.c **** *
 207:Generated_Source\PSoC5/HF_DAC_1.c **** * Summary:
 208:Generated_Source\PSoC5/HF_DAC_1.c **** *  Sets pointer and size for waveform 1.                                    
 209:Generated_Source\PSoC5/HF_DAC_1.c **** *
 210:Generated_Source\PSoC5/HF_DAC_1.c **** * Parameters:  
 211:Generated_Source\PSoC5/HF_DAC_1.c **** *  uint8 * WavePtr:     Pointer to the waveform array.
 212:Generated_Source\PSoC5/HF_DAC_1.c **** *  uint16  SampleSize:  The amount of samples in the waveform.
 213:Generated_Source\PSoC5/HF_DAC_1.c **** *
 214:Generated_Source\PSoC5/HF_DAC_1.c **** * Return: 
 215:Generated_Source\PSoC5/HF_DAC_1.c **** *  None 
 216:Generated_Source\PSoC5/HF_DAC_1.c **** *
 217:Generated_Source\PSoC5/HF_DAC_1.c **** *******************************************************************************/
 218:Generated_Source\PSoC5/HF_DAC_1.c **** void HF_DAC_1_Wave1Setup(const uint8 * wavePtr, uint16 sampleSize)
 219:Generated_Source\PSoC5/HF_DAC_1.c **** 
 220:Generated_Source\PSoC5/HF_DAC_1.c **** {
 596              		.loc 1 220 0
 597              		.cfi_startproc
 598              		@ args = 0, pretend = 0, frame = 8
 599              		@ frame_needed = 1, uses_anonymous_args = 0
 600 0000 80B5     		push	{r7, lr}
 601              		.cfi_def_cfa_offset 8
 602              		.cfi_offset 7, -8
 603              		.cfi_offset 14, -4
 604 0002 82B0     		sub	sp, sp, #8
 605              		.cfi_def_cfa_offset 16
 606 0004 00AF     		add	r7, sp, #0
 607              		.cfi_def_cfa_register 7
 608 0006 7860     		str	r0, [r7, #4]
 609 0008 0B46     		mov	r3, r1
 610 000a 7B80     		strh	r3, [r7, #2]	@ movhi
 221:Generated_Source\PSoC5/HF_DAC_1.c **** 	#if (CY_PSOC3)
 222:Generated_Source\PSoC5/HF_DAC_1.c **** 		uint16 memoryType; /* determining the source memory type */
 223:Generated_Source\PSoC5/HF_DAC_1.c **** 		memoryType = (HF_DAC_1_HI16FLASHPTR == HI16(wavePtr)) ? HI16(CYDEV_FLS_BASE) : HI16(CYDEV_SRAM_BA
 224:Generated_Source\PSoC5/HF_DAC_1.c **** 		
 225:Generated_Source\PSoC5/HF_DAC_1.c **** 		HF_DAC_1_Wave1Chan = HF_DAC_1_Wave1_DMA_DmaInitialize(
 226:Generated_Source\PSoC5/HF_DAC_1.c **** 		HF_DAC_1_Wave1_DMA_BYTES_PER_BURST, HF_DAC_1_Wave1_DMA_REQUEST_PER_BURST,
 227:Generated_Source\PSoC5/HF_DAC_1.c **** 		memoryType, HI16(CYDEV_PERIPH_BASE));
 228:Generated_Source\PSoC5/HF_DAC_1.c **** 	#else /* PSoC 5 */
 229:Generated_Source\PSoC5/HF_DAC_1.c **** 		HF_DAC_1_Wave1Chan = HF_DAC_1_Wave1_DMA_DmaInitialize(
 230:Generated_Source\PSoC5/HF_DAC_1.c **** 		HF_DAC_1_Wave1_DMA_BYTES_PER_BURST, HF_DAC_1_Wave1_DMA_REQUEST_PER_BURST,
 231:Generated_Source\PSoC5/HF_DAC_1.c **** 		HI16(wavePtr), HI16(HF_DAC_1_DAC8__D));
 611              		.loc 1 231 0
 612 000c 7B68     		ldr	r3, [r7, #4]
 613 000e 1B0C     		lsrs	r3, r3, #16
 229:Generated_Source\PSoC5/HF_DAC_1.c **** 		HF_DAC_1_Wave1_DMA_BYTES_PER_BURST, HF_DAC_1_Wave1_DMA_REQUEST_PER_BURST,
 614              		.loc 1 229 0
 615 0010 9AB2     		uxth	r2, r3
 616 0012 4FF48043 		mov	r3, #16384
 617 0016 0121     		movs	r1, #1
 618 0018 0120     		movs	r0, #1
 619 001a FFF7FEFF 		bl	HF_DAC_1_Wave1_DMA_DmaInitialize
 620 001e 0346     		mov	r3, r0
 621 0020 1A46     		mov	r2, r3
 622 0022 0F4B     		ldr	r3, .L16
 623 0024 1A70     		strb	r2, [r3]
ARM GAS  C:\Users\riveraes\AppData\Local\Temp\ccEOKd1l.s 			page 16


 232:Generated_Source\PSoC5/HF_DAC_1.c **** 	#endif /* CY_PSOC3 */
 233:Generated_Source\PSoC5/HF_DAC_1.c **** 	
 234:Generated_Source\PSoC5/HF_DAC_1.c **** 	/*
 235:Generated_Source\PSoC5/HF_DAC_1.c **** 	* TD is looping on itself. 
 236:Generated_Source\PSoC5/HF_DAC_1.c ****     * Increment the source address, but not the destination address. 
 237:Generated_Source\PSoC5/HF_DAC_1.c **** 	*/
 238:Generated_Source\PSoC5/HF_DAC_1.c **** 	(void)CyDmaTdSetConfiguration(HF_DAC_1_Wave1TD, sampleSize, HF_DAC_1_Wave1TD, 
 624              		.loc 1 238 0
 625 0026 0F4B     		ldr	r3, .L16+4
 626 0028 1878     		ldrb	r0, [r3]	@ zero_extendqisi2
 627 002a 0E4B     		ldr	r3, .L16+4
 628 002c 1A78     		ldrb	r2, [r3]	@ zero_extendqisi2
 629 002e 7988     		ldrh	r1, [r7, #2]
 630 0030 0123     		movs	r3, #1
 631 0032 FFF7FEFF 		bl	CyDmaTdSetConfiguration
 239:Generated_Source\PSoC5/HF_DAC_1.c ****                                     (uint8)CY_DMA_TD_INC_SRC_ADR | (uint8)HF_DAC_1_Wave1_DMA__TD_TE
 240:Generated_Source\PSoC5/HF_DAC_1.c **** 	
 241:Generated_Source\PSoC5/HF_DAC_1.c **** 	/* Set the TD source and destination address */
 242:Generated_Source\PSoC5/HF_DAC_1.c **** 	(void)CyDmaTdSetAddress(HF_DAC_1_Wave1TD, LO16((uint32)wavePtr), LO16(HF_DAC_1_DAC8__D));
 632              		.loc 1 242 0
 633 0036 0B4B     		ldr	r3, .L16+4
 634 0038 1B78     		ldrb	r3, [r3]	@ zero_extendqisi2
 635 003a 7A68     		ldr	r2, [r7, #4]
 636 003c 91B2     		uxth	r1, r2
 637 003e 45F68232 		movw	r2, #23426
 638 0042 1846     		mov	r0, r3
 639 0044 FFF7FEFF 		bl	CyDmaTdSetAddress
 243:Generated_Source\PSoC5/HF_DAC_1.c **** 	
 244:Generated_Source\PSoC5/HF_DAC_1.c **** 	/* Associate the TD with the channel */
 245:Generated_Source\PSoC5/HF_DAC_1.c **** 	(void)CyDmaChSetInitialTd(HF_DAC_1_Wave1Chan, HF_DAC_1_Wave1TD);
 640              		.loc 1 245 0
 641 0048 054B     		ldr	r3, .L16
 642 004a 1A78     		ldrb	r2, [r3]	@ zero_extendqisi2
 643 004c 054B     		ldr	r3, .L16+4
 644 004e 1B78     		ldrb	r3, [r3]	@ zero_extendqisi2
 645 0050 1946     		mov	r1, r3
 646 0052 1046     		mov	r0, r2
 647 0054 FFF7FEFF 		bl	CyDmaChSetInitialTd
 246:Generated_Source\PSoC5/HF_DAC_1.c **** }
 648              		.loc 1 246 0
 649 0058 00BF     		nop
 650 005a 0837     		adds	r7, r7, #8
 651              		.cfi_def_cfa_offset 8
 652 005c BD46     		mov	sp, r7
 653              		.cfi_def_cfa_register 13
 654              		@ sp needed
 655 005e 80BD     		pop	{r7, pc}
 656              	.L17:
 657              		.align	2
 658              	.L16:
 659 0060 01000000 		.word	HF_DAC_1_Wave1Chan
 660 0064 03000000 		.word	HF_DAC_1_Wave1TD
 661              		.cfi_endproc
 662              	.LFE5:
 663              		.size	HF_DAC_1_Wave1Setup, .-HF_DAC_1_Wave1Setup
 664              		.section	.text.HF_DAC_1_Wave2Setup,"ax",%progbits
 665              		.align	2
ARM GAS  C:\Users\riveraes\AppData\Local\Temp\ccEOKd1l.s 			page 17


 666              		.global	HF_DAC_1_Wave2Setup
 667              		.thumb
 668              		.thumb_func
 669              		.type	HF_DAC_1_Wave2Setup, %function
 670              	HF_DAC_1_Wave2Setup:
 671              	.LFB6:
 247:Generated_Source\PSoC5/HF_DAC_1.c **** 
 248:Generated_Source\PSoC5/HF_DAC_1.c **** 
 249:Generated_Source\PSoC5/HF_DAC_1.c **** /*******************************************************************************
 250:Generated_Source\PSoC5/HF_DAC_1.c **** * Function Name: HF_DAC_1_Wave2Setup
 251:Generated_Source\PSoC5/HF_DAC_1.c **** ********************************************************************************
 252:Generated_Source\PSoC5/HF_DAC_1.c **** *
 253:Generated_Source\PSoC5/HF_DAC_1.c **** * Summary:
 254:Generated_Source\PSoC5/HF_DAC_1.c **** *  Sets pointer and size for waveform 2.                                    
 255:Generated_Source\PSoC5/HF_DAC_1.c **** *
 256:Generated_Source\PSoC5/HF_DAC_1.c **** * Parameters:  
 257:Generated_Source\PSoC5/HF_DAC_1.c **** *  uint8 * WavePtr:     Pointer to the waveform array.
 258:Generated_Source\PSoC5/HF_DAC_1.c **** *  uint16  SampleSize:  The amount of samples in the waveform.
 259:Generated_Source\PSoC5/HF_DAC_1.c **** *
 260:Generated_Source\PSoC5/HF_DAC_1.c **** * Return: 
 261:Generated_Source\PSoC5/HF_DAC_1.c **** *  None
 262:Generated_Source\PSoC5/HF_DAC_1.c **** *
 263:Generated_Source\PSoC5/HF_DAC_1.c **** *******************************************************************************/
 264:Generated_Source\PSoC5/HF_DAC_1.c **** void HF_DAC_1_Wave2Setup(const uint8 * wavePtr, uint16 sampleSize)
 265:Generated_Source\PSoC5/HF_DAC_1.c ****  
 266:Generated_Source\PSoC5/HF_DAC_1.c **** {
 672              		.loc 1 266 0
 673              		.cfi_startproc
 674              		@ args = 0, pretend = 0, frame = 8
 675              		@ frame_needed = 1, uses_anonymous_args = 0
 676 0000 80B5     		push	{r7, lr}
 677              		.cfi_def_cfa_offset 8
 678              		.cfi_offset 7, -8
 679              		.cfi_offset 14, -4
 680 0002 82B0     		sub	sp, sp, #8
 681              		.cfi_def_cfa_offset 16
 682 0004 00AF     		add	r7, sp, #0
 683              		.cfi_def_cfa_register 7
 684 0006 7860     		str	r0, [r7, #4]
 685 0008 0B46     		mov	r3, r1
 686 000a 7B80     		strh	r3, [r7, #2]	@ movhi
 267:Generated_Source\PSoC5/HF_DAC_1.c **** 	#if (CY_PSOC3)
 268:Generated_Source\PSoC5/HF_DAC_1.c **** 		uint16 memoryType; /* determining the source memory type */
 269:Generated_Source\PSoC5/HF_DAC_1.c **** 		memoryType = (HF_DAC_1_HI16FLASHPTR == HI16(wavePtr)) ? HI16(CYDEV_FLS_BASE) : HI16(CYDEV_SRAM_BA
 270:Generated_Source\PSoC5/HF_DAC_1.c **** 			
 271:Generated_Source\PSoC5/HF_DAC_1.c **** 		HF_DAC_1_Wave2Chan = HF_DAC_1_Wave2_DMA_DmaInitialize(
 272:Generated_Source\PSoC5/HF_DAC_1.c **** 		HF_DAC_1_Wave2_DMA_BYTES_PER_BURST, HF_DAC_1_Wave2_DMA_REQUEST_PER_BURST,
 273:Generated_Source\PSoC5/HF_DAC_1.c **** 		memoryType, HI16(CYDEV_PERIPH_BASE));
 274:Generated_Source\PSoC5/HF_DAC_1.c **** 	#else /* PSoC 5 */
 275:Generated_Source\PSoC5/HF_DAC_1.c **** 		HF_DAC_1_Wave2Chan = HF_DAC_1_Wave2_DMA_DmaInitialize(
 276:Generated_Source\PSoC5/HF_DAC_1.c **** 		HF_DAC_1_Wave2_DMA_BYTES_PER_BURST, HF_DAC_1_Wave2_DMA_REQUEST_PER_BURST,
 277:Generated_Source\PSoC5/HF_DAC_1.c **** 		HI16(wavePtr), HI16(HF_DAC_1_DAC8__D));
 687              		.loc 1 277 0
 688 000c 7B68     		ldr	r3, [r7, #4]
 689 000e 1B0C     		lsrs	r3, r3, #16
 275:Generated_Source\PSoC5/HF_DAC_1.c **** 		HF_DAC_1_Wave2_DMA_BYTES_PER_BURST, HF_DAC_1_Wave2_DMA_REQUEST_PER_BURST,
 690              		.loc 1 275 0
ARM GAS  C:\Users\riveraes\AppData\Local\Temp\ccEOKd1l.s 			page 18


 691 0010 9AB2     		uxth	r2, r3
 692 0012 4FF48043 		mov	r3, #16384
 693 0016 0121     		movs	r1, #1
 694 0018 0120     		movs	r0, #1
 695 001a FFF7FEFF 		bl	HF_DAC_1_Wave2_DMA_DmaInitialize
 696 001e 0346     		mov	r3, r0
 697 0020 1A46     		mov	r2, r3
 698 0022 0F4B     		ldr	r3, .L19
 699 0024 1A70     		strb	r2, [r3]
 278:Generated_Source\PSoC5/HF_DAC_1.c **** 	#endif /* CY_PSOC3 */
 279:Generated_Source\PSoC5/HF_DAC_1.c **** 	
 280:Generated_Source\PSoC5/HF_DAC_1.c **** 	/*
 281:Generated_Source\PSoC5/HF_DAC_1.c **** 	* TD is looping on itself. 
 282:Generated_Source\PSoC5/HF_DAC_1.c **** 	* Increment the source address, but not the destination address. 
 283:Generated_Source\PSoC5/HF_DAC_1.c **** 	*/
 284:Generated_Source\PSoC5/HF_DAC_1.c **** 	(void)CyDmaTdSetConfiguration(HF_DAC_1_Wave2TD, sampleSize, HF_DAC_1_Wave2TD, 
 700              		.loc 1 284 0
 701 0026 0F4B     		ldr	r3, .L19+4
 702 0028 1878     		ldrb	r0, [r3]	@ zero_extendqisi2
 703 002a 0E4B     		ldr	r3, .L19+4
 704 002c 1A78     		ldrb	r2, [r3]	@ zero_extendqisi2
 705 002e 7988     		ldrh	r1, [r7, #2]
 706 0030 0123     		movs	r3, #1
 707 0032 FFF7FEFF 		bl	CyDmaTdSetConfiguration
 285:Generated_Source\PSoC5/HF_DAC_1.c ****                                     (uint8)CY_DMA_TD_INC_SRC_ADR | (uint8)HF_DAC_1_Wave2_DMA__TD_TE
 286:Generated_Source\PSoC5/HF_DAC_1.c **** 	
 287:Generated_Source\PSoC5/HF_DAC_1.c **** 	/* Set the TD source and destination address */
 288:Generated_Source\PSoC5/HF_DAC_1.c **** 	(void)CyDmaTdSetAddress(HF_DAC_1_Wave2TD, LO16((uint32)wavePtr), LO16(HF_DAC_1_DAC8__D));
 708              		.loc 1 288 0
 709 0036 0B4B     		ldr	r3, .L19+4
 710 0038 1B78     		ldrb	r3, [r3]	@ zero_extendqisi2
 711 003a 7A68     		ldr	r2, [r7, #4]
 712 003c 91B2     		uxth	r1, r2
 713 003e 45F68232 		movw	r2, #23426
 714 0042 1846     		mov	r0, r3
 715 0044 FFF7FEFF 		bl	CyDmaTdSetAddress
 289:Generated_Source\PSoC5/HF_DAC_1.c **** 	
 290:Generated_Source\PSoC5/HF_DAC_1.c **** 	/* Associate the TD with the channel */
 291:Generated_Source\PSoC5/HF_DAC_1.c **** 	(void)CyDmaChSetInitialTd(HF_DAC_1_Wave2Chan, HF_DAC_1_Wave2TD);
 716              		.loc 1 291 0
 717 0048 054B     		ldr	r3, .L19
 718 004a 1A78     		ldrb	r2, [r3]	@ zero_extendqisi2
 719 004c 054B     		ldr	r3, .L19+4
 720 004e 1B78     		ldrb	r3, [r3]	@ zero_extendqisi2
 721 0050 1946     		mov	r1, r3
 722 0052 1046     		mov	r0, r2
 723 0054 FFF7FEFF 		bl	CyDmaChSetInitialTd
 292:Generated_Source\PSoC5/HF_DAC_1.c **** }
 724              		.loc 1 292 0
 725 0058 00BF     		nop
 726 005a 0837     		adds	r7, r7, #8
 727              		.cfi_def_cfa_offset 8
 728 005c BD46     		mov	sp, r7
 729              		.cfi_def_cfa_register 13
 730              		@ sp needed
 731 005e 80BD     		pop	{r7, pc}
 732              	.L20:
ARM GAS  C:\Users\riveraes\AppData\Local\Temp\ccEOKd1l.s 			page 19


 733              		.align	2
 734              	.L19:
 735 0060 02000000 		.word	HF_DAC_1_Wave2Chan
 736 0064 04000000 		.word	HF_DAC_1_Wave2TD
 737              		.cfi_endproc
 738              	.LFE6:
 739              		.size	HF_DAC_1_Wave2Setup, .-HF_DAC_1_Wave2Setup
 740              		.text
 741              	.Letext0:
 742              		.file 2 "Generated_Source\\PSoC5\\cytypes.h"
 743              		.section	.debug_info,"",%progbits
 744              	.Ldebug_info0:
 745 0000 55020000 		.4byte	0x255
 746 0004 0400     		.2byte	0x4
 747 0006 00000000 		.4byte	.Ldebug_abbrev0
 748 000a 04       		.byte	0x4
 749 000b 01       		.uleb128 0x1
 750 000c 11000000 		.4byte	.LASF37
 751 0010 0C       		.byte	0xc
 752 0011 93010000 		.4byte	.LASF38
 753 0015 97020000 		.4byte	.LASF39
 754 0019 00000000 		.4byte	.Ldebug_ranges0+0
 755 001d 00000000 		.4byte	0
 756 0021 00000000 		.4byte	.Ldebug_line0
 757 0025 02       		.uleb128 0x2
 758 0026 01       		.byte	0x1
 759 0027 06       		.byte	0x6
 760 0028 8B020000 		.4byte	.LASF0
 761 002c 02       		.uleb128 0x2
 762 002d 01       		.byte	0x1
 763 002e 08       		.byte	0x8
 764 002f 85010000 		.4byte	.LASF1
 765 0033 02       		.uleb128 0x2
 766 0034 02       		.byte	0x2
 767 0035 05       		.byte	0x5
 768 0036 6C020000 		.4byte	.LASF2
 769 003a 02       		.uleb128 0x2
 770 003b 02       		.byte	0x2
 771 003c 07       		.byte	0x7
 772 003d C5000000 		.4byte	.LASF3
 773 0041 02       		.uleb128 0x2
 774 0042 04       		.byte	0x4
 775 0043 05       		.byte	0x5
 776 0044 76020000 		.4byte	.LASF4
 777 0048 02       		.uleb128 0x2
 778 0049 04       		.byte	0x4
 779 004a 07       		.byte	0x7
 780 004b 3A010000 		.4byte	.LASF5
 781 004f 02       		.uleb128 0x2
 782 0050 08       		.byte	0x8
 783 0051 05       		.byte	0x5
 784 0052 59020000 		.4byte	.LASF6
 785 0056 02       		.uleb128 0x2
 786 0057 08       		.byte	0x8
 787 0058 07       		.byte	0x7
 788 0059 F9010000 		.4byte	.LASF7
 789 005d 03       		.uleb128 0x3
ARM GAS  C:\Users\riveraes\AppData\Local\Temp\ccEOKd1l.s 			page 20


 790 005e 04       		.byte	0x4
 791 005f 05       		.byte	0x5
 792 0060 696E7400 		.ascii	"int\000"
 793 0064 02       		.uleb128 0x2
 794 0065 04       		.byte	0x4
 795 0066 07       		.byte	0x7
 796 0067 DE010000 		.4byte	.LASF8
 797 006b 04       		.uleb128 0x4
 798 006c 54010000 		.4byte	.LASF9
 799 0070 02       		.byte	0x2
 800 0071 9201     		.2byte	0x192
 801 0073 2C000000 		.4byte	0x2c
 802 0077 04       		.uleb128 0x4
 803 0078 BC010000 		.4byte	.LASF10
 804 007c 02       		.byte	0x2
 805 007d 9301     		.2byte	0x193
 806 007f 3A000000 		.4byte	0x3a
 807 0083 04       		.uleb128 0x4
 808 0084 C3010000 		.4byte	.LASF11
 809 0088 02       		.byte	0x2
 810 0089 9401     		.2byte	0x194
 811 008b 48000000 		.4byte	0x48
 812 008f 02       		.uleb128 0x2
 813 0090 04       		.byte	0x4
 814 0091 04       		.byte	0x4
 815 0092 9F000000 		.4byte	.LASF12
 816 0096 02       		.uleb128 0x2
 817 0097 08       		.byte	0x8
 818 0098 04       		.byte	0x4
 819 0099 B5010000 		.4byte	.LASF13
 820 009d 02       		.uleb128 0x2
 821 009e 01       		.byte	0x1
 822 009f 08       		.byte	0x8
 823 00a0 67020000 		.4byte	.LASF14
 824 00a4 02       		.uleb128 0x2
 825 00a5 08       		.byte	0x8
 826 00a6 04       		.byte	0x4
 827 00a7 7F020000 		.4byte	.LASF15
 828 00ab 02       		.uleb128 0x2
 829 00ac 04       		.byte	0x4
 830 00ad 07       		.byte	0x7
 831 00ae 50020000 		.4byte	.LASF16
 832 00b2 05       		.uleb128 0x5
 833 00b3 FE000000 		.4byte	.LASF17
 834 00b7 01       		.byte	0x1
 835 00b8 2B       		.byte	0x2b
 836 00b9 00000000 		.4byte	.LFB0
 837 00bd 54000000 		.4byte	.LFE0-.LFB0
 838 00c1 01       		.uleb128 0x1
 839 00c2 9C       		.byte	0x9c
 840 00c3 05       		.uleb128 0x5
 841 00c4 2A010000 		.4byte	.LASF18
 842 00c8 01       		.byte	0x1
 843 00c9 56       		.byte	0x56
 844 00ca 00000000 		.4byte	.LFB1
 845 00ce 34000000 		.4byte	.LFE1-.LFB1
 846 00d2 01       		.uleb128 0x1
ARM GAS  C:\Users\riveraes\AppData\Local\Temp\ccEOKd1l.s 			page 21


 847 00d3 9C       		.byte	0x9c
 848 00d4 05       		.uleb128 0x5
 849 00d5 B6000000 		.4byte	.LASF19
 850 00d9 01       		.byte	0x1
 851 00da 81       		.byte	0x81
 852 00db 00000000 		.4byte	.LFB2
 853 00df 24000000 		.4byte	.LFE2-.LFB2
 854 00e3 01       		.uleb128 0x1
 855 00e4 9C       		.byte	0x9c
 856 00e5 06       		.uleb128 0x6
 857 00e6 10020000 		.4byte	.LASF25
 858 00ea 01       		.byte	0x1
 859 00eb A3       		.byte	0xa3
 860 00ec 00000000 		.4byte	.LFB3
 861 00f0 34000000 		.4byte	.LFE3-.LFB3
 862 00f4 01       		.uleb128 0x1
 863 00f5 9C       		.byte	0x9c
 864 00f6 33010000 		.4byte	0x133
 865 00fa 07       		.uleb128 0x7
 866 00fb EC000000 		.4byte	.LASF20
 867 00ff 01       		.byte	0x1
 868 0100 A3       		.byte	0xa3
 869 0101 33010000 		.4byte	0x133
 870 0105 02       		.uleb128 0x2
 871 0106 91       		.byte	0x91
 872 0107 74       		.sleb128 -12
 873 0108 07       		.uleb128 0x7
 874 0109 6D010000 		.4byte	.LASF21
 875 010d 01       		.byte	0x1
 876 010e A3       		.byte	0xa3
 877 010f 77000000 		.4byte	0x77
 878 0113 02       		.uleb128 0x2
 879 0114 91       		.byte	0x91
 880 0115 72       		.sleb128 -14
 881 0116 07       		.uleb128 0x7
 882 0117 F5000000 		.4byte	.LASF22
 883 011b 01       		.byte	0x1
 884 011c A3       		.byte	0xa3
 885 011d 33010000 		.4byte	0x133
 886 0121 02       		.uleb128 0x2
 887 0122 91       		.byte	0x91
 888 0123 6C       		.sleb128 -20
 889 0124 07       		.uleb128 0x7
 890 0125 79010000 		.4byte	.LASF23
 891 0129 01       		.byte	0x1
 892 012a A3       		.byte	0xa3
 893 012b 77000000 		.4byte	0x77
 894 012f 02       		.uleb128 0x2
 895 0130 91       		.byte	0x91
 896 0131 70       		.sleb128 -16
 897 0132 00       		.byte	0
 898 0133 08       		.uleb128 0x8
 899 0134 04       		.byte	0x4
 900 0135 39010000 		.4byte	0x139
 901 0139 09       		.uleb128 0x9
 902 013a 6B000000 		.4byte	0x6b
 903 013e 05       		.uleb128 0x5
ARM GAS  C:\Users\riveraes\AppData\Local\Temp\ccEOKd1l.s 			page 22


 904 013f EB010000 		.4byte	.LASF24
 905 0143 01       		.byte	0x1
 906 0144 BB       		.byte	0xbb
 907 0145 00000000 		.4byte	.LFB4
 908 0149 28000000 		.4byte	.LFE4-.LFB4
 909 014d 01       		.uleb128 0x1
 910 014e 9C       		.byte	0x9c
 911 014f 06       		.uleb128 0x6
 912 0150 D8000000 		.4byte	.LASF26
 913 0154 01       		.byte	0x1
 914 0155 DA       		.byte	0xda
 915 0156 00000000 		.4byte	.LFB5
 916 015a 68000000 		.4byte	.LFE5-.LFB5
 917 015e 01       		.uleb128 0x1
 918 015f 9C       		.byte	0x9c
 919 0160 81010000 		.4byte	0x181
 920 0164 07       		.uleb128 0x7
 921 0165 4C010000 		.4byte	.LASF27
 922 0169 01       		.byte	0x1
 923 016a DA       		.byte	0xda
 924 016b 33010000 		.4byte	0x133
 925 016f 02       		.uleb128 0x2
 926 0170 91       		.byte	0x91
 927 0171 74       		.sleb128 -12
 928 0172 07       		.uleb128 0x7
 929 0173 1F010000 		.4byte	.LASF28
 930 0177 01       		.byte	0x1
 931 0178 DA       		.byte	0xda
 932 0179 77000000 		.4byte	0x77
 933 017d 02       		.uleb128 0x2
 934 017e 91       		.byte	0x91
 935 017f 72       		.sleb128 -14
 936 0180 00       		.byte	0
 937 0181 0A       		.uleb128 0xa
 938 0182 CA010000 		.4byte	.LASF29
 939 0186 01       		.byte	0x1
 940 0187 0801     		.2byte	0x108
 941 0189 00000000 		.4byte	.LFB6
 942 018d 68000000 		.4byte	.LFE6-.LFB6
 943 0191 01       		.uleb128 0x1
 944 0192 9C       		.byte	0x9c
 945 0193 B6010000 		.4byte	0x1b6
 946 0197 0B       		.uleb128 0xb
 947 0198 4C010000 		.4byte	.LASF27
 948 019c 01       		.byte	0x1
 949 019d 0801     		.2byte	0x108
 950 019f 33010000 		.4byte	0x133
 951 01a3 02       		.uleb128 0x2
 952 01a4 91       		.byte	0x91
 953 01a5 74       		.sleb128 -12
 954 01a6 0B       		.uleb128 0xb
 955 01a7 1F010000 		.4byte	.LASF28
 956 01ab 01       		.byte	0x1
 957 01ac 0801     		.2byte	0x108
 958 01ae 77000000 		.4byte	0x77
 959 01b2 02       		.uleb128 0x2
 960 01b3 91       		.byte	0x91
ARM GAS  C:\Users\riveraes\AppData\Local\Temp\ccEOKd1l.s 			page 23


 961 01b4 72       		.sleb128 -14
 962 01b5 00       		.byte	0
 963 01b6 0C       		.uleb128 0xc
 964 01b7 0C010000 		.4byte	.LASF30
 965 01bb 01       		.byte	0x1
 966 01bc 17       		.byte	0x17
 967 01bd 6B000000 		.4byte	0x6b
 968 01c1 05       		.uleb128 0x5
 969 01c2 03       		.byte	0x3
 970 01c3 01000000 		.4byte	HF_DAC_1_Wave1Chan
 971 01c7 0C       		.uleb128 0xc
 972 01c8 5A010000 		.4byte	.LASF31
 973 01cc 01       		.byte	0x1
 974 01cd 18       		.byte	0x18
 975 01ce 6B000000 		.4byte	0x6b
 976 01d2 05       		.uleb128 0x5
 977 01d3 03       		.byte	0x3
 978 01d4 02000000 		.4byte	HF_DAC_1_Wave2Chan
 979 01d8 0C       		.uleb128 0xc
 980 01d9 3F020000 		.4byte	.LASF32
 981 01dd 01       		.byte	0x1
 982 01de 19       		.byte	0x19
 983 01df 6B000000 		.4byte	0x6b
 984 01e3 05       		.uleb128 0x5
 985 01e4 03       		.byte	0x3
 986 01e5 03000000 		.4byte	HF_DAC_1_Wave1TD
 987 01e9 0C       		.uleb128 0xc
 988 01ea 00000000 		.4byte	.LASF33
 989 01ee 01       		.byte	0x1
 990 01ef 1A       		.byte	0x1a
 991 01f0 6B000000 		.4byte	0x6b
 992 01f4 05       		.uleb128 0x5
 993 01f5 03       		.byte	0x3
 994 01f6 04000000 		.4byte	HF_DAC_1_Wave2TD
 995 01fa 0D       		.uleb128 0xd
 996 01fb A5000000 		.4byte	.LASF34
 997 01ff 01       		.byte	0x1
 998 0200 12       		.byte	0x12
 999 0201 6B000000 		.4byte	0x6b
 1000 0205 05       		.uleb128 0x5
 1001 0206 03       		.byte	0x3
 1002 0207 00000000 		.4byte	HF_DAC_1_initVar
 1003 020b 0E       		.uleb128 0xe
 1004 020c 39010000 		.4byte	0x139
 1005 0210 1C020000 		.4byte	0x21c
 1006 0214 0F       		.uleb128 0xf
 1007 0215 AB000000 		.4byte	0xab
 1008 0219 2B01     		.2byte	0x12b
 1009 021b 00       		.byte	0
 1010 021c 0D       		.uleb128 0xd
 1011 021d 21020000 		.4byte	.LASF35
 1012 0221 01       		.byte	0x1
 1013 0222 14       		.byte	0x14
 1014 0223 2D020000 		.4byte	0x22d
 1015 0227 05       		.uleb128 0x5
 1016 0228 03       		.byte	0x3
 1017 0229 00000000 		.4byte	HF_DAC_1_wave1
ARM GAS  C:\Users\riveraes\AppData\Local\Temp\ccEOKd1l.s 			page 24


 1018 022d 09       		.uleb128 0x9
 1019 022e 0B020000 		.4byte	0x20b
 1020 0232 0E       		.uleb128 0xe
 1021 0233 39010000 		.4byte	0x139
 1022 0237 42020000 		.4byte	0x242
 1023 023b 10       		.uleb128 0x10
 1024 023c AB000000 		.4byte	0xab
 1025 0240 03       		.byte	0x3
 1026 0241 00       		.byte	0
 1027 0242 0D       		.uleb128 0xd
 1028 0243 30020000 		.4byte	.LASF36
 1029 0247 01       		.byte	0x1
 1030 0248 15       		.byte	0x15
 1031 0249 53020000 		.4byte	0x253
 1032 024d 05       		.uleb128 0x5
 1033 024e 03       		.byte	0x3
 1034 024f 00000000 		.4byte	HF_DAC_1_wave2
 1035 0253 09       		.uleb128 0x9
 1036 0254 32020000 		.4byte	0x232
 1037 0258 00       		.byte	0
 1038              		.section	.debug_abbrev,"",%progbits
 1039              	.Ldebug_abbrev0:
 1040 0000 01       		.uleb128 0x1
 1041 0001 11       		.uleb128 0x11
 1042 0002 01       		.byte	0x1
 1043 0003 25       		.uleb128 0x25
 1044 0004 0E       		.uleb128 0xe
 1045 0005 13       		.uleb128 0x13
 1046 0006 0B       		.uleb128 0xb
 1047 0007 03       		.uleb128 0x3
 1048 0008 0E       		.uleb128 0xe
 1049 0009 1B       		.uleb128 0x1b
 1050 000a 0E       		.uleb128 0xe
 1051 000b 55       		.uleb128 0x55
 1052 000c 17       		.uleb128 0x17
 1053 000d 11       		.uleb128 0x11
 1054 000e 01       		.uleb128 0x1
 1055 000f 10       		.uleb128 0x10
 1056 0010 17       		.uleb128 0x17
 1057 0011 00       		.byte	0
 1058 0012 00       		.byte	0
 1059 0013 02       		.uleb128 0x2
 1060 0014 24       		.uleb128 0x24
 1061 0015 00       		.byte	0
 1062 0016 0B       		.uleb128 0xb
 1063 0017 0B       		.uleb128 0xb
 1064 0018 3E       		.uleb128 0x3e
 1065 0019 0B       		.uleb128 0xb
 1066 001a 03       		.uleb128 0x3
 1067 001b 0E       		.uleb128 0xe
 1068 001c 00       		.byte	0
 1069 001d 00       		.byte	0
 1070 001e 03       		.uleb128 0x3
 1071 001f 24       		.uleb128 0x24
 1072 0020 00       		.byte	0
 1073 0021 0B       		.uleb128 0xb
 1074 0022 0B       		.uleb128 0xb
ARM GAS  C:\Users\riveraes\AppData\Local\Temp\ccEOKd1l.s 			page 25


 1075 0023 3E       		.uleb128 0x3e
 1076 0024 0B       		.uleb128 0xb
 1077 0025 03       		.uleb128 0x3
 1078 0026 08       		.uleb128 0x8
 1079 0027 00       		.byte	0
 1080 0028 00       		.byte	0
 1081 0029 04       		.uleb128 0x4
 1082 002a 16       		.uleb128 0x16
 1083 002b 00       		.byte	0
 1084 002c 03       		.uleb128 0x3
 1085 002d 0E       		.uleb128 0xe
 1086 002e 3A       		.uleb128 0x3a
 1087 002f 0B       		.uleb128 0xb
 1088 0030 3B       		.uleb128 0x3b
 1089 0031 05       		.uleb128 0x5
 1090 0032 49       		.uleb128 0x49
 1091 0033 13       		.uleb128 0x13
 1092 0034 00       		.byte	0
 1093 0035 00       		.byte	0
 1094 0036 05       		.uleb128 0x5
 1095 0037 2E       		.uleb128 0x2e
 1096 0038 00       		.byte	0
 1097 0039 3F       		.uleb128 0x3f
 1098 003a 19       		.uleb128 0x19
 1099 003b 03       		.uleb128 0x3
 1100 003c 0E       		.uleb128 0xe
 1101 003d 3A       		.uleb128 0x3a
 1102 003e 0B       		.uleb128 0xb
 1103 003f 3B       		.uleb128 0x3b
 1104 0040 0B       		.uleb128 0xb
 1105 0041 27       		.uleb128 0x27
 1106 0042 19       		.uleb128 0x19
 1107 0043 11       		.uleb128 0x11
 1108 0044 01       		.uleb128 0x1
 1109 0045 12       		.uleb128 0x12
 1110 0046 06       		.uleb128 0x6
 1111 0047 40       		.uleb128 0x40
 1112 0048 18       		.uleb128 0x18
 1113 0049 9642     		.uleb128 0x2116
 1114 004b 19       		.uleb128 0x19
 1115 004c 00       		.byte	0
 1116 004d 00       		.byte	0
 1117 004e 06       		.uleb128 0x6
 1118 004f 2E       		.uleb128 0x2e
 1119 0050 01       		.byte	0x1
 1120 0051 3F       		.uleb128 0x3f
 1121 0052 19       		.uleb128 0x19
 1122 0053 03       		.uleb128 0x3
 1123 0054 0E       		.uleb128 0xe
 1124 0055 3A       		.uleb128 0x3a
 1125 0056 0B       		.uleb128 0xb
 1126 0057 3B       		.uleb128 0x3b
 1127 0058 0B       		.uleb128 0xb
 1128 0059 27       		.uleb128 0x27
 1129 005a 19       		.uleb128 0x19
 1130 005b 11       		.uleb128 0x11
 1131 005c 01       		.uleb128 0x1
ARM GAS  C:\Users\riveraes\AppData\Local\Temp\ccEOKd1l.s 			page 26


 1132 005d 12       		.uleb128 0x12
 1133 005e 06       		.uleb128 0x6
 1134 005f 40       		.uleb128 0x40
 1135 0060 18       		.uleb128 0x18
 1136 0061 9642     		.uleb128 0x2116
 1137 0063 19       		.uleb128 0x19
 1138 0064 01       		.uleb128 0x1
 1139 0065 13       		.uleb128 0x13
 1140 0066 00       		.byte	0
 1141 0067 00       		.byte	0
 1142 0068 07       		.uleb128 0x7
 1143 0069 05       		.uleb128 0x5
 1144 006a 00       		.byte	0
 1145 006b 03       		.uleb128 0x3
 1146 006c 0E       		.uleb128 0xe
 1147 006d 3A       		.uleb128 0x3a
 1148 006e 0B       		.uleb128 0xb
 1149 006f 3B       		.uleb128 0x3b
 1150 0070 0B       		.uleb128 0xb
 1151 0071 49       		.uleb128 0x49
 1152 0072 13       		.uleb128 0x13
 1153 0073 02       		.uleb128 0x2
 1154 0074 18       		.uleb128 0x18
 1155 0075 00       		.byte	0
 1156 0076 00       		.byte	0
 1157 0077 08       		.uleb128 0x8
 1158 0078 0F       		.uleb128 0xf
 1159 0079 00       		.byte	0
 1160 007a 0B       		.uleb128 0xb
 1161 007b 0B       		.uleb128 0xb
 1162 007c 49       		.uleb128 0x49
 1163 007d 13       		.uleb128 0x13
 1164 007e 00       		.byte	0
 1165 007f 00       		.byte	0
 1166 0080 09       		.uleb128 0x9
 1167 0081 26       		.uleb128 0x26
 1168 0082 00       		.byte	0
 1169 0083 49       		.uleb128 0x49
 1170 0084 13       		.uleb128 0x13
 1171 0085 00       		.byte	0
 1172 0086 00       		.byte	0
 1173 0087 0A       		.uleb128 0xa
 1174 0088 2E       		.uleb128 0x2e
 1175 0089 01       		.byte	0x1
 1176 008a 3F       		.uleb128 0x3f
 1177 008b 19       		.uleb128 0x19
 1178 008c 03       		.uleb128 0x3
 1179 008d 0E       		.uleb128 0xe
 1180 008e 3A       		.uleb128 0x3a
 1181 008f 0B       		.uleb128 0xb
 1182 0090 3B       		.uleb128 0x3b
 1183 0091 05       		.uleb128 0x5
 1184 0092 27       		.uleb128 0x27
 1185 0093 19       		.uleb128 0x19
 1186 0094 11       		.uleb128 0x11
 1187 0095 01       		.uleb128 0x1
 1188 0096 12       		.uleb128 0x12
ARM GAS  C:\Users\riveraes\AppData\Local\Temp\ccEOKd1l.s 			page 27


 1189 0097 06       		.uleb128 0x6
 1190 0098 40       		.uleb128 0x40
 1191 0099 18       		.uleb128 0x18
 1192 009a 9642     		.uleb128 0x2116
 1193 009c 19       		.uleb128 0x19
 1194 009d 01       		.uleb128 0x1
 1195 009e 13       		.uleb128 0x13
 1196 009f 00       		.byte	0
 1197 00a0 00       		.byte	0
 1198 00a1 0B       		.uleb128 0xb
 1199 00a2 05       		.uleb128 0x5
 1200 00a3 00       		.byte	0
 1201 00a4 03       		.uleb128 0x3
 1202 00a5 0E       		.uleb128 0xe
 1203 00a6 3A       		.uleb128 0x3a
 1204 00a7 0B       		.uleb128 0xb
 1205 00a8 3B       		.uleb128 0x3b
 1206 00a9 05       		.uleb128 0x5
 1207 00aa 49       		.uleb128 0x49
 1208 00ab 13       		.uleb128 0x13
 1209 00ac 02       		.uleb128 0x2
 1210 00ad 18       		.uleb128 0x18
 1211 00ae 00       		.byte	0
 1212 00af 00       		.byte	0
 1213 00b0 0C       		.uleb128 0xc
 1214 00b1 34       		.uleb128 0x34
 1215 00b2 00       		.byte	0
 1216 00b3 03       		.uleb128 0x3
 1217 00b4 0E       		.uleb128 0xe
 1218 00b5 3A       		.uleb128 0x3a
 1219 00b6 0B       		.uleb128 0xb
 1220 00b7 3B       		.uleb128 0x3b
 1221 00b8 0B       		.uleb128 0xb
 1222 00b9 49       		.uleb128 0x49
 1223 00ba 13       		.uleb128 0x13
 1224 00bb 02       		.uleb128 0x2
 1225 00bc 18       		.uleb128 0x18
 1226 00bd 00       		.byte	0
 1227 00be 00       		.byte	0
 1228 00bf 0D       		.uleb128 0xd
 1229 00c0 34       		.uleb128 0x34
 1230 00c1 00       		.byte	0
 1231 00c2 03       		.uleb128 0x3
 1232 00c3 0E       		.uleb128 0xe
 1233 00c4 3A       		.uleb128 0x3a
 1234 00c5 0B       		.uleb128 0xb
 1235 00c6 3B       		.uleb128 0x3b
 1236 00c7 0B       		.uleb128 0xb
 1237 00c8 49       		.uleb128 0x49
 1238 00c9 13       		.uleb128 0x13
 1239 00ca 3F       		.uleb128 0x3f
 1240 00cb 19       		.uleb128 0x19
 1241 00cc 02       		.uleb128 0x2
 1242 00cd 18       		.uleb128 0x18
 1243 00ce 00       		.byte	0
 1244 00cf 00       		.byte	0
 1245 00d0 0E       		.uleb128 0xe
ARM GAS  C:\Users\riveraes\AppData\Local\Temp\ccEOKd1l.s 			page 28


 1246 00d1 01       		.uleb128 0x1
 1247 00d2 01       		.byte	0x1
 1248 00d3 49       		.uleb128 0x49
 1249 00d4 13       		.uleb128 0x13
 1250 00d5 01       		.uleb128 0x1
 1251 00d6 13       		.uleb128 0x13
 1252 00d7 00       		.byte	0
 1253 00d8 00       		.byte	0
 1254 00d9 0F       		.uleb128 0xf
 1255 00da 21       		.uleb128 0x21
 1256 00db 00       		.byte	0
 1257 00dc 49       		.uleb128 0x49
 1258 00dd 13       		.uleb128 0x13
 1259 00de 2F       		.uleb128 0x2f
 1260 00df 05       		.uleb128 0x5
 1261 00e0 00       		.byte	0
 1262 00e1 00       		.byte	0
 1263 00e2 10       		.uleb128 0x10
 1264 00e3 21       		.uleb128 0x21
 1265 00e4 00       		.byte	0
 1266 00e5 49       		.uleb128 0x49
 1267 00e6 13       		.uleb128 0x13
 1268 00e7 2F       		.uleb128 0x2f
 1269 00e8 0B       		.uleb128 0xb
 1270 00e9 00       		.byte	0
 1271 00ea 00       		.byte	0
 1272 00eb 00       		.byte	0
 1273              		.section	.debug_aranges,"",%progbits
 1274 0000 4C000000 		.4byte	0x4c
 1275 0004 0200     		.2byte	0x2
 1276 0006 00000000 		.4byte	.Ldebug_info0
 1277 000a 04       		.byte	0x4
 1278 000b 00       		.byte	0
 1279 000c 0000     		.2byte	0
 1280 000e 0000     		.2byte	0
 1281 0010 00000000 		.4byte	.LFB0
 1282 0014 54000000 		.4byte	.LFE0-.LFB0
 1283 0018 00000000 		.4byte	.LFB1
 1284 001c 34000000 		.4byte	.LFE1-.LFB1
 1285 0020 00000000 		.4byte	.LFB2
 1286 0024 24000000 		.4byte	.LFE2-.LFB2
 1287 0028 00000000 		.4byte	.LFB3
 1288 002c 34000000 		.4byte	.LFE3-.LFB3
 1289 0030 00000000 		.4byte	.LFB4
 1290 0034 28000000 		.4byte	.LFE4-.LFB4
 1291 0038 00000000 		.4byte	.LFB5
 1292 003c 68000000 		.4byte	.LFE5-.LFB5
 1293 0040 00000000 		.4byte	.LFB6
 1294 0044 68000000 		.4byte	.LFE6-.LFB6
 1295 0048 00000000 		.4byte	0
 1296 004c 00000000 		.4byte	0
 1297              		.section	.debug_ranges,"",%progbits
 1298              	.Ldebug_ranges0:
 1299 0000 00000000 		.4byte	.LFB0
 1300 0004 54000000 		.4byte	.LFE0
 1301 0008 00000000 		.4byte	.LFB1
 1302 000c 34000000 		.4byte	.LFE1
ARM GAS  C:\Users\riveraes\AppData\Local\Temp\ccEOKd1l.s 			page 29


 1303 0010 00000000 		.4byte	.LFB2
 1304 0014 24000000 		.4byte	.LFE2
 1305 0018 00000000 		.4byte	.LFB3
 1306 001c 34000000 		.4byte	.LFE3
 1307 0020 00000000 		.4byte	.LFB4
 1308 0024 28000000 		.4byte	.LFE4
 1309 0028 00000000 		.4byte	.LFB5
 1310 002c 68000000 		.4byte	.LFE5
 1311 0030 00000000 		.4byte	.LFB6
 1312 0034 68000000 		.4byte	.LFE6
 1313 0038 00000000 		.4byte	0
 1314 003c 00000000 		.4byte	0
 1315              		.section	.debug_line,"",%progbits
 1316              	.Ldebug_line0:
 1317 0000 EC000000 		.section	.debug_str,"MS",%progbits,1
 1317      02004500 
 1317      00000201 
 1317      FB0E0D00 
 1317      01010101 
 1318              	.LASF33:
 1319 0000 48465F44 		.ascii	"HF_DAC_1_Wave2TD\000"
 1319      41435F31 
 1319      5F576176 
 1319      65325444 
 1319      00
 1320              	.LASF37:
 1321 0011 474E5520 		.ascii	"GNU C11 5.4.1 20160609 (release) [ARM/embedded-5-br"
 1321      43313120 
 1321      352E342E 
 1321      31203230 
 1321      31363036 
 1322 0044 616E6368 		.ascii	"anch revision 237715] -mcpu=cortex-m3 -mthumb -g -O"
 1322      20726576 
 1322      6973696F 
 1322      6E203233 
 1322      37373135 
 1323 0077 30202D66 		.ascii	"0 -ffunction-sections -ffat-lto-objects\000"
 1323      66756E63 
 1323      74696F6E 
 1323      2D736563 
 1323      74696F6E 
 1324              	.LASF12:
 1325 009f 666C6F61 		.ascii	"float\000"
 1325      7400
 1326              	.LASF34:
 1327 00a5 48465F44 		.ascii	"HF_DAC_1_initVar\000"
 1327      41435F31 
 1327      5F696E69 
 1327      74566172 
 1327      00
 1328              	.LASF19:
 1329 00b6 48465F44 		.ascii	"HF_DAC_1_Start\000"
 1329      41435F31 
 1329      5F537461 
 1329      727400
 1330              	.LASF3:
 1331 00c5 73686F72 		.ascii	"short unsigned int\000"
ARM GAS  C:\Users\riveraes\AppData\Local\Temp\ccEOKd1l.s 			page 30


 1331      7420756E 
 1331      7369676E 
 1331      65642069 
 1331      6E7400
 1332              	.LASF26:
 1333 00d8 48465F44 		.ascii	"HF_DAC_1_Wave1Setup\000"
 1333      41435F31 
 1333      5F576176 
 1333      65315365 
 1333      74757000 
 1334              	.LASF20:
 1335 00ec 77617665 		.ascii	"wavePtr1\000"
 1335      50747231 
 1335      00
 1336              	.LASF22:
 1337 00f5 77617665 		.ascii	"wavePtr2\000"
 1337      50747232 
 1337      00
 1338              	.LASF17:
 1339 00fe 48465F44 		.ascii	"HF_DAC_1_Init\000"
 1339      41435F31 
 1339      5F496E69 
 1339      7400
 1340              	.LASF30:
 1341 010c 48465F44 		.ascii	"HF_DAC_1_Wave1Chan\000"
 1341      41435F31 
 1341      5F576176 
 1341      65314368 
 1341      616E00
 1342              	.LASF28:
 1343 011f 73616D70 		.ascii	"sampleSize\000"
 1343      6C655369 
 1343      7A6500
 1344              	.LASF18:
 1345 012a 48465F44 		.ascii	"HF_DAC_1_Enable\000"
 1345      41435F31 
 1345      5F456E61 
 1345      626C6500 
 1346              	.LASF5:
 1347 013a 6C6F6E67 		.ascii	"long unsigned int\000"
 1347      20756E73 
 1347      69676E65 
 1347      6420696E 
 1347      7400
 1348              	.LASF27:
 1349 014c 77617665 		.ascii	"wavePtr\000"
 1349      50747200 
 1350              	.LASF9:
 1351 0154 75696E74 		.ascii	"uint8\000"
 1351      3800
 1352              	.LASF31:
 1353 015a 48465F44 		.ascii	"HF_DAC_1_Wave2Chan\000"
 1353      41435F31 
 1353      5F576176 
 1353      65324368 
 1353      616E00
 1354              	.LASF21:
ARM GAS  C:\Users\riveraes\AppData\Local\Temp\ccEOKd1l.s 			page 31


 1355 016d 73616D70 		.ascii	"sampleSize1\000"
 1355      6C655369 
 1355      7A653100 
 1356              	.LASF23:
 1357 0179 73616D70 		.ascii	"sampleSize2\000"
 1357      6C655369 
 1357      7A653200 
 1358              	.LASF1:
 1359 0185 756E7369 		.ascii	"unsigned char\000"
 1359      676E6564 
 1359      20636861 
 1359      7200
 1360              	.LASF38:
 1361 0193 47656E65 		.ascii	"Generated_Source\\PSoC5\\HF_DAC_1.c\000"
 1361      72617465 
 1361      645F536F 
 1361      75726365 
 1361      5C50536F 
 1362              	.LASF13:
 1363 01b5 646F7562 		.ascii	"double\000"
 1363      6C6500
 1364              	.LASF10:
 1365 01bc 75696E74 		.ascii	"uint16\000"
 1365      313600
 1366              	.LASF11:
 1367 01c3 75696E74 		.ascii	"uint32\000"
 1367      333200
 1368              	.LASF29:
 1369 01ca 48465F44 		.ascii	"HF_DAC_1_Wave2Setup\000"
 1369      41435F31 
 1369      5F576176 
 1369      65325365 
 1369      74757000 
 1370              	.LASF8:
 1371 01de 756E7369 		.ascii	"unsigned int\000"
 1371      676E6564 
 1371      20696E74 
 1371      00
 1372              	.LASF24:
 1373 01eb 48465F44 		.ascii	"HF_DAC_1_Stop\000"
 1373      41435F31 
 1373      5F53746F 
 1373      7000
 1374              	.LASF7:
 1375 01f9 6C6F6E67 		.ascii	"long long unsigned int\000"
 1375      206C6F6E 
 1375      6720756E 
 1375      7369676E 
 1375      65642069 
 1376              	.LASF25:
 1377 0210 48465F44 		.ascii	"HF_DAC_1_StartEx\000"
 1377      41435F31 
 1377      5F537461 
 1377      72744578 
 1377      00
 1378              	.LASF35:
 1379 0221 48465F44 		.ascii	"HF_DAC_1_wave1\000"
ARM GAS  C:\Users\riveraes\AppData\Local\Temp\ccEOKd1l.s 			page 32


 1379      41435F31 
 1379      5F776176 
 1379      653100
 1380              	.LASF36:
 1381 0230 48465F44 		.ascii	"HF_DAC_1_wave2\000"
 1381      41435F31 
 1381      5F776176 
 1381      653200
 1382              	.LASF32:
 1383 023f 48465F44 		.ascii	"HF_DAC_1_Wave1TD\000"
 1383      41435F31 
 1383      5F576176 
 1383      65315444 
 1383      00
 1384              	.LASF16:
 1385 0250 73697A65 		.ascii	"sizetype\000"
 1385      74797065 
 1385      00
 1386              	.LASF6:
 1387 0259 6C6F6E67 		.ascii	"long long int\000"
 1387      206C6F6E 
 1387      6720696E 
 1387      7400
 1388              	.LASF14:
 1389 0267 63686172 		.ascii	"char\000"
 1389      00
 1390              	.LASF2:
 1391 026c 73686F72 		.ascii	"short int\000"
 1391      7420696E 
 1391      7400
 1392              	.LASF4:
 1393 0276 6C6F6E67 		.ascii	"long int\000"
 1393      20696E74 
 1393      00
 1394              	.LASF15:
 1395 027f 6C6F6E67 		.ascii	"long double\000"
 1395      20646F75 
 1395      626C6500 
 1396              	.LASF0:
 1397 028b 7369676E 		.ascii	"signed char\000"
 1397      65642063 
 1397      68617200 
 1398              	.LASF39:
 1399 0297 433A5C55 		.ascii	"C:\\Users\\riveraes\\Documents\\LaptopPublic\\Maest"
 1399      73657273 
 1399      5C726976 
 1399      65726165 
 1399      735C446F 
 1400 02c5 7269615C 		.ascii	"ria\\MP6157_Adquisicion y procesamiento de datos\\D"
 1400      4D503631 
 1400      35375F41 
 1400      64717569 
 1400      73696369 
 1401 02f6 75616C54 		.ascii	"ualToneMultiFrequency\\DTMF_Projects\\DTMF_TX.cydsn"
 1401      6F6E654D 
 1401      756C7469 
 1401      46726571 
ARM GAS  C:\Users\riveraes\AppData\Local\Temp\ccEOKd1l.s 			page 33


 1401      75656E63 
 1402 0327 00       		.ascii	"\000"
 1403              		.ident	"GCC: (GNU Tools for ARM Embedded Processors) 5.4.1 20160609 (release) [ARM/embedded-5-bran
