ARM GAS  C:\Users\riveraes\AppData\Local\Temp\ccMZL5Tq.s 			page 1


   1              		.syntax unified
   2              		.cpu cortex-m3
   3              		.fpu softvfp
   4              		.eabi_attribute 20, 1
   5              		.eabi_attribute 21, 1
   6              		.eabi_attribute 23, 3
   7              		.eabi_attribute 24, 1
   8              		.eabi_attribute 25, 1
   9              		.eabi_attribute 26, 1
  10              		.eabi_attribute 30, 6
  11              		.eabi_attribute 34, 1
  12              		.eabi_attribute 18, 4
  13              		.thumb
  14              		.syntax unified
  15              		.file	"cymetadata.c"
  16              		.text
  17              	.Ltext0:
  18              		.cfi_sections	.debug_frame
  19              		.global	cy_meta_configecc
  20              		.section	.cyconfigecc,"a",%progbits
  21              		.align	2
  22              		.type	cy_meta_configecc, %object
  23              		.size	cy_meta_configecc, 1208
  24              	cy_meta_configecc:
  25 0000 02       		.byte	2
  26 0001 52       		.byte	82
  27 0002 00       		.byte	0
  28 0003 40       		.byte	64
  29 0004 02       		.byte	2
  30 0005 5A       		.byte	90
  31 0006 00       		.byte	0
  32 0007 40       		.byte	64
  33 0008 01       		.byte	1
  34 0009 64       		.byte	100
  35 000a 00       		.byte	0
  36 000b 40       		.byte	64
  37 000c 02       		.byte	2
  38 000d 65       		.byte	101
  39 000e 00       		.byte	0
  40 000f 40       		.byte	64
  41 0010 04       		.byte	4
  42 0011 00       		.byte	0
  43 0012 01       		.byte	1
  44 0013 40       		.byte	64
  45 0014 01       		.byte	1
  46 0015 01       		.byte	1
  47 0016 01       		.byte	1
  48 0017 40       		.byte	64
  49 0018 03       		.byte	3
  50 0019 03       		.byte	3
  51 001a 01       		.byte	1
  52 001b 40       		.byte	64
  53 001c 03       		.byte	3
  54 001d 05       		.byte	5
  55 001e 01       		.byte	1
  56 001f 40       		.byte	64
  57 0020 5C       		.byte	92
ARM GAS  C:\Users\riveraes\AppData\Local\Temp\ccMZL5Tq.s 			page 2


  58 0021 08       		.byte	8
  59 0022 01       		.byte	1
  60 0023 40       		.byte	64
  61 0024 39       		.byte	57
  62 0025 09       		.byte	9
  63 0026 01       		.byte	1
  64 0027 40       		.byte	64
  65 0028 05       		.byte	5
  66 0029 0B       		.byte	11
  67 002a 01       		.byte	1
  68 002b 40       		.byte	64
  69 002c 05       		.byte	5
  70 002d 0D       		.byte	13
  71 002e 01       		.byte	1
  72 002f 40       		.byte	64
  73 0030 03       		.byte	3
  74 0031 15       		.byte	21
  75 0032 01       		.byte	1
  76 0033 40       		.byte	64
  77 0034 3F       		.byte	63
  78 0035 18       		.byte	24
  79 0036 01       		.byte	1
  80 0037 40       		.byte	64
  81 0038 34       		.byte	52
  82 0039 19       		.byte	25
  83 003a 01       		.byte	1
  84 003b 40       		.byte	64
  85 003c 15       		.byte	21
  86 003d 1A       		.byte	26
  87 003e 01       		.byte	1
  88 003f 40       		.byte	64
  89 0040 48       		.byte	72
  90 0041 1B       		.byte	27
  91 0042 01       		.byte	1
  92 0043 40       		.byte	64
  93 0044 05       		.byte	5
  94 0045 40       		.byte	64
  95 0046 01       		.byte	1
  96 0047 40       		.byte	64
  97 0048 06       		.byte	6
  98 0049 41       		.byte	65
  99 004a 01       		.byte	1
 100 004b 40       		.byte	64
 101 004c 0A       		.byte	10
 102 004d 42       		.byte	66
 103 004e 01       		.byte	1
 104 004f 40       		.byte	64
 105 0050 02       		.byte	2
 106 0051 43       		.byte	67
 107 0052 01       		.byte	1
 108 0053 40       		.byte	64
 109 0054 02       		.byte	2
 110 0055 44       		.byte	68
 111 0056 01       		.byte	1
 112 0057 40       		.byte	64
 113 0058 02       		.byte	2
 114 0059 45       		.byte	69
ARM GAS  C:\Users\riveraes\AppData\Local\Temp\ccMZL5Tq.s 			page 3


 115 005a 01       		.byte	1
 116 005b 40       		.byte	64
 117 005c 05       		.byte	5
 118 005d 46       		.byte	70
 119 005e 01       		.byte	1
 120 005f 40       		.byte	64
 121 0060 03       		.byte	3
 122 0061 47       		.byte	71
 123 0062 01       		.byte	1
 124 0063 40       		.byte	64
 125 0064 05       		.byte	5
 126 0065 48       		.byte	72
 127 0066 01       		.byte	1
 128 0067 40       		.byte	64
 129 0068 0A       		.byte	10
 130 0069 49       		.byte	73
 131 006a 01       		.byte	1
 132 006b 40       		.byte	64
 133 006c 03       		.byte	3
 134 006d 4C       		.byte	76
 135 006e 01       		.byte	1
 136 006f 40       		.byte	64
 137 0070 0B       		.byte	11
 138 0071 4D       		.byte	77
 139 0072 01       		.byte	1
 140 0073 40       		.byte	64
 141 0074 08       		.byte	8
 142 0075 50       		.byte	80
 143 0076 01       		.byte	1
 144 0077 40       		.byte	64
 145 0078 01       		.byte	1
 146 0079 51       		.byte	81
 147 007a 01       		.byte	1
 148 007b 40       		.byte	64
 149 007c 61       		.byte	97
 150 007d 80       		.byte	-128
 151 007e 64       		.byte	100
 152 007f 40       		.byte	64
 153 0080 97       		.byte	-105
 154 0081 01       		.byte	1
 155 0082 9F       		.byte	-97
 156 0083 01       		.byte	1
 157 0084 88       		.byte	-120
 158 0085 0F       		.byte	15
 159 0086 88       		.byte	-120
 160 0087 38       		.byte	56
 161 0088 89       		.byte	-119
 162 0089 72       		.byte	114
 163 008a 39       		.byte	57
 164 008b 80       		.byte	-128
 165 008c 3F       		.byte	63
 166 008d 40       		.byte	64
 167 008e 59       		.byte	89
 168 008f 04       		.byte	4
 169 0090 5F       		.byte	95
 170 0091 01       		.byte	1
 171 0092 20       		.byte	32
ARM GAS  C:\Users\riveraes\AppData\Local\Temp\ccMZL5Tq.s 			page 4


 172 0093 01       		.byte	1
 173 0094 B4       		.byte	-76
 174 0095 01       		.byte	1
 175 0096 E2       		.byte	-30
 176 0097 20       		.byte	32
 177 0098 EE       		.byte	-18
 178 0099 04       		.byte	4
 179 009a E0       		.byte	-32
 180 009b 02       		.byte	2
 181 009c E4       		.byte	-28
 182 009d 01       		.byte	1
 183 009e E6       		.byte	-26
 184 009f 02       		.byte	2
 185 00a0 01       		.byte	1
 186 00a1 01       		.byte	1
 187 00a2 02       		.byte	2
 188 00a3 05       		.byte	5
 189 00a4 04       		.byte	4
 190 00a5 04       		.byte	4
 191 00a6 05       		.byte	5
 192 00a7 0E       		.byte	14
 193 00a8 06       		.byte	6
 194 00a9 01       		.byte	1
 195 00aa 07       		.byte	7
 196 00ab 10       		.byte	16
 197 00ac 09       		.byte	9
 198 00ad 0C       		.byte	12
 199 00ae 0B       		.byte	11
 200 00af 12       		.byte	18
 201 00b0 0E       		.byte	14
 202 00b1 02       		.byte	2
 203 00b2 17       		.byte	23
 204 00b3 20       		.byte	32
 205 00b4 1D       		.byte	29
 206 00b5 0E       		.byte	14
 207 00b6 1F       		.byte	31
 208 00b7 30       		.byte	48
 209 00b8 27       		.byte	39
 210 00b9 16       		.byte	22
 211 00ba 2D       		.byte	45
 212 00bb 28       		.byte	40
 213 00bc 2F       		.byte	47
 214 00bd 12       		.byte	18
 215 00be 30       		.byte	48
 216 00bf 04       		.byte	4
 217 00c0 31       		.byte	49
 218 00c1 02       		.byte	2
 219 00c2 32       		.byte	50
 220 00c3 02       		.byte	2
 221 00c4 34       		.byte	52
 222 00c5 01       		.byte	1
 223 00c6 35       		.byte	53
 224 00c7 01       		.byte	1
 225 00c8 37       		.byte	55
 226 00c9 3C       		.byte	60
 227 00ca 3B       		.byte	59
 228 00cb 80       		.byte	-128
ARM GAS  C:\Users\riveraes\AppData\Local\Temp\ccMZL5Tq.s 			page 5


 229 00cc 3E       		.byte	62
 230 00cd 11       		.byte	17
 231 00ce 3F       		.byte	63
 232 00cf 11       		.byte	17
 233 00d0 40       		.byte	64
 234 00d1 43       		.byte	67
 235 00d2 41       		.byte	65
 236 00d3 02       		.byte	2
 237 00d4 45       		.byte	69
 238 00d5 0B       		.byte	11
 239 00d6 46       		.byte	70
 240 00d7 C0       		.byte	-64
 241 00d8 47       		.byte	71
 242 00d9 E0       		.byte	-32
 243 00da 48       		.byte	72
 244 00db 29       		.byte	41
 245 00dc 49       		.byte	73
 246 00dd FF       		.byte	-1
 247 00de 4A       		.byte	74
 248 00df FF       		.byte	-1
 249 00e0 4B       		.byte	75
 250 00e1 FF       		.byte	-1
 251 00e2 4E       		.byte	78
 252 00e3 F0       		.byte	-16
 253 00e4 4F       		.byte	79
 254 00e5 44       		.byte	68
 255 00e6 50       		.byte	80
 256 00e7 0C       		.byte	12
 257 00e8 54       		.byte	84
 258 00e9 01       		.byte	1
 259 00ea 58       		.byte	88
 260 00eb 04       		.byte	4
 261 00ec 59       		.byte	89
 262 00ed 04       		.byte	4
 263 00ee 5A       		.byte	90
 264 00ef 04       		.byte	4
 265 00f0 5B       		.byte	91
 266 00f1 04       		.byte	4
 267 00f2 5C       		.byte	92
 268 00f3 32       		.byte	50
 269 00f4 5D       		.byte	93
 270 00f5 33       		.byte	51
 271 00f6 5F       		.byte	95
 272 00f7 01       		.byte	1
 273 00f8 66       		.byte	102
 274 00f9 C0       		.byte	-64
 275 00fa 6A       		.byte	106
 276 00fb 40       		.byte	64
 277 00fc 6B       		.byte	107
 278 00fd 02       		.byte	2
 279 00fe 84       		.byte	-124
 280 00ff 24       		.byte	36
 281 0100 86       		.byte	-122
 282 0101 40       		.byte	64
 283 0102 8A       		.byte	-118
 284 0103 0C       		.byte	12
 285 0104 8B       		.byte	-117
ARM GAS  C:\Users\riveraes\AppData\Local\Temp\ccMZL5Tq.s 			page 6


 286 0105 01       		.byte	1
 287 0106 8C       		.byte	-116
 288 0107 72       		.byte	114
 289 0108 8E       		.byte	-114
 290 0109 08       		.byte	8
 291 010a 94       		.byte	-108
 292 010b 50       		.byte	80
 293 010c 98       		.byte	-104
 294 010d 33       		.byte	51
 295 010e 9A       		.byte	-102
 296 010f 44       		.byte	68
 297 0110 9B       		.byte	-101
 298 0111 03       		.byte	3
 299 0112 9C       		.byte	-100
 300 0113 43       		.byte	67
 301 0114 9E       		.byte	-98
 302 0115 30       		.byte	48
 303 0116 9F       		.byte	-97
 304 0117 05       		.byte	5
 305 0118 A0       		.byte	-96
 306 0119 40       		.byte	64
 307 011a A1       		.byte	-95
 308 011b 06       		.byte	6
 309 011c A3       		.byte	-93
 310 011d 01       		.byte	1
 311 011e A6       		.byte	-90
 312 011f 01       		.byte	1
 313 0120 A7       		.byte	-89
 314 0121 06       		.byte	6
 315 0122 AF       		.byte	-81
 316 0123 02       		.byte	2
 317 0124 B2       		.byte	-78
 318 0125 7C       		.byte	124
 319 0126 B4       		.byte	-76
 320 0127 03       		.byte	3
 321 0128 B5       		.byte	-75
 322 0129 07       		.byte	7
 323 012a B8       		.byte	-72
 324 012b 20       		.byte	32
 325 012c BB       		.byte	-69
 326 012d 20       		.byte	32
 327 012e BE       		.byte	-66
 328 012f 10       		.byte	16
 329 0130 C0       		.byte	-64
 330 0131 02       		.byte	2
 331 0132 C6       		.byte	-58
 332 0133 04       		.byte	4
 333 0134 C9       		.byte	-55
 334 0135 FF       		.byte	-1
 335 0136 CA       		.byte	-54
 336 0137 07       		.byte	7
 337 0138 CB       		.byte	-53
 338 0139 FF       		.byte	-1
 339 013a CC       		.byte	-52
 340 013b 40       		.byte	64
 341 013c CD       		.byte	-51
 342 013d 20       		.byte	32
ARM GAS  C:\Users\riveraes\AppData\Local\Temp\ccMZL5Tq.s 			page 7


 343 013e CE       		.byte	-50
 344 013f F0       		.byte	-16
 345 0140 CF       		.byte	-49
 346 0141 05       		.byte	5
 347 0142 D0       		.byte	-48
 348 0143 08       		.byte	8
 349 0144 D8       		.byte	-40
 350 0145 04       		.byte	4
 351 0146 D9       		.byte	-39
 352 0147 04       		.byte	4
 353 0148 DA       		.byte	-38
 354 0149 04       		.byte	4
 355 014a DC       		.byte	-36
 356 014b 33       		.byte	51
 357 014c DD       		.byte	-35
 358 014d 03       		.byte	3
 359 014e DF       		.byte	-33
 360 014f 01       		.byte	1
 361 0150 E0       		.byte	-32
 362 0151 40       		.byte	64
 363 0152 E1       		.byte	-31
 364 0153 A8       		.byte	-88
 365 0154 E2       		.byte	-30
 366 0155 40       		.byte	64
 367 0156 E3       		.byte	-29
 368 0157 20       		.byte	32
 369 0158 00       		.byte	0
 370 0159 90       		.byte	-112
 371 015a 01       		.byte	1
 372 015b 08       		.byte	8
 373 015c 02       		.byte	2
 374 015d 01       		.byte	1
 375 015e 03       		.byte	3
 376 015f 22       		.byte	34
 377 0160 05       		.byte	5
 378 0161 04       		.byte	4
 379 0162 07       		.byte	7
 380 0163 42       		.byte	66
 381 0164 09       		.byte	9
 382 0165 60       		.byte	96
 383 0166 0A       		.byte	10
 384 0167 20       		.byte	32
 385 0168 10       		.byte	16
 386 0169 20       		.byte	32
 387 016a 12       		.byte	18
 388 016b 50       		.byte	80
 389 016c 18       		.byte	24
 390 016d 14       		.byte	20
 391 016e 1B       		.byte	27
 392 016f 04       		.byte	4
 393 0170 1D       		.byte	29
 394 0171 04       		.byte	4
 395 0172 1F       		.byte	31
 396 0173 11       		.byte	17
 397 0174 21       		.byte	33
 398 0175 20       		.byte	32
 399 0176 23       		.byte	35
ARM GAS  C:\Users\riveraes\AppData\Local\Temp\ccMZL5Tq.s 			page 8


 400 0177 04       		.byte	4
 401 0178 24       		.byte	36
 402 0179 40       		.byte	64
 403 017a 25       		.byte	37
 404 017b 40       		.byte	64
 405 017c 26       		.byte	38
 406 017d 80       		.byte	-128
 407 017e 27       		.byte	39
 408 017f 09       		.byte	9
 409 0180 2A       		.byte	42
 410 0181 41       		.byte	65
 411 0182 2B       		.byte	43
 412 0183 20       		.byte	32
 413 0184 2C       		.byte	44
 414 0185 20       		.byte	32
 415 0186 2F       		.byte	47
 416 0187 02       		.byte	2
 417 0188 31       		.byte	49
 418 0189 20       		.byte	32
 419 018a 32       		.byte	50
 420 018b 80       		.byte	-128
 421 018c 35       		.byte	53
 422 018d 08       		.byte	8
 423 018e 36       		.byte	54
 424 018f 80       		.byte	-128
 425 0190 3A       		.byte	58
 426 0191 10       		.byte	16
 427 0192 3C       		.byte	60
 428 0193 02       		.byte	2
 429 0194 3D       		.byte	61
 430 0195 01       		.byte	1
 431 0196 3E       		.byte	62
 432 0197 10       		.byte	16
 433 0198 3F       		.byte	63
 434 0199 24       		.byte	36
 435 019a 40       		.byte	64
 436 019b 04       		.byte	4
 437 019c 45       		.byte	69
 438 019d 20       		.byte	32
 439 019e 46       		.byte	70
 440 019f 10       		.byte	16
 441 01a0 47       		.byte	71
 442 01a1 01       		.byte	1
 443 01a2 48       		.byte	72
 444 01a3 20       		.byte	32
 445 01a4 4E       		.byte	78
 446 01a5 10       		.byte	16
 447 01a6 52       		.byte	82
 448 01a7 40       		.byte	64
 449 01a8 54       		.byte	84
 450 01a9 01       		.byte	1
 451 01aa 57       		.byte	87
 452 01ab 10       		.byte	16
 453 01ac 5C       		.byte	92
 454 01ad 40       		.byte	64
 455 01ae 5D       		.byte	93
 456 01af 01       		.byte	1
ARM GAS  C:\Users\riveraes\AppData\Local\Temp\ccMZL5Tq.s 			page 9


 457 01b0 5E       		.byte	94
 458 01b1 10       		.byte	16
 459 01b2 5F       		.byte	95
 460 01b3 08       		.byte	8
 461 01b4 97       		.byte	-105
 462 01b5 22       		.byte	34
 463 01b6 9B       		.byte	-101
 464 01b7 02       		.byte	2
 465 01b8 A4       		.byte	-92
 466 01b9 04       		.byte	4
 467 01ba C0       		.byte	-64
 468 01bb B7       		.byte	-73
 469 01bc C2       		.byte	-62
 470 01bd 07       		.byte	7
 471 01be C4       		.byte	-60
 472 01bf 0C       		.byte	12
 473 01c0 CA       		.byte	-54
 474 01c1 5B       		.byte	91
 475 01c2 CC       		.byte	-52
 476 01c3 5C       		.byte	92
 477 01c4 CE       		.byte	-50
 478 01c5 E4       		.byte	-28
 479 01c6 D0       		.byte	-48
 480 01c7 E4       		.byte	-28
 481 01c8 D6       		.byte	-42
 482 01c9 F0       		.byte	-16
 483 01ca 83       		.byte	-125
 484 01cb 02       		.byte	2
 485 01cc 87       		.byte	-121
 486 01cd 10       		.byte	16
 487 01ce 97       		.byte	-105
 488 01cf 02       		.byte	2
 489 01d0 A4       		.byte	-92
 490 01d1 04       		.byte	4
 491 01d2 E0       		.byte	-32
 492 01d3 02       		.byte	2
 493 01d4 88       		.byte	-120
 494 01d5 04       		.byte	4
 495 01d6 97       		.byte	-105
 496 01d7 02       		.byte	2
 497 01d8 AB       		.byte	-85
 498 01d9 01       		.byte	1
 499 01da E2       		.byte	-30
 500 01db 20       		.byte	32
 501 01dc EC       		.byte	-20
 502 01dd 10       		.byte	16
 503 01de E2       		.byte	-30
 504 01df 80       		.byte	-128
 505 01e0 E4       		.byte	-28
 506 01e1 22       		.byte	34
 507 01e2 EC       		.byte	-20
 508 01e3 01       		.byte	1
 509 01e4 0C       		.byte	12
 510 01e5 01       		.byte	1
 511 01e6 12       		.byte	18
 512 01e7 01       		.byte	1
 513 01e8 18       		.byte	24
ARM GAS  C:\Users\riveraes\AppData\Local\Temp\ccMZL5Tq.s 			page 10


 514 01e9 01       		.byte	1
 515 01ea 24       		.byte	36
 516 01eb 02       		.byte	2
 517 01ec 34       		.byte	52
 518 01ed 03       		.byte	3
 519 01ee 38       		.byte	56
 520 01ef 20       		.byte	32
 521 01f0 3B       		.byte	59
 522 01f1 08       		.byte	8
 523 01f2 54       		.byte	84
 524 01f3 18       		.byte	24
 525 01f4 58       		.byte	88
 526 01f5 04       		.byte	4
 527 01f6 59       		.byte	89
 528 01f7 04       		.byte	4
 529 01f8 5B       		.byte	91
 530 01f9 04       		.byte	4
 531 01fa 5C       		.byte	92
 532 01fb 33       		.byte	51
 533 01fc 5D       		.byte	93
 534 01fd 30       		.byte	48
 535 01fe 5F       		.byte	95
 536 01ff 01       		.byte	1
 537 0200 82       		.byte	-126
 538 0201 04       		.byte	4
 539 0202 83       		.byte	-125
 540 0203 03       		.byte	3
 541 0204 84       		.byte	-124
 542 0205 7F       		.byte	127
 543 0206 85       		.byte	-123
 544 0207 20       		.byte	32
 545 0208 88       		.byte	-120
 546 0209 1C       		.byte	28
 547 020a 89       		.byte	-119
 548 020b 20       		.byte	32
 549 020c 8A       		.byte	-118
 550 020d 62       		.byte	98
 551 020e 8C       		.byte	-116
 552 020f 24       		.byte	36
 553 0210 8D       		.byte	-115
 554 0211 20       		.byte	32
 555 0212 8E       		.byte	-114
 556 0213 80       		.byte	-128
 557 0214 90       		.byte	-112
 558 0215 67       		.byte	103
 559 0216 91       		.byte	-111
 560 0217 01       		.byte	1
 561 0218 92       		.byte	-110
 562 0219 18       		.byte	24
 563 021a 93       		.byte	-109
 564 021b 0E       		.byte	14
 565 021c 94       		.byte	-108
 566 021d 40       		.byte	64
 567 021e 97       		.byte	-105
 568 021f 10       		.byte	16
 569 0220 9A       		.byte	-102
 570 0221 63       		.byte	99
ARM GAS  C:\Users\riveraes\AppData\Local\Temp\ccMZL5Tq.s 			page 11


 571 0222 9B       		.byte	-101
 572 0223 0C       		.byte	12
 573 0224 9C       		.byte	-100
 574 0225 1C       		.byte	28
 575 0226 9D       		.byte	-99
 576 0227 01       		.byte	1
 577 0228 9E       		.byte	-98
 578 0229 61       		.byte	97
 579 022a 9F       		.byte	-97
 580 022b 06       		.byte	6
 581 022c A0       		.byte	-96
 582 022d 10       		.byte	16
 583 022e A1       		.byte	-95
 584 022f 0C       		.byte	12
 585 0230 A3       		.byte	-93
 586 0231 03       		.byte	3
 587 0232 A4       		.byte	-92
 588 0233 08       		.byte	8
 589 0234 A7       		.byte	-89
 590 0235 10       		.byte	16
 591 0236 A8       		.byte	-88
 592 0237 18       		.byte	24
 593 0238 A9       		.byte	-87
 594 0239 40       		.byte	64
 595 023a AC       		.byte	-84
 596 023b 60       		.byte	96
 597 023c AF       		.byte	-81
 598 023d 08       		.byte	8
 599 023e B0       		.byte	-80
 600 023f 60       		.byte	96
 601 0240 B1       		.byte	-79
 602 0241 0F       		.byte	15
 603 0242 B3       		.byte	-77
 604 0243 10       		.byte	16
 605 0244 B4       		.byte	-76
 606 0245 1F       		.byte	31
 607 0246 B5       		.byte	-75
 608 0247 20       		.byte	32
 609 0248 B6       		.byte	-74
 610 0249 80       		.byte	-128
 611 024a B7       		.byte	-73
 612 024b 40       		.byte	64
 613 024c BA       		.byte	-70
 614 024d 20       		.byte	32
 615 024e BB       		.byte	-69
 616 024f 02       		.byte	2
 617 0250 BF       		.byte	-65
 618 0251 44       		.byte	68
 619 0252 D6       		.byte	-42
 620 0253 02       		.byte	2
 621 0254 D7       		.byte	-41
 622 0255 11       		.byte	17
 623 0256 D8       		.byte	-40
 624 0257 04       		.byte	4
 625 0258 D9       		.byte	-39
 626 0259 04       		.byte	4
 627 025a DB       		.byte	-37
ARM GAS  C:\Users\riveraes\AppData\Local\Temp\ccMZL5Tq.s 			page 12


 628 025b 04       		.byte	4
 629 025c DC       		.byte	-36
 630 025d 33       		.byte	51
 631 025e DD       		.byte	-35
 632 025f 30       		.byte	48
 633 0260 DF       		.byte	-33
 634 0261 01       		.byte	1
 635 0262 01       		.byte	1
 636 0263 60       		.byte	96
 637 0264 03       		.byte	3
 638 0265 90       		.byte	-112
 639 0266 07       		.byte	7
 640 0267 01       		.byte	1
 641 0268 08       		.byte	8
 642 0269 80       		.byte	-128
 643 026a 09       		.byte	9
 644 026b 28       		.byte	40
 645 026c 0A       		.byte	10
 646 026d 40       		.byte	64
 647 026e 0F       		.byte	15
 648 026f 44       		.byte	68
 649 0270 10       		.byte	16
 650 0271 A8       		.byte	-88
 651 0272 12       		.byte	18
 652 0273 02       		.byte	2
 653 0274 14       		.byte	20
 654 0275 20       		.byte	32
 655 0276 16       		.byte	22
 656 0277 10       		.byte	16
 657 0278 19       		.byte	25
 658 0279 22       		.byte	34
 659 027a 1B       		.byte	27
 660 027b 80       		.byte	-128
 661 027c 1F       		.byte	31
 662 027d 20       		.byte	32
 663 027e 20       		.byte	32
 664 027f 84       		.byte	-124
 665 0280 21       		.byte	33
 666 0281 24       		.byte	36
 667 0282 23       		.byte	35
 668 0283 41       		.byte	65
 669 0284 27       		.byte	39
 670 0285 10       		.byte	16
 671 0286 29       		.byte	41
 672 0287 04       		.byte	4
 673 0288 2A       		.byte	42
 674 0289 41       		.byte	65
 675 028a 2B       		.byte	43
 676 028b 04       		.byte	4
 677 028c 30       		.byte	48
 678 028d 01       		.byte	1
 679 028e 32       		.byte	50
 680 028f 80       		.byte	-128
 681 0290 33       		.byte	51
 682 0291 28       		.byte	40
 683 0292 39       		.byte	57
 684 0293 94       		.byte	-108
ARM GAS  C:\Users\riveraes\AppData\Local\Temp\ccMZL5Tq.s 			page 13


 685 0294 3A       		.byte	58
 686 0295 02       		.byte	2
 687 0296 5A       		.byte	90
 688 0297 20       		.byte	32
 689 0298 5D       		.byte	93
 690 0299 02       		.byte	2
 691 029a 65       		.byte	101
 692 029b 80       		.byte	-128
 693 029c 67       		.byte	103
 694 029d 08       		.byte	8
 695 029e 69       		.byte	105
 696 029f 94       		.byte	-108
 697 02a0 70       		.byte	112
 698 02a1 A8       		.byte	-88
 699 02a2 83       		.byte	-125
 700 02a3 01       		.byte	1
 701 02a4 88       		.byte	-120
 702 02a5 01       		.byte	1
 703 02a6 8B       		.byte	-117
 704 02a7 04       		.byte	4
 705 02a8 93       		.byte	-109
 706 02a9 04       		.byte	4
 707 02aa 9A       		.byte	-102
 708 02ab 51       		.byte	81
 709 02ac 9B       		.byte	-101
 710 02ad 01       		.byte	1
 711 02ae 9F       		.byte	-97
 712 02af 40       		.byte	64
 713 02b0 A2       		.byte	-94
 714 02b1 80       		.byte	-128
 715 02b2 A3       		.byte	-93
 716 02b3 04       		.byte	4
 717 02b4 A4       		.byte	-92
 718 02b5 44       		.byte	68
 719 02b6 A7       		.byte	-89
 720 02b7 20       		.byte	32
 721 02b8 C0       		.byte	-64
 722 02b9 8F       		.byte	-113
 723 02ba C2       		.byte	-62
 724 02bb 5F       		.byte	95
 725 02bc C4       		.byte	-60
 726 02bd 2F       		.byte	47
 727 02be CA       		.byte	-54
 728 02bf 0F       		.byte	15
 729 02c0 CC       		.byte	-52
 730 02c1 0F       		.byte	15
 731 02c2 CE       		.byte	-50
 732 02c3 0F       		.byte	15
 733 02c4 D6       		.byte	-42
 734 02c5 84       		.byte	-124
 735 02c6 D8       		.byte	-40
 736 02c7 30       		.byte	48
 737 02c8 E0       		.byte	-32
 738 02c9 01       		.byte	1
 739 02ca 80       		.byte	-128
 740 02cb 08       		.byte	8
 741 02cc 82       		.byte	-126
ARM GAS  C:\Users\riveraes\AppData\Local\Temp\ccMZL5Tq.s 			page 14


 742 02cd 04       		.byte	4
 743 02ce 84       		.byte	-124
 744 02cf 01       		.byte	1
 745 02d0 8A       		.byte	-118
 746 02d1 01       		.byte	1
 747 02d2 8C       		.byte	-116
 748 02d3 01       		.byte	1
 749 02d4 8F       		.byte	-113
 750 02d5 01       		.byte	1
 751 02d6 92       		.byte	-110
 752 02d7 02       		.byte	2
 753 02d8 96       		.byte	-106
 754 02d9 01       		.byte	1
 755 02da A6       		.byte	-90
 756 02db 02       		.byte	2
 757 02dc AA       		.byte	-86
 758 02dd 0C       		.byte	12
 759 02de B0       		.byte	-80
 760 02df 01       		.byte	1
 761 02e0 B1       		.byte	-79
 762 02e1 01       		.byte	1
 763 02e2 B2       		.byte	-78
 764 02e3 02       		.byte	2
 765 02e4 B4       		.byte	-76
 766 02e5 08       		.byte	8
 767 02e6 B6       		.byte	-74
 768 02e7 04       		.byte	4
 769 02e8 B8       		.byte	-72
 770 02e9 02       		.byte	2
 771 02ea BE       		.byte	-66
 772 02eb 54       		.byte	84
 773 02ec D8       		.byte	-40
 774 02ed 04       		.byte	4
 775 02ee D9       		.byte	-39
 776 02ef 04       		.byte	4
 777 02f0 DC       		.byte	-36
 778 02f1 13       		.byte	19
 779 02f2 DF       		.byte	-33
 780 02f3 01       		.byte	1
 781 02f4 00       		.byte	0
 782 02f5 04       		.byte	4
 783 02f6 01       		.byte	1
 784 02f7 60       		.byte	96
 785 02f8 04       		.byte	4
 786 02f9 40       		.byte	64
 787 02fa 05       		.byte	5
 788 02fb 20       		.byte	32
 789 02fc 07       		.byte	7
 790 02fd 50       		.byte	80
 791 02fe 08       		.byte	8
 792 02ff 90       		.byte	-112
 793 0300 09       		.byte	9
 794 0301 08       		.byte	8
 795 0302 0A       		.byte	10
 796 0303 40       		.byte	64
 797 0304 0E       		.byte	14
 798 0305 80       		.byte	-128
ARM GAS  C:\Users\riveraes\AppData\Local\Temp\ccMZL5Tq.s 			page 15


 799 0306 0F       		.byte	15
 800 0307 20       		.byte	32
 801 0308 10       		.byte	16
 802 0309 A8       		.byte	-88
 803 030a 12       		.byte	18
 804 030b 02       		.byte	2
 805 030c 15       		.byte	21
 806 030d 28       		.byte	40
 807 030e 18       		.byte	24
 808 030f 40       		.byte	64
 809 0310 19       		.byte	25
 810 0311 01       		.byte	1
 811 0312 1A       		.byte	26
 812 0313 40       		.byte	64
 813 0314 1B       		.byte	27
 814 0315 18       		.byte	24
 815 0316 1C       		.byte	28
 816 0317 08       		.byte	8
 817 0318 1D       		.byte	29
 818 0319 40       		.byte	64
 819 031a 1E       		.byte	30
 820 031b 80       		.byte	-128
 821 031c 1F       		.byte	31
 822 031d 04       		.byte	4
 823 031e 20       		.byte	32
 824 031f 01       		.byte	1
 825 0320 21       		.byte	33
 826 0321 08       		.byte	8
 827 0322 22       		.byte	34
 828 0323 13       		.byte	19
 829 0324 27       		.byte	39
 830 0325 40       		.byte	64
 831 0326 29       		.byte	41
 832 0327 21       		.byte	33
 833 0328 2B       		.byte	43
 834 0329 10       		.byte	16
 835 032a 30       		.byte	48
 836 032b 10       		.byte	16
 837 032c 31       		.byte	49
 838 032d 18       		.byte	24
 839 032e 32       		.byte	50
 840 032f 01       		.byte	1
 841 0330 33       		.byte	51
 842 0331 10       		.byte	16
 843 0332 38       		.byte	56
 844 0333 02       		.byte	2
 845 0334 39       		.byte	57
 846 0335 14       		.byte	20
 847 0336 3F       		.byte	63
 848 0337 40       		.byte	64
 849 0338 40       		.byte	64
 850 0339 45       		.byte	69
 851 033a 43       		.byte	67
 852 033b 08       		.byte	8
 853 033c 49       		.byte	73
 854 033d 14       		.byte	20
 855 033e 51       		.byte	81
ARM GAS  C:\Users\riveraes\AppData\Local\Temp\ccMZL5Tq.s 			page 16


 856 033f 04       		.byte	4
 857 0340 87       		.byte	-121
 858 0341 40       		.byte	64
 859 0342 89       		.byte	-119
 860 0343 50       		.byte	80
 861 0344 8C       		.byte	-116
 862 0345 81       		.byte	-127
 863 0346 8D       		.byte	-115
 864 0347 40       		.byte	64
 865 0348 8F       		.byte	-113
 866 0349 10       		.byte	16
 867 034a 90       		.byte	-112
 868 034b 04       		.byte	4
 869 034c 91       		.byte	-111
 870 034d 14       		.byte	20
 871 034e 95       		.byte	-107
 872 034f 40       		.byte	64
 873 0350 96       		.byte	-106
 874 0351 60       		.byte	96
 875 0352 97       		.byte	-105
 876 0353 08       		.byte	8
 877 0354 99       		.byte	-103
 878 0355 20       		.byte	32
 879 0356 9B       		.byte	-101
 880 0357 10       		.byte	16
 881 0358 9C       		.byte	-100
 882 0359 80       		.byte	-128
 883 035a 9D       		.byte	-99
 884 035b 04       		.byte	4
 885 035c A0       		.byte	-96
 886 035d A8       		.byte	-88
 887 035e A4       		.byte	-92
 888 035f 04       		.byte	4
 889 0360 A5       		.byte	-91
 890 0361 08       		.byte	8
 891 0362 A6       		.byte	-90
 892 0363 02       		.byte	2
 893 0364 A7       		.byte	-89
 894 0365 08       		.byte	8
 895 0366 AB       		.byte	-85
 896 0367 40       		.byte	64
 897 0368 B1       		.byte	-79
 898 0369 84       		.byte	-124
 899 036a B4       		.byte	-76
 900 036b 20       		.byte	32
 901 036c B6       		.byte	-74
 902 036d 02       		.byte	2
 903 036e C0       		.byte	-64
 904 036f F7       		.byte	-9
 905 0370 C2       		.byte	-62
 906 0371 3F       		.byte	63
 907 0372 C4       		.byte	-60
 908 0373 6F       		.byte	111
 909 0374 CA       		.byte	-54
 910 0375 07       		.byte	7
 911 0376 CC       		.byte	-52
 912 0377 07       		.byte	7
ARM GAS  C:\Users\riveraes\AppData\Local\Temp\ccMZL5Tq.s 			page 17


 913 0378 CE       		.byte	-50
 914 0379 17       		.byte	23
 915 037a D0       		.byte	-48
 916 037b 0F       		.byte	15
 917 037c D2       		.byte	-46
 918 037d 04       		.byte	4
 919 037e E2       		.byte	-30
 920 037f 80       		.byte	-128
 921 0380 E4       		.byte	-28
 922 0381 20       		.byte	32
 923 0382 EC       		.byte	-20
 924 0383 01       		.byte	1
 925 0384 39       		.byte	57
 926 0385 02       		.byte	2
 927 0386 3C       		.byte	60
 928 0387 48       		.byte	72
 929 0388 42       		.byte	66
 930 0389 02       		.byte	2
 931 038a CE       		.byte	-50
 932 038b E0       		.byte	-32
 933 038c D0       		.byte	-48
 934 038d 10       		.byte	16
 935 038e 88       		.byte	-120
 936 038f 04       		.byte	4
 937 0390 95       		.byte	-107
 938 0391 02       		.byte	2
 939 0392 9E       		.byte	-98
 940 0393 02       		.byte	2
 941 0394 A4       		.byte	-92
 942 0395 04       		.byte	4
 943 0396 A8       		.byte	-88
 944 0397 40       		.byte	64
 945 0398 EE       		.byte	-18
 946 0399 20       		.byte	32
 947 039a 04       		.byte	4
 948 039b 08       		.byte	8
 949 039c 80       		.byte	-128
 950 039d 04       		.byte	4
 951 039e 85       		.byte	-123
 952 039f 01       		.byte	1
 953 03a0 87       		.byte	-121
 954 03a1 01       		.byte	1
 955 03a2 95       		.byte	-107
 956 03a3 02       		.byte	2
 957 03a4 9E       		.byte	-98
 958 03a5 02       		.byte	2
 959 03a6 C0       		.byte	-64
 960 03a7 20       		.byte	32
 961 03a8 E0       		.byte	-32
 962 03a9 40       		.byte	64
 963 03aa E4       		.byte	-28
 964 03ab 80       		.byte	-128
 965 03ac E6       		.byte	-26
 966 03ad 40       		.byte	64
 967 03ae 9E       		.byte	-98
 968 03af 02       		.byte	2
 969 03b0 9F       		.byte	-97
ARM GAS  C:\Users\riveraes\AppData\Local\Temp\ccMZL5Tq.s 			page 18


 970 03b1 01       		.byte	1
 971 03b2 7C       		.byte	124
 972 03b3 01       		.byte	1
 973 03b4 DE       		.byte	-34
 974 03b5 01       		.byte	1
 975 03b6 B4       		.byte	-76
 976 03b7 01       		.byte	1
 977 03b8 EC       		.byte	-20
 978 03b9 08       		.byte	8
 979 03ba 32       		.byte	50
 980 03bb 40       		.byte	64
 981 03bc 45       		.byte	69
 982 03bd 08       		.byte	8
 983 03be 85       		.byte	-123
 984 03bf 08       		.byte	8
 985 03c0 CC       		.byte	-52
 986 03c1 08       		.byte	8
 987 03c2 D0       		.byte	-48
 988 03c3 01       		.byte	1
 989 03c4 30       		.byte	48
 990 03c5 20       		.byte	32
 991 03c6 96       		.byte	-106
 992 03c7 80       		.byte	-128
 993 03c8 CC       		.byte	-52
 994 03c9 08       		.byte	8
 995 03ca 23       		.byte	35
 996 03cb 20       		.byte	32
 997 03cc 27       		.byte	39
 998 03cd 41       		.byte	65
 999 03ce 9E       		.byte	-98
 1000 03cf 02       		.byte	2
 1001 03d0 9F       		.byte	-97
 1002 03d1 01       		.byte	1
 1003 03d2 C8       		.byte	-56
 1004 03d3 E0       		.byte	-32
 1005 03d4 0F       		.byte	15
 1006 03d5 40       		.byte	64
 1007 03d6 87       		.byte	-121
 1008 03d7 40       		.byte	64
 1009 03d8 8A       		.byte	-118
 1010 03d9 02       		.byte	2
 1011 03da 8B       		.byte	-117
 1012 03db 20       		.byte	32
 1013 03dc 9B       		.byte	-101
 1014 03dd 20       		.byte	32
 1015 03de 9E       		.byte	-98
 1016 03df 02       		.byte	2
 1017 03e0 AB       		.byte	-85
 1018 03e1 40       		.byte	64
 1019 03e2 C2       		.byte	-62
 1020 03e3 20       		.byte	32
 1021 03e4 E4       		.byte	-28
 1022 03e5 40       		.byte	64
 1023 03e6 EC       		.byte	-20
 1024 03e7 80       		.byte	-128
 1025 03e8 82       		.byte	-126
 1026 03e9 10       		.byte	16
ARM GAS  C:\Users\riveraes\AppData\Local\Temp\ccMZL5Tq.s 			page 19


 1027 03ea 96       		.byte	-106
 1028 03eb 80       		.byte	-128
 1029 03ec A4       		.byte	-92
 1030 03ed 20       		.byte	32
 1031 03ee 12       		.byte	18
 1032 03ef 80       		.byte	-128
 1033 03f0 72       		.byte	114
 1034 03f1 10       		.byte	16
 1035 03f2 88       		.byte	-120
 1036 03f3 20       		.byte	32
 1037 03f4 8E       		.byte	-114
 1038 03f5 80       		.byte	-128
 1039 03f6 92       		.byte	-110
 1040 03f7 10       		.byte	16
 1041 03f8 A4       		.byte	-92
 1042 03f9 20       		.byte	32
 1043 03fa AA       		.byte	-86
 1044 03fb 40       		.byte	64
 1045 03fc C4       		.byte	-60
 1046 03fd 08       		.byte	8
 1047 03fe DC       		.byte	-36
 1048 03ff 01       		.byte	1
 1049 0400 E2       		.byte	-30
 1050 0401 02       		.byte	2
 1051 0402 E4       		.byte	-28
 1052 0403 04       		.byte	4
 1053 0404 00       		.byte	0
 1054 0405 0C       		.byte	12
 1055 0406 01       		.byte	1
 1056 0407 01       		.byte	1
 1057 0408 0C       		.byte	12
 1058 0409 0C       		.byte	12
 1059 040a 0D       		.byte	13
 1060 040b 01       		.byte	1
 1061 040c 10       		.byte	16
 1062 040d 0A       		.byte	10
 1063 040e 11       		.byte	17
 1064 040f 01       		.byte	1
 1065 0410 1C       		.byte	28
 1066 0411 0A       		.byte	10
 1067 0412 1D       		.byte	29
 1068 0413 01       		.byte	1
 1069 0414 10       		.byte	16
 1070 0415 AA       		.byte	-86
 1071 0416 00       		.byte	0
 1072 0417 00       		.byte	0
 1073 0418 00       		.byte	0
 1074 0419 21       		.byte	33
 1075 041a 00       		.byte	0
 1076 041b 1A       		.byte	26
 1077 041c 00       		.byte	0
 1078 041d 73       		.byte	115
 1079 041e 33       		.byte	51
 1080 041f 00       		.byte	0
 1081 0420 1C       		.byte	28
 1082 0421 73       		.byte	115
 1083 0422 23       		.byte	35
ARM GAS  C:\Users\riveraes\AppData\Local\Temp\ccMZL5Tq.s 			page 20


 1084 0423 00       		.byte	0
 1085 0424 01       		.byte	1
 1086 0425 00       		.byte	0
 1087 0426 00       		.byte	0
 1088 0427 00       		.byte	0
 1089 0428 33       		.byte	51
 1090 0429 10       		.byte	16
 1091 042a 0C       		.byte	12
 1092 042b 64       		.byte	100
 1093 042c 02       		.byte	2
 1094 042d 42       		.byte	66
 1095 042e 00       		.byte	0
 1096 042f 19       		.byte	25
 1097 0430 3F       		.byte	63
 1098 0431 80       		.byte	-128
 1099 0432 00       		.byte	0
 1100 0433 00       		.byte	0
 1101 0434 0F       		.byte	15
 1102 0435 00       		.byte	0
 1103 0436 30       		.byte	48
 1104 0437 00       		.byte	0
 1105 0438 08       		.byte	8
 1106 0439 80       		.byte	-128
 1107 043a 00       		.byte	0
 1108 043b 00       		.byte	0
 1109 043c 04       		.byte	4
 1110 043d 80       		.byte	-128
 1111 043e 00       		.byte	0
 1112 043f 00       		.byte	0
 1113 0440 0C       		.byte	12
 1114 0441 80       		.byte	-128
 1115 0442 00       		.byte	0
 1116 0443 00       		.byte	0
 1117 0444 03       		.byte	3
 1118 0445 00       		.byte	0
 1119 0446 00       		.byte	0
 1120 0447 00       		.byte	0
 1121 0448 0F       		.byte	15
 1122 0449 70       		.byte	112
 1123 044a 1C       		.byte	28
 1124 044b 03       		.byte	3
 1125 044c 2C       		.byte	44
 1126 044d 80       		.byte	-128
 1127 044e 00       		.byte	0
 1128 044f 0C       		.byte	12
 1129 0450 00       		.byte	0
 1130 0451 00       		.byte	0
 1131 0452 22       		.byte	34
 1132 0453 00       		.byte	0
 1133 0454 00       		.byte	0
 1134 0455 00       		.byte	0
 1135 0456 00       		.byte	0
 1136 0457 50       		.byte	80
 1137 0458 42       		.byte	66
 1138 0459 06       		.byte	6
 1139 045a 03       		.byte	3
 1140 045b 00       		.byte	0
ARM GAS  C:\Users\riveraes\AppData\Local\Temp\ccMZL5Tq.s 			page 21


 1141 045c 01       		.byte	1
 1142 045d 0C       		.byte	12
 1143 045e 00       		.byte	0
 1144 045f 0E       		.byte	14
 1145 0460 11       		.byte	17
 1146 0461 FF       		.byte	-1
 1147 0462 FF       		.byte	-1
 1148 0463 FF       		.byte	-1
 1149 0464 62       		.byte	98
 1150 0465 A0       		.byte	-96
 1151 0466 F0       		.byte	-16
 1152 0467 41       		.byte	65
 1153 0468 0C       		.byte	12
 1154 0469 00       		.byte	0
 1155 046a 00       		.byte	0
 1156 046b 00       		.byte	0
 1157 046c 00       		.byte	0
 1158 046d 00       		.byte	0
 1159 046e 00       		.byte	0
 1160 046f 00       		.byte	0
 1161 0470 04       		.byte	4
 1162 0471 04       		.byte	4
 1163 0472 04       		.byte	4
 1164 0473 00       		.byte	0
 1165 0474 33       		.byte	51
 1166 0475 03       		.byte	3
 1167 0476 00       		.byte	0
 1168 0477 01       		.byte	1
 1169 0478 00       		.byte	0
 1170 0479 00       		.byte	0
 1171 047a 00       		.byte	0
 1172 047b 00       		.byte	0
 1173 047c 00       		.byte	0
 1174 047d 00       		.byte	0
 1175 047e 40       		.byte	64
 1176 047f 02       		.byte	2
 1177 0480 00       		.byte	0
 1178 0481 10       		.byte	16
 1179 0482 30       		.byte	48
 1180 0483 10       		.byte	16
 1181 0484 00       		.byte	0
 1182 0485 10       		.byte	16
 1183 0486 10       		.byte	16
 1184 0487 12       		.byte	18
 1185 0488 00       		.byte	0
 1186 0489 00       		.byte	0
 1187 048a 00       		.byte	0
 1188 048b 00       		.byte	0
 1189 048c 00       		.byte	0
 1190 048d 00       		.byte	0
 1191 048e 00       		.byte	0
 1192 048f 00       		.byte	0
 1193 0490 00       		.byte	0
 1194 0491 00       		.byte	0
 1195 0492 00       		.byte	0
 1196 0493 00       		.byte	0
 1197 0494 00       		.byte	0
ARM GAS  C:\Users\riveraes\AppData\Local\Temp\ccMZL5Tq.s 			page 22


 1198 0495 00       		.byte	0
 1199 0496 00       		.byte	0
 1200 0497 00       		.byte	0
 1201 0498 80       		.byte	-128
 1202 0499 00       		.byte	0
 1203 049a 40       		.byte	64
 1204 049b 88       		.byte	-120
 1205 049c 80       		.byte	-128
 1206 049d 00       		.byte	0
 1207 049e 80       		.byte	-128
 1208 049f 00       		.byte	0
 1209 04a0 00       		.byte	0
 1210 04a1 00       		.byte	0
 1211 04a2 00       		.byte	0
 1212 04a3 00       		.byte	0
 1213 04a4 00       		.byte	0
 1214 04a5 0B       		.byte	11
 1215 04a6 0B       		.byte	11
 1216 04a7 00       		.byte	0
 1217 04a8 00       		.byte	0
 1218 04a9 00       		.byte	0
 1219 04aa 00       		.byte	0
 1220 04ab 00       		.byte	0
 1221 04ac 00       		.byte	0
 1222 04ad 20       		.byte	32
 1223 04ae 00       		.byte	0
 1224 04af 00       		.byte	0
 1225 04b0 00       		.byte	0
 1226 04b1 00       		.byte	0
 1227 04b2 07       		.byte	7
 1228 04b3 00       		.byte	0
 1229 04b4 95       		.byte	-107
 1230 04b5 00       		.byte	0
 1231 04b6 18       		.byte	24
 1232 04b7 01       		.byte	1
 1233              		.global	cy_meta_custnvl
 1234              		.section	.cycustnvl,"a",%progbits
 1235              		.align	2
 1236              		.type	cy_meta_custnvl, %object
 1237              		.size	cy_meta_custnvl, 4
 1238              	cy_meta_custnvl:
 1239 0000 00       		.byte	0
 1240 0001 00       		.byte	0
 1241 0002 40       		.byte	64
 1242 0003 05       		.byte	5
 1243              		.global	cy_meta_wonvl
 1244              		.section	.cywolatch,"a",%progbits
 1245              		.align	2
 1246              		.type	cy_meta_wonvl, %object
 1247              		.size	cy_meta_wonvl, 4
 1248              	cy_meta_wonvl:
 1249 0000 BC       		.byte	-68
 1250 0001 90       		.byte	-112
 1251 0002 AC       		.byte	-84
 1252 0003 AF       		.byte	-81
 1253              		.global	cy_meta_flashprotect
 1254              		.section	.cyflashprotect,"a",%progbits
ARM GAS  C:\Users\riveraes\AppData\Local\Temp\ccMZL5Tq.s 			page 23


 1255              		.align	2
 1256              		.type	cy_meta_flashprotect, %object
 1257              		.size	cy_meta_flashprotect, 256
 1258              	cy_meta_flashprotect:
 1259 0000 00000000 		.space	256
 1259      00000000 
 1259      00000000 
 1259      00000000 
 1259      00000000 
 1260              		.global	cy_metadata
 1261              		.section	.cymeta,"a",%progbits
 1262              		.align	2
 1263              		.type	cy_metadata, %object
 1264              		.size	cy_metadata, 12
 1265              	cy_metadata:
 1266 0000 00       		.byte	0
 1267 0001 01       		.byte	1
 1268 0002 2E       		.byte	46
 1269 0003 16       		.byte	22
 1270 0004 10       		.byte	16
 1271 0005 69       		.byte	105
 1272 0006 00       		.byte	0
 1273 0007 01       		.byte	1
 1274 0008 00       		.byte	0
 1275 0009 00       		.byte	0
 1276 000a 00       		.byte	0
 1277 000b 00       		.byte	0
 1278              		.text
 1279              	.Letext0:
 1280              		.file 1 "c:\\program files (x86)\\cypress\\psoc creator\\4.1\\psoc creator\\import\\gnu\\arm\\5.4.
 1281              		.file 2 "c:\\program files (x86)\\cypress\\psoc creator\\4.1\\psoc creator\\import\\gnu\\arm\\5.4.
 1282              		.file 3 "Generated_Source\\PSoC5\\cymetadata.c"
 1283              		.section	.debug_info,"",%progbits
 1284              	.Ldebug_info0:
 1285 0000 32010000 		.4byte	0x132
 1286 0004 0400     		.2byte	0x4
 1287 0006 00000000 		.4byte	.Ldebug_abbrev0
 1288 000a 04       		.byte	0x4
 1289 000b 01       		.uleb128 0x1
 1290 000c 0A000000 		.4byte	.LASF17
 1291 0010 0C       		.byte	0xc
 1292 0011 0F020000 		.4byte	.LASF18
 1293 0015 A4000000 		.4byte	.LASF19
 1294 0019 00000000 		.4byte	.Ldebug_line0
 1295 001d 02       		.uleb128 0x2
 1296 001e 01       		.byte	0x1
 1297 001f 06       		.byte	0x6
 1298 0020 03020000 		.4byte	.LASF0
 1299 0024 03       		.uleb128 0x3
 1300 0025 00000000 		.4byte	.LASF9
 1301 0029 01       		.byte	0x1
 1302 002a 1D       		.byte	0x1d
 1303 002b 2F000000 		.4byte	0x2f
 1304 002f 02       		.uleb128 0x2
 1305 0030 01       		.byte	0x1
 1306 0031 08       		.byte	0x8
 1307 0032 35010000 		.4byte	.LASF1
ARM GAS  C:\Users\riveraes\AppData\Local\Temp\ccMZL5Tq.s 			page 24


 1308 0036 02       		.uleb128 0x2
 1309 0037 02       		.byte	0x2
 1310 0038 05       		.byte	0x5
 1311 0039 F0010000 		.4byte	.LASF2
 1312 003d 02       		.uleb128 0x2
 1313 003e 02       		.byte	0x2
 1314 003f 07       		.byte	0x7
 1315 0040 55010000 		.4byte	.LASF3
 1316 0044 02       		.uleb128 0x2
 1317 0045 04       		.byte	0x4
 1318 0046 05       		.byte	0x5
 1319 0047 FA010000 		.4byte	.LASF4
 1320 004b 02       		.uleb128 0x2
 1321 004c 04       		.byte	0x4
 1322 004d 07       		.byte	0x7
 1323 004e 43010000 		.4byte	.LASF5
 1324 0052 02       		.uleb128 0x2
 1325 0053 08       		.byte	0x8
 1326 0054 05       		.byte	0x5
 1327 0055 E2010000 		.4byte	.LASF6
 1328 0059 02       		.uleb128 0x2
 1329 005a 08       		.byte	0x8
 1330 005b 07       		.byte	0x7
 1331 005c 97010000 		.4byte	.LASF7
 1332 0060 04       		.uleb128 0x4
 1333 0061 04       		.byte	0x4
 1334 0062 05       		.byte	0x5
 1335 0063 696E7400 		.ascii	"int\000"
 1336 0067 02       		.uleb128 0x2
 1337 0068 04       		.byte	0x4
 1338 0069 07       		.byte	0x7
 1339 006a 8A010000 		.4byte	.LASF8
 1340 006e 03       		.uleb128 0x3
 1341 006f AE010000 		.4byte	.LASF10
 1342 0073 02       		.byte	0x2
 1343 0074 18       		.byte	0x18
 1344 0075 24000000 		.4byte	0x24
 1345 0079 05       		.uleb128 0x5
 1346 007a 91000000 		.4byte	0x91
 1347 007e 8A000000 		.4byte	0x8a
 1348 0082 06       		.uleb128 0x6
 1349 0083 8A000000 		.4byte	0x8a
 1350 0087 B704     		.2byte	0x4b7
 1351 0089 00       		.byte	0
 1352 008a 02       		.uleb128 0x2
 1353 008b 04       		.byte	0x4
 1354 008c 07       		.byte	0x7
 1355 008d D9010000 		.4byte	.LASF11
 1356 0091 07       		.uleb128 0x7
 1357 0092 6E000000 		.4byte	0x6e
 1358 0096 08       		.uleb128 0x8
 1359 0097 78010000 		.4byte	.LASF12
 1360 009b 03       		.byte	0x3
 1361 009c 1F       		.byte	0x1f
 1362 009d A7000000 		.4byte	0xa7
 1363 00a1 05       		.uleb128 0x5
 1364 00a2 03       		.byte	0x3
ARM GAS  C:\Users\riveraes\AppData\Local\Temp\ccMZL5Tq.s 			page 25


 1365 00a3 00000000 		.4byte	cy_meta_configecc
 1366 00a7 07       		.uleb128 0x7
 1367 00a8 79000000 		.4byte	0x79
 1368 00ac 05       		.uleb128 0x5
 1369 00ad 91000000 		.4byte	0x91
 1370 00b1 BC000000 		.4byte	0xbc
 1371 00b5 09       		.uleb128 0x9
 1372 00b6 8A000000 		.4byte	0x8a
 1373 00ba 03       		.byte	0x3
 1374 00bb 00       		.byte	0
 1375 00bc 08       		.uleb128 0x8
 1376 00bd 68010000 		.4byte	.LASF13
 1377 00c1 03       		.byte	0x3
 1378 00c2 C3       		.byte	0xc3
 1379 00c3 CD000000 		.4byte	0xcd
 1380 00c7 05       		.uleb128 0x5
 1381 00c8 03       		.byte	0x3
 1382 00c9 00000000 		.4byte	cy_meta_custnvl
 1383 00cd 07       		.uleb128 0x7
 1384 00ce AC000000 		.4byte	0xac
 1385 00d2 08       		.uleb128 0x8
 1386 00d3 CB010000 		.4byte	.LASF14
 1387 00d7 03       		.byte	0x3
 1388 00d8 D1       		.byte	0xd1
 1389 00d9 E3000000 		.4byte	0xe3
 1390 00dd 05       		.uleb128 0x5
 1391 00de 03       		.byte	0x3
 1392 00df 00000000 		.4byte	cy_meta_wonvl
 1393 00e3 07       		.uleb128 0x7
 1394 00e4 AC000000 		.4byte	0xac
 1395 00e8 05       		.uleb128 0x5
 1396 00e9 91000000 		.4byte	0x91
 1397 00ed F8000000 		.4byte	0xf8
 1398 00f1 09       		.uleb128 0x9
 1399 00f2 8A000000 		.4byte	0x8a
 1400 00f6 FF       		.byte	0xff
 1401 00f7 00       		.byte	0
 1402 00f8 08       		.uleb128 0x8
 1403 00f9 B6010000 		.4byte	.LASF15
 1404 00fd 03       		.byte	0x3
 1405 00fe DF       		.byte	0xdf
 1406 00ff 09010000 		.4byte	0x109
 1407 0103 05       		.uleb128 0x5
 1408 0104 03       		.byte	0x3
 1409 0105 00000000 		.4byte	cy_meta_flashprotect
 1410 0109 07       		.uleb128 0x7
 1411 010a E8000000 		.4byte	0xe8
 1412 010e 05       		.uleb128 0x5
 1413 010f 91000000 		.4byte	0x91
 1414 0113 1E010000 		.4byte	0x11e
 1415 0117 09       		.uleb128 0x9
 1416 0118 8A000000 		.4byte	0x8a
 1417 011c 0B       		.byte	0xb
 1418 011d 00       		.byte	0
 1419 011e 0A       		.uleb128 0xa
 1420 011f 98000000 		.4byte	.LASF16
 1421 0123 03       		.byte	0x3
ARM GAS  C:\Users\riveraes\AppData\Local\Temp\ccMZL5Tq.s 			page 26


 1422 0124 0C01     		.2byte	0x10c
 1423 0126 30010000 		.4byte	0x130
 1424 012a 05       		.uleb128 0x5
 1425 012b 03       		.byte	0x3
 1426 012c 00000000 		.4byte	cy_metadata
 1427 0130 07       		.uleb128 0x7
 1428 0131 0E010000 		.4byte	0x10e
 1429 0135 00       		.byte	0
 1430              		.section	.debug_abbrev,"",%progbits
 1431              	.Ldebug_abbrev0:
 1432 0000 01       		.uleb128 0x1
 1433 0001 11       		.uleb128 0x11
 1434 0002 01       		.byte	0x1
 1435 0003 25       		.uleb128 0x25
 1436 0004 0E       		.uleb128 0xe
 1437 0005 13       		.uleb128 0x13
 1438 0006 0B       		.uleb128 0xb
 1439 0007 03       		.uleb128 0x3
 1440 0008 0E       		.uleb128 0xe
 1441 0009 1B       		.uleb128 0x1b
 1442 000a 0E       		.uleb128 0xe
 1443 000b 10       		.uleb128 0x10
 1444 000c 17       		.uleb128 0x17
 1445 000d 00       		.byte	0
 1446 000e 00       		.byte	0
 1447 000f 02       		.uleb128 0x2
 1448 0010 24       		.uleb128 0x24
 1449 0011 00       		.byte	0
 1450 0012 0B       		.uleb128 0xb
 1451 0013 0B       		.uleb128 0xb
 1452 0014 3E       		.uleb128 0x3e
 1453 0015 0B       		.uleb128 0xb
 1454 0016 03       		.uleb128 0x3
 1455 0017 0E       		.uleb128 0xe
 1456 0018 00       		.byte	0
 1457 0019 00       		.byte	0
 1458 001a 03       		.uleb128 0x3
 1459 001b 16       		.uleb128 0x16
 1460 001c 00       		.byte	0
 1461 001d 03       		.uleb128 0x3
 1462 001e 0E       		.uleb128 0xe
 1463 001f 3A       		.uleb128 0x3a
 1464 0020 0B       		.uleb128 0xb
 1465 0021 3B       		.uleb128 0x3b
 1466 0022 0B       		.uleb128 0xb
 1467 0023 49       		.uleb128 0x49
 1468 0024 13       		.uleb128 0x13
 1469 0025 00       		.byte	0
 1470 0026 00       		.byte	0
 1471 0027 04       		.uleb128 0x4
 1472 0028 24       		.uleb128 0x24
 1473 0029 00       		.byte	0
 1474 002a 0B       		.uleb128 0xb
 1475 002b 0B       		.uleb128 0xb
 1476 002c 3E       		.uleb128 0x3e
 1477 002d 0B       		.uleb128 0xb
 1478 002e 03       		.uleb128 0x3
ARM GAS  C:\Users\riveraes\AppData\Local\Temp\ccMZL5Tq.s 			page 27


 1479 002f 08       		.uleb128 0x8
 1480 0030 00       		.byte	0
 1481 0031 00       		.byte	0
 1482 0032 05       		.uleb128 0x5
 1483 0033 01       		.uleb128 0x1
 1484 0034 01       		.byte	0x1
 1485 0035 49       		.uleb128 0x49
 1486 0036 13       		.uleb128 0x13
 1487 0037 01       		.uleb128 0x1
 1488 0038 13       		.uleb128 0x13
 1489 0039 00       		.byte	0
 1490 003a 00       		.byte	0
 1491 003b 06       		.uleb128 0x6
 1492 003c 21       		.uleb128 0x21
 1493 003d 00       		.byte	0
 1494 003e 49       		.uleb128 0x49
 1495 003f 13       		.uleb128 0x13
 1496 0040 2F       		.uleb128 0x2f
 1497 0041 05       		.uleb128 0x5
 1498 0042 00       		.byte	0
 1499 0043 00       		.byte	0
 1500 0044 07       		.uleb128 0x7
 1501 0045 26       		.uleb128 0x26
 1502 0046 00       		.byte	0
 1503 0047 49       		.uleb128 0x49
 1504 0048 13       		.uleb128 0x13
 1505 0049 00       		.byte	0
 1506 004a 00       		.byte	0
 1507 004b 08       		.uleb128 0x8
 1508 004c 34       		.uleb128 0x34
 1509 004d 00       		.byte	0
 1510 004e 03       		.uleb128 0x3
 1511 004f 0E       		.uleb128 0xe
 1512 0050 3A       		.uleb128 0x3a
 1513 0051 0B       		.uleb128 0xb
 1514 0052 3B       		.uleb128 0x3b
 1515 0053 0B       		.uleb128 0xb
 1516 0054 49       		.uleb128 0x49
 1517 0055 13       		.uleb128 0x13
 1518 0056 3F       		.uleb128 0x3f
 1519 0057 19       		.uleb128 0x19
 1520 0058 02       		.uleb128 0x2
 1521 0059 18       		.uleb128 0x18
 1522 005a 00       		.byte	0
 1523 005b 00       		.byte	0
 1524 005c 09       		.uleb128 0x9
 1525 005d 21       		.uleb128 0x21
 1526 005e 00       		.byte	0
 1527 005f 49       		.uleb128 0x49
 1528 0060 13       		.uleb128 0x13
 1529 0061 2F       		.uleb128 0x2f
 1530 0062 0B       		.uleb128 0xb
 1531 0063 00       		.byte	0
 1532 0064 00       		.byte	0
 1533 0065 0A       		.uleb128 0xa
 1534 0066 34       		.uleb128 0x34
 1535 0067 00       		.byte	0
ARM GAS  C:\Users\riveraes\AppData\Local\Temp\ccMZL5Tq.s 			page 28


 1536 0068 03       		.uleb128 0x3
 1537 0069 0E       		.uleb128 0xe
 1538 006a 3A       		.uleb128 0x3a
 1539 006b 0B       		.uleb128 0xb
 1540 006c 3B       		.uleb128 0x3b
 1541 006d 05       		.uleb128 0x5
 1542 006e 49       		.uleb128 0x49
 1543 006f 13       		.uleb128 0x13
 1544 0070 3F       		.uleb128 0x3f
 1545 0071 19       		.uleb128 0x19
 1546 0072 02       		.uleb128 0x2
 1547 0073 18       		.uleb128 0x18
 1548 0074 00       		.byte	0
 1549 0075 00       		.byte	0
 1550 0076 00       		.byte	0
 1551              		.section	.debug_aranges,"",%progbits
 1552 0000 14000000 		.4byte	0x14
 1553 0004 0200     		.2byte	0x2
 1554 0006 00000000 		.4byte	.Ldebug_info0
 1555 000a 04       		.byte	0x4
 1556 000b 00       		.byte	0
 1557 000c 0000     		.2byte	0
 1558 000e 0000     		.2byte	0
 1559 0010 00000000 		.4byte	0
 1560 0014 00000000 		.4byte	0
 1561              		.section	.debug_line,"",%progbits
 1562              	.Ldebug_line0:
 1563 0000 3D010000 		.section	.debug_str,"MS",%progbits,1
 1563      02003701 
 1563      00000201 
 1563      FB0E0D00 
 1563      01010101 
 1564              	.LASF9:
 1565 0000 5F5F7569 		.ascii	"__uint8_t\000"
 1565      6E74385F 
 1565      7400
 1566              	.LASF17:
 1567 000a 474E5520 		.ascii	"GNU C11 5.4.1 20160609 (release) [ARM/embedded-5-br"
 1567      43313120 
 1567      352E342E 
 1567      31203230 
 1567      31363036 
 1568 003d 616E6368 		.ascii	"anch revision 237715] -mcpu=cortex-m3 -mthumb -g -O"
 1568      20726576 
 1568      6973696F 
 1568      6E203233 
 1568      37373135 
 1569 0070 30202D66 		.ascii	"0 -ffunction-sections -ffat-lto-objects\000"
 1569      66756E63 
 1569      74696F6E 
 1569      2D736563 
 1569      74696F6E 
 1570              	.LASF16:
 1571 0098 63795F6D 		.ascii	"cy_metadata\000"
 1571      65746164 
 1571      61746100 
 1572              	.LASF19:
ARM GAS  C:\Users\riveraes\AppData\Local\Temp\ccMZL5Tq.s 			page 29


 1573 00a4 433A5C55 		.ascii	"C:\\Users\\riveraes\\Documents\\LaptopPublic\\Maest"
 1573      73657273 
 1573      5C726976 
 1573      65726165 
 1573      735C446F 
 1574 00d2 7269615C 		.ascii	"ria\\MP6157_Adquisicion y procesamiento de datos\\D"
 1574      4D503631 
 1574      35375F41 
 1574      64717569 
 1574      73696369 
 1575 0103 75616C54 		.ascii	"ualToneMultiFrequency\\DTMF_Projects\\DTMF_RX.cydsn"
 1575      6F6E654D 
 1575      756C7469 
 1575      46726571 
 1575      75656E63 
 1576 0134 00       		.ascii	"\000"
 1577              	.LASF1:
 1578 0135 756E7369 		.ascii	"unsigned char\000"
 1578      676E6564 
 1578      20636861 
 1578      7200
 1579              	.LASF5:
 1580 0143 6C6F6E67 		.ascii	"long unsigned int\000"
 1580      20756E73 
 1580      69676E65 
 1580      6420696E 
 1580      7400
 1581              	.LASF3:
 1582 0155 73686F72 		.ascii	"short unsigned int\000"
 1582      7420756E 
 1582      7369676E 
 1582      65642069 
 1582      6E7400
 1583              	.LASF13:
 1584 0168 63795F6D 		.ascii	"cy_meta_custnvl\000"
 1584      6574615F 
 1584      63757374 
 1584      6E766C00 
 1585              	.LASF12:
 1586 0178 63795F6D 		.ascii	"cy_meta_configecc\000"
 1586      6574615F 
 1586      636F6E66 
 1586      69676563 
 1586      6300
 1587              	.LASF8:
 1588 018a 756E7369 		.ascii	"unsigned int\000"
 1588      676E6564 
 1588      20696E74 
 1588      00
 1589              	.LASF7:
 1590 0197 6C6F6E67 		.ascii	"long long unsigned int\000"
 1590      206C6F6E 
 1590      6720756E 
 1590      7369676E 
 1590      65642069 
 1591              	.LASF10:
 1592 01ae 75696E74 		.ascii	"uint8_t\000"
ARM GAS  C:\Users\riveraes\AppData\Local\Temp\ccMZL5Tq.s 			page 30


 1592      385F7400 
 1593              	.LASF15:
 1594 01b6 63795F6D 		.ascii	"cy_meta_flashprotect\000"
 1594      6574615F 
 1594      666C6173 
 1594      6870726F 
 1594      74656374 
 1595              	.LASF14:
 1596 01cb 63795F6D 		.ascii	"cy_meta_wonvl\000"
 1596      6574615F 
 1596      776F6E76 
 1596      6C00
 1597              	.LASF11:
 1598 01d9 73697A65 		.ascii	"sizetype\000"
 1598      74797065 
 1598      00
 1599              	.LASF6:
 1600 01e2 6C6F6E67 		.ascii	"long long int\000"
 1600      206C6F6E 
 1600      6720696E 
 1600      7400
 1601              	.LASF2:
 1602 01f0 73686F72 		.ascii	"short int\000"
 1602      7420696E 
 1602      7400
 1603              	.LASF4:
 1604 01fa 6C6F6E67 		.ascii	"long int\000"
 1604      20696E74 
 1604      00
 1605              	.LASF0:
 1606 0203 7369676E 		.ascii	"signed char\000"
 1606      65642063 
 1606      68617200 
 1607              	.LASF18:
 1608 020f 47656E65 		.ascii	"Generated_Source\\PSoC5\\cymetadata.c\000"
 1608      72617465 
 1608      645F536F 
 1608      75726365 
 1608      5C50536F 
 1609              		.ident	"GCC: (GNU Tools for ARM Embedded Processors) 5.4.1 20160609 (release) [ARM/embedded-5-bran
