ARM GAS  C:\Users\riveraes\AppData\Local\Temp\cc47nTOg.s 			page 1


   1              		.syntax unified
   2              		.cpu cortex-m3
   3              		.fpu softvfp
   4              		.eabi_attribute 20, 1
   5              		.eabi_attribute 21, 1
   6              		.eabi_attribute 23, 3
   7              		.eabi_attribute 24, 1
   8              		.eabi_attribute 25, 1
   9              		.eabi_attribute 26, 1
  10              		.eabi_attribute 30, 6
  11              		.eabi_attribute 34, 1
  12              		.eabi_attribute 18, 4
  13              		.thumb
  14              		.syntax unified
  15              		.file	"HF_DAC_2.c"
  16              		.text
  17              	.Ltext0:
  18              		.cfi_sections	.debug_frame
  19              		.global	HF_DAC_2_initVar
  20              		.bss
  21              		.type	HF_DAC_2_initVar, %object
  22              		.size	HF_DAC_2_initVar, 1
  23              	HF_DAC_2_initVar:
  24 0000 00       		.space	1
  25              		.global	HF_DAC_2_wave1
  26              		.section	.rodata
  27              		.align	2
  28              		.type	HF_DAC_2_wave1, %object
  29              		.size	HF_DAC_2_wave1, 541
  30              	HF_DAC_2_wave1:
  31 0000 80       		.byte	-128
  32 0001 80       		.byte	-128
  33 0002 81       		.byte	-127
  34 0003 82       		.byte	-126
  35 0004 82       		.byte	-126
  36 0005 83       		.byte	-125
  37 0006 84       		.byte	-124
  38 0007 85       		.byte	-123
  39 0008 85       		.byte	-123
  40 0009 86       		.byte	-122
  41 000a 87       		.byte	-121
  42 000b 87       		.byte	-121
  43 000c 88       		.byte	-120
  44 000d 89       		.byte	-119
  45 000e 8A       		.byte	-118
  46 000f 8A       		.byte	-118
  47 0010 8B       		.byte	-117
  48 0011 8C       		.byte	-116
  49 0012 8C       		.byte	-116
  50 0013 8D       		.byte	-115
  51 0014 8E       		.byte	-114
  52 0015 8F       		.byte	-113
  53 0016 8F       		.byte	-113
  54 0017 90       		.byte	-112
  55 0018 91       		.byte	-111
  56 0019 91       		.byte	-111
  57 001a 92       		.byte	-110
ARM GAS  C:\Users\riveraes\AppData\Local\Temp\cc47nTOg.s 			page 2


  58 001b 93       		.byte	-109
  59 001c 93       		.byte	-109
  60 001d 94       		.byte	-108
  61 001e 95       		.byte	-107
  62 001f 96       		.byte	-106
  63 0020 96       		.byte	-106
  64 0021 97       		.byte	-105
  65 0022 98       		.byte	-104
  66 0023 98       		.byte	-104
  67 0024 99       		.byte	-103
  68 0025 9A       		.byte	-102
  69 0026 9A       		.byte	-102
  70 0027 9B       		.byte	-101
  71 0028 9C       		.byte	-100
  72 0029 9C       		.byte	-100
  73 002a 9D       		.byte	-99
  74 002b 9D       		.byte	-99
  75 002c 9E       		.byte	-98
  76 002d 9F       		.byte	-97
  77 002e 9F       		.byte	-97
  78 002f A0       		.byte	-96
  79 0030 A1       		.byte	-95
  80 0031 A1       		.byte	-95
  81 0032 A2       		.byte	-94
  82 0033 A2       		.byte	-94
  83 0034 A3       		.byte	-93
  84 0035 A4       		.byte	-92
  85 0036 A4       		.byte	-92
  86 0037 A5       		.byte	-91
  87 0038 A5       		.byte	-91
  88 0039 A6       		.byte	-90
  89 003a A6       		.byte	-90
  90 003b A7       		.byte	-89
  91 003c A8       		.byte	-88
  92 003d A8       		.byte	-88
  93 003e A9       		.byte	-87
  94 003f A9       		.byte	-87
  95 0040 AA       		.byte	-86
  96 0041 AA       		.byte	-86
  97 0042 AB       		.byte	-85
  98 0043 AB       		.byte	-85
  99 0044 AC       		.byte	-84
 100 0045 AC       		.byte	-84
 101 0046 AD       		.byte	-83
 102 0047 AD       		.byte	-83
 103 0048 AE       		.byte	-82
 104 0049 AE       		.byte	-82
 105 004a AF       		.byte	-81
 106 004b AF       		.byte	-81
 107 004c B0       		.byte	-80
 108 004d B0       		.byte	-80
 109 004e B1       		.byte	-79
 110 004f B1       		.byte	-79
 111 0050 B2       		.byte	-78
 112 0051 B2       		.byte	-78
 113 0052 B2       		.byte	-78
 114 0053 B3       		.byte	-77
ARM GAS  C:\Users\riveraes\AppData\Local\Temp\cc47nTOg.s 			page 3


 115 0054 B3       		.byte	-77
 116 0055 B4       		.byte	-76
 117 0056 B4       		.byte	-76
 118 0057 B4       		.byte	-76
 119 0058 B5       		.byte	-75
 120 0059 B5       		.byte	-75
 121 005a B6       		.byte	-74
 122 005b B6       		.byte	-74
 123 005c B6       		.byte	-74
 124 005d B7       		.byte	-73
 125 005e B7       		.byte	-73
 126 005f B7       		.byte	-73
 127 0060 B8       		.byte	-72
 128 0061 B8       		.byte	-72
 129 0062 B8       		.byte	-72
 130 0063 B9       		.byte	-71
 131 0064 B9       		.byte	-71
 132 0065 B9       		.byte	-71
 133 0066 B9       		.byte	-71
 134 0067 BA       		.byte	-70
 135 0068 BA       		.byte	-70
 136 0069 BA       		.byte	-70
 137 006a BA       		.byte	-70
 138 006b BB       		.byte	-69
 139 006c BB       		.byte	-69
 140 006d BB       		.byte	-69
 141 006e BB       		.byte	-69
 142 006f BC       		.byte	-68
 143 0070 BC       		.byte	-68
 144 0071 BC       		.byte	-68
 145 0072 BC       		.byte	-68
 146 0073 BC       		.byte	-68
 147 0074 BC       		.byte	-68
 148 0075 BD       		.byte	-67
 149 0076 BD       		.byte	-67
 150 0077 BD       		.byte	-67
 151 0078 BD       		.byte	-67
 152 0079 BD       		.byte	-67
 153 007a BD       		.byte	-67
 154 007b BD       		.byte	-67
 155 007c BD       		.byte	-67
 156 007d BE       		.byte	-66
 157 007e BE       		.byte	-66
 158 007f BE       		.byte	-66
 159 0080 BE       		.byte	-66
 160 0081 BE       		.byte	-66
 161 0082 BE       		.byte	-66
 162 0083 BE       		.byte	-66
 163 0084 BE       		.byte	-66
 164 0085 BE       		.byte	-66
 165 0086 BE       		.byte	-66
 166 0087 BE       		.byte	-66
 167 0088 BE       		.byte	-66
 168 0089 BE       		.byte	-66
 169 008a BE       		.byte	-66
 170 008b BE       		.byte	-66
 171 008c BE       		.byte	-66
ARM GAS  C:\Users\riveraes\AppData\Local\Temp\cc47nTOg.s 			page 4


 172 008d BE       		.byte	-66
 173 008e BE       		.byte	-66
 174 008f BE       		.byte	-66
 175 0090 BE       		.byte	-66
 176 0091 BE       		.byte	-66
 177 0092 BE       		.byte	-66
 178 0093 BD       		.byte	-67
 179 0094 BD       		.byte	-67
 180 0095 BD       		.byte	-67
 181 0096 BD       		.byte	-67
 182 0097 BD       		.byte	-67
 183 0098 BD       		.byte	-67
 184 0099 BD       		.byte	-67
 185 009a BD       		.byte	-67
 186 009b BC       		.byte	-68
 187 009c BC       		.byte	-68
 188 009d BC       		.byte	-68
 189 009e BC       		.byte	-68
 190 009f BC       		.byte	-68
 191 00a0 BB       		.byte	-69
 192 00a1 BB       		.byte	-69
 193 00a2 BB       		.byte	-69
 194 00a3 BB       		.byte	-69
 195 00a4 BB       		.byte	-69
 196 00a5 BA       		.byte	-70
 197 00a6 BA       		.byte	-70
 198 00a7 BA       		.byte	-70
 199 00a8 BA       		.byte	-70
 200 00a9 B9       		.byte	-71
 201 00aa B9       		.byte	-71
 202 00ab B9       		.byte	-71
 203 00ac B8       		.byte	-72
 204 00ad B8       		.byte	-72
 205 00ae B8       		.byte	-72
 206 00af B7       		.byte	-73
 207 00b0 B7       		.byte	-73
 208 00b1 B7       		.byte	-73
 209 00b2 B6       		.byte	-74
 210 00b3 B6       		.byte	-74
 211 00b4 B6       		.byte	-74
 212 00b5 B5       		.byte	-75
 213 00b6 B5       		.byte	-75
 214 00b7 B5       		.byte	-75
 215 00b8 B4       		.byte	-76
 216 00b9 B4       		.byte	-76
 217 00ba B3       		.byte	-77
 218 00bb B3       		.byte	-77
 219 00bc B3       		.byte	-77
 220 00bd B2       		.byte	-78
 221 00be B2       		.byte	-78
 222 00bf B1       		.byte	-79
 223 00c0 B1       		.byte	-79
 224 00c1 B0       		.byte	-80
 225 00c2 B0       		.byte	-80
 226 00c3 B0       		.byte	-80
 227 00c4 AF       		.byte	-81
 228 00c5 AF       		.byte	-81
ARM GAS  C:\Users\riveraes\AppData\Local\Temp\cc47nTOg.s 			page 5


 229 00c6 AE       		.byte	-82
 230 00c7 AE       		.byte	-82
 231 00c8 AD       		.byte	-83
 232 00c9 AD       		.byte	-83
 233 00ca AC       		.byte	-84
 234 00cb AC       		.byte	-84
 235 00cc AB       		.byte	-85
 236 00cd AB       		.byte	-85
 237 00ce AA       		.byte	-86
 238 00cf AA       		.byte	-86
 239 00d0 A9       		.byte	-87
 240 00d1 A8       		.byte	-88
 241 00d2 A8       		.byte	-88
 242 00d3 A7       		.byte	-89
 243 00d4 A7       		.byte	-89
 244 00d5 A6       		.byte	-90
 245 00d6 A6       		.byte	-90
 246 00d7 A5       		.byte	-91
 247 00d8 A4       		.byte	-92
 248 00d9 A4       		.byte	-92
 249 00da A3       		.byte	-93
 250 00db A3       		.byte	-93
 251 00dc A2       		.byte	-94
 252 00dd A1       		.byte	-95
 253 00de A1       		.byte	-95
 254 00df A0       		.byte	-96
 255 00e0 A0       		.byte	-96
 256 00e1 9F       		.byte	-97
 257 00e2 9E       		.byte	-98
 258 00e3 9E       		.byte	-98
 259 00e4 9D       		.byte	-99
 260 00e5 9C       		.byte	-100
 261 00e6 9C       		.byte	-100
 262 00e7 9B       		.byte	-101
 263 00e8 9B       		.byte	-101
 264 00e9 9A       		.byte	-102
 265 00ea 99       		.byte	-103
 266 00eb 99       		.byte	-103
 267 00ec 98       		.byte	-104
 268 00ed 97       		.byte	-105
 269 00ee 97       		.byte	-105
 270 00ef 96       		.byte	-106
 271 00f0 95       		.byte	-107
 272 00f1 94       		.byte	-108
 273 00f2 94       		.byte	-108
 274 00f3 93       		.byte	-109
 275 00f4 92       		.byte	-110
 276 00f5 92       		.byte	-110
 277 00f6 91       		.byte	-111
 278 00f7 90       		.byte	-112
 279 00f8 90       		.byte	-112
 280 00f9 8F       		.byte	-113
 281 00fa 8E       		.byte	-114
 282 00fb 8E       		.byte	-114
 283 00fc 8D       		.byte	-115
 284 00fd 8C       		.byte	-116
 285 00fe 8B       		.byte	-117
ARM GAS  C:\Users\riveraes\AppData\Local\Temp\cc47nTOg.s 			page 6


 286 00ff 8B       		.byte	-117
 287 0100 8A       		.byte	-118
 288 0101 89       		.byte	-119
 289 0102 89       		.byte	-119
 290 0103 88       		.byte	-120
 291 0104 87       		.byte	-121
 292 0105 86       		.byte	-122
 293 0106 86       		.byte	-122
 294 0107 85       		.byte	-123
 295 0108 84       		.byte	-124
 296 0109 83       		.byte	-125
 297 010a 83       		.byte	-125
 298 010b 82       		.byte	-126
 299 010c 81       		.byte	-127
 300 010d 81       		.byte	-127
 301 010e 80       		.byte	-128
 302 010f 7F       		.byte	127
 303 0110 7E       		.byte	126
 304 0111 7E       		.byte	126
 305 0112 7D       		.byte	125
 306 0113 7C       		.byte	124
 307 0114 7C       		.byte	124
 308 0115 7B       		.byte	123
 309 0116 7A       		.byte	122
 310 0117 79       		.byte	121
 311 0118 79       		.byte	121
 312 0119 78       		.byte	120
 313 011a 77       		.byte	119
 314 011b 76       		.byte	118
 315 011c 76       		.byte	118
 316 011d 75       		.byte	117
 317 011e 74       		.byte	116
 318 011f 74       		.byte	116
 319 0120 73       		.byte	115
 320 0121 72       		.byte	114
 321 0122 71       		.byte	113
 322 0123 71       		.byte	113
 323 0124 70       		.byte	112
 324 0125 6F       		.byte	111
 325 0126 6F       		.byte	111
 326 0127 6E       		.byte	110
 327 0128 6D       		.byte	109
 328 0129 6D       		.byte	109
 329 012a 6C       		.byte	108
 330 012b 6B       		.byte	107
 331 012c 6B       		.byte	107
 332 012d 6A       		.byte	106
 333 012e 69       		.byte	105
 334 012f 68       		.byte	104
 335 0130 68       		.byte	104
 336 0131 67       		.byte	103
 337 0132 66       		.byte	102
 338 0133 66       		.byte	102
 339 0134 65       		.byte	101
 340 0135 64       		.byte	100
 341 0136 64       		.byte	100
 342 0137 63       		.byte	99
ARM GAS  C:\Users\riveraes\AppData\Local\Temp\cc47nTOg.s 			page 7


 343 0138 63       		.byte	99
 344 0139 62       		.byte	98
 345 013a 61       		.byte	97
 346 013b 61       		.byte	97
 347 013c 60       		.byte	96
 348 013d 5F       		.byte	95
 349 013e 5F       		.byte	95
 350 013f 5E       		.byte	94
 351 0140 5E       		.byte	94
 352 0141 5D       		.byte	93
 353 0142 5C       		.byte	92
 354 0143 5C       		.byte	92
 355 0144 5B       		.byte	91
 356 0145 5B       		.byte	91
 357 0146 5A       		.byte	90
 358 0147 59       		.byte	89
 359 0148 59       		.byte	89
 360 0149 58       		.byte	88
 361 014a 58       		.byte	88
 362 014b 57       		.byte	87
 363 014c 57       		.byte	87
 364 014d 56       		.byte	86
 365 014e 55       		.byte	85
 366 014f 55       		.byte	85
 367 0150 54       		.byte	84
 368 0151 54       		.byte	84
 369 0152 53       		.byte	83
 370 0153 53       		.byte	83
 371 0154 52       		.byte	82
 372 0155 52       		.byte	82
 373 0156 51       		.byte	81
 374 0157 51       		.byte	81
 375 0158 50       		.byte	80
 376 0159 50       		.byte	80
 377 015a 4F       		.byte	79
 378 015b 4F       		.byte	79
 379 015c 4F       		.byte	79
 380 015d 4E       		.byte	78
 381 015e 4E       		.byte	78
 382 015f 4D       		.byte	77
 383 0160 4D       		.byte	77
 384 0161 4C       		.byte	76
 385 0162 4C       		.byte	76
 386 0163 4C       		.byte	76
 387 0164 4B       		.byte	75
 388 0165 4B       		.byte	75
 389 0166 4A       		.byte	74
 390 0167 4A       		.byte	74
 391 0168 4A       		.byte	74
 392 0169 49       		.byte	73
 393 016a 49       		.byte	73
 394 016b 49       		.byte	73
 395 016c 48       		.byte	72
 396 016d 48       		.byte	72
 397 016e 48       		.byte	72
 398 016f 47       		.byte	71
 399 0170 47       		.byte	71
ARM GAS  C:\Users\riveraes\AppData\Local\Temp\cc47nTOg.s 			page 8


 400 0171 47       		.byte	71
 401 0172 46       		.byte	70
 402 0173 46       		.byte	70
 403 0174 46       		.byte	70
 404 0175 45       		.byte	69
 405 0176 45       		.byte	69
 406 0177 45       		.byte	69
 407 0178 45       		.byte	69
 408 0179 44       		.byte	68
 409 017a 44       		.byte	68
 410 017b 44       		.byte	68
 411 017c 44       		.byte	68
 412 017d 44       		.byte	68
 413 017e 43       		.byte	67
 414 017f 43       		.byte	67
 415 0180 43       		.byte	67
 416 0181 43       		.byte	67
 417 0182 43       		.byte	67
 418 0183 42       		.byte	66
 419 0184 42       		.byte	66
 420 0185 42       		.byte	66
 421 0186 42       		.byte	66
 422 0187 42       		.byte	66
 423 0188 42       		.byte	66
 424 0189 42       		.byte	66
 425 018a 42       		.byte	66
 426 018b 41       		.byte	65
 427 018c 41       		.byte	65
 428 018d 41       		.byte	65
 429 018e 41       		.byte	65
 430 018f 41       		.byte	65
 431 0190 41       		.byte	65
 432 0191 41       		.byte	65
 433 0192 41       		.byte	65
 434 0193 41       		.byte	65
 435 0194 41       		.byte	65
 436 0195 41       		.byte	65
 437 0196 41       		.byte	65
 438 0197 41       		.byte	65
 439 0198 41       		.byte	65
 440 0199 41       		.byte	65
 441 019a 41       		.byte	65
 442 019b 41       		.byte	65
 443 019c 41       		.byte	65
 444 019d 41       		.byte	65
 445 019e 41       		.byte	65
 446 019f 41       		.byte	65
 447 01a0 41       		.byte	65
 448 01a1 42       		.byte	66
 449 01a2 42       		.byte	66
 450 01a3 42       		.byte	66
 451 01a4 42       		.byte	66
 452 01a5 42       		.byte	66
 453 01a6 42       		.byte	66
 454 01a7 42       		.byte	66
 455 01a8 42       		.byte	66
 456 01a9 43       		.byte	67
ARM GAS  C:\Users\riveraes\AppData\Local\Temp\cc47nTOg.s 			page 9


 457 01aa 43       		.byte	67
 458 01ab 43       		.byte	67
 459 01ac 43       		.byte	67
 460 01ad 43       		.byte	67
 461 01ae 43       		.byte	67
 462 01af 44       		.byte	68
 463 01b0 44       		.byte	68
 464 01b1 44       		.byte	68
 465 01b2 44       		.byte	68
 466 01b3 45       		.byte	69
 467 01b4 45       		.byte	69
 468 01b5 45       		.byte	69
 469 01b6 45       		.byte	69
 470 01b7 46       		.byte	70
 471 01b8 46       		.byte	70
 472 01b9 46       		.byte	70
 473 01ba 46       		.byte	70
 474 01bb 47       		.byte	71
 475 01bc 47       		.byte	71
 476 01bd 47       		.byte	71
 477 01be 48       		.byte	72
 478 01bf 48       		.byte	72
 479 01c0 48       		.byte	72
 480 01c1 49       		.byte	73
 481 01c2 49       		.byte	73
 482 01c3 49       		.byte	73
 483 01c4 4A       		.byte	74
 484 01c5 4A       		.byte	74
 485 01c6 4B       		.byte	75
 486 01c7 4B       		.byte	75
 487 01c8 4B       		.byte	75
 488 01c9 4C       		.byte	76
 489 01ca 4C       		.byte	76
 490 01cb 4D       		.byte	77
 491 01cc 4D       		.byte	77
 492 01cd 4D       		.byte	77
 493 01ce 4E       		.byte	78
 494 01cf 4E       		.byte	78
 495 01d0 4F       		.byte	79
 496 01d1 4F       		.byte	79
 497 01d2 50       		.byte	80
 498 01d3 50       		.byte	80
 499 01d4 51       		.byte	81
 500 01d5 51       		.byte	81
 501 01d6 52       		.byte	82
 502 01d7 52       		.byte	82
 503 01d8 53       		.byte	83
 504 01d9 53       		.byte	83
 505 01da 54       		.byte	84
 506 01db 54       		.byte	84
 507 01dc 55       		.byte	85
 508 01dd 55       		.byte	85
 509 01de 56       		.byte	86
 510 01df 56       		.byte	86
 511 01e0 57       		.byte	87
 512 01e1 57       		.byte	87
 513 01e2 58       		.byte	88
ARM GAS  C:\Users\riveraes\AppData\Local\Temp\cc47nTOg.s 			page 10


 514 01e3 59       		.byte	89
 515 01e4 59       		.byte	89
 516 01e5 5A       		.byte	90
 517 01e6 5A       		.byte	90
 518 01e7 5B       		.byte	91
 519 01e8 5B       		.byte	91
 520 01e9 5C       		.byte	92
 521 01ea 5D       		.byte	93
 522 01eb 5D       		.byte	93
 523 01ec 5E       		.byte	94
 524 01ed 5E       		.byte	94
 525 01ee 5F       		.byte	95
 526 01ef 60       		.byte	96
 527 01f0 60       		.byte	96
 528 01f1 61       		.byte	97
 529 01f2 62       		.byte	98
 530 01f3 62       		.byte	98
 531 01f4 63       		.byte	99
 532 01f5 63       		.byte	99
 533 01f6 64       		.byte	100
 534 01f7 65       		.byte	101
 535 01f8 65       		.byte	101
 536 01f9 66       		.byte	102
 537 01fa 67       		.byte	103
 538 01fb 67       		.byte	103
 539 01fc 68       		.byte	104
 540 01fd 69       		.byte	105
 541 01fe 69       		.byte	105
 542 01ff 6A       		.byte	106
 543 0200 6B       		.byte	107
 544 0201 6C       		.byte	108
 545 0202 6C       		.byte	108
 546 0203 6D       		.byte	109
 547 0204 6E       		.byte	110
 548 0205 6E       		.byte	110
 549 0206 6F       		.byte	111
 550 0207 70       		.byte	112
 551 0208 70       		.byte	112
 552 0209 71       		.byte	113
 553 020a 72       		.byte	114
 554 020b 73       		.byte	115
 555 020c 73       		.byte	115
 556 020d 74       		.byte	116
 557 020e 75       		.byte	117
 558 020f 75       		.byte	117
 559 0210 76       		.byte	118
 560 0211 77       		.byte	119
 561 0212 78       		.byte	120
 562 0213 78       		.byte	120
 563 0214 79       		.byte	121
 564 0215 7A       		.byte	122
 565 0216 7A       		.byte	122
 566 0217 7B       		.byte	123
 567 0218 7C       		.byte	124
 568 0219 7D       		.byte	125
 569 021a 7D       		.byte	125
 570 021b 7E       		.byte	126
ARM GAS  C:\Users\riveraes\AppData\Local\Temp\cc47nTOg.s 			page 11


 571 021c 7F       		.byte	127
 572              		.global	HF_DAC_2_wave2
 573 021d 000000   		.align	2
 574              		.type	HF_DAC_2_wave2, %object
 575              		.size	HF_DAC_2_wave2, 400
 576              	HF_DAC_2_wave2:
 577 0220 80       		.byte	-128
 578 0221 80       		.byte	-128
 579 0222 81       		.byte	-127
 580 0223 82       		.byte	-126
 581 0224 83       		.byte	-125
 582 0225 84       		.byte	-124
 583 0226 85       		.byte	-123
 584 0227 86       		.byte	-122
 585 0228 87       		.byte	-121
 586 0229 88       		.byte	-120
 587 022a 89       		.byte	-119
 588 022b 8A       		.byte	-118
 589 022c 8B       		.byte	-117
 590 022d 8C       		.byte	-116
 591 022e 8D       		.byte	-115
 592 022f 8E       		.byte	-114
 593 0230 8F       		.byte	-113
 594 0231 90       		.byte	-112
 595 0232 91       		.byte	-111
 596 0233 92       		.byte	-110
 597 0234 93       		.byte	-109
 598 0235 94       		.byte	-108
 599 0236 95       		.byte	-107
 600 0237 96       		.byte	-106
 601 0238 97       		.byte	-105
 602 0239 97       		.byte	-105
 603 023a 98       		.byte	-104
 604 023b 99       		.byte	-103
 605 023c 9A       		.byte	-102
 606 023d 9B       		.byte	-101
 607 023e 9C       		.byte	-100
 608 023f 9D       		.byte	-99
 609 0240 9E       		.byte	-98
 610 0241 9E       		.byte	-98
 611 0242 9F       		.byte	-97
 612 0243 A0       		.byte	-96
 613 0244 A1       		.byte	-95
 614 0245 A2       		.byte	-94
 615 0246 A3       		.byte	-93
 616 0247 A3       		.byte	-93
 617 0248 A4       		.byte	-92
 618 0249 A5       		.byte	-91
 619 024a A6       		.byte	-90
 620 024b A7       		.byte	-89
 621 024c A7       		.byte	-89
 622 024d A8       		.byte	-88
 623 024e A9       		.byte	-87
 624 024f AA       		.byte	-86
 625 0250 AA       		.byte	-86
 626 0251 AB       		.byte	-85
 627 0252 AC       		.byte	-84
ARM GAS  C:\Users\riveraes\AppData\Local\Temp\cc47nTOg.s 			page 12


 628 0253 AC       		.byte	-84
 629 0254 AD       		.byte	-83
 630 0255 AE       		.byte	-82
 631 0256 AE       		.byte	-82
 632 0257 AF       		.byte	-81
 633 0258 B0       		.byte	-80
 634 0259 B0       		.byte	-80
 635 025a B1       		.byte	-79
 636 025b B1       		.byte	-79
 637 025c B2       		.byte	-78
 638 025d B3       		.byte	-77
 639 025e B3       		.byte	-77
 640 025f B4       		.byte	-76
 641 0260 B4       		.byte	-76
 642 0261 B5       		.byte	-75
 643 0262 B5       		.byte	-75
 644 0263 B6       		.byte	-74
 645 0264 B6       		.byte	-74
 646 0265 B7       		.byte	-73
 647 0266 B7       		.byte	-73
 648 0267 B8       		.byte	-72
 649 0268 B8       		.byte	-72
 650 0269 B8       		.byte	-72
 651 026a B9       		.byte	-71
 652 026b B9       		.byte	-71
 653 026c BA       		.byte	-70
 654 026d BA       		.byte	-70
 655 026e BA       		.byte	-70
 656 026f BB       		.byte	-69
 657 0270 BB       		.byte	-69
 658 0271 BB       		.byte	-69
 659 0272 BC       		.byte	-68
 660 0273 BC       		.byte	-68
 661 0274 BC       		.byte	-68
 662 0275 BC       		.byte	-68
 663 0276 BC       		.byte	-68
 664 0277 BD       		.byte	-67
 665 0278 BD       		.byte	-67
 666 0279 BD       		.byte	-67
 667 027a BD       		.byte	-67
 668 027b BD       		.byte	-67
 669 027c BE       		.byte	-66
 670 027d BE       		.byte	-66
 671 027e BE       		.byte	-66
 672 027f BE       		.byte	-66
 673 0280 BE       		.byte	-66
 674 0281 BE       		.byte	-66
 675 0282 BE       		.byte	-66
 676 0283 BE       		.byte	-66
 677 0284 BE       		.byte	-66
 678 0285 BE       		.byte	-66
 679 0286 BE       		.byte	-66
 680 0287 BE       		.byte	-66
 681 0288 BE       		.byte	-66
 682 0289 BE       		.byte	-66
 683 028a BE       		.byte	-66
 684 028b BE       		.byte	-66
ARM GAS  C:\Users\riveraes\AppData\Local\Temp\cc47nTOg.s 			page 13


 685 028c BE       		.byte	-66
 686 028d BD       		.byte	-67
 687 028e BD       		.byte	-67
 688 028f BD       		.byte	-67
 689 0290 BD       		.byte	-67
 690 0291 BD       		.byte	-67
 691 0292 BC       		.byte	-68
 692 0293 BC       		.byte	-68
 693 0294 BC       		.byte	-68
 694 0295 BC       		.byte	-68
 695 0296 BC       		.byte	-68
 696 0297 BB       		.byte	-69
 697 0298 BB       		.byte	-69
 698 0299 BB       		.byte	-69
 699 029a BA       		.byte	-70
 700 029b BA       		.byte	-70
 701 029c BA       		.byte	-70
 702 029d B9       		.byte	-71
 703 029e B9       		.byte	-71
 704 029f B8       		.byte	-72
 705 02a0 B8       		.byte	-72
 706 02a1 B8       		.byte	-72
 707 02a2 B7       		.byte	-73
 708 02a3 B7       		.byte	-73
 709 02a4 B6       		.byte	-74
 710 02a5 B6       		.byte	-74
 711 02a6 B5       		.byte	-75
 712 02a7 B5       		.byte	-75
 713 02a8 B4       		.byte	-76
 714 02a9 B4       		.byte	-76
 715 02aa B3       		.byte	-77
 716 02ab B3       		.byte	-77
 717 02ac B2       		.byte	-78
 718 02ad B1       		.byte	-79
 719 02ae B1       		.byte	-79
 720 02af B0       		.byte	-80
 721 02b0 B0       		.byte	-80
 722 02b1 AF       		.byte	-81
 723 02b2 AE       		.byte	-82
 724 02b3 AE       		.byte	-82
 725 02b4 AD       		.byte	-83
 726 02b5 AC       		.byte	-84
 727 02b6 AC       		.byte	-84
 728 02b7 AB       		.byte	-85
 729 02b8 AA       		.byte	-86
 730 02b9 AA       		.byte	-86
 731 02ba A9       		.byte	-87
 732 02bb A8       		.byte	-88
 733 02bc A7       		.byte	-89
 734 02bd A7       		.byte	-89
 735 02be A6       		.byte	-90
 736 02bf A5       		.byte	-91
 737 02c0 A4       		.byte	-92
 738 02c1 A3       		.byte	-93
 739 02c2 A3       		.byte	-93
 740 02c3 A2       		.byte	-94
 741 02c4 A1       		.byte	-95
ARM GAS  C:\Users\riveraes\AppData\Local\Temp\cc47nTOg.s 			page 14


 742 02c5 A0       		.byte	-96
 743 02c6 9F       		.byte	-97
 744 02c7 9E       		.byte	-98
 745 02c8 9E       		.byte	-98
 746 02c9 9D       		.byte	-99
 747 02ca 9C       		.byte	-100
 748 02cb 9B       		.byte	-101
 749 02cc 9A       		.byte	-102
 750 02cd 99       		.byte	-103
 751 02ce 98       		.byte	-104
 752 02cf 97       		.byte	-105
 753 02d0 97       		.byte	-105
 754 02d1 96       		.byte	-106
 755 02d2 95       		.byte	-107
 756 02d3 94       		.byte	-108
 757 02d4 93       		.byte	-109
 758 02d5 92       		.byte	-110
 759 02d6 91       		.byte	-111
 760 02d7 90       		.byte	-112
 761 02d8 8F       		.byte	-113
 762 02d9 8E       		.byte	-114
 763 02da 8D       		.byte	-115
 764 02db 8C       		.byte	-116
 765 02dc 8B       		.byte	-117
 766 02dd 8A       		.byte	-118
 767 02de 89       		.byte	-119
 768 02df 88       		.byte	-120
 769 02e0 87       		.byte	-121
 770 02e1 86       		.byte	-122
 771 02e2 85       		.byte	-123
 772 02e3 84       		.byte	-124
 773 02e4 83       		.byte	-125
 774 02e5 82       		.byte	-126
 775 02e6 81       		.byte	-127
 776 02e7 80       		.byte	-128
 777 02e8 80       		.byte	-128
 778 02e9 7F       		.byte	127
 779 02ea 7E       		.byte	126
 780 02eb 7D       		.byte	125
 781 02ec 7C       		.byte	124
 782 02ed 7B       		.byte	123
 783 02ee 7A       		.byte	122
 784 02ef 79       		.byte	121
 785 02f0 78       		.byte	120
 786 02f1 77       		.byte	119
 787 02f2 76       		.byte	118
 788 02f3 75       		.byte	117
 789 02f4 74       		.byte	116
 790 02f5 73       		.byte	115
 791 02f6 72       		.byte	114
 792 02f7 71       		.byte	113
 793 02f8 70       		.byte	112
 794 02f9 6F       		.byte	111
 795 02fa 6E       		.byte	110
 796 02fb 6D       		.byte	109
 797 02fc 6C       		.byte	108
 798 02fd 6B       		.byte	107
ARM GAS  C:\Users\riveraes\AppData\Local\Temp\cc47nTOg.s 			page 15


 799 02fe 6A       		.byte	106
 800 02ff 69       		.byte	105
 801 0300 68       		.byte	104
 802 0301 68       		.byte	104
 803 0302 67       		.byte	103
 804 0303 66       		.byte	102
 805 0304 65       		.byte	101
 806 0305 64       		.byte	100
 807 0306 63       		.byte	99
 808 0307 62       		.byte	98
 809 0308 61       		.byte	97
 810 0309 61       		.byte	97
 811 030a 60       		.byte	96
 812 030b 5F       		.byte	95
 813 030c 5E       		.byte	94
 814 030d 5D       		.byte	93
 815 030e 5C       		.byte	92
 816 030f 5C       		.byte	92
 817 0310 5B       		.byte	91
 818 0311 5A       		.byte	90
 819 0312 59       		.byte	89
 820 0313 58       		.byte	88
 821 0314 58       		.byte	88
 822 0315 57       		.byte	87
 823 0316 56       		.byte	86
 824 0317 55       		.byte	85
 825 0318 55       		.byte	85
 826 0319 54       		.byte	84
 827 031a 53       		.byte	83
 828 031b 53       		.byte	83
 829 031c 52       		.byte	82
 830 031d 51       		.byte	81
 831 031e 51       		.byte	81
 832 031f 50       		.byte	80
 833 0320 4F       		.byte	79
 834 0321 4F       		.byte	79
 835 0322 4E       		.byte	78
 836 0323 4E       		.byte	78
 837 0324 4D       		.byte	77
 838 0325 4C       		.byte	76
 839 0326 4C       		.byte	76
 840 0327 4B       		.byte	75
 841 0328 4B       		.byte	75
 842 0329 4A       		.byte	74
 843 032a 4A       		.byte	74
 844 032b 49       		.byte	73
 845 032c 49       		.byte	73
 846 032d 48       		.byte	72
 847 032e 48       		.byte	72
 848 032f 47       		.byte	71
 849 0330 47       		.byte	71
 850 0331 47       		.byte	71
 851 0332 46       		.byte	70
 852 0333 46       		.byte	70
 853 0334 45       		.byte	69
 854 0335 45       		.byte	69
 855 0336 45       		.byte	69
ARM GAS  C:\Users\riveraes\AppData\Local\Temp\cc47nTOg.s 			page 16


 856 0337 44       		.byte	68
 857 0338 44       		.byte	68
 858 0339 44       		.byte	68
 859 033a 43       		.byte	67
 860 033b 43       		.byte	67
 861 033c 43       		.byte	67
 862 033d 43       		.byte	67
 863 033e 43       		.byte	67
 864 033f 42       		.byte	66
 865 0340 42       		.byte	66
 866 0341 42       		.byte	66
 867 0342 42       		.byte	66
 868 0343 42       		.byte	66
 869 0344 41       		.byte	65
 870 0345 41       		.byte	65
 871 0346 41       		.byte	65
 872 0347 41       		.byte	65
 873 0348 41       		.byte	65
 874 0349 41       		.byte	65
 875 034a 41       		.byte	65
 876 034b 41       		.byte	65
 877 034c 41       		.byte	65
 878 034d 41       		.byte	65
 879 034e 41       		.byte	65
 880 034f 41       		.byte	65
 881 0350 41       		.byte	65
 882 0351 41       		.byte	65
 883 0352 41       		.byte	65
 884 0353 41       		.byte	65
 885 0354 41       		.byte	65
 886 0355 42       		.byte	66
 887 0356 42       		.byte	66
 888 0357 42       		.byte	66
 889 0358 42       		.byte	66
 890 0359 42       		.byte	66
 891 035a 43       		.byte	67
 892 035b 43       		.byte	67
 893 035c 43       		.byte	67
 894 035d 43       		.byte	67
 895 035e 43       		.byte	67
 896 035f 44       		.byte	68
 897 0360 44       		.byte	68
 898 0361 44       		.byte	68
 899 0362 45       		.byte	69
 900 0363 45       		.byte	69
 901 0364 45       		.byte	69
 902 0365 46       		.byte	70
 903 0366 46       		.byte	70
 904 0367 47       		.byte	71
 905 0368 47       		.byte	71
 906 0369 47       		.byte	71
 907 036a 48       		.byte	72
 908 036b 48       		.byte	72
 909 036c 49       		.byte	73
 910 036d 49       		.byte	73
 911 036e 4A       		.byte	74
 912 036f 4A       		.byte	74
ARM GAS  C:\Users\riveraes\AppData\Local\Temp\cc47nTOg.s 			page 17


 913 0370 4B       		.byte	75
 914 0371 4B       		.byte	75
 915 0372 4C       		.byte	76
 916 0373 4C       		.byte	76
 917 0374 4D       		.byte	77
 918 0375 4E       		.byte	78
 919 0376 4E       		.byte	78
 920 0377 4F       		.byte	79
 921 0378 4F       		.byte	79
 922 0379 50       		.byte	80
 923 037a 51       		.byte	81
 924 037b 51       		.byte	81
 925 037c 52       		.byte	82
 926 037d 53       		.byte	83
 927 037e 53       		.byte	83
 928 037f 54       		.byte	84
 929 0380 55       		.byte	85
 930 0381 55       		.byte	85
 931 0382 56       		.byte	86
 932 0383 57       		.byte	87
 933 0384 58       		.byte	88
 934 0385 58       		.byte	88
 935 0386 59       		.byte	89
 936 0387 5A       		.byte	90
 937 0388 5B       		.byte	91
 938 0389 5C       		.byte	92
 939 038a 5C       		.byte	92
 940 038b 5D       		.byte	93
 941 038c 5E       		.byte	94
 942 038d 5F       		.byte	95
 943 038e 60       		.byte	96
 944 038f 61       		.byte	97
 945 0390 61       		.byte	97
 946 0391 62       		.byte	98
 947 0392 63       		.byte	99
 948 0393 64       		.byte	100
 949 0394 65       		.byte	101
 950 0395 66       		.byte	102
 951 0396 67       		.byte	103
 952 0397 68       		.byte	104
 953 0398 68       		.byte	104
 954 0399 69       		.byte	105
 955 039a 6A       		.byte	106
 956 039b 6B       		.byte	107
 957 039c 6C       		.byte	108
 958 039d 6D       		.byte	109
 959 039e 6E       		.byte	110
 960 039f 6F       		.byte	111
 961 03a0 70       		.byte	112
 962 03a1 71       		.byte	113
 963 03a2 72       		.byte	114
 964 03a3 73       		.byte	115
 965 03a4 74       		.byte	116
 966 03a5 75       		.byte	117
 967 03a6 76       		.byte	118
 968 03a7 77       		.byte	119
 969 03a8 78       		.byte	120
ARM GAS  C:\Users\riveraes\AppData\Local\Temp\cc47nTOg.s 			page 18


 970 03a9 79       		.byte	121
 971 03aa 7A       		.byte	122
 972 03ab 7B       		.byte	123
 973 03ac 7C       		.byte	124
 974 03ad 7D       		.byte	125
 975 03ae 7E       		.byte	126
 976 03af 7F       		.byte	127
 977              		.bss
 978              	HF_DAC_2_Wave1Chan:
 979 0001 00       		.space	1
 980              	HF_DAC_2_Wave2Chan:
 981 0002 00       		.space	1
 982              	HF_DAC_2_Wave1TD:
 983 0003 00       		.space	1
 984              	HF_DAC_2_Wave2TD:
 985 0004 00       		.space	1
 986              		.section	.text.HF_DAC_2_Init,"ax",%progbits
 987              		.align	2
 988              		.global	HF_DAC_2_Init
 989              		.thumb
 990              		.thumb_func
 991              		.type	HF_DAC_2_Init, %function
 992              	HF_DAC_2_Init:
 993              	.LFB0:
 994              		.file 1 "Generated_Source\\PSoC5\\HF_DAC_2.c"
   1:Generated_Source\PSoC5/HF_DAC_2.c **** /*******************************************************************************
   2:Generated_Source\PSoC5/HF_DAC_2.c **** * File Name: HF_DAC_2.c
   3:Generated_Source\PSoC5/HF_DAC_2.c **** * Version 2.10
   4:Generated_Source\PSoC5/HF_DAC_2.c **** *
   5:Generated_Source\PSoC5/HF_DAC_2.c **** * Description:
   6:Generated_Source\PSoC5/HF_DAC_2.c **** *  This file provides the source code for the 8-bit Waveform DAC 
   7:Generated_Source\PSoC5/HF_DAC_2.c **** *  (WaveDAC8) Component.
   8:Generated_Source\PSoC5/HF_DAC_2.c **** *
   9:Generated_Source\PSoC5/HF_DAC_2.c **** ********************************************************************************
  10:Generated_Source\PSoC5/HF_DAC_2.c **** * Copyright 2013, Cypress Semiconductor Corporation.  All rights reserved.
  11:Generated_Source\PSoC5/HF_DAC_2.c **** * You may use this file only in accordance with the license, terms, conditions,
  12:Generated_Source\PSoC5/HF_DAC_2.c **** * disclaimers, and limitations in the end user license agreement accompanying
  13:Generated_Source\PSoC5/HF_DAC_2.c **** * the software package with which this file was provided.
  14:Generated_Source\PSoC5/HF_DAC_2.c **** *******************************************************************************/
  15:Generated_Source\PSoC5/HF_DAC_2.c **** 
  16:Generated_Source\PSoC5/HF_DAC_2.c **** #include "HF_DAC_2.h"
  17:Generated_Source\PSoC5/HF_DAC_2.c **** 
  18:Generated_Source\PSoC5/HF_DAC_2.c **** uint8  HF_DAC_2_initVar = 0u;
  19:Generated_Source\PSoC5/HF_DAC_2.c **** 
  20:Generated_Source\PSoC5/HF_DAC_2.c **** const uint8 CYCODE HF_DAC_2_wave1[HF_DAC_2_WAVE1_LENGTH] = { 128u,128u,129u,130u,130u,131u,132u,133
  21:Generated_Source\PSoC5/HF_DAC_2.c **** const uint8 CYCODE HF_DAC_2_wave2[HF_DAC_2_WAVE2_LENGTH] = { 128u,128u,129u,130u,131u,132u,133u,134
  22:Generated_Source\PSoC5/HF_DAC_2.c **** 
  23:Generated_Source\PSoC5/HF_DAC_2.c **** static uint8  HF_DAC_2_Wave1Chan;
  24:Generated_Source\PSoC5/HF_DAC_2.c **** static uint8  HF_DAC_2_Wave2Chan;
  25:Generated_Source\PSoC5/HF_DAC_2.c **** static uint8  HF_DAC_2_Wave1TD;
  26:Generated_Source\PSoC5/HF_DAC_2.c **** static uint8  HF_DAC_2_Wave2TD;
  27:Generated_Source\PSoC5/HF_DAC_2.c **** 
  28:Generated_Source\PSoC5/HF_DAC_2.c **** 
  29:Generated_Source\PSoC5/HF_DAC_2.c **** /*******************************************************************************
  30:Generated_Source\PSoC5/HF_DAC_2.c **** * Function Name: HF_DAC_2_Init
  31:Generated_Source\PSoC5/HF_DAC_2.c **** ********************************************************************************
  32:Generated_Source\PSoC5/HF_DAC_2.c **** *
ARM GAS  C:\Users\riveraes\AppData\Local\Temp\cc47nTOg.s 			page 19


  33:Generated_Source\PSoC5/HF_DAC_2.c **** * Summary:
  34:Generated_Source\PSoC5/HF_DAC_2.c **** *  Initializes component with parameters set in the customizer.
  35:Generated_Source\PSoC5/HF_DAC_2.c **** *
  36:Generated_Source\PSoC5/HF_DAC_2.c **** * Parameters:  
  37:Generated_Source\PSoC5/HF_DAC_2.c **** *  None
  38:Generated_Source\PSoC5/HF_DAC_2.c **** *
  39:Generated_Source\PSoC5/HF_DAC_2.c **** * Return: 
  40:Generated_Source\PSoC5/HF_DAC_2.c **** *  None
  41:Generated_Source\PSoC5/HF_DAC_2.c **** *
  42:Generated_Source\PSoC5/HF_DAC_2.c **** *******************************************************************************/
  43:Generated_Source\PSoC5/HF_DAC_2.c **** void HF_DAC_2_Init(void) 
  44:Generated_Source\PSoC5/HF_DAC_2.c **** {
 995              		.loc 1 44 0
 996              		.cfi_startproc
 997              		@ args = 0, pretend = 0, frame = 0
 998              		@ frame_needed = 1, uses_anonymous_args = 0
 999 0000 80B5     		push	{r7, lr}
 1000              		.cfi_def_cfa_offset 8
 1001              		.cfi_offset 7, -8
 1002              		.cfi_offset 14, -4
 1003 0002 00AF     		add	r7, sp, #0
 1004              		.cfi_def_cfa_register 7
  45:Generated_Source\PSoC5/HF_DAC_2.c **** 	HF_DAC_2_VDAC8_Init();
 1005              		.loc 1 45 0
 1006 0004 FFF7FEFF 		bl	HF_DAC_2_VDAC8_Init
  46:Generated_Source\PSoC5/HF_DAC_2.c **** 	HF_DAC_2_VDAC8_SetSpeed(HF_DAC_2_HIGHSPEED);
 1007              		.loc 1 46 0
 1008 0008 0220     		movs	r0, #2
 1009 000a FFF7FEFF 		bl	HF_DAC_2_VDAC8_SetSpeed
  47:Generated_Source\PSoC5/HF_DAC_2.c **** 	HF_DAC_2_VDAC8_SetRange(HF_DAC_2_DAC_RANGE);
 1010              		.loc 1 47 0
 1011 000e 0020     		movs	r0, #0
 1012 0010 FFF7FEFF 		bl	HF_DAC_2_VDAC8_SetRange
  48:Generated_Source\PSoC5/HF_DAC_2.c **** 
  49:Generated_Source\PSoC5/HF_DAC_2.c **** 	#if(HF_DAC_2_DAC_MODE == HF_DAC_2_CURRENT_MODE)
  50:Generated_Source\PSoC5/HF_DAC_2.c **** 		HF_DAC_2_IDAC8_SetPolarity(HF_DAC_2_DAC_POL);
  51:Generated_Source\PSoC5/HF_DAC_2.c **** 	#endif /* HF_DAC_2_DAC_MODE == HF_DAC_2_CURRENT_MODE */
  52:Generated_Source\PSoC5/HF_DAC_2.c **** 
  53:Generated_Source\PSoC5/HF_DAC_2.c **** 	#if(HF_DAC_2_OUT_MODE == HF_DAC_2_BUFFER_MODE)
  54:Generated_Source\PSoC5/HF_DAC_2.c **** 	   HF_DAC_2_BuffAmp_Init();
  55:Generated_Source\PSoC5/HF_DAC_2.c **** 	#endif /* HF_DAC_2_OUT_MODE == HF_DAC_2_BUFFER_MODE */
  56:Generated_Source\PSoC5/HF_DAC_2.c **** 
  57:Generated_Source\PSoC5/HF_DAC_2.c **** 	/* Get the TD Number for the DMA channel 1 and 2   */
  58:Generated_Source\PSoC5/HF_DAC_2.c **** 	HF_DAC_2_Wave1TD = CyDmaTdAllocate();
 1013              		.loc 1 58 0
 1014 0014 FFF7FEFF 		bl	CyDmaTdAllocate
 1015 0018 0346     		mov	r3, r0
 1016 001a 1A46     		mov	r2, r3
 1017 001c 094B     		ldr	r3, .L2
 1018 001e 1A70     		strb	r2, [r3]
  59:Generated_Source\PSoC5/HF_DAC_2.c **** 	HF_DAC_2_Wave2TD = CyDmaTdAllocate();
 1019              		.loc 1 59 0
 1020 0020 FFF7FEFF 		bl	CyDmaTdAllocate
 1021 0024 0346     		mov	r3, r0
 1022 0026 1A46     		mov	r2, r3
 1023 0028 074B     		ldr	r3, .L2+4
 1024 002a 1A70     		strb	r2, [r3]
ARM GAS  C:\Users\riveraes\AppData\Local\Temp\cc47nTOg.s 			page 20


  60:Generated_Source\PSoC5/HF_DAC_2.c **** 	
  61:Generated_Source\PSoC5/HF_DAC_2.c **** 	/* Initialize waveform pointers  */
  62:Generated_Source\PSoC5/HF_DAC_2.c **** 	HF_DAC_2_Wave1Setup(HF_DAC_2_wave1, HF_DAC_2_WAVE1_LENGTH) ;
 1025              		.loc 1 62 0
 1026 002c 40F21D21 		movw	r1, #541
 1027 0030 0648     		ldr	r0, .L2+8
 1028 0032 FFF7FEFF 		bl	HF_DAC_2_Wave1Setup
  63:Generated_Source\PSoC5/HF_DAC_2.c **** 	HF_DAC_2_Wave2Setup(HF_DAC_2_wave2, HF_DAC_2_WAVE2_LENGTH) ;
 1029              		.loc 1 63 0
 1030 0036 4FF4C871 		mov	r1, #400
 1031 003a 0548     		ldr	r0, .L2+12
 1032 003c FFF7FEFF 		bl	HF_DAC_2_Wave2Setup
  64:Generated_Source\PSoC5/HF_DAC_2.c **** 	
  65:Generated_Source\PSoC5/HF_DAC_2.c **** 	/* Initialize the internal clock if one present  */
  66:Generated_Source\PSoC5/HF_DAC_2.c **** 	#if defined(HF_DAC_2_DacClk_PHASE)
  67:Generated_Source\PSoC5/HF_DAC_2.c **** 	   HF_DAC_2_DacClk_SetPhase(HF_DAC_2_CLK_PHASE_0nS);
  68:Generated_Source\PSoC5/HF_DAC_2.c **** 	#endif /* defined(HF_DAC_2_DacClk_PHASE) */
  69:Generated_Source\PSoC5/HF_DAC_2.c **** }
 1033              		.loc 1 69 0
 1034 0040 00BF     		nop
 1035 0042 80BD     		pop	{r7, pc}
 1036              	.L3:
 1037              		.align	2
 1038              	.L2:
 1039 0044 03000000 		.word	HF_DAC_2_Wave1TD
 1040 0048 04000000 		.word	HF_DAC_2_Wave2TD
 1041 004c 00000000 		.word	HF_DAC_2_wave1
 1042 0050 00000000 		.word	HF_DAC_2_wave2
 1043              		.cfi_endproc
 1044              	.LFE0:
 1045              		.size	HF_DAC_2_Init, .-HF_DAC_2_Init
 1046              		.section	.text.HF_DAC_2_Enable,"ax",%progbits
 1047              		.align	2
 1048              		.global	HF_DAC_2_Enable
 1049              		.thumb
 1050              		.thumb_func
 1051              		.type	HF_DAC_2_Enable, %function
 1052              	HF_DAC_2_Enable:
 1053              	.LFB1:
  70:Generated_Source\PSoC5/HF_DAC_2.c **** 
  71:Generated_Source\PSoC5/HF_DAC_2.c **** 
  72:Generated_Source\PSoC5/HF_DAC_2.c **** /*******************************************************************************
  73:Generated_Source\PSoC5/HF_DAC_2.c **** * Function Name: HF_DAC_2_Enable
  74:Generated_Source\PSoC5/HF_DAC_2.c **** ********************************************************************************
  75:Generated_Source\PSoC5/HF_DAC_2.c **** *  
  76:Generated_Source\PSoC5/HF_DAC_2.c **** * Summary: 
  77:Generated_Source\PSoC5/HF_DAC_2.c **** *  Enables the DAC block and DMA operation.
  78:Generated_Source\PSoC5/HF_DAC_2.c **** *
  79:Generated_Source\PSoC5/HF_DAC_2.c **** * Parameters:  
  80:Generated_Source\PSoC5/HF_DAC_2.c **** *  None
  81:Generated_Source\PSoC5/HF_DAC_2.c **** *
  82:Generated_Source\PSoC5/HF_DAC_2.c **** * Return: 
  83:Generated_Source\PSoC5/HF_DAC_2.c **** *  None
  84:Generated_Source\PSoC5/HF_DAC_2.c **** *
  85:Generated_Source\PSoC5/HF_DAC_2.c **** *******************************************************************************/
  86:Generated_Source\PSoC5/HF_DAC_2.c **** void HF_DAC_2_Enable(void) 
  87:Generated_Source\PSoC5/HF_DAC_2.c **** {
ARM GAS  C:\Users\riveraes\AppData\Local\Temp\cc47nTOg.s 			page 21


 1054              		.loc 1 87 0
 1055              		.cfi_startproc
 1056              		@ args = 0, pretend = 0, frame = 0
 1057              		@ frame_needed = 1, uses_anonymous_args = 0
 1058 0000 80B5     		push	{r7, lr}
 1059              		.cfi_def_cfa_offset 8
 1060              		.cfi_offset 7, -8
 1061              		.cfi_offset 14, -4
 1062 0002 00AF     		add	r7, sp, #0
 1063              		.cfi_def_cfa_register 7
  88:Generated_Source\PSoC5/HF_DAC_2.c **** 	HF_DAC_2_VDAC8_Enable();
 1064              		.loc 1 88 0
 1065 0004 FFF7FEFF 		bl	HF_DAC_2_VDAC8_Enable
  89:Generated_Source\PSoC5/HF_DAC_2.c **** 
  90:Generated_Source\PSoC5/HF_DAC_2.c **** 	#if(HF_DAC_2_OUT_MODE == HF_DAC_2_BUFFER_MODE)
  91:Generated_Source\PSoC5/HF_DAC_2.c **** 	   HF_DAC_2_BuffAmp_Enable();
  92:Generated_Source\PSoC5/HF_DAC_2.c **** 	#endif /* HF_DAC_2_OUT_MODE == HF_DAC_2_BUFFER_MODE */
  93:Generated_Source\PSoC5/HF_DAC_2.c **** 
  94:Generated_Source\PSoC5/HF_DAC_2.c **** 	/* 
  95:Generated_Source\PSoC5/HF_DAC_2.c **** 	* Enable the channel. It is configured to remember the TD value so that
  96:Generated_Source\PSoC5/HF_DAC_2.c **** 	* it can be restored from the place where it has been stopped.
  97:Generated_Source\PSoC5/HF_DAC_2.c **** 	*/
  98:Generated_Source\PSoC5/HF_DAC_2.c **** 	(void)CyDmaChEnable(HF_DAC_2_Wave1Chan, 1u);
 1066              		.loc 1 98 0
 1067 0008 094B     		ldr	r3, .L5
 1068 000a 1B78     		ldrb	r3, [r3]	@ zero_extendqisi2
 1069 000c 0121     		movs	r1, #1
 1070 000e 1846     		mov	r0, r3
 1071 0010 FFF7FEFF 		bl	CyDmaChEnable
  99:Generated_Source\PSoC5/HF_DAC_2.c **** 	(void)CyDmaChEnable(HF_DAC_2_Wave2Chan, 1u);
 1072              		.loc 1 99 0
 1073 0014 074B     		ldr	r3, .L5+4
 1074 0016 1B78     		ldrb	r3, [r3]	@ zero_extendqisi2
 1075 0018 0121     		movs	r1, #1
 1076 001a 1846     		mov	r0, r3
 1077 001c FFF7FEFF 		bl	CyDmaChEnable
 100:Generated_Source\PSoC5/HF_DAC_2.c **** 	
 101:Generated_Source\PSoC5/HF_DAC_2.c **** 	/* set the initial value */
 102:Generated_Source\PSoC5/HF_DAC_2.c **** 	HF_DAC_2_SetValue(0u);
 1078              		.loc 1 102 0
 1079 0020 0020     		movs	r0, #0
 1080 0022 FFF7FEFF 		bl	HF_DAC_2_VDAC8_SetValue
 103:Generated_Source\PSoC5/HF_DAC_2.c **** 	
 104:Generated_Source\PSoC5/HF_DAC_2.c **** 	#if(HF_DAC_2_CLOCK_SRC == HF_DAC_2_CLOCK_INT)  	
 105:Generated_Source\PSoC5/HF_DAC_2.c **** 	   HF_DAC_2_DacClk_Start();
 1081              		.loc 1 105 0
 1082 0026 FFF7FEFF 		bl	HF_DAC_2_DacClk_Start
 106:Generated_Source\PSoC5/HF_DAC_2.c **** 	#endif /* HF_DAC_2_CLOCK_SRC == HF_DAC_2_CLOCK_INT */
 107:Generated_Source\PSoC5/HF_DAC_2.c **** }
 1083              		.loc 1 107 0
 1084 002a 00BF     		nop
 1085 002c 80BD     		pop	{r7, pc}
 1086              	.L6:
 1087 002e 00BF     		.align	2
 1088              	.L5:
 1089 0030 01000000 		.word	HF_DAC_2_Wave1Chan
 1090 0034 02000000 		.word	HF_DAC_2_Wave2Chan
ARM GAS  C:\Users\riveraes\AppData\Local\Temp\cc47nTOg.s 			page 22


 1091              		.cfi_endproc
 1092              	.LFE1:
 1093              		.size	HF_DAC_2_Enable, .-HF_DAC_2_Enable
 1094              		.section	.text.HF_DAC_2_Start,"ax",%progbits
 1095              		.align	2
 1096              		.global	HF_DAC_2_Start
 1097              		.thumb
 1098              		.thumb_func
 1099              		.type	HF_DAC_2_Start, %function
 1100              	HF_DAC_2_Start:
 1101              	.LFB2:
 108:Generated_Source\PSoC5/HF_DAC_2.c **** 
 109:Generated_Source\PSoC5/HF_DAC_2.c **** 
 110:Generated_Source\PSoC5/HF_DAC_2.c **** /*******************************************************************************
 111:Generated_Source\PSoC5/HF_DAC_2.c **** * Function Name: HF_DAC_2_Start
 112:Generated_Source\PSoC5/HF_DAC_2.c **** ********************************************************************************
 113:Generated_Source\PSoC5/HF_DAC_2.c **** *
 114:Generated_Source\PSoC5/HF_DAC_2.c **** * Summary:
 115:Generated_Source\PSoC5/HF_DAC_2.c **** *  The start function initializes the voltage DAC with the default values, 
 116:Generated_Source\PSoC5/HF_DAC_2.c **** *  and sets the power to the given level.  A power level of 0, is the same as 
 117:Generated_Source\PSoC5/HF_DAC_2.c **** *  executing the stop function.
 118:Generated_Source\PSoC5/HF_DAC_2.c **** *
 119:Generated_Source\PSoC5/HF_DAC_2.c **** * Parameters:  
 120:Generated_Source\PSoC5/HF_DAC_2.c **** *  None
 121:Generated_Source\PSoC5/HF_DAC_2.c **** *
 122:Generated_Source\PSoC5/HF_DAC_2.c **** * Return: 
 123:Generated_Source\PSoC5/HF_DAC_2.c **** *  None
 124:Generated_Source\PSoC5/HF_DAC_2.c **** *
 125:Generated_Source\PSoC5/HF_DAC_2.c **** * Reentrant:
 126:Generated_Source\PSoC5/HF_DAC_2.c **** *  No
 127:Generated_Source\PSoC5/HF_DAC_2.c **** *
 128:Generated_Source\PSoC5/HF_DAC_2.c **** *******************************************************************************/
 129:Generated_Source\PSoC5/HF_DAC_2.c **** void HF_DAC_2_Start(void) 
 130:Generated_Source\PSoC5/HF_DAC_2.c **** {
 1102              		.loc 1 130 0
 1103              		.cfi_startproc
 1104              		@ args = 0, pretend = 0, frame = 0
 1105              		@ frame_needed = 1, uses_anonymous_args = 0
 1106 0000 80B5     		push	{r7, lr}
 1107              		.cfi_def_cfa_offset 8
 1108              		.cfi_offset 7, -8
 1109              		.cfi_offset 14, -4
 1110 0002 00AF     		add	r7, sp, #0
 1111              		.cfi_def_cfa_register 7
 131:Generated_Source\PSoC5/HF_DAC_2.c **** 	/* If not Initialized then initialize all required hardware and software */
 132:Generated_Source\PSoC5/HF_DAC_2.c **** 	if(HF_DAC_2_initVar == 0u)
 1112              		.loc 1 132 0
 1113 0004 064B     		ldr	r3, .L9
 1114 0006 1B78     		ldrb	r3, [r3]	@ zero_extendqisi2
 1115 0008 002B     		cmp	r3, #0
 1116 000a 04D1     		bne	.L8
 133:Generated_Source\PSoC5/HF_DAC_2.c **** 	{
 134:Generated_Source\PSoC5/HF_DAC_2.c **** 		HF_DAC_2_Init();
 1117              		.loc 1 134 0
 1118 000c FFF7FEFF 		bl	HF_DAC_2_Init
 135:Generated_Source\PSoC5/HF_DAC_2.c **** 		HF_DAC_2_initVar = 1u;
 1119              		.loc 1 135 0
ARM GAS  C:\Users\riveraes\AppData\Local\Temp\cc47nTOg.s 			page 23


 1120 0010 034B     		ldr	r3, .L9
 1121 0012 0122     		movs	r2, #1
 1122 0014 1A70     		strb	r2, [r3]
 1123              	.L8:
 136:Generated_Source\PSoC5/HF_DAC_2.c **** 	}
 137:Generated_Source\PSoC5/HF_DAC_2.c **** 	
 138:Generated_Source\PSoC5/HF_DAC_2.c **** 	HF_DAC_2_Enable();
 1124              		.loc 1 138 0
 1125 0016 FFF7FEFF 		bl	HF_DAC_2_Enable
 139:Generated_Source\PSoC5/HF_DAC_2.c **** }
 1126              		.loc 1 139 0
 1127 001a 00BF     		nop
 1128 001c 80BD     		pop	{r7, pc}
 1129              	.L10:
 1130 001e 00BF     		.align	2
 1131              	.L9:
 1132 0020 00000000 		.word	HF_DAC_2_initVar
 1133              		.cfi_endproc
 1134              	.LFE2:
 1135              		.size	HF_DAC_2_Start, .-HF_DAC_2_Start
 1136              		.section	.text.HF_DAC_2_StartEx,"ax",%progbits
 1137              		.align	2
 1138              		.global	HF_DAC_2_StartEx
 1139              		.thumb
 1140              		.thumb_func
 1141              		.type	HF_DAC_2_StartEx, %function
 1142              	HF_DAC_2_StartEx:
 1143              	.LFB3:
 140:Generated_Source\PSoC5/HF_DAC_2.c **** 
 141:Generated_Source\PSoC5/HF_DAC_2.c **** 
 142:Generated_Source\PSoC5/HF_DAC_2.c **** /*******************************************************************************
 143:Generated_Source\PSoC5/HF_DAC_2.c **** * Function Name: HF_DAC_2_StartEx
 144:Generated_Source\PSoC5/HF_DAC_2.c **** ********************************************************************************
 145:Generated_Source\PSoC5/HF_DAC_2.c **** *
 146:Generated_Source\PSoC5/HF_DAC_2.c **** * Summary:
 147:Generated_Source\PSoC5/HF_DAC_2.c **** *  The StartEx function sets pointers and sizes for both waveforms
 148:Generated_Source\PSoC5/HF_DAC_2.c **** *  and then starts the component.
 149:Generated_Source\PSoC5/HF_DAC_2.c **** *
 150:Generated_Source\PSoC5/HF_DAC_2.c **** * Parameters:  
 151:Generated_Source\PSoC5/HF_DAC_2.c **** *   uint8 * wavePtr1:     Pointer to the waveform 1 array.
 152:Generated_Source\PSoC5/HF_DAC_2.c **** *   uint16  sampleSize1:  The amount of samples in the waveform 1.
 153:Generated_Source\PSoC5/HF_DAC_2.c **** *   uint8 * wavePtr2:     Pointer to the waveform 2 array.
 154:Generated_Source\PSoC5/HF_DAC_2.c **** *   uint16  sampleSize2:  The amount of samples in the waveform 2.
 155:Generated_Source\PSoC5/HF_DAC_2.c **** *
 156:Generated_Source\PSoC5/HF_DAC_2.c **** * Return: 
 157:Generated_Source\PSoC5/HF_DAC_2.c **** *  None
 158:Generated_Source\PSoC5/HF_DAC_2.c **** *
 159:Generated_Source\PSoC5/HF_DAC_2.c **** * Reentrant:
 160:Generated_Source\PSoC5/HF_DAC_2.c **** *  No
 161:Generated_Source\PSoC5/HF_DAC_2.c **** *
 162:Generated_Source\PSoC5/HF_DAC_2.c **** *******************************************************************************/
 163:Generated_Source\PSoC5/HF_DAC_2.c **** void HF_DAC_2_StartEx(const uint8 * wavePtr1, uint16 sampleSize1, const uint8 * wavePtr2, uint16 sa
 164:Generated_Source\PSoC5/HF_DAC_2.c **** 
 165:Generated_Source\PSoC5/HF_DAC_2.c **** {
 1144              		.loc 1 165 0
 1145              		.cfi_startproc
 1146              		@ args = 0, pretend = 0, frame = 16
ARM GAS  C:\Users\riveraes\AppData\Local\Temp\cc47nTOg.s 			page 24


 1147              		@ frame_needed = 1, uses_anonymous_args = 0
 1148 0000 80B5     		push	{r7, lr}
 1149              		.cfi_def_cfa_offset 8
 1150              		.cfi_offset 7, -8
 1151              		.cfi_offset 14, -4
 1152 0002 84B0     		sub	sp, sp, #16
 1153              		.cfi_def_cfa_offset 24
 1154 0004 00AF     		add	r7, sp, #0
 1155              		.cfi_def_cfa_register 7
 1156 0006 F860     		str	r0, [r7, #12]
 1157 0008 7A60     		str	r2, [r7, #4]
 1158 000a 1A46     		mov	r2, r3
 1159 000c 0B46     		mov	r3, r1	@ movhi
 1160 000e 7B81     		strh	r3, [r7, #10]	@ movhi
 1161 0010 1346     		mov	r3, r2	@ movhi
 1162 0012 3B81     		strh	r3, [r7, #8]	@ movhi
 166:Generated_Source\PSoC5/HF_DAC_2.c **** 	HF_DAC_2_Wave1Setup(wavePtr1, sampleSize1);
 1163              		.loc 1 166 0
 1164 0014 7B89     		ldrh	r3, [r7, #10]
 1165 0016 1946     		mov	r1, r3
 1166 0018 F868     		ldr	r0, [r7, #12]
 1167 001a FFF7FEFF 		bl	HF_DAC_2_Wave1Setup
 167:Generated_Source\PSoC5/HF_DAC_2.c **** 	HF_DAC_2_Wave2Setup(wavePtr2, sampleSize2);
 1168              		.loc 1 167 0
 1169 001e 3B89     		ldrh	r3, [r7, #8]
 1170 0020 1946     		mov	r1, r3
 1171 0022 7868     		ldr	r0, [r7, #4]
 1172 0024 FFF7FEFF 		bl	HF_DAC_2_Wave2Setup
 168:Generated_Source\PSoC5/HF_DAC_2.c **** 	HF_DAC_2_Start();
 1173              		.loc 1 168 0
 1174 0028 FFF7FEFF 		bl	HF_DAC_2_Start
 169:Generated_Source\PSoC5/HF_DAC_2.c **** }
 1175              		.loc 1 169 0
 1176 002c 00BF     		nop
 1177 002e 1037     		adds	r7, r7, #16
 1178              		.cfi_def_cfa_offset 8
 1179 0030 BD46     		mov	sp, r7
 1180              		.cfi_def_cfa_register 13
 1181              		@ sp needed
 1182 0032 80BD     		pop	{r7, pc}
 1183              		.cfi_endproc
 1184              	.LFE3:
 1185              		.size	HF_DAC_2_StartEx, .-HF_DAC_2_StartEx
 1186              		.section	.text.HF_DAC_2_Stop,"ax",%progbits
 1187              		.align	2
 1188              		.global	HF_DAC_2_Stop
 1189              		.thumb
 1190              		.thumb_func
 1191              		.type	HF_DAC_2_Stop, %function
 1192              	HF_DAC_2_Stop:
 1193              	.LFB4:
 170:Generated_Source\PSoC5/HF_DAC_2.c **** 
 171:Generated_Source\PSoC5/HF_DAC_2.c **** 
 172:Generated_Source\PSoC5/HF_DAC_2.c **** /*******************************************************************************
 173:Generated_Source\PSoC5/HF_DAC_2.c **** * Function Name: HF_DAC_2_Stop
 174:Generated_Source\PSoC5/HF_DAC_2.c **** ********************************************************************************
 175:Generated_Source\PSoC5/HF_DAC_2.c **** *
ARM GAS  C:\Users\riveraes\AppData\Local\Temp\cc47nTOg.s 			page 25


 176:Generated_Source\PSoC5/HF_DAC_2.c **** * Summary:
 177:Generated_Source\PSoC5/HF_DAC_2.c **** *  Stops the clock (if internal), disables the DMA channels
 178:Generated_Source\PSoC5/HF_DAC_2.c **** *  and powers down the DAC.
 179:Generated_Source\PSoC5/HF_DAC_2.c **** *
 180:Generated_Source\PSoC5/HF_DAC_2.c **** * Parameters:  
 181:Generated_Source\PSoC5/HF_DAC_2.c **** *  None  
 182:Generated_Source\PSoC5/HF_DAC_2.c **** *
 183:Generated_Source\PSoC5/HF_DAC_2.c **** * Return: 
 184:Generated_Source\PSoC5/HF_DAC_2.c **** *  None
 185:Generated_Source\PSoC5/HF_DAC_2.c **** *
 186:Generated_Source\PSoC5/HF_DAC_2.c **** *******************************************************************************/
 187:Generated_Source\PSoC5/HF_DAC_2.c **** void HF_DAC_2_Stop(void) 
 188:Generated_Source\PSoC5/HF_DAC_2.c **** {
 1194              		.loc 1 188 0
 1195              		.cfi_startproc
 1196              		@ args = 0, pretend = 0, frame = 0
 1197              		@ frame_needed = 1, uses_anonymous_args = 0
 1198 0000 80B5     		push	{r7, lr}
 1199              		.cfi_def_cfa_offset 8
 1200              		.cfi_offset 7, -8
 1201              		.cfi_offset 14, -4
 1202 0002 00AF     		add	r7, sp, #0
 1203              		.cfi_def_cfa_register 7
 189:Generated_Source\PSoC5/HF_DAC_2.c **** 	/* Turn off internal clock, if one present */
 190:Generated_Source\PSoC5/HF_DAC_2.c **** 	#if(HF_DAC_2_CLOCK_SRC == HF_DAC_2_CLOCK_INT)  	
 191:Generated_Source\PSoC5/HF_DAC_2.c **** 	   HF_DAC_2_DacClk_Stop();
 1204              		.loc 1 191 0
 1205 0004 FFF7FEFF 		bl	HF_DAC_2_DacClk_Stop
 192:Generated_Source\PSoC5/HF_DAC_2.c **** 	#endif /* HF_DAC_2_CLOCK_SRC == HF_DAC_2_CLOCK_INT */
 193:Generated_Source\PSoC5/HF_DAC_2.c **** 	
 194:Generated_Source\PSoC5/HF_DAC_2.c **** 	/* Disble DMA channels */
 195:Generated_Source\PSoC5/HF_DAC_2.c **** 	(void)CyDmaChDisable(HF_DAC_2_Wave1Chan);
 1206              		.loc 1 195 0
 1207 0008 064B     		ldr	r3, .L13
 1208 000a 1B78     		ldrb	r3, [r3]	@ zero_extendqisi2
 1209 000c 1846     		mov	r0, r3
 1210 000e FFF7FEFF 		bl	CyDmaChDisable
 196:Generated_Source\PSoC5/HF_DAC_2.c **** 	(void)CyDmaChDisable(HF_DAC_2_Wave2Chan);
 1211              		.loc 1 196 0
 1212 0012 054B     		ldr	r3, .L13+4
 1213 0014 1B78     		ldrb	r3, [r3]	@ zero_extendqisi2
 1214 0016 1846     		mov	r0, r3
 1215 0018 FFF7FEFF 		bl	CyDmaChDisable
 197:Generated_Source\PSoC5/HF_DAC_2.c **** 
 198:Generated_Source\PSoC5/HF_DAC_2.c **** 	/* Disable power to DAC */
 199:Generated_Source\PSoC5/HF_DAC_2.c **** 	HF_DAC_2_VDAC8_Stop();
 1216              		.loc 1 199 0
 1217 001c FFF7FEFF 		bl	HF_DAC_2_VDAC8_Stop
 200:Generated_Source\PSoC5/HF_DAC_2.c **** }
 1218              		.loc 1 200 0
 1219 0020 00BF     		nop
 1220 0022 80BD     		pop	{r7, pc}
 1221              	.L14:
 1222              		.align	2
 1223              	.L13:
 1224 0024 01000000 		.word	HF_DAC_2_Wave1Chan
 1225 0028 02000000 		.word	HF_DAC_2_Wave2Chan
ARM GAS  C:\Users\riveraes\AppData\Local\Temp\cc47nTOg.s 			page 26


 1226              		.cfi_endproc
 1227              	.LFE4:
 1228              		.size	HF_DAC_2_Stop, .-HF_DAC_2_Stop
 1229              		.section	.text.HF_DAC_2_Wave1Setup,"ax",%progbits
 1230              		.align	2
 1231              		.global	HF_DAC_2_Wave1Setup
 1232              		.thumb
 1233              		.thumb_func
 1234              		.type	HF_DAC_2_Wave1Setup, %function
 1235              	HF_DAC_2_Wave1Setup:
 1236              	.LFB5:
 201:Generated_Source\PSoC5/HF_DAC_2.c **** 
 202:Generated_Source\PSoC5/HF_DAC_2.c **** 
 203:Generated_Source\PSoC5/HF_DAC_2.c **** /*******************************************************************************
 204:Generated_Source\PSoC5/HF_DAC_2.c **** * Function Name: HF_DAC_2_Wave1Setup
 205:Generated_Source\PSoC5/HF_DAC_2.c **** ********************************************************************************
 206:Generated_Source\PSoC5/HF_DAC_2.c **** *
 207:Generated_Source\PSoC5/HF_DAC_2.c **** * Summary:
 208:Generated_Source\PSoC5/HF_DAC_2.c **** *  Sets pointer and size for waveform 1.                                    
 209:Generated_Source\PSoC5/HF_DAC_2.c **** *
 210:Generated_Source\PSoC5/HF_DAC_2.c **** * Parameters:  
 211:Generated_Source\PSoC5/HF_DAC_2.c **** *  uint8 * WavePtr:     Pointer to the waveform array.
 212:Generated_Source\PSoC5/HF_DAC_2.c **** *  uint16  SampleSize:  The amount of samples in the waveform.
 213:Generated_Source\PSoC5/HF_DAC_2.c **** *
 214:Generated_Source\PSoC5/HF_DAC_2.c **** * Return: 
 215:Generated_Source\PSoC5/HF_DAC_2.c **** *  None 
 216:Generated_Source\PSoC5/HF_DAC_2.c **** *
 217:Generated_Source\PSoC5/HF_DAC_2.c **** *******************************************************************************/
 218:Generated_Source\PSoC5/HF_DAC_2.c **** void HF_DAC_2_Wave1Setup(const uint8 * wavePtr, uint16 sampleSize)
 219:Generated_Source\PSoC5/HF_DAC_2.c **** 
 220:Generated_Source\PSoC5/HF_DAC_2.c **** {
 1237              		.loc 1 220 0
 1238              		.cfi_startproc
 1239              		@ args = 0, pretend = 0, frame = 8
 1240              		@ frame_needed = 1, uses_anonymous_args = 0
 1241 0000 80B5     		push	{r7, lr}
 1242              		.cfi_def_cfa_offset 8
 1243              		.cfi_offset 7, -8
 1244              		.cfi_offset 14, -4
 1245 0002 82B0     		sub	sp, sp, #8
 1246              		.cfi_def_cfa_offset 16
 1247 0004 00AF     		add	r7, sp, #0
 1248              		.cfi_def_cfa_register 7
 1249 0006 7860     		str	r0, [r7, #4]
 1250 0008 0B46     		mov	r3, r1
 1251 000a 7B80     		strh	r3, [r7, #2]	@ movhi
 221:Generated_Source\PSoC5/HF_DAC_2.c **** 	#if (CY_PSOC3)
 222:Generated_Source\PSoC5/HF_DAC_2.c **** 		uint16 memoryType; /* determining the source memory type */
 223:Generated_Source\PSoC5/HF_DAC_2.c **** 		memoryType = (HF_DAC_2_HI16FLASHPTR == HI16(wavePtr)) ? HI16(CYDEV_FLS_BASE) : HI16(CYDEV_SRAM_BA
 224:Generated_Source\PSoC5/HF_DAC_2.c **** 		
 225:Generated_Source\PSoC5/HF_DAC_2.c **** 		HF_DAC_2_Wave1Chan = HF_DAC_2_Wave1_DMA_DmaInitialize(
 226:Generated_Source\PSoC5/HF_DAC_2.c **** 		HF_DAC_2_Wave1_DMA_BYTES_PER_BURST, HF_DAC_2_Wave1_DMA_REQUEST_PER_BURST,
 227:Generated_Source\PSoC5/HF_DAC_2.c **** 		memoryType, HI16(CYDEV_PERIPH_BASE));
 228:Generated_Source\PSoC5/HF_DAC_2.c **** 	#else /* PSoC 5 */
 229:Generated_Source\PSoC5/HF_DAC_2.c **** 		HF_DAC_2_Wave1Chan = HF_DAC_2_Wave1_DMA_DmaInitialize(
 230:Generated_Source\PSoC5/HF_DAC_2.c **** 		HF_DAC_2_Wave1_DMA_BYTES_PER_BURST, HF_DAC_2_Wave1_DMA_REQUEST_PER_BURST,
 231:Generated_Source\PSoC5/HF_DAC_2.c **** 		HI16(wavePtr), HI16(HF_DAC_2_DAC8__D));
ARM GAS  C:\Users\riveraes\AppData\Local\Temp\cc47nTOg.s 			page 27


 1252              		.loc 1 231 0
 1253 000c 7B68     		ldr	r3, [r7, #4]
 1254 000e 1B0C     		lsrs	r3, r3, #16
 229:Generated_Source\PSoC5/HF_DAC_2.c **** 		HF_DAC_2_Wave1_DMA_BYTES_PER_BURST, HF_DAC_2_Wave1_DMA_REQUEST_PER_BURST,
 1255              		.loc 1 229 0
 1256 0010 9AB2     		uxth	r2, r3
 1257 0012 4FF48043 		mov	r3, #16384
 1258 0016 0121     		movs	r1, #1
 1259 0018 0120     		movs	r0, #1
 1260 001a FFF7FEFF 		bl	HF_DAC_2_Wave1_DMA_DmaInitialize
 1261 001e 0346     		mov	r3, r0
 1262 0020 1A46     		mov	r2, r3
 1263 0022 0F4B     		ldr	r3, .L16
 1264 0024 1A70     		strb	r2, [r3]
 232:Generated_Source\PSoC5/HF_DAC_2.c **** 	#endif /* CY_PSOC3 */
 233:Generated_Source\PSoC5/HF_DAC_2.c **** 	
 234:Generated_Source\PSoC5/HF_DAC_2.c **** 	/*
 235:Generated_Source\PSoC5/HF_DAC_2.c **** 	* TD is looping on itself. 
 236:Generated_Source\PSoC5/HF_DAC_2.c ****     * Increment the source address, but not the destination address. 
 237:Generated_Source\PSoC5/HF_DAC_2.c **** 	*/
 238:Generated_Source\PSoC5/HF_DAC_2.c **** 	(void)CyDmaTdSetConfiguration(HF_DAC_2_Wave1TD, sampleSize, HF_DAC_2_Wave1TD, 
 1265              		.loc 1 238 0
 1266 0026 0F4B     		ldr	r3, .L16+4
 1267 0028 1878     		ldrb	r0, [r3]	@ zero_extendqisi2
 1268 002a 0E4B     		ldr	r3, .L16+4
 1269 002c 1A78     		ldrb	r2, [r3]	@ zero_extendqisi2
 1270 002e 7988     		ldrh	r1, [r7, #2]
 1271 0030 0123     		movs	r3, #1
 1272 0032 FFF7FEFF 		bl	CyDmaTdSetConfiguration
 239:Generated_Source\PSoC5/HF_DAC_2.c ****                                     (uint8)CY_DMA_TD_INC_SRC_ADR | (uint8)HF_DAC_2_Wave1_DMA__TD_TE
 240:Generated_Source\PSoC5/HF_DAC_2.c **** 	
 241:Generated_Source\PSoC5/HF_DAC_2.c **** 	/* Set the TD source and destination address */
 242:Generated_Source\PSoC5/HF_DAC_2.c **** 	(void)CyDmaTdSetAddress(HF_DAC_2_Wave1TD, LO16((uint32)wavePtr), LO16(HF_DAC_2_DAC8__D));
 1273              		.loc 1 242 0
 1274 0036 0B4B     		ldr	r3, .L16+4
 1275 0038 1B78     		ldrb	r3, [r3]	@ zero_extendqisi2
 1276 003a 7A68     		ldr	r2, [r7, #4]
 1277 003c 91B2     		uxth	r1, r2
 1278 003e 45F68132 		movw	r2, #23425
 1279 0042 1846     		mov	r0, r3
 1280 0044 FFF7FEFF 		bl	CyDmaTdSetAddress
 243:Generated_Source\PSoC5/HF_DAC_2.c **** 	
 244:Generated_Source\PSoC5/HF_DAC_2.c **** 	/* Associate the TD with the channel */
 245:Generated_Source\PSoC5/HF_DAC_2.c **** 	(void)CyDmaChSetInitialTd(HF_DAC_2_Wave1Chan, HF_DAC_2_Wave1TD);
 1281              		.loc 1 245 0
 1282 0048 054B     		ldr	r3, .L16
 1283 004a 1A78     		ldrb	r2, [r3]	@ zero_extendqisi2
 1284 004c 054B     		ldr	r3, .L16+4
 1285 004e 1B78     		ldrb	r3, [r3]	@ zero_extendqisi2
 1286 0050 1946     		mov	r1, r3
 1287 0052 1046     		mov	r0, r2
 1288 0054 FFF7FEFF 		bl	CyDmaChSetInitialTd
 246:Generated_Source\PSoC5/HF_DAC_2.c **** }
 1289              		.loc 1 246 0
 1290 0058 00BF     		nop
 1291 005a 0837     		adds	r7, r7, #8
 1292              		.cfi_def_cfa_offset 8
ARM GAS  C:\Users\riveraes\AppData\Local\Temp\cc47nTOg.s 			page 28


 1293 005c BD46     		mov	sp, r7
 1294              		.cfi_def_cfa_register 13
 1295              		@ sp needed
 1296 005e 80BD     		pop	{r7, pc}
 1297              	.L17:
 1298              		.align	2
 1299              	.L16:
 1300 0060 01000000 		.word	HF_DAC_2_Wave1Chan
 1301 0064 03000000 		.word	HF_DAC_2_Wave1TD
 1302              		.cfi_endproc
 1303              	.LFE5:
 1304              		.size	HF_DAC_2_Wave1Setup, .-HF_DAC_2_Wave1Setup
 1305              		.section	.text.HF_DAC_2_Wave2Setup,"ax",%progbits
 1306              		.align	2
 1307              		.global	HF_DAC_2_Wave2Setup
 1308              		.thumb
 1309              		.thumb_func
 1310              		.type	HF_DAC_2_Wave2Setup, %function
 1311              	HF_DAC_2_Wave2Setup:
 1312              	.LFB6:
 247:Generated_Source\PSoC5/HF_DAC_2.c **** 
 248:Generated_Source\PSoC5/HF_DAC_2.c **** 
 249:Generated_Source\PSoC5/HF_DAC_2.c **** /*******************************************************************************
 250:Generated_Source\PSoC5/HF_DAC_2.c **** * Function Name: HF_DAC_2_Wave2Setup
 251:Generated_Source\PSoC5/HF_DAC_2.c **** ********************************************************************************
 252:Generated_Source\PSoC5/HF_DAC_2.c **** *
 253:Generated_Source\PSoC5/HF_DAC_2.c **** * Summary:
 254:Generated_Source\PSoC5/HF_DAC_2.c **** *  Sets pointer and size for waveform 2.                                    
 255:Generated_Source\PSoC5/HF_DAC_2.c **** *
 256:Generated_Source\PSoC5/HF_DAC_2.c **** * Parameters:  
 257:Generated_Source\PSoC5/HF_DAC_2.c **** *  uint8 * WavePtr:     Pointer to the waveform array.
 258:Generated_Source\PSoC5/HF_DAC_2.c **** *  uint16  SampleSize:  The amount of samples in the waveform.
 259:Generated_Source\PSoC5/HF_DAC_2.c **** *
 260:Generated_Source\PSoC5/HF_DAC_2.c **** * Return: 
 261:Generated_Source\PSoC5/HF_DAC_2.c **** *  None
 262:Generated_Source\PSoC5/HF_DAC_2.c **** *
 263:Generated_Source\PSoC5/HF_DAC_2.c **** *******************************************************************************/
 264:Generated_Source\PSoC5/HF_DAC_2.c **** void HF_DAC_2_Wave2Setup(const uint8 * wavePtr, uint16 sampleSize)
 265:Generated_Source\PSoC5/HF_DAC_2.c ****  
 266:Generated_Source\PSoC5/HF_DAC_2.c **** {
 1313              		.loc 1 266 0
 1314              		.cfi_startproc
 1315              		@ args = 0, pretend = 0, frame = 8
 1316              		@ frame_needed = 1, uses_anonymous_args = 0
 1317 0000 80B5     		push	{r7, lr}
 1318              		.cfi_def_cfa_offset 8
 1319              		.cfi_offset 7, -8
 1320              		.cfi_offset 14, -4
 1321 0002 82B0     		sub	sp, sp, #8
 1322              		.cfi_def_cfa_offset 16
 1323 0004 00AF     		add	r7, sp, #0
 1324              		.cfi_def_cfa_register 7
 1325 0006 7860     		str	r0, [r7, #4]
 1326 0008 0B46     		mov	r3, r1
 1327 000a 7B80     		strh	r3, [r7, #2]	@ movhi
 267:Generated_Source\PSoC5/HF_DAC_2.c **** 	#if (CY_PSOC3)
 268:Generated_Source\PSoC5/HF_DAC_2.c **** 		uint16 memoryType; /* determining the source memory type */
ARM GAS  C:\Users\riveraes\AppData\Local\Temp\cc47nTOg.s 			page 29


 269:Generated_Source\PSoC5/HF_DAC_2.c **** 		memoryType = (HF_DAC_2_HI16FLASHPTR == HI16(wavePtr)) ? HI16(CYDEV_FLS_BASE) : HI16(CYDEV_SRAM_BA
 270:Generated_Source\PSoC5/HF_DAC_2.c **** 			
 271:Generated_Source\PSoC5/HF_DAC_2.c **** 		HF_DAC_2_Wave2Chan = HF_DAC_2_Wave2_DMA_DmaInitialize(
 272:Generated_Source\PSoC5/HF_DAC_2.c **** 		HF_DAC_2_Wave2_DMA_BYTES_PER_BURST, HF_DAC_2_Wave2_DMA_REQUEST_PER_BURST,
 273:Generated_Source\PSoC5/HF_DAC_2.c **** 		memoryType, HI16(CYDEV_PERIPH_BASE));
 274:Generated_Source\PSoC5/HF_DAC_2.c **** 	#else /* PSoC 5 */
 275:Generated_Source\PSoC5/HF_DAC_2.c **** 		HF_DAC_2_Wave2Chan = HF_DAC_2_Wave2_DMA_DmaInitialize(
 276:Generated_Source\PSoC5/HF_DAC_2.c **** 		HF_DAC_2_Wave2_DMA_BYTES_PER_BURST, HF_DAC_2_Wave2_DMA_REQUEST_PER_BURST,
 277:Generated_Source\PSoC5/HF_DAC_2.c **** 		HI16(wavePtr), HI16(HF_DAC_2_DAC8__D));
 1328              		.loc 1 277 0
 1329 000c 7B68     		ldr	r3, [r7, #4]
 1330 000e 1B0C     		lsrs	r3, r3, #16
 275:Generated_Source\PSoC5/HF_DAC_2.c **** 		HF_DAC_2_Wave2_DMA_BYTES_PER_BURST, HF_DAC_2_Wave2_DMA_REQUEST_PER_BURST,
 1331              		.loc 1 275 0
 1332 0010 9AB2     		uxth	r2, r3
 1333 0012 4FF48043 		mov	r3, #16384
 1334 0016 0121     		movs	r1, #1
 1335 0018 0120     		movs	r0, #1
 1336 001a FFF7FEFF 		bl	HF_DAC_2_Wave2_DMA_DmaInitialize
 1337 001e 0346     		mov	r3, r0
 1338 0020 1A46     		mov	r2, r3
 1339 0022 0F4B     		ldr	r3, .L19
 1340 0024 1A70     		strb	r2, [r3]
 278:Generated_Source\PSoC5/HF_DAC_2.c **** 	#endif /* CY_PSOC3 */
 279:Generated_Source\PSoC5/HF_DAC_2.c **** 	
 280:Generated_Source\PSoC5/HF_DAC_2.c **** 	/*
 281:Generated_Source\PSoC5/HF_DAC_2.c **** 	* TD is looping on itself. 
 282:Generated_Source\PSoC5/HF_DAC_2.c **** 	* Increment the source address, but not the destination address. 
 283:Generated_Source\PSoC5/HF_DAC_2.c **** 	*/
 284:Generated_Source\PSoC5/HF_DAC_2.c **** 	(void)CyDmaTdSetConfiguration(HF_DAC_2_Wave2TD, sampleSize, HF_DAC_2_Wave2TD, 
 1341              		.loc 1 284 0
 1342 0026 0F4B     		ldr	r3, .L19+4
 1343 0028 1878     		ldrb	r0, [r3]	@ zero_extendqisi2
 1344 002a 0E4B     		ldr	r3, .L19+4
 1345 002c 1A78     		ldrb	r2, [r3]	@ zero_extendqisi2
 1346 002e 7988     		ldrh	r1, [r7, #2]
 1347 0030 0123     		movs	r3, #1
 1348 0032 FFF7FEFF 		bl	CyDmaTdSetConfiguration
 285:Generated_Source\PSoC5/HF_DAC_2.c ****                                     (uint8)CY_DMA_TD_INC_SRC_ADR | (uint8)HF_DAC_2_Wave2_DMA__TD_TE
 286:Generated_Source\PSoC5/HF_DAC_2.c **** 	
 287:Generated_Source\PSoC5/HF_DAC_2.c **** 	/* Set the TD source and destination address */
 288:Generated_Source\PSoC5/HF_DAC_2.c **** 	(void)CyDmaTdSetAddress(HF_DAC_2_Wave2TD, LO16((uint32)wavePtr), LO16(HF_DAC_2_DAC8__D));
 1349              		.loc 1 288 0
 1350 0036 0B4B     		ldr	r3, .L19+4
 1351 0038 1B78     		ldrb	r3, [r3]	@ zero_extendqisi2
 1352 003a 7A68     		ldr	r2, [r7, #4]
 1353 003c 91B2     		uxth	r1, r2
 1354 003e 45F68132 		movw	r2, #23425
 1355 0042 1846     		mov	r0, r3
 1356 0044 FFF7FEFF 		bl	CyDmaTdSetAddress
 289:Generated_Source\PSoC5/HF_DAC_2.c **** 	
 290:Generated_Source\PSoC5/HF_DAC_2.c **** 	/* Associate the TD with the channel */
 291:Generated_Source\PSoC5/HF_DAC_2.c **** 	(void)CyDmaChSetInitialTd(HF_DAC_2_Wave2Chan, HF_DAC_2_Wave2TD);
 1357              		.loc 1 291 0
 1358 0048 054B     		ldr	r3, .L19
 1359 004a 1A78     		ldrb	r2, [r3]	@ zero_extendqisi2
 1360 004c 054B     		ldr	r3, .L19+4
ARM GAS  C:\Users\riveraes\AppData\Local\Temp\cc47nTOg.s 			page 30


 1361 004e 1B78     		ldrb	r3, [r3]	@ zero_extendqisi2
 1362 0050 1946     		mov	r1, r3
 1363 0052 1046     		mov	r0, r2
 1364 0054 FFF7FEFF 		bl	CyDmaChSetInitialTd
 292:Generated_Source\PSoC5/HF_DAC_2.c **** }
 1365              		.loc 1 292 0
 1366 0058 00BF     		nop
 1367 005a 0837     		adds	r7, r7, #8
 1368              		.cfi_def_cfa_offset 8
 1369 005c BD46     		mov	sp, r7
 1370              		.cfi_def_cfa_register 13
 1371              		@ sp needed
 1372 005e 80BD     		pop	{r7, pc}
 1373              	.L20:
 1374              		.align	2
 1375              	.L19:
 1376 0060 02000000 		.word	HF_DAC_2_Wave2Chan
 1377 0064 04000000 		.word	HF_DAC_2_Wave2TD
 1378              		.cfi_endproc
 1379              	.LFE6:
 1380              		.size	HF_DAC_2_Wave2Setup, .-HF_DAC_2_Wave2Setup
 1381              		.text
 1382              	.Letext0:
 1383              		.file 2 "Generated_Source\\PSoC5\\cytypes.h"
 1384              		.section	.debug_info,"",%progbits
 1385              	.Ldebug_info0:
 1386 0000 56020000 		.4byte	0x256
 1387 0004 0400     		.2byte	0x4
 1388 0006 00000000 		.4byte	.Ldebug_abbrev0
 1389 000a 04       		.byte	0x4
 1390 000b 01       		.uleb128 0x1
 1391 000c 24000000 		.4byte	.LASF37
 1392 0010 0C       		.byte	0xc
 1393 0011 D2000000 		.4byte	.LASF38
 1394 0015 42010000 		.4byte	.LASF39
 1395 0019 00000000 		.4byte	.Ldebug_ranges0+0
 1396 001d 00000000 		.4byte	0
 1397 0021 00000000 		.4byte	.Ldebug_line0
 1398 0025 02       		.uleb128 0x2
 1399 0026 01       		.byte	0x1
 1400 0027 06       		.byte	0x6
 1401 0028 08030000 		.4byte	.LASF0
 1402 002c 02       		.uleb128 0x2
 1403 002d 01       		.byte	0x1
 1404 002e 08       		.byte	0x8
 1405 002f 16020000 		.4byte	.LASF1
 1406 0033 02       		.uleb128 0x2
 1407 0034 02       		.byte	0x2
 1408 0035 05       		.byte	0x5
 1409 0036 D6020000 		.4byte	.LASF2
 1410 003a 02       		.uleb128 0x2
 1411 003b 02       		.byte	0x2
 1412 003c 07       		.byte	0x7
 1413 003d F4000000 		.4byte	.LASF3
 1414 0041 02       		.uleb128 0x2
 1415 0042 04       		.byte	0x4
 1416 0043 05       		.byte	0x5
ARM GAS  C:\Users\riveraes\AppData\Local\Temp\cc47nTOg.s 			page 31


 1417 0044 EE020000 		.4byte	.LASF4
 1418 0048 02       		.uleb128 0x2
 1419 0049 04       		.byte	0x4
 1420 004a 07       		.byte	0x7
 1421 004b DE010000 		.4byte	.LASF5
 1422 004f 02       		.uleb128 0x2
 1423 0050 08       		.byte	0x8
 1424 0051 05       		.byte	0x5
 1425 0052 99020000 		.4byte	.LASF6
 1426 0056 02       		.uleb128 0x2
 1427 0057 08       		.byte	0x8
 1428 0058 07       		.byte	0x7
 1429 0059 54020000 		.4byte	.LASF7
 1430 005d 03       		.uleb128 0x3
 1431 005e 04       		.byte	0x4
 1432 005f 05       		.byte	0x5
 1433 0060 696E7400 		.ascii	"int\000"
 1434 0064 02       		.uleb128 0x2
 1435 0065 04       		.byte	0x4
 1436 0066 07       		.byte	0x7
 1437 0067 47020000 		.4byte	.LASF8
 1438 006b 04       		.uleb128 0x4
 1439 006c F8010000 		.4byte	.LASF9
 1440 0070 02       		.byte	0x2
 1441 0071 9201     		.2byte	0x192
 1442 0073 2C000000 		.4byte	0x2c
 1443 0077 04       		.uleb128 0x4
 1444 0078 39020000 		.4byte	.LASF10
 1445 007c 02       		.byte	0x2
 1446 007d 9301     		.2byte	0x193
 1447 007f 3A000000 		.4byte	0x3a
 1448 0083 04       		.uleb128 0x4
 1449 0084 40020000 		.4byte	.LASF11
 1450 0088 02       		.byte	0x2
 1451 0089 9401     		.2byte	0x194
 1452 008b 48000000 		.4byte	0x48
 1453 008f 02       		.uleb128 0x2
 1454 0090 04       		.byte	0x4
 1455 0091 04       		.byte	0x4
 1456 0092 3C010000 		.4byte	.LASF12
 1457 0096 02       		.uleb128 0x2
 1458 0097 08       		.byte	0x8
 1459 0098 04       		.byte	0x4
 1460 0099 24020000 		.4byte	.LASF13
 1461 009d 02       		.uleb128 0x2
 1462 009e 01       		.byte	0x1
 1463 009f 08       		.byte	0x8
 1464 00a0 F7020000 		.4byte	.LASF14
 1465 00a4 02       		.uleb128 0x2
 1466 00a5 08       		.byte	0x8
 1467 00a6 04       		.byte	0x4
 1468 00a7 FC020000 		.4byte	.LASF15
 1469 00ab 02       		.uleb128 0x2
 1470 00ac 04       		.byte	0x4
 1471 00ad 07       		.byte	0x7
 1472 00ae 90020000 		.4byte	.LASF16
 1473 00b2 05       		.uleb128 0x5
ARM GAS  C:\Users\riveraes\AppData\Local\Temp\cc47nTOg.s 			page 32


 1474 00b3 2B020000 		.4byte	.LASF17
 1475 00b7 01       		.byte	0x1
 1476 00b8 2B       		.byte	0x2b
 1477 00b9 00000000 		.4byte	.LFB0
 1478 00bd 54000000 		.4byte	.LFE0-.LFB0
 1479 00c1 01       		.uleb128 0x1
 1480 00c2 9C       		.byte	0x9c
 1481 00c3 05       		.uleb128 0x5
 1482 00c4 07010000 		.4byte	.LASF18
 1483 00c8 01       		.byte	0x1
 1484 00c9 56       		.byte	0x56
 1485 00ca 00000000 		.4byte	.LFB1
 1486 00ce 38000000 		.4byte	.LFE1-.LFB1
 1487 00d2 01       		.uleb128 0x1
 1488 00d3 9C       		.byte	0x9c
 1489 00d4 05       		.uleb128 0x5
 1490 00d5 C3000000 		.4byte	.LASF19
 1491 00d9 01       		.byte	0x1
 1492 00da 81       		.byte	0x81
 1493 00db 00000000 		.4byte	.LFB2
 1494 00df 24000000 		.4byte	.LFE2-.LFB2
 1495 00e3 01       		.uleb128 0x1
 1496 00e4 9C       		.byte	0x9c
 1497 00e5 06       		.uleb128 0x6
 1498 00e6 13000000 		.4byte	.LASF25
 1499 00ea 01       		.byte	0x1
 1500 00eb A3       		.byte	0xa3
 1501 00ec 00000000 		.4byte	.LFB3
 1502 00f0 34000000 		.4byte	.LFE3-.LFB3
 1503 00f4 01       		.uleb128 0x1
 1504 00f5 9C       		.byte	0x9c
 1505 00f6 33010000 		.4byte	0x133
 1506 00fa 07       		.uleb128 0x7
 1507 00fb 17010000 		.4byte	.LASF20
 1508 00ff 01       		.byte	0x1
 1509 0100 A3       		.byte	0xa3
 1510 0101 33010000 		.4byte	0x133
 1511 0105 02       		.uleb128 0x2
 1512 0106 91       		.byte	0x91
 1513 0107 74       		.sleb128 -12
 1514 0108 07       		.uleb128 0x7
 1515 0109 FE010000 		.4byte	.LASF21
 1516 010d 01       		.byte	0x1
 1517 010e A3       		.byte	0xa3
 1518 010f 77000000 		.4byte	0x77
 1519 0113 02       		.uleb128 0x2
 1520 0114 91       		.byte	0x91
 1521 0115 72       		.sleb128 -14
 1522 0116 07       		.uleb128 0x7
 1523 0117 20010000 		.4byte	.LASF22
 1524 011b 01       		.byte	0x1
 1525 011c A3       		.byte	0xa3
 1526 011d 33010000 		.4byte	0x133
 1527 0121 02       		.uleb128 0x2
 1528 0122 91       		.byte	0x91
 1529 0123 6C       		.sleb128 -20
 1530 0124 07       		.uleb128 0x7
ARM GAS  C:\Users\riveraes\AppData\Local\Temp\cc47nTOg.s 			page 33


 1531 0125 0A020000 		.4byte	.LASF23
 1532 0129 01       		.byte	0x1
 1533 012a A3       		.byte	0xa3
 1534 012b 77000000 		.4byte	0x77
 1535 012f 02       		.uleb128 0x2
 1536 0130 91       		.byte	0x91
 1537 0131 70       		.sleb128 -16
 1538 0132 00       		.byte	0
 1539 0133 08       		.uleb128 0x8
 1540 0134 04       		.byte	0x4
 1541 0135 39010000 		.4byte	0x139
 1542 0139 09       		.uleb128 0x9
 1543 013a 6B000000 		.4byte	0x6b
 1544 013e 05       		.uleb128 0x5
 1545 013f E0020000 		.4byte	.LASF24
 1546 0143 01       		.byte	0x1
 1547 0144 BB       		.byte	0xbb
 1548 0145 00000000 		.4byte	.LFB4
 1549 0149 2C000000 		.4byte	.LFE4-.LFB4
 1550 014d 01       		.uleb128 0x1
 1551 014e 9C       		.byte	0x9c
 1552 014f 06       		.uleb128 0x6
 1553 0150 7C020000 		.4byte	.LASF26
 1554 0154 01       		.byte	0x1
 1555 0155 DA       		.byte	0xda
 1556 0156 00000000 		.4byte	.LFB5
 1557 015a 68000000 		.4byte	.LFE5-.LFB5
 1558 015e 01       		.uleb128 0x1
 1559 015f 9C       		.byte	0x9c
 1560 0160 81010000 		.4byte	0x181
 1561 0164 07       		.uleb128 0x7
 1562 0165 F0010000 		.4byte	.LASF27
 1563 0169 01       		.byte	0x1
 1564 016a DA       		.byte	0xda
 1565 016b 33010000 		.4byte	0x133
 1566 016f 02       		.uleb128 0x2
 1567 0170 91       		.byte	0x91
 1568 0171 74       		.sleb128 -12
 1569 0172 07       		.uleb128 0x7
 1570 0173 D3010000 		.4byte	.LASF28
 1571 0177 01       		.byte	0x1
 1572 0178 DA       		.byte	0xda
 1573 0179 77000000 		.4byte	0x77
 1574 017d 02       		.uleb128 0x2
 1575 017e 91       		.byte	0x91
 1576 017f 72       		.sleb128 -14
 1577 0180 00       		.byte	0
 1578 0181 0A       		.uleb128 0xa
 1579 0182 14030000 		.4byte	.LASF29
 1580 0186 01       		.byte	0x1
 1581 0187 0801     		.2byte	0x108
 1582 0189 00000000 		.4byte	.LFB6
 1583 018d 68000000 		.4byte	.LFE6-.LFB6
 1584 0191 01       		.uleb128 0x1
 1585 0192 9C       		.byte	0x9c
 1586 0193 B6010000 		.4byte	0x1b6
 1587 0197 0B       		.uleb128 0xb
ARM GAS  C:\Users\riveraes\AppData\Local\Temp\cc47nTOg.s 			page 34


 1588 0198 F0010000 		.4byte	.LASF27
 1589 019c 01       		.byte	0x1
 1590 019d 0801     		.2byte	0x108
 1591 019f 33010000 		.4byte	0x133
 1592 01a3 02       		.uleb128 0x2
 1593 01a4 91       		.byte	0x91
 1594 01a5 74       		.sleb128 -12
 1595 01a6 0B       		.uleb128 0xb
 1596 01a7 D3010000 		.4byte	.LASF28
 1597 01ab 01       		.byte	0x1
 1598 01ac 0801     		.2byte	0x108
 1599 01ae 77000000 		.4byte	0x77
 1600 01b2 02       		.uleb128 0x2
 1601 01b3 91       		.byte	0x91
 1602 01b4 72       		.sleb128 -14
 1603 01b5 00       		.byte	0
 1604 01b6 0C       		.uleb128 0xc
 1605 01b7 00000000 		.4byte	.LASF30
 1606 01bb 01       		.byte	0x1
 1607 01bc 17       		.byte	0x17
 1608 01bd 6B000000 		.4byte	0x6b
 1609 01c1 05       		.uleb128 0x5
 1610 01c2 03       		.byte	0x3
 1611 01c3 01000000 		.4byte	HF_DAC_2_Wave1Chan
 1612 01c7 0C       		.uleb128 0xc
 1613 01c8 29010000 		.4byte	.LASF31
 1614 01cc 01       		.byte	0x1
 1615 01cd 18       		.byte	0x18
 1616 01ce 6B000000 		.4byte	0x6b
 1617 01d2 05       		.uleb128 0x5
 1618 01d3 03       		.byte	0x3
 1619 01d4 02000000 		.4byte	HF_DAC_2_Wave2Chan
 1620 01d8 0C       		.uleb128 0xc
 1621 01d9 B2000000 		.4byte	.LASF32
 1622 01dd 01       		.byte	0x1
 1623 01de 19       		.byte	0x19
 1624 01df 6B000000 		.4byte	0x6b
 1625 01e3 05       		.uleb128 0x5
 1626 01e4 03       		.byte	0x3
 1627 01e5 03000000 		.4byte	HF_DAC_2_Wave1TD
 1628 01e9 0C       		.uleb128 0xc
 1629 01ea 6B020000 		.4byte	.LASF33
 1630 01ee 01       		.byte	0x1
 1631 01ef 1A       		.byte	0x1a
 1632 01f0 6B000000 		.4byte	0x6b
 1633 01f4 05       		.uleb128 0x5
 1634 01f5 03       		.byte	0x3
 1635 01f6 04000000 		.4byte	HF_DAC_2_Wave2TD
 1636 01fa 0D       		.uleb128 0xd
 1637 01fb C5020000 		.4byte	.LASF34
 1638 01ff 01       		.byte	0x1
 1639 0200 12       		.byte	0x12
 1640 0201 6B000000 		.4byte	0x6b
 1641 0205 05       		.uleb128 0x5
 1642 0206 03       		.byte	0x3
 1643 0207 00000000 		.4byte	HF_DAC_2_initVar
 1644 020b 0E       		.uleb128 0xe
ARM GAS  C:\Users\riveraes\AppData\Local\Temp\cc47nTOg.s 			page 35


 1645 020c 39010000 		.4byte	0x139
 1646 0210 1C020000 		.4byte	0x21c
 1647 0214 0F       		.uleb128 0xf
 1648 0215 AB000000 		.4byte	0xab
 1649 0219 1C02     		.2byte	0x21c
 1650 021b 00       		.byte	0
 1651 021c 0D       		.uleb128 0xd
 1652 021d A7020000 		.4byte	.LASF35
 1653 0221 01       		.byte	0x1
 1654 0222 14       		.byte	0x14
 1655 0223 2D020000 		.4byte	0x22d
 1656 0227 05       		.uleb128 0x5
 1657 0228 03       		.byte	0x3
 1658 0229 00000000 		.4byte	HF_DAC_2_wave1
 1659 022d 09       		.uleb128 0x9
 1660 022e 0B020000 		.4byte	0x20b
 1661 0232 0E       		.uleb128 0xe
 1662 0233 39010000 		.4byte	0x139
 1663 0237 43020000 		.4byte	0x243
 1664 023b 0F       		.uleb128 0xf
 1665 023c AB000000 		.4byte	0xab
 1666 0240 8F01     		.2byte	0x18f
 1667 0242 00       		.byte	0
 1668 0243 0D       		.uleb128 0xd
 1669 0244 B6020000 		.4byte	.LASF36
 1670 0248 01       		.byte	0x1
 1671 0249 15       		.byte	0x15
 1672 024a 54020000 		.4byte	0x254
 1673 024e 05       		.uleb128 0x5
 1674 024f 03       		.byte	0x3
 1675 0250 00000000 		.4byte	HF_DAC_2_wave2
 1676 0254 09       		.uleb128 0x9
 1677 0255 32020000 		.4byte	0x232
 1678 0259 00       		.byte	0
 1679              		.section	.debug_abbrev,"",%progbits
 1680              	.Ldebug_abbrev0:
 1681 0000 01       		.uleb128 0x1
 1682 0001 11       		.uleb128 0x11
 1683 0002 01       		.byte	0x1
 1684 0003 25       		.uleb128 0x25
 1685 0004 0E       		.uleb128 0xe
 1686 0005 13       		.uleb128 0x13
 1687 0006 0B       		.uleb128 0xb
 1688 0007 03       		.uleb128 0x3
 1689 0008 0E       		.uleb128 0xe
 1690 0009 1B       		.uleb128 0x1b
 1691 000a 0E       		.uleb128 0xe
 1692 000b 55       		.uleb128 0x55
 1693 000c 17       		.uleb128 0x17
 1694 000d 11       		.uleb128 0x11
 1695 000e 01       		.uleb128 0x1
 1696 000f 10       		.uleb128 0x10
 1697 0010 17       		.uleb128 0x17
 1698 0011 00       		.byte	0
 1699 0012 00       		.byte	0
 1700 0013 02       		.uleb128 0x2
 1701 0014 24       		.uleb128 0x24
ARM GAS  C:\Users\riveraes\AppData\Local\Temp\cc47nTOg.s 			page 36


 1702 0015 00       		.byte	0
 1703 0016 0B       		.uleb128 0xb
 1704 0017 0B       		.uleb128 0xb
 1705 0018 3E       		.uleb128 0x3e
 1706 0019 0B       		.uleb128 0xb
 1707 001a 03       		.uleb128 0x3
 1708 001b 0E       		.uleb128 0xe
 1709 001c 00       		.byte	0
 1710 001d 00       		.byte	0
 1711 001e 03       		.uleb128 0x3
 1712 001f 24       		.uleb128 0x24
 1713 0020 00       		.byte	0
 1714 0021 0B       		.uleb128 0xb
 1715 0022 0B       		.uleb128 0xb
 1716 0023 3E       		.uleb128 0x3e
 1717 0024 0B       		.uleb128 0xb
 1718 0025 03       		.uleb128 0x3
 1719 0026 08       		.uleb128 0x8
 1720 0027 00       		.byte	0
 1721 0028 00       		.byte	0
 1722 0029 04       		.uleb128 0x4
 1723 002a 16       		.uleb128 0x16
 1724 002b 00       		.byte	0
 1725 002c 03       		.uleb128 0x3
 1726 002d 0E       		.uleb128 0xe
 1727 002e 3A       		.uleb128 0x3a
 1728 002f 0B       		.uleb128 0xb
 1729 0030 3B       		.uleb128 0x3b
 1730 0031 05       		.uleb128 0x5
 1731 0032 49       		.uleb128 0x49
 1732 0033 13       		.uleb128 0x13
 1733 0034 00       		.byte	0
 1734 0035 00       		.byte	0
 1735 0036 05       		.uleb128 0x5
 1736 0037 2E       		.uleb128 0x2e
 1737 0038 00       		.byte	0
 1738 0039 3F       		.uleb128 0x3f
 1739 003a 19       		.uleb128 0x19
 1740 003b 03       		.uleb128 0x3
 1741 003c 0E       		.uleb128 0xe
 1742 003d 3A       		.uleb128 0x3a
 1743 003e 0B       		.uleb128 0xb
 1744 003f 3B       		.uleb128 0x3b
 1745 0040 0B       		.uleb128 0xb
 1746 0041 27       		.uleb128 0x27
 1747 0042 19       		.uleb128 0x19
 1748 0043 11       		.uleb128 0x11
 1749 0044 01       		.uleb128 0x1
 1750 0045 12       		.uleb128 0x12
 1751 0046 06       		.uleb128 0x6
 1752 0047 40       		.uleb128 0x40
 1753 0048 18       		.uleb128 0x18
 1754 0049 9642     		.uleb128 0x2116
 1755 004b 19       		.uleb128 0x19
 1756 004c 00       		.byte	0
 1757 004d 00       		.byte	0
 1758 004e 06       		.uleb128 0x6
ARM GAS  C:\Users\riveraes\AppData\Local\Temp\cc47nTOg.s 			page 37


 1759 004f 2E       		.uleb128 0x2e
 1760 0050 01       		.byte	0x1
 1761 0051 3F       		.uleb128 0x3f
 1762 0052 19       		.uleb128 0x19
 1763 0053 03       		.uleb128 0x3
 1764 0054 0E       		.uleb128 0xe
 1765 0055 3A       		.uleb128 0x3a
 1766 0056 0B       		.uleb128 0xb
 1767 0057 3B       		.uleb128 0x3b
 1768 0058 0B       		.uleb128 0xb
 1769 0059 27       		.uleb128 0x27
 1770 005a 19       		.uleb128 0x19
 1771 005b 11       		.uleb128 0x11
 1772 005c 01       		.uleb128 0x1
 1773 005d 12       		.uleb128 0x12
 1774 005e 06       		.uleb128 0x6
 1775 005f 40       		.uleb128 0x40
 1776 0060 18       		.uleb128 0x18
 1777 0061 9642     		.uleb128 0x2116
 1778 0063 19       		.uleb128 0x19
 1779 0064 01       		.uleb128 0x1
 1780 0065 13       		.uleb128 0x13
 1781 0066 00       		.byte	0
 1782 0067 00       		.byte	0
 1783 0068 07       		.uleb128 0x7
 1784 0069 05       		.uleb128 0x5
 1785 006a 00       		.byte	0
 1786 006b 03       		.uleb128 0x3
 1787 006c 0E       		.uleb128 0xe
 1788 006d 3A       		.uleb128 0x3a
 1789 006e 0B       		.uleb128 0xb
 1790 006f 3B       		.uleb128 0x3b
 1791 0070 0B       		.uleb128 0xb
 1792 0071 49       		.uleb128 0x49
 1793 0072 13       		.uleb128 0x13
 1794 0073 02       		.uleb128 0x2
 1795 0074 18       		.uleb128 0x18
 1796 0075 00       		.byte	0
 1797 0076 00       		.byte	0
 1798 0077 08       		.uleb128 0x8
 1799 0078 0F       		.uleb128 0xf
 1800 0079 00       		.byte	0
 1801 007a 0B       		.uleb128 0xb
 1802 007b 0B       		.uleb128 0xb
 1803 007c 49       		.uleb128 0x49
 1804 007d 13       		.uleb128 0x13
 1805 007e 00       		.byte	0
 1806 007f 00       		.byte	0
 1807 0080 09       		.uleb128 0x9
 1808 0081 26       		.uleb128 0x26
 1809 0082 00       		.byte	0
 1810 0083 49       		.uleb128 0x49
 1811 0084 13       		.uleb128 0x13
 1812 0085 00       		.byte	0
 1813 0086 00       		.byte	0
 1814 0087 0A       		.uleb128 0xa
 1815 0088 2E       		.uleb128 0x2e
ARM GAS  C:\Users\riveraes\AppData\Local\Temp\cc47nTOg.s 			page 38


 1816 0089 01       		.byte	0x1
 1817 008a 3F       		.uleb128 0x3f
 1818 008b 19       		.uleb128 0x19
 1819 008c 03       		.uleb128 0x3
 1820 008d 0E       		.uleb128 0xe
 1821 008e 3A       		.uleb128 0x3a
 1822 008f 0B       		.uleb128 0xb
 1823 0090 3B       		.uleb128 0x3b
 1824 0091 05       		.uleb128 0x5
 1825 0092 27       		.uleb128 0x27
 1826 0093 19       		.uleb128 0x19
 1827 0094 11       		.uleb128 0x11
 1828 0095 01       		.uleb128 0x1
 1829 0096 12       		.uleb128 0x12
 1830 0097 06       		.uleb128 0x6
 1831 0098 40       		.uleb128 0x40
 1832 0099 18       		.uleb128 0x18
 1833 009a 9642     		.uleb128 0x2116
 1834 009c 19       		.uleb128 0x19
 1835 009d 01       		.uleb128 0x1
 1836 009e 13       		.uleb128 0x13
 1837 009f 00       		.byte	0
 1838 00a0 00       		.byte	0
 1839 00a1 0B       		.uleb128 0xb
 1840 00a2 05       		.uleb128 0x5
 1841 00a3 00       		.byte	0
 1842 00a4 03       		.uleb128 0x3
 1843 00a5 0E       		.uleb128 0xe
 1844 00a6 3A       		.uleb128 0x3a
 1845 00a7 0B       		.uleb128 0xb
 1846 00a8 3B       		.uleb128 0x3b
 1847 00a9 05       		.uleb128 0x5
 1848 00aa 49       		.uleb128 0x49
 1849 00ab 13       		.uleb128 0x13
 1850 00ac 02       		.uleb128 0x2
 1851 00ad 18       		.uleb128 0x18
 1852 00ae 00       		.byte	0
 1853 00af 00       		.byte	0
 1854 00b0 0C       		.uleb128 0xc
 1855 00b1 34       		.uleb128 0x34
 1856 00b2 00       		.byte	0
 1857 00b3 03       		.uleb128 0x3
 1858 00b4 0E       		.uleb128 0xe
 1859 00b5 3A       		.uleb128 0x3a
 1860 00b6 0B       		.uleb128 0xb
 1861 00b7 3B       		.uleb128 0x3b
 1862 00b8 0B       		.uleb128 0xb
 1863 00b9 49       		.uleb128 0x49
 1864 00ba 13       		.uleb128 0x13
 1865 00bb 02       		.uleb128 0x2
 1866 00bc 18       		.uleb128 0x18
 1867 00bd 00       		.byte	0
 1868 00be 00       		.byte	0
 1869 00bf 0D       		.uleb128 0xd
 1870 00c0 34       		.uleb128 0x34
 1871 00c1 00       		.byte	0
 1872 00c2 03       		.uleb128 0x3
ARM GAS  C:\Users\riveraes\AppData\Local\Temp\cc47nTOg.s 			page 39


 1873 00c3 0E       		.uleb128 0xe
 1874 00c4 3A       		.uleb128 0x3a
 1875 00c5 0B       		.uleb128 0xb
 1876 00c6 3B       		.uleb128 0x3b
 1877 00c7 0B       		.uleb128 0xb
 1878 00c8 49       		.uleb128 0x49
 1879 00c9 13       		.uleb128 0x13
 1880 00ca 3F       		.uleb128 0x3f
 1881 00cb 19       		.uleb128 0x19
 1882 00cc 02       		.uleb128 0x2
 1883 00cd 18       		.uleb128 0x18
 1884 00ce 00       		.byte	0
 1885 00cf 00       		.byte	0
 1886 00d0 0E       		.uleb128 0xe
 1887 00d1 01       		.uleb128 0x1
 1888 00d2 01       		.byte	0x1
 1889 00d3 49       		.uleb128 0x49
 1890 00d4 13       		.uleb128 0x13
 1891 00d5 01       		.uleb128 0x1
 1892 00d6 13       		.uleb128 0x13
 1893 00d7 00       		.byte	0
 1894 00d8 00       		.byte	0
 1895 00d9 0F       		.uleb128 0xf
 1896 00da 21       		.uleb128 0x21
 1897 00db 00       		.byte	0
 1898 00dc 49       		.uleb128 0x49
 1899 00dd 13       		.uleb128 0x13
 1900 00de 2F       		.uleb128 0x2f
 1901 00df 05       		.uleb128 0x5
 1902 00e0 00       		.byte	0
 1903 00e1 00       		.byte	0
 1904 00e2 00       		.byte	0
 1905              		.section	.debug_aranges,"",%progbits
 1906 0000 4C000000 		.4byte	0x4c
 1907 0004 0200     		.2byte	0x2
 1908 0006 00000000 		.4byte	.Ldebug_info0
 1909 000a 04       		.byte	0x4
 1910 000b 00       		.byte	0
 1911 000c 0000     		.2byte	0
 1912 000e 0000     		.2byte	0
 1913 0010 00000000 		.4byte	.LFB0
 1914 0014 54000000 		.4byte	.LFE0-.LFB0
 1915 0018 00000000 		.4byte	.LFB1
 1916 001c 38000000 		.4byte	.LFE1-.LFB1
 1917 0020 00000000 		.4byte	.LFB2
 1918 0024 24000000 		.4byte	.LFE2-.LFB2
 1919 0028 00000000 		.4byte	.LFB3
 1920 002c 34000000 		.4byte	.LFE3-.LFB3
 1921 0030 00000000 		.4byte	.LFB4
 1922 0034 2C000000 		.4byte	.LFE4-.LFB4
 1923 0038 00000000 		.4byte	.LFB5
 1924 003c 68000000 		.4byte	.LFE5-.LFB5
 1925 0040 00000000 		.4byte	.LFB6
 1926 0044 68000000 		.4byte	.LFE6-.LFB6
 1927 0048 00000000 		.4byte	0
 1928 004c 00000000 		.4byte	0
 1929              		.section	.debug_ranges,"",%progbits
ARM GAS  C:\Users\riveraes\AppData\Local\Temp\cc47nTOg.s 			page 40


 1930              	.Ldebug_ranges0:
 1931 0000 00000000 		.4byte	.LFB0
 1932 0004 54000000 		.4byte	.LFE0
 1933 0008 00000000 		.4byte	.LFB1
 1934 000c 38000000 		.4byte	.LFE1
 1935 0010 00000000 		.4byte	.LFB2
 1936 0014 24000000 		.4byte	.LFE2
 1937 0018 00000000 		.4byte	.LFB3
 1938 001c 34000000 		.4byte	.LFE3
 1939 0020 00000000 		.4byte	.LFB4
 1940 0024 2C000000 		.4byte	.LFE4
 1941 0028 00000000 		.4byte	.LFB5
 1942 002c 68000000 		.4byte	.LFE5
 1943 0030 00000000 		.4byte	.LFB6
 1944 0034 68000000 		.4byte	.LFE6
 1945 0038 00000000 		.4byte	0
 1946 003c 00000000 		.4byte	0
 1947              		.section	.debug_line,"",%progbits
 1948              	.Ldebug_line0:
 1949 0000 EE000000 		.section	.debug_str,"MS",%progbits,1
 1949      02004500 
 1949      00000201 
 1949      FB0E0D00 
 1949      01010101 
 1950              	.LASF30:
 1951 0000 48465F44 		.ascii	"HF_DAC_2_Wave1Chan\000"
 1951      41435F32 
 1951      5F576176 
 1951      65314368 
 1951      616E00
 1952              	.LASF25:
 1953 0013 48465F44 		.ascii	"HF_DAC_2_StartEx\000"
 1953      41435F32 
 1953      5F537461 
 1953      72744578 
 1953      00
 1954              	.LASF37:
 1955 0024 474E5520 		.ascii	"GNU C11 5.4.1 20160609 (release) [ARM/embedded-5-br"
 1955      43313120 
 1955      352E342E 
 1955      31203230 
 1955      31363036 
 1956 0057 616E6368 		.ascii	"anch revision 237715] -mcpu=cortex-m3 -mthumb -g -O"
 1956      20726576 
 1956      6973696F 
 1956      6E203233 
 1956      37373135 
 1957 008a 30202D66 		.ascii	"0 -ffunction-sections -ffat-lto-objects\000"
 1957      66756E63 
 1957      74696F6E 
 1957      2D736563 
 1957      74696F6E 
 1958              	.LASF32:
 1959 00b2 48465F44 		.ascii	"HF_DAC_2_Wave1TD\000"
 1959      41435F32 
 1959      5F576176 
 1959      65315444 
ARM GAS  C:\Users\riveraes\AppData\Local\Temp\cc47nTOg.s 			page 41


 1959      00
 1960              	.LASF19:
 1961 00c3 48465F44 		.ascii	"HF_DAC_2_Start\000"
 1961      41435F32 
 1961      5F537461 
 1961      727400
 1962              	.LASF38:
 1963 00d2 47656E65 		.ascii	"Generated_Source\\PSoC5\\HF_DAC_2.c\000"
 1963      72617465 
 1963      645F536F 
 1963      75726365 
 1963      5C50536F 
 1964              	.LASF3:
 1965 00f4 73686F72 		.ascii	"short unsigned int\000"
 1965      7420756E 
 1965      7369676E 
 1965      65642069 
 1965      6E7400
 1966              	.LASF18:
 1967 0107 48465F44 		.ascii	"HF_DAC_2_Enable\000"
 1967      41435F32 
 1967      5F456E61 
 1967      626C6500 
 1968              	.LASF20:
 1969 0117 77617665 		.ascii	"wavePtr1\000"
 1969      50747231 
 1969      00
 1970              	.LASF22:
 1971 0120 77617665 		.ascii	"wavePtr2\000"
 1971      50747232 
 1971      00
 1972              	.LASF31:
 1973 0129 48465F44 		.ascii	"HF_DAC_2_Wave2Chan\000"
 1973      41435F32 
 1973      5F576176 
 1973      65324368 
 1973      616E00
 1974              	.LASF12:
 1975 013c 666C6F61 		.ascii	"float\000"
 1975      7400
 1976              	.LASF39:
 1977 0142 433A5C55 		.ascii	"C:\\Users\\riveraes\\Documents\\LaptopPublic\\Maest"
 1977      73657273 
 1977      5C726976 
 1977      65726165 
 1977      735C446F 
 1978 0170 7269615C 		.ascii	"ria\\MP6157_Adquisicion y procesamiento de datos\\D"
 1978      4D503631 
 1978      35375F41 
 1978      64717569 
 1978      73696369 
 1979 01a1 75616C54 		.ascii	"ualToneMultiFrequency\\DTMF_Projects\\DTMF_RX.cydsn"
 1979      6F6E654D 
 1979      756C7469 
 1979      46726571 
 1979      75656E63 
 1980 01d2 00       		.ascii	"\000"
ARM GAS  C:\Users\riveraes\AppData\Local\Temp\cc47nTOg.s 			page 42


 1981              	.LASF28:
 1982 01d3 73616D70 		.ascii	"sampleSize\000"
 1982      6C655369 
 1982      7A6500
 1983              	.LASF5:
 1984 01de 6C6F6E67 		.ascii	"long unsigned int\000"
 1984      20756E73 
 1984      69676E65 
 1984      6420696E 
 1984      7400
 1985              	.LASF27:
 1986 01f0 77617665 		.ascii	"wavePtr\000"
 1986      50747200 
 1987              	.LASF9:
 1988 01f8 75696E74 		.ascii	"uint8\000"
 1988      3800
 1989              	.LASF21:
 1990 01fe 73616D70 		.ascii	"sampleSize1\000"
 1990      6C655369 
 1990      7A653100 
 1991              	.LASF23:
 1992 020a 73616D70 		.ascii	"sampleSize2\000"
 1992      6C655369 
 1992      7A653200 
 1993              	.LASF1:
 1994 0216 756E7369 		.ascii	"unsigned char\000"
 1994      676E6564 
 1994      20636861 
 1994      7200
 1995              	.LASF13:
 1996 0224 646F7562 		.ascii	"double\000"
 1996      6C6500
 1997              	.LASF17:
 1998 022b 48465F44 		.ascii	"HF_DAC_2_Init\000"
 1998      41435F32 
 1998      5F496E69 
 1998      7400
 1999              	.LASF10:
 2000 0239 75696E74 		.ascii	"uint16\000"
 2000      313600
 2001              	.LASF11:
 2002 0240 75696E74 		.ascii	"uint32\000"
 2002      333200
 2003              	.LASF8:
 2004 0247 756E7369 		.ascii	"unsigned int\000"
 2004      676E6564 
 2004      20696E74 
 2004      00
 2005              	.LASF7:
 2006 0254 6C6F6E67 		.ascii	"long long unsigned int\000"
 2006      206C6F6E 
 2006      6720756E 
 2006      7369676E 
 2006      65642069 
 2007              	.LASF33:
 2008 026b 48465F44 		.ascii	"HF_DAC_2_Wave2TD\000"
 2008      41435F32 
ARM GAS  C:\Users\riveraes\AppData\Local\Temp\cc47nTOg.s 			page 43


 2008      5F576176 
 2008      65325444 
 2008      00
 2009              	.LASF26:
 2010 027c 48465F44 		.ascii	"HF_DAC_2_Wave1Setup\000"
 2010      41435F32 
 2010      5F576176 
 2010      65315365 
 2010      74757000 
 2011              	.LASF16:
 2012 0290 73697A65 		.ascii	"sizetype\000"
 2012      74797065 
 2012      00
 2013              	.LASF6:
 2014 0299 6C6F6E67 		.ascii	"long long int\000"
 2014      206C6F6E 
 2014      6720696E 
 2014      7400
 2015              	.LASF35:
 2016 02a7 48465F44 		.ascii	"HF_DAC_2_wave1\000"
 2016      41435F32 
 2016      5F776176 
 2016      653100
 2017              	.LASF36:
 2018 02b6 48465F44 		.ascii	"HF_DAC_2_wave2\000"
 2018      41435F32 
 2018      5F776176 
 2018      653200
 2019              	.LASF34:
 2020 02c5 48465F44 		.ascii	"HF_DAC_2_initVar\000"
 2020      41435F32 
 2020      5F696E69 
 2020      74566172 
 2020      00
 2021              	.LASF2:
 2022 02d6 73686F72 		.ascii	"short int\000"
 2022      7420696E 
 2022      7400
 2023              	.LASF24:
 2024 02e0 48465F44 		.ascii	"HF_DAC_2_Stop\000"
 2024      41435F32 
 2024      5F53746F 
 2024      7000
 2025              	.LASF4:
 2026 02ee 6C6F6E67 		.ascii	"long int\000"
 2026      20696E74 
 2026      00
 2027              	.LASF14:
 2028 02f7 63686172 		.ascii	"char\000"
 2028      00
 2029              	.LASF15:
 2030 02fc 6C6F6E67 		.ascii	"long double\000"
 2030      20646F75 
 2030      626C6500 
 2031              	.LASF0:
 2032 0308 7369676E 		.ascii	"signed char\000"
 2032      65642063 
ARM GAS  C:\Users\riveraes\AppData\Local\Temp\cc47nTOg.s 			page 44


 2032      68617200 
 2033              	.LASF29:
 2034 0314 48465F44 		.ascii	"HF_DAC_2_Wave2Setup\000"
 2034      41435F32 
 2034      5F576176 
 2034      65325365 
 2034      74757000 
 2035              		.ident	"GCC: (GNU Tools for ARM Embedded Processors) 5.4.1 20160609 (release) [ARM/embedded-5-bran
