ARM GAS  C:\Users\riveraes\AppData\Local\Temp\cc41cjJj.s 			page 1


   1              		.syntax unified
   2              		.cpu cortex-m3
   3              		.fpu softvfp
   4              		.eabi_attribute 20, 1
   5              		.eabi_attribute 21, 1
   6              		.eabi_attribute 23, 3
   7              		.eabi_attribute 24, 1
   8              		.eabi_attribute 25, 1
   9              		.eabi_attribute 26, 1
  10              		.eabi_attribute 30, 6
  11              		.eabi_attribute 34, 1
  12              		.eabi_attribute 18, 4
  13              		.thumb
  14              		.syntax unified
  15              		.file	"LF_DAC_1.c"
  16              		.text
  17              	.Ltext0:
  18              		.cfi_sections	.debug_frame
  19              		.global	LF_DAC_1_initVar
  20              		.bss
  21              		.type	LF_DAC_1_initVar, %object
  22              		.size	LF_DAC_1_initVar, 1
  23              	LF_DAC_1_initVar:
  24 0000 00       		.space	1
  25              		.global	LF_DAC_1_wave1
  26              		.section	.rodata
  27              		.align	2
  28              		.type	LF_DAC_1_wave1, %object
  29              		.size	LF_DAC_1_wave1, 200
  30              	LF_DAC_1_wave1:
  31 0000 80       		.byte	-128
  32 0001 81       		.byte	-127
  33 0002 83       		.byte	-125
  34 0003 85       		.byte	-123
  35 0004 87       		.byte	-121
  36 0005 89       		.byte	-119
  37 0006 8B       		.byte	-117
  38 0007 8D       		.byte	-115
  39 0008 8F       		.byte	-113
  40 0009 91       		.byte	-111
  41 000a 93       		.byte	-109
  42 000b 95       		.byte	-107
  43 000c 97       		.byte	-105
  44 000d 98       		.byte	-104
  45 000e 9A       		.byte	-102
  46 000f 9C       		.byte	-100
  47 0010 9E       		.byte	-98
  48 0011 9F       		.byte	-97
  49 0012 A1       		.byte	-95
  50 0013 A3       		.byte	-93
  51 0014 A4       		.byte	-92
  52 0015 A6       		.byte	-90
  53 0016 A7       		.byte	-89
  54 0017 A9       		.byte	-87
  55 0018 AA       		.byte	-86
  56 0019 AC       		.byte	-84
  57 001a AD       		.byte	-83
ARM GAS  C:\Users\riveraes\AppData\Local\Temp\cc41cjJj.s 			page 2


  58 001b AE       		.byte	-82
  59 001c B0       		.byte	-80
  60 001d B1       		.byte	-79
  61 001e B2       		.byte	-78
  62 001f B3       		.byte	-77
  63 0020 B4       		.byte	-76
  64 0021 B5       		.byte	-75
  65 0022 B6       		.byte	-74
  66 0023 B7       		.byte	-73
  67 0024 B8       		.byte	-72
  68 0025 B9       		.byte	-71
  69 0026 BA       		.byte	-70
  70 0027 BA       		.byte	-70
  71 0028 BB       		.byte	-69
  72 0029 BC       		.byte	-68
  73 002a BC       		.byte	-68
  74 002b BC       		.byte	-68
  75 002c BD       		.byte	-67
  76 002d BD       		.byte	-67
  77 002e BE       		.byte	-66
  78 002f BE       		.byte	-66
  79 0030 BE       		.byte	-66
  80 0031 BE       		.byte	-66
  81 0032 BE       		.byte	-66
  82 0033 BE       		.byte	-66
  83 0034 BE       		.byte	-66
  84 0035 BE       		.byte	-66
  85 0036 BE       		.byte	-66
  86 0037 BD       		.byte	-67
  87 0038 BD       		.byte	-67
  88 0039 BC       		.byte	-68
  89 003a BC       		.byte	-68
  90 003b BC       		.byte	-68
  91 003c BB       		.byte	-69
  92 003d BA       		.byte	-70
  93 003e BA       		.byte	-70
  94 003f B9       		.byte	-71
  95 0040 B8       		.byte	-72
  96 0041 B7       		.byte	-73
  97 0042 B6       		.byte	-74
  98 0043 B5       		.byte	-75
  99 0044 B4       		.byte	-76
 100 0045 B3       		.byte	-77
 101 0046 B2       		.byte	-78
 102 0047 B1       		.byte	-79
 103 0048 B0       		.byte	-80
 104 0049 AE       		.byte	-82
 105 004a AD       		.byte	-83
 106 004b AC       		.byte	-84
 107 004c AA       		.byte	-86
 108 004d A9       		.byte	-87
 109 004e A7       		.byte	-89
 110 004f A6       		.byte	-90
 111 0050 A4       		.byte	-92
 112 0051 A3       		.byte	-93
 113 0052 A1       		.byte	-95
 114 0053 9F       		.byte	-97
ARM GAS  C:\Users\riveraes\AppData\Local\Temp\cc41cjJj.s 			page 3


 115 0054 9E       		.byte	-98
 116 0055 9C       		.byte	-100
 117 0056 9A       		.byte	-102
 118 0057 98       		.byte	-104
 119 0058 97       		.byte	-105
 120 0059 95       		.byte	-107
 121 005a 93       		.byte	-109
 122 005b 91       		.byte	-111
 123 005c 8F       		.byte	-113
 124 005d 8D       		.byte	-115
 125 005e 8B       		.byte	-117
 126 005f 89       		.byte	-119
 127 0060 87       		.byte	-121
 128 0061 85       		.byte	-123
 129 0062 83       		.byte	-125
 130 0063 81       		.byte	-127
 131 0064 80       		.byte	-128
 132 0065 7E       		.byte	126
 133 0066 7C       		.byte	124
 134 0067 7A       		.byte	122
 135 0068 78       		.byte	120
 136 0069 76       		.byte	118
 137 006a 74       		.byte	116
 138 006b 72       		.byte	114
 139 006c 70       		.byte	112
 140 006d 6E       		.byte	110
 141 006e 6C       		.byte	108
 142 006f 6A       		.byte	106
 143 0070 68       		.byte	104
 144 0071 67       		.byte	103
 145 0072 65       		.byte	101
 146 0073 63       		.byte	99
 147 0074 61       		.byte	97
 148 0075 60       		.byte	96
 149 0076 5E       		.byte	94
 150 0077 5C       		.byte	92
 151 0078 5B       		.byte	91
 152 0079 59       		.byte	89
 153 007a 58       		.byte	88
 154 007b 56       		.byte	86
 155 007c 55       		.byte	85
 156 007d 53       		.byte	83
 157 007e 52       		.byte	82
 158 007f 51       		.byte	81
 159 0080 4F       		.byte	79
 160 0081 4E       		.byte	78
 161 0082 4D       		.byte	77
 162 0083 4C       		.byte	76
 163 0084 4B       		.byte	75
 164 0085 4A       		.byte	74
 165 0086 49       		.byte	73
 166 0087 48       		.byte	72
 167 0088 47       		.byte	71
 168 0089 46       		.byte	70
 169 008a 45       		.byte	69
 170 008b 45       		.byte	69
 171 008c 44       		.byte	68
ARM GAS  C:\Users\riveraes\AppData\Local\Temp\cc41cjJj.s 			page 4


 172 008d 43       		.byte	67
 173 008e 43       		.byte	67
 174 008f 43       		.byte	67
 175 0090 42       		.byte	66
 176 0091 42       		.byte	66
 177 0092 41       		.byte	65
 178 0093 41       		.byte	65
 179 0094 41       		.byte	65
 180 0095 41       		.byte	65
 181 0096 41       		.byte	65
 182 0097 41       		.byte	65
 183 0098 41       		.byte	65
 184 0099 41       		.byte	65
 185 009a 41       		.byte	65
 186 009b 42       		.byte	66
 187 009c 42       		.byte	66
 188 009d 43       		.byte	67
 189 009e 43       		.byte	67
 190 009f 43       		.byte	67
 191 00a0 44       		.byte	68
 192 00a1 45       		.byte	69
 193 00a2 45       		.byte	69
 194 00a3 46       		.byte	70
 195 00a4 47       		.byte	71
 196 00a5 48       		.byte	72
 197 00a6 49       		.byte	73
 198 00a7 4A       		.byte	74
 199 00a8 4B       		.byte	75
 200 00a9 4C       		.byte	76
 201 00aa 4D       		.byte	77
 202 00ab 4E       		.byte	78
 203 00ac 4F       		.byte	79
 204 00ad 51       		.byte	81
 205 00ae 52       		.byte	82
 206 00af 53       		.byte	83
 207 00b0 55       		.byte	85
 208 00b1 56       		.byte	86
 209 00b2 58       		.byte	88
 210 00b3 59       		.byte	89
 211 00b4 5B       		.byte	91
 212 00b5 5C       		.byte	92
 213 00b6 5E       		.byte	94
 214 00b7 60       		.byte	96
 215 00b8 61       		.byte	97
 216 00b9 63       		.byte	99
 217 00ba 65       		.byte	101
 218 00bb 67       		.byte	103
 219 00bc 68       		.byte	104
 220 00bd 6A       		.byte	106
 221 00be 6C       		.byte	108
 222 00bf 6E       		.byte	110
 223 00c0 70       		.byte	112
 224 00c1 72       		.byte	114
 225 00c2 74       		.byte	116
 226 00c3 76       		.byte	118
 227 00c4 78       		.byte	120
 228 00c5 7A       		.byte	122
ARM GAS  C:\Users\riveraes\AppData\Local\Temp\cc41cjJj.s 			page 5


 229 00c6 7C       		.byte	124
 230 00c7 7E       		.byte	126
 231              		.global	LF_DAC_1_wave2
 232              		.align	2
 233              		.type	LF_DAC_1_wave2, %object
 234              		.size	LF_DAC_1_wave2, 4
 235              	LF_DAC_1_wave2:
 236 00c8 80       		.byte	-128
 237 00c9 80       		.byte	-128
 238 00ca 80       		.byte	-128
 239 00cb 80       		.byte	-128
 240              		.bss
 241              	LF_DAC_1_Wave1Chan:
 242 0001 00       		.space	1
 243              	LF_DAC_1_Wave2Chan:
 244 0002 00       		.space	1
 245              	LF_DAC_1_Wave1TD:
 246 0003 00       		.space	1
 247              	LF_DAC_1_Wave2TD:
 248 0004 00       		.space	1
 249              		.section	.text.LF_DAC_1_Init,"ax",%progbits
 250              		.align	2
 251              		.global	LF_DAC_1_Init
 252              		.thumb
 253              		.thumb_func
 254              		.type	LF_DAC_1_Init, %function
 255              	LF_DAC_1_Init:
 256              	.LFB0:
 257              		.file 1 "Generated_Source\\PSoC5\\LF_DAC_1.c"
   1:Generated_Source\PSoC5/LF_DAC_1.c **** /*******************************************************************************
   2:Generated_Source\PSoC5/LF_DAC_1.c **** * File Name: LF_DAC_1.c
   3:Generated_Source\PSoC5/LF_DAC_1.c **** * Version 2.10
   4:Generated_Source\PSoC5/LF_DAC_1.c **** *
   5:Generated_Source\PSoC5/LF_DAC_1.c **** * Description:
   6:Generated_Source\PSoC5/LF_DAC_1.c **** *  This file provides the source code for the 8-bit Waveform DAC 
   7:Generated_Source\PSoC5/LF_DAC_1.c **** *  (WaveDAC8) Component.
   8:Generated_Source\PSoC5/LF_DAC_1.c **** *
   9:Generated_Source\PSoC5/LF_DAC_1.c **** ********************************************************************************
  10:Generated_Source\PSoC5/LF_DAC_1.c **** * Copyright 2013, Cypress Semiconductor Corporation.  All rights reserved.
  11:Generated_Source\PSoC5/LF_DAC_1.c **** * You may use this file only in accordance with the license, terms, conditions,
  12:Generated_Source\PSoC5/LF_DAC_1.c **** * disclaimers, and limitations in the end user license agreement accompanying
  13:Generated_Source\PSoC5/LF_DAC_1.c **** * the software package with which this file was provided.
  14:Generated_Source\PSoC5/LF_DAC_1.c **** *******************************************************************************/
  15:Generated_Source\PSoC5/LF_DAC_1.c **** 
  16:Generated_Source\PSoC5/LF_DAC_1.c **** #include "LF_DAC_1.h"
  17:Generated_Source\PSoC5/LF_DAC_1.c **** 
  18:Generated_Source\PSoC5/LF_DAC_1.c **** uint8  LF_DAC_1_initVar = 0u;
  19:Generated_Source\PSoC5/LF_DAC_1.c **** 
  20:Generated_Source\PSoC5/LF_DAC_1.c **** const uint8 CYCODE LF_DAC_1_wave1[LF_DAC_1_WAVE1_LENGTH] = { 128u,129u,131u,133u,135u,137u,139u,141
  21:Generated_Source\PSoC5/LF_DAC_1.c **** const uint8 CYCODE LF_DAC_1_wave2[LF_DAC_1_WAVE2_LENGTH] = { 128u,128u,128u,128u };
  22:Generated_Source\PSoC5/LF_DAC_1.c **** 
  23:Generated_Source\PSoC5/LF_DAC_1.c **** static uint8  LF_DAC_1_Wave1Chan;
  24:Generated_Source\PSoC5/LF_DAC_1.c **** static uint8  LF_DAC_1_Wave2Chan;
  25:Generated_Source\PSoC5/LF_DAC_1.c **** static uint8  LF_DAC_1_Wave1TD;
  26:Generated_Source\PSoC5/LF_DAC_1.c **** static uint8  LF_DAC_1_Wave2TD;
  27:Generated_Source\PSoC5/LF_DAC_1.c **** 
  28:Generated_Source\PSoC5/LF_DAC_1.c **** 
ARM GAS  C:\Users\riveraes\AppData\Local\Temp\cc41cjJj.s 			page 6


  29:Generated_Source\PSoC5/LF_DAC_1.c **** /*******************************************************************************
  30:Generated_Source\PSoC5/LF_DAC_1.c **** * Function Name: LF_DAC_1_Init
  31:Generated_Source\PSoC5/LF_DAC_1.c **** ********************************************************************************
  32:Generated_Source\PSoC5/LF_DAC_1.c **** *
  33:Generated_Source\PSoC5/LF_DAC_1.c **** * Summary:
  34:Generated_Source\PSoC5/LF_DAC_1.c **** *  Initializes component with parameters set in the customizer.
  35:Generated_Source\PSoC5/LF_DAC_1.c **** *
  36:Generated_Source\PSoC5/LF_DAC_1.c **** * Parameters:  
  37:Generated_Source\PSoC5/LF_DAC_1.c **** *  None
  38:Generated_Source\PSoC5/LF_DAC_1.c **** *
  39:Generated_Source\PSoC5/LF_DAC_1.c **** * Return: 
  40:Generated_Source\PSoC5/LF_DAC_1.c **** *  None
  41:Generated_Source\PSoC5/LF_DAC_1.c **** *
  42:Generated_Source\PSoC5/LF_DAC_1.c **** *******************************************************************************/
  43:Generated_Source\PSoC5/LF_DAC_1.c **** void LF_DAC_1_Init(void) 
  44:Generated_Source\PSoC5/LF_DAC_1.c **** {
 258              		.loc 1 44 0
 259              		.cfi_startproc
 260              		@ args = 0, pretend = 0, frame = 0
 261              		@ frame_needed = 1, uses_anonymous_args = 0
 262 0000 80B5     		push	{r7, lr}
 263              		.cfi_def_cfa_offset 8
 264              		.cfi_offset 7, -8
 265              		.cfi_offset 14, -4
 266 0002 00AF     		add	r7, sp, #0
 267              		.cfi_def_cfa_register 7
  45:Generated_Source\PSoC5/LF_DAC_1.c **** 	LF_DAC_1_VDAC8_Init();
 268              		.loc 1 45 0
 269 0004 FFF7FEFF 		bl	LF_DAC_1_VDAC8_Init
  46:Generated_Source\PSoC5/LF_DAC_1.c **** 	LF_DAC_1_VDAC8_SetSpeed(LF_DAC_1_HIGHSPEED);
 270              		.loc 1 46 0
 271 0008 0220     		movs	r0, #2
 272 000a FFF7FEFF 		bl	LF_DAC_1_VDAC8_SetSpeed
  47:Generated_Source\PSoC5/LF_DAC_1.c **** 	LF_DAC_1_VDAC8_SetRange(LF_DAC_1_DAC_RANGE);
 273              		.loc 1 47 0
 274 000e 0020     		movs	r0, #0
 275 0010 FFF7FEFF 		bl	LF_DAC_1_VDAC8_SetRange
  48:Generated_Source\PSoC5/LF_DAC_1.c **** 
  49:Generated_Source\PSoC5/LF_DAC_1.c **** 	#if(LF_DAC_1_DAC_MODE == LF_DAC_1_CURRENT_MODE)
  50:Generated_Source\PSoC5/LF_DAC_1.c **** 		LF_DAC_1_IDAC8_SetPolarity(LF_DAC_1_DAC_POL);
  51:Generated_Source\PSoC5/LF_DAC_1.c **** 	#endif /* LF_DAC_1_DAC_MODE == LF_DAC_1_CURRENT_MODE */
  52:Generated_Source\PSoC5/LF_DAC_1.c **** 
  53:Generated_Source\PSoC5/LF_DAC_1.c **** 	#if(LF_DAC_1_OUT_MODE == LF_DAC_1_BUFFER_MODE)
  54:Generated_Source\PSoC5/LF_DAC_1.c **** 	   LF_DAC_1_BuffAmp_Init();
  55:Generated_Source\PSoC5/LF_DAC_1.c **** 	#endif /* LF_DAC_1_OUT_MODE == LF_DAC_1_BUFFER_MODE */
  56:Generated_Source\PSoC5/LF_DAC_1.c **** 
  57:Generated_Source\PSoC5/LF_DAC_1.c **** 	/* Get the TD Number for the DMA channel 1 and 2   */
  58:Generated_Source\PSoC5/LF_DAC_1.c **** 	LF_DAC_1_Wave1TD = CyDmaTdAllocate();
 276              		.loc 1 58 0
 277 0014 FFF7FEFF 		bl	CyDmaTdAllocate
 278 0018 0346     		mov	r3, r0
 279 001a 1A46     		mov	r2, r3
 280 001c 084B     		ldr	r3, .L2
 281 001e 1A70     		strb	r2, [r3]
  59:Generated_Source\PSoC5/LF_DAC_1.c **** 	LF_DAC_1_Wave2TD = CyDmaTdAllocate();
 282              		.loc 1 59 0
 283 0020 FFF7FEFF 		bl	CyDmaTdAllocate
ARM GAS  C:\Users\riveraes\AppData\Local\Temp\cc41cjJj.s 			page 7


 284 0024 0346     		mov	r3, r0
 285 0026 1A46     		mov	r2, r3
 286 0028 064B     		ldr	r3, .L2+4
 287 002a 1A70     		strb	r2, [r3]
  60:Generated_Source\PSoC5/LF_DAC_1.c **** 	
  61:Generated_Source\PSoC5/LF_DAC_1.c **** 	/* Initialize waveform pointers  */
  62:Generated_Source\PSoC5/LF_DAC_1.c **** 	LF_DAC_1_Wave1Setup(LF_DAC_1_wave1, LF_DAC_1_WAVE1_LENGTH) ;
 288              		.loc 1 62 0
 289 002c C821     		movs	r1, #200
 290 002e 0648     		ldr	r0, .L2+8
 291 0030 FFF7FEFF 		bl	LF_DAC_1_Wave1Setup
  63:Generated_Source\PSoC5/LF_DAC_1.c **** 	LF_DAC_1_Wave2Setup(LF_DAC_1_wave2, LF_DAC_1_WAVE2_LENGTH) ;
 292              		.loc 1 63 0
 293 0034 0421     		movs	r1, #4
 294 0036 0548     		ldr	r0, .L2+12
 295 0038 FFF7FEFF 		bl	LF_DAC_1_Wave2Setup
  64:Generated_Source\PSoC5/LF_DAC_1.c **** 	
  65:Generated_Source\PSoC5/LF_DAC_1.c **** 	/* Initialize the internal clock if one present  */
  66:Generated_Source\PSoC5/LF_DAC_1.c **** 	#if defined(LF_DAC_1_DacClk_PHASE)
  67:Generated_Source\PSoC5/LF_DAC_1.c **** 	   LF_DAC_1_DacClk_SetPhase(LF_DAC_1_CLK_PHASE_0nS);
  68:Generated_Source\PSoC5/LF_DAC_1.c **** 	#endif /* defined(LF_DAC_1_DacClk_PHASE) */
  69:Generated_Source\PSoC5/LF_DAC_1.c **** }
 296              		.loc 1 69 0
 297 003c 00BF     		nop
 298 003e 80BD     		pop	{r7, pc}
 299              	.L3:
 300              		.align	2
 301              	.L2:
 302 0040 03000000 		.word	LF_DAC_1_Wave1TD
 303 0044 04000000 		.word	LF_DAC_1_Wave2TD
 304 0048 00000000 		.word	LF_DAC_1_wave1
 305 004c 00000000 		.word	LF_DAC_1_wave2
 306              		.cfi_endproc
 307              	.LFE0:
 308              		.size	LF_DAC_1_Init, .-LF_DAC_1_Init
 309              		.section	.text.LF_DAC_1_Enable,"ax",%progbits
 310              		.align	2
 311              		.global	LF_DAC_1_Enable
 312              		.thumb
 313              		.thumb_func
 314              		.type	LF_DAC_1_Enable, %function
 315              	LF_DAC_1_Enable:
 316              	.LFB1:
  70:Generated_Source\PSoC5/LF_DAC_1.c **** 
  71:Generated_Source\PSoC5/LF_DAC_1.c **** 
  72:Generated_Source\PSoC5/LF_DAC_1.c **** /*******************************************************************************
  73:Generated_Source\PSoC5/LF_DAC_1.c **** * Function Name: LF_DAC_1_Enable
  74:Generated_Source\PSoC5/LF_DAC_1.c **** ********************************************************************************
  75:Generated_Source\PSoC5/LF_DAC_1.c **** *  
  76:Generated_Source\PSoC5/LF_DAC_1.c **** * Summary: 
  77:Generated_Source\PSoC5/LF_DAC_1.c **** *  Enables the DAC block and DMA operation.
  78:Generated_Source\PSoC5/LF_DAC_1.c **** *
  79:Generated_Source\PSoC5/LF_DAC_1.c **** * Parameters:  
  80:Generated_Source\PSoC5/LF_DAC_1.c **** *  None
  81:Generated_Source\PSoC5/LF_DAC_1.c **** *
  82:Generated_Source\PSoC5/LF_DAC_1.c **** * Return: 
  83:Generated_Source\PSoC5/LF_DAC_1.c **** *  None
ARM GAS  C:\Users\riveraes\AppData\Local\Temp\cc41cjJj.s 			page 8


  84:Generated_Source\PSoC5/LF_DAC_1.c **** *
  85:Generated_Source\PSoC5/LF_DAC_1.c **** *******************************************************************************/
  86:Generated_Source\PSoC5/LF_DAC_1.c **** void LF_DAC_1_Enable(void) 
  87:Generated_Source\PSoC5/LF_DAC_1.c **** {
 317              		.loc 1 87 0
 318              		.cfi_startproc
 319              		@ args = 0, pretend = 0, frame = 0
 320              		@ frame_needed = 1, uses_anonymous_args = 0
 321 0000 80B5     		push	{r7, lr}
 322              		.cfi_def_cfa_offset 8
 323              		.cfi_offset 7, -8
 324              		.cfi_offset 14, -4
 325 0002 00AF     		add	r7, sp, #0
 326              		.cfi_def_cfa_register 7
  88:Generated_Source\PSoC5/LF_DAC_1.c **** 	LF_DAC_1_VDAC8_Enable();
 327              		.loc 1 88 0
 328 0004 FFF7FEFF 		bl	LF_DAC_1_VDAC8_Enable
  89:Generated_Source\PSoC5/LF_DAC_1.c **** 
  90:Generated_Source\PSoC5/LF_DAC_1.c **** 	#if(LF_DAC_1_OUT_MODE == LF_DAC_1_BUFFER_MODE)
  91:Generated_Source\PSoC5/LF_DAC_1.c **** 	   LF_DAC_1_BuffAmp_Enable();
  92:Generated_Source\PSoC5/LF_DAC_1.c **** 	#endif /* LF_DAC_1_OUT_MODE == LF_DAC_1_BUFFER_MODE */
  93:Generated_Source\PSoC5/LF_DAC_1.c **** 
  94:Generated_Source\PSoC5/LF_DAC_1.c **** 	/* 
  95:Generated_Source\PSoC5/LF_DAC_1.c **** 	* Enable the channel. It is configured to remember the TD value so that
  96:Generated_Source\PSoC5/LF_DAC_1.c **** 	* it can be restored from the place where it has been stopped.
  97:Generated_Source\PSoC5/LF_DAC_1.c **** 	*/
  98:Generated_Source\PSoC5/LF_DAC_1.c **** 	(void)CyDmaChEnable(LF_DAC_1_Wave1Chan, 1u);
 329              		.loc 1 98 0
 330 0008 084B     		ldr	r3, .L5
 331 000a 1B78     		ldrb	r3, [r3]	@ zero_extendqisi2
 332 000c 0121     		movs	r1, #1
 333 000e 1846     		mov	r0, r3
 334 0010 FFF7FEFF 		bl	CyDmaChEnable
  99:Generated_Source\PSoC5/LF_DAC_1.c **** 	(void)CyDmaChEnable(LF_DAC_1_Wave2Chan, 1u);
 335              		.loc 1 99 0
 336 0014 064B     		ldr	r3, .L5+4
 337 0016 1B78     		ldrb	r3, [r3]	@ zero_extendqisi2
 338 0018 0121     		movs	r1, #1
 339 001a 1846     		mov	r0, r3
 340 001c FFF7FEFF 		bl	CyDmaChEnable
 100:Generated_Source\PSoC5/LF_DAC_1.c **** 	
 101:Generated_Source\PSoC5/LF_DAC_1.c **** 	/* set the initial value */
 102:Generated_Source\PSoC5/LF_DAC_1.c **** 	LF_DAC_1_SetValue(0u);
 341              		.loc 1 102 0
 342 0020 0020     		movs	r0, #0
 343 0022 FFF7FEFF 		bl	LF_DAC_1_VDAC8_SetValue
 103:Generated_Source\PSoC5/LF_DAC_1.c **** 	
 104:Generated_Source\PSoC5/LF_DAC_1.c **** 	#if(LF_DAC_1_CLOCK_SRC == LF_DAC_1_CLOCK_INT)  	
 105:Generated_Source\PSoC5/LF_DAC_1.c **** 	   LF_DAC_1_DacClk_Start();
 106:Generated_Source\PSoC5/LF_DAC_1.c **** 	#endif /* LF_DAC_1_CLOCK_SRC == LF_DAC_1_CLOCK_INT */
 107:Generated_Source\PSoC5/LF_DAC_1.c **** }
 344              		.loc 1 107 0
 345 0026 00BF     		nop
 346 0028 80BD     		pop	{r7, pc}
 347              	.L6:
 348 002a 00BF     		.align	2
 349              	.L5:
ARM GAS  C:\Users\riveraes\AppData\Local\Temp\cc41cjJj.s 			page 9


 350 002c 01000000 		.word	LF_DAC_1_Wave1Chan
 351 0030 02000000 		.word	LF_DAC_1_Wave2Chan
 352              		.cfi_endproc
 353              	.LFE1:
 354              		.size	LF_DAC_1_Enable, .-LF_DAC_1_Enable
 355              		.section	.text.LF_DAC_1_Start,"ax",%progbits
 356              		.align	2
 357              		.global	LF_DAC_1_Start
 358              		.thumb
 359              		.thumb_func
 360              		.type	LF_DAC_1_Start, %function
 361              	LF_DAC_1_Start:
 362              	.LFB2:
 108:Generated_Source\PSoC5/LF_DAC_1.c **** 
 109:Generated_Source\PSoC5/LF_DAC_1.c **** 
 110:Generated_Source\PSoC5/LF_DAC_1.c **** /*******************************************************************************
 111:Generated_Source\PSoC5/LF_DAC_1.c **** * Function Name: LF_DAC_1_Start
 112:Generated_Source\PSoC5/LF_DAC_1.c **** ********************************************************************************
 113:Generated_Source\PSoC5/LF_DAC_1.c **** *
 114:Generated_Source\PSoC5/LF_DAC_1.c **** * Summary:
 115:Generated_Source\PSoC5/LF_DAC_1.c **** *  The start function initializes the voltage DAC with the default values, 
 116:Generated_Source\PSoC5/LF_DAC_1.c **** *  and sets the power to the given level.  A power level of 0, is the same as 
 117:Generated_Source\PSoC5/LF_DAC_1.c **** *  executing the stop function.
 118:Generated_Source\PSoC5/LF_DAC_1.c **** *
 119:Generated_Source\PSoC5/LF_DAC_1.c **** * Parameters:  
 120:Generated_Source\PSoC5/LF_DAC_1.c **** *  None
 121:Generated_Source\PSoC5/LF_DAC_1.c **** *
 122:Generated_Source\PSoC5/LF_DAC_1.c **** * Return: 
 123:Generated_Source\PSoC5/LF_DAC_1.c **** *  None
 124:Generated_Source\PSoC5/LF_DAC_1.c **** *
 125:Generated_Source\PSoC5/LF_DAC_1.c **** * Reentrant:
 126:Generated_Source\PSoC5/LF_DAC_1.c **** *  No
 127:Generated_Source\PSoC5/LF_DAC_1.c **** *
 128:Generated_Source\PSoC5/LF_DAC_1.c **** *******************************************************************************/
 129:Generated_Source\PSoC5/LF_DAC_1.c **** void LF_DAC_1_Start(void) 
 130:Generated_Source\PSoC5/LF_DAC_1.c **** {
 363              		.loc 1 130 0
 364              		.cfi_startproc
 365              		@ args = 0, pretend = 0, frame = 0
 366              		@ frame_needed = 1, uses_anonymous_args = 0
 367 0000 80B5     		push	{r7, lr}
 368              		.cfi_def_cfa_offset 8
 369              		.cfi_offset 7, -8
 370              		.cfi_offset 14, -4
 371 0002 00AF     		add	r7, sp, #0
 372              		.cfi_def_cfa_register 7
 131:Generated_Source\PSoC5/LF_DAC_1.c **** 	/* If not Initialized then initialize all required hardware and software */
 132:Generated_Source\PSoC5/LF_DAC_1.c **** 	if(LF_DAC_1_initVar == 0u)
 373              		.loc 1 132 0
 374 0004 064B     		ldr	r3, .L9
 375 0006 1B78     		ldrb	r3, [r3]	@ zero_extendqisi2
 376 0008 002B     		cmp	r3, #0
 377 000a 04D1     		bne	.L8
 133:Generated_Source\PSoC5/LF_DAC_1.c **** 	{
 134:Generated_Source\PSoC5/LF_DAC_1.c **** 		LF_DAC_1_Init();
 378              		.loc 1 134 0
 379 000c FFF7FEFF 		bl	LF_DAC_1_Init
ARM GAS  C:\Users\riveraes\AppData\Local\Temp\cc41cjJj.s 			page 10


 135:Generated_Source\PSoC5/LF_DAC_1.c **** 		LF_DAC_1_initVar = 1u;
 380              		.loc 1 135 0
 381 0010 034B     		ldr	r3, .L9
 382 0012 0122     		movs	r2, #1
 383 0014 1A70     		strb	r2, [r3]
 384              	.L8:
 136:Generated_Source\PSoC5/LF_DAC_1.c **** 	}
 137:Generated_Source\PSoC5/LF_DAC_1.c **** 	
 138:Generated_Source\PSoC5/LF_DAC_1.c **** 	LF_DAC_1_Enable();
 385              		.loc 1 138 0
 386 0016 FFF7FEFF 		bl	LF_DAC_1_Enable
 139:Generated_Source\PSoC5/LF_DAC_1.c **** }
 387              		.loc 1 139 0
 388 001a 00BF     		nop
 389 001c 80BD     		pop	{r7, pc}
 390              	.L10:
 391 001e 00BF     		.align	2
 392              	.L9:
 393 0020 00000000 		.word	LF_DAC_1_initVar
 394              		.cfi_endproc
 395              	.LFE2:
 396              		.size	LF_DAC_1_Start, .-LF_DAC_1_Start
 397              		.section	.text.LF_DAC_1_StartEx,"ax",%progbits
 398              		.align	2
 399              		.global	LF_DAC_1_StartEx
 400              		.thumb
 401              		.thumb_func
 402              		.type	LF_DAC_1_StartEx, %function
 403              	LF_DAC_1_StartEx:
 404              	.LFB3:
 140:Generated_Source\PSoC5/LF_DAC_1.c **** 
 141:Generated_Source\PSoC5/LF_DAC_1.c **** 
 142:Generated_Source\PSoC5/LF_DAC_1.c **** /*******************************************************************************
 143:Generated_Source\PSoC5/LF_DAC_1.c **** * Function Name: LF_DAC_1_StartEx
 144:Generated_Source\PSoC5/LF_DAC_1.c **** ********************************************************************************
 145:Generated_Source\PSoC5/LF_DAC_1.c **** *
 146:Generated_Source\PSoC5/LF_DAC_1.c **** * Summary:
 147:Generated_Source\PSoC5/LF_DAC_1.c **** *  The StartEx function sets pointers and sizes for both waveforms
 148:Generated_Source\PSoC5/LF_DAC_1.c **** *  and then starts the component.
 149:Generated_Source\PSoC5/LF_DAC_1.c **** *
 150:Generated_Source\PSoC5/LF_DAC_1.c **** * Parameters:  
 151:Generated_Source\PSoC5/LF_DAC_1.c **** *   uint8 * wavePtr1:     Pointer to the waveform 1 array.
 152:Generated_Source\PSoC5/LF_DAC_1.c **** *   uint16  sampleSize1:  The amount of samples in the waveform 1.
 153:Generated_Source\PSoC5/LF_DAC_1.c **** *   uint8 * wavePtr2:     Pointer to the waveform 2 array.
 154:Generated_Source\PSoC5/LF_DAC_1.c **** *   uint16  sampleSize2:  The amount of samples in the waveform 2.
 155:Generated_Source\PSoC5/LF_DAC_1.c **** *
 156:Generated_Source\PSoC5/LF_DAC_1.c **** * Return: 
 157:Generated_Source\PSoC5/LF_DAC_1.c **** *  None
 158:Generated_Source\PSoC5/LF_DAC_1.c **** *
 159:Generated_Source\PSoC5/LF_DAC_1.c **** * Reentrant:
 160:Generated_Source\PSoC5/LF_DAC_1.c **** *  No
 161:Generated_Source\PSoC5/LF_DAC_1.c **** *
 162:Generated_Source\PSoC5/LF_DAC_1.c **** *******************************************************************************/
 163:Generated_Source\PSoC5/LF_DAC_1.c **** void LF_DAC_1_StartEx(const uint8 * wavePtr1, uint16 sampleSize1, const uint8 * wavePtr2, uint16 sa
 164:Generated_Source\PSoC5/LF_DAC_1.c **** 
 165:Generated_Source\PSoC5/LF_DAC_1.c **** {
 405              		.loc 1 165 0
ARM GAS  C:\Users\riveraes\AppData\Local\Temp\cc41cjJj.s 			page 11


 406              		.cfi_startproc
 407              		@ args = 0, pretend = 0, frame = 16
 408              		@ frame_needed = 1, uses_anonymous_args = 0
 409 0000 80B5     		push	{r7, lr}
 410              		.cfi_def_cfa_offset 8
 411              		.cfi_offset 7, -8
 412              		.cfi_offset 14, -4
 413 0002 84B0     		sub	sp, sp, #16
 414              		.cfi_def_cfa_offset 24
 415 0004 00AF     		add	r7, sp, #0
 416              		.cfi_def_cfa_register 7
 417 0006 F860     		str	r0, [r7, #12]
 418 0008 7A60     		str	r2, [r7, #4]
 419 000a 1A46     		mov	r2, r3
 420 000c 0B46     		mov	r3, r1	@ movhi
 421 000e 7B81     		strh	r3, [r7, #10]	@ movhi
 422 0010 1346     		mov	r3, r2	@ movhi
 423 0012 3B81     		strh	r3, [r7, #8]	@ movhi
 166:Generated_Source\PSoC5/LF_DAC_1.c **** 	LF_DAC_1_Wave1Setup(wavePtr1, sampleSize1);
 424              		.loc 1 166 0
 425 0014 7B89     		ldrh	r3, [r7, #10]
 426 0016 1946     		mov	r1, r3
 427 0018 F868     		ldr	r0, [r7, #12]
 428 001a FFF7FEFF 		bl	LF_DAC_1_Wave1Setup
 167:Generated_Source\PSoC5/LF_DAC_1.c **** 	LF_DAC_1_Wave2Setup(wavePtr2, sampleSize2);
 429              		.loc 1 167 0
 430 001e 3B89     		ldrh	r3, [r7, #8]
 431 0020 1946     		mov	r1, r3
 432 0022 7868     		ldr	r0, [r7, #4]
 433 0024 FFF7FEFF 		bl	LF_DAC_1_Wave2Setup
 168:Generated_Source\PSoC5/LF_DAC_1.c **** 	LF_DAC_1_Start();
 434              		.loc 1 168 0
 435 0028 FFF7FEFF 		bl	LF_DAC_1_Start
 169:Generated_Source\PSoC5/LF_DAC_1.c **** }
 436              		.loc 1 169 0
 437 002c 00BF     		nop
 438 002e 1037     		adds	r7, r7, #16
 439              		.cfi_def_cfa_offset 8
 440 0030 BD46     		mov	sp, r7
 441              		.cfi_def_cfa_register 13
 442              		@ sp needed
 443 0032 80BD     		pop	{r7, pc}
 444              		.cfi_endproc
 445              	.LFE3:
 446              		.size	LF_DAC_1_StartEx, .-LF_DAC_1_StartEx
 447              		.section	.text.LF_DAC_1_Stop,"ax",%progbits
 448              		.align	2
 449              		.global	LF_DAC_1_Stop
 450              		.thumb
 451              		.thumb_func
 452              		.type	LF_DAC_1_Stop, %function
 453              	LF_DAC_1_Stop:
 454              	.LFB4:
 170:Generated_Source\PSoC5/LF_DAC_1.c **** 
 171:Generated_Source\PSoC5/LF_DAC_1.c **** 
 172:Generated_Source\PSoC5/LF_DAC_1.c **** /*******************************************************************************
 173:Generated_Source\PSoC5/LF_DAC_1.c **** * Function Name: LF_DAC_1_Stop
ARM GAS  C:\Users\riveraes\AppData\Local\Temp\cc41cjJj.s 			page 12


 174:Generated_Source\PSoC5/LF_DAC_1.c **** ********************************************************************************
 175:Generated_Source\PSoC5/LF_DAC_1.c **** *
 176:Generated_Source\PSoC5/LF_DAC_1.c **** * Summary:
 177:Generated_Source\PSoC5/LF_DAC_1.c **** *  Stops the clock (if internal), disables the DMA channels
 178:Generated_Source\PSoC5/LF_DAC_1.c **** *  and powers down the DAC.
 179:Generated_Source\PSoC5/LF_DAC_1.c **** *
 180:Generated_Source\PSoC5/LF_DAC_1.c **** * Parameters:  
 181:Generated_Source\PSoC5/LF_DAC_1.c **** *  None  
 182:Generated_Source\PSoC5/LF_DAC_1.c **** *
 183:Generated_Source\PSoC5/LF_DAC_1.c **** * Return: 
 184:Generated_Source\PSoC5/LF_DAC_1.c **** *  None
 185:Generated_Source\PSoC5/LF_DAC_1.c **** *
 186:Generated_Source\PSoC5/LF_DAC_1.c **** *******************************************************************************/
 187:Generated_Source\PSoC5/LF_DAC_1.c **** void LF_DAC_1_Stop(void) 
 188:Generated_Source\PSoC5/LF_DAC_1.c **** {
 455              		.loc 1 188 0
 456              		.cfi_startproc
 457              		@ args = 0, pretend = 0, frame = 0
 458              		@ frame_needed = 1, uses_anonymous_args = 0
 459 0000 80B5     		push	{r7, lr}
 460              		.cfi_def_cfa_offset 8
 461              		.cfi_offset 7, -8
 462              		.cfi_offset 14, -4
 463 0002 00AF     		add	r7, sp, #0
 464              		.cfi_def_cfa_register 7
 189:Generated_Source\PSoC5/LF_DAC_1.c **** 	/* Turn off internal clock, if one present */
 190:Generated_Source\PSoC5/LF_DAC_1.c **** 	#if(LF_DAC_1_CLOCK_SRC == LF_DAC_1_CLOCK_INT)  	
 191:Generated_Source\PSoC5/LF_DAC_1.c **** 	   LF_DAC_1_DacClk_Stop();
 192:Generated_Source\PSoC5/LF_DAC_1.c **** 	#endif /* LF_DAC_1_CLOCK_SRC == LF_DAC_1_CLOCK_INT */
 193:Generated_Source\PSoC5/LF_DAC_1.c **** 	
 194:Generated_Source\PSoC5/LF_DAC_1.c **** 	/* Disble DMA channels */
 195:Generated_Source\PSoC5/LF_DAC_1.c **** 	(void)CyDmaChDisable(LF_DAC_1_Wave1Chan);
 465              		.loc 1 195 0
 466 0004 064B     		ldr	r3, .L13
 467 0006 1B78     		ldrb	r3, [r3]	@ zero_extendqisi2
 468 0008 1846     		mov	r0, r3
 469 000a FFF7FEFF 		bl	CyDmaChDisable
 196:Generated_Source\PSoC5/LF_DAC_1.c **** 	(void)CyDmaChDisable(LF_DAC_1_Wave2Chan);
 470              		.loc 1 196 0
 471 000e 054B     		ldr	r3, .L13+4
 472 0010 1B78     		ldrb	r3, [r3]	@ zero_extendqisi2
 473 0012 1846     		mov	r0, r3
 474 0014 FFF7FEFF 		bl	CyDmaChDisable
 197:Generated_Source\PSoC5/LF_DAC_1.c **** 
 198:Generated_Source\PSoC5/LF_DAC_1.c **** 	/* Disable power to DAC */
 199:Generated_Source\PSoC5/LF_DAC_1.c **** 	LF_DAC_1_VDAC8_Stop();
 475              		.loc 1 199 0
 476 0018 FFF7FEFF 		bl	LF_DAC_1_VDAC8_Stop
 200:Generated_Source\PSoC5/LF_DAC_1.c **** }
 477              		.loc 1 200 0
 478 001c 00BF     		nop
 479 001e 80BD     		pop	{r7, pc}
 480              	.L14:
 481              		.align	2
 482              	.L13:
 483 0020 01000000 		.word	LF_DAC_1_Wave1Chan
 484 0024 02000000 		.word	LF_DAC_1_Wave2Chan
ARM GAS  C:\Users\riveraes\AppData\Local\Temp\cc41cjJj.s 			page 13


 485              		.cfi_endproc
 486              	.LFE4:
 487              		.size	LF_DAC_1_Stop, .-LF_DAC_1_Stop
 488              		.section	.text.LF_DAC_1_Wave1Setup,"ax",%progbits
 489              		.align	2
 490              		.global	LF_DAC_1_Wave1Setup
 491              		.thumb
 492              		.thumb_func
 493              		.type	LF_DAC_1_Wave1Setup, %function
 494              	LF_DAC_1_Wave1Setup:
 495              	.LFB5:
 201:Generated_Source\PSoC5/LF_DAC_1.c **** 
 202:Generated_Source\PSoC5/LF_DAC_1.c **** 
 203:Generated_Source\PSoC5/LF_DAC_1.c **** /*******************************************************************************
 204:Generated_Source\PSoC5/LF_DAC_1.c **** * Function Name: LF_DAC_1_Wave1Setup
 205:Generated_Source\PSoC5/LF_DAC_1.c **** ********************************************************************************
 206:Generated_Source\PSoC5/LF_DAC_1.c **** *
 207:Generated_Source\PSoC5/LF_DAC_1.c **** * Summary:
 208:Generated_Source\PSoC5/LF_DAC_1.c **** *  Sets pointer and size for waveform 1.                                    
 209:Generated_Source\PSoC5/LF_DAC_1.c **** *
 210:Generated_Source\PSoC5/LF_DAC_1.c **** * Parameters:  
 211:Generated_Source\PSoC5/LF_DAC_1.c **** *  uint8 * WavePtr:     Pointer to the waveform array.
 212:Generated_Source\PSoC5/LF_DAC_1.c **** *  uint16  SampleSize:  The amount of samples in the waveform.
 213:Generated_Source\PSoC5/LF_DAC_1.c **** *
 214:Generated_Source\PSoC5/LF_DAC_1.c **** * Return: 
 215:Generated_Source\PSoC5/LF_DAC_1.c **** *  None 
 216:Generated_Source\PSoC5/LF_DAC_1.c **** *
 217:Generated_Source\PSoC5/LF_DAC_1.c **** *******************************************************************************/
 218:Generated_Source\PSoC5/LF_DAC_1.c **** void LF_DAC_1_Wave1Setup(const uint8 * wavePtr, uint16 sampleSize)
 219:Generated_Source\PSoC5/LF_DAC_1.c **** 
 220:Generated_Source\PSoC5/LF_DAC_1.c **** {
 496              		.loc 1 220 0
 497              		.cfi_startproc
 498              		@ args = 0, pretend = 0, frame = 8
 499              		@ frame_needed = 1, uses_anonymous_args = 0
 500 0000 80B5     		push	{r7, lr}
 501              		.cfi_def_cfa_offset 8
 502              		.cfi_offset 7, -8
 503              		.cfi_offset 14, -4
 504 0002 82B0     		sub	sp, sp, #8
 505              		.cfi_def_cfa_offset 16
 506 0004 00AF     		add	r7, sp, #0
 507              		.cfi_def_cfa_register 7
 508 0006 7860     		str	r0, [r7, #4]
 509 0008 0B46     		mov	r3, r1
 510 000a 7B80     		strh	r3, [r7, #2]	@ movhi
 221:Generated_Source\PSoC5/LF_DAC_1.c **** 	#if (CY_PSOC3)
 222:Generated_Source\PSoC5/LF_DAC_1.c **** 		uint16 memoryType; /* determining the source memory type */
 223:Generated_Source\PSoC5/LF_DAC_1.c **** 		memoryType = (LF_DAC_1_HI16FLASHPTR == HI16(wavePtr)) ? HI16(CYDEV_FLS_BASE) : HI16(CYDEV_SRAM_BA
 224:Generated_Source\PSoC5/LF_DAC_1.c **** 		
 225:Generated_Source\PSoC5/LF_DAC_1.c **** 		LF_DAC_1_Wave1Chan = LF_DAC_1_Wave1_DMA_DmaInitialize(
 226:Generated_Source\PSoC5/LF_DAC_1.c **** 		LF_DAC_1_Wave1_DMA_BYTES_PER_BURST, LF_DAC_1_Wave1_DMA_REQUEST_PER_BURST,
 227:Generated_Source\PSoC5/LF_DAC_1.c **** 		memoryType, HI16(CYDEV_PERIPH_BASE));
 228:Generated_Source\PSoC5/LF_DAC_1.c **** 	#else /* PSoC 5 */
 229:Generated_Source\PSoC5/LF_DAC_1.c **** 		LF_DAC_1_Wave1Chan = LF_DAC_1_Wave1_DMA_DmaInitialize(
 230:Generated_Source\PSoC5/LF_DAC_1.c **** 		LF_DAC_1_Wave1_DMA_BYTES_PER_BURST, LF_DAC_1_Wave1_DMA_REQUEST_PER_BURST,
 231:Generated_Source\PSoC5/LF_DAC_1.c **** 		HI16(wavePtr), HI16(LF_DAC_1_DAC8__D));
ARM GAS  C:\Users\riveraes\AppData\Local\Temp\cc41cjJj.s 			page 14


 511              		.loc 1 231 0
 512 000c 7B68     		ldr	r3, [r7, #4]
 513 000e 1B0C     		lsrs	r3, r3, #16
 229:Generated_Source\PSoC5/LF_DAC_1.c **** 		LF_DAC_1_Wave1_DMA_BYTES_PER_BURST, LF_DAC_1_Wave1_DMA_REQUEST_PER_BURST,
 514              		.loc 1 229 0
 515 0010 9AB2     		uxth	r2, r3
 516 0012 4FF48043 		mov	r3, #16384
 517 0016 0121     		movs	r1, #1
 518 0018 0120     		movs	r0, #1
 519 001a FFF7FEFF 		bl	LF_DAC_1_Wave1_DMA_DmaInitialize
 520 001e 0346     		mov	r3, r0
 521 0020 1A46     		mov	r2, r3
 522 0022 0F4B     		ldr	r3, .L16
 523 0024 1A70     		strb	r2, [r3]
 232:Generated_Source\PSoC5/LF_DAC_1.c **** 	#endif /* CY_PSOC3 */
 233:Generated_Source\PSoC5/LF_DAC_1.c **** 	
 234:Generated_Source\PSoC5/LF_DAC_1.c **** 	/*
 235:Generated_Source\PSoC5/LF_DAC_1.c **** 	* TD is looping on itself. 
 236:Generated_Source\PSoC5/LF_DAC_1.c ****     * Increment the source address, but not the destination address. 
 237:Generated_Source\PSoC5/LF_DAC_1.c **** 	*/
 238:Generated_Source\PSoC5/LF_DAC_1.c **** 	(void)CyDmaTdSetConfiguration(LF_DAC_1_Wave1TD, sampleSize, LF_DAC_1_Wave1TD, 
 524              		.loc 1 238 0
 525 0026 0F4B     		ldr	r3, .L16+4
 526 0028 1878     		ldrb	r0, [r3]	@ zero_extendqisi2
 527 002a 0E4B     		ldr	r3, .L16+4
 528 002c 1A78     		ldrb	r2, [r3]	@ zero_extendqisi2
 529 002e 7988     		ldrh	r1, [r7, #2]
 530 0030 0123     		movs	r3, #1
 531 0032 FFF7FEFF 		bl	CyDmaTdSetConfiguration
 239:Generated_Source\PSoC5/LF_DAC_1.c ****                                     (uint8)CY_DMA_TD_INC_SRC_ADR | (uint8)LF_DAC_1_Wave1_DMA__TD_TE
 240:Generated_Source\PSoC5/LF_DAC_1.c **** 	
 241:Generated_Source\PSoC5/LF_DAC_1.c **** 	/* Set the TD source and destination address */
 242:Generated_Source\PSoC5/LF_DAC_1.c **** 	(void)CyDmaTdSetAddress(LF_DAC_1_Wave1TD, LO16((uint32)wavePtr), LO16(LF_DAC_1_DAC8__D));
 532              		.loc 1 242 0
 533 0036 0B4B     		ldr	r3, .L16+4
 534 0038 1B78     		ldrb	r3, [r3]	@ zero_extendqisi2
 535 003a 7A68     		ldr	r2, [r7, #4]
 536 003c 91B2     		uxth	r1, r2
 537 003e 45F68332 		movw	r2, #23427
 538 0042 1846     		mov	r0, r3
 539 0044 FFF7FEFF 		bl	CyDmaTdSetAddress
 243:Generated_Source\PSoC5/LF_DAC_1.c **** 	
 244:Generated_Source\PSoC5/LF_DAC_1.c **** 	/* Associate the TD with the channel */
 245:Generated_Source\PSoC5/LF_DAC_1.c **** 	(void)CyDmaChSetInitialTd(LF_DAC_1_Wave1Chan, LF_DAC_1_Wave1TD);
 540              		.loc 1 245 0
 541 0048 054B     		ldr	r3, .L16
 542 004a 1A78     		ldrb	r2, [r3]	@ zero_extendqisi2
 543 004c 054B     		ldr	r3, .L16+4
 544 004e 1B78     		ldrb	r3, [r3]	@ zero_extendqisi2
 545 0050 1946     		mov	r1, r3
 546 0052 1046     		mov	r0, r2
 547 0054 FFF7FEFF 		bl	CyDmaChSetInitialTd
 246:Generated_Source\PSoC5/LF_DAC_1.c **** }
 548              		.loc 1 246 0
 549 0058 00BF     		nop
 550 005a 0837     		adds	r7, r7, #8
 551              		.cfi_def_cfa_offset 8
ARM GAS  C:\Users\riveraes\AppData\Local\Temp\cc41cjJj.s 			page 15


 552 005c BD46     		mov	sp, r7
 553              		.cfi_def_cfa_register 13
 554              		@ sp needed
 555 005e 80BD     		pop	{r7, pc}
 556              	.L17:
 557              		.align	2
 558              	.L16:
 559 0060 01000000 		.word	LF_DAC_1_Wave1Chan
 560 0064 03000000 		.word	LF_DAC_1_Wave1TD
 561              		.cfi_endproc
 562              	.LFE5:
 563              		.size	LF_DAC_1_Wave1Setup, .-LF_DAC_1_Wave1Setup
 564              		.section	.text.LF_DAC_1_Wave2Setup,"ax",%progbits
 565              		.align	2
 566              		.global	LF_DAC_1_Wave2Setup
 567              		.thumb
 568              		.thumb_func
 569              		.type	LF_DAC_1_Wave2Setup, %function
 570              	LF_DAC_1_Wave2Setup:
 571              	.LFB6:
 247:Generated_Source\PSoC5/LF_DAC_1.c **** 
 248:Generated_Source\PSoC5/LF_DAC_1.c **** 
 249:Generated_Source\PSoC5/LF_DAC_1.c **** /*******************************************************************************
 250:Generated_Source\PSoC5/LF_DAC_1.c **** * Function Name: LF_DAC_1_Wave2Setup
 251:Generated_Source\PSoC5/LF_DAC_1.c **** ********************************************************************************
 252:Generated_Source\PSoC5/LF_DAC_1.c **** *
 253:Generated_Source\PSoC5/LF_DAC_1.c **** * Summary:
 254:Generated_Source\PSoC5/LF_DAC_1.c **** *  Sets pointer and size for waveform 2.                                    
 255:Generated_Source\PSoC5/LF_DAC_1.c **** *
 256:Generated_Source\PSoC5/LF_DAC_1.c **** * Parameters:  
 257:Generated_Source\PSoC5/LF_DAC_1.c **** *  uint8 * WavePtr:     Pointer to the waveform array.
 258:Generated_Source\PSoC5/LF_DAC_1.c **** *  uint16  SampleSize:  The amount of samples in the waveform.
 259:Generated_Source\PSoC5/LF_DAC_1.c **** *
 260:Generated_Source\PSoC5/LF_DAC_1.c **** * Return: 
 261:Generated_Source\PSoC5/LF_DAC_1.c **** *  None
 262:Generated_Source\PSoC5/LF_DAC_1.c **** *
 263:Generated_Source\PSoC5/LF_DAC_1.c **** *******************************************************************************/
 264:Generated_Source\PSoC5/LF_DAC_1.c **** void LF_DAC_1_Wave2Setup(const uint8 * wavePtr, uint16 sampleSize)
 265:Generated_Source\PSoC5/LF_DAC_1.c ****  
 266:Generated_Source\PSoC5/LF_DAC_1.c **** {
 572              		.loc 1 266 0
 573              		.cfi_startproc
 574              		@ args = 0, pretend = 0, frame = 8
 575              		@ frame_needed = 1, uses_anonymous_args = 0
 576 0000 80B5     		push	{r7, lr}
 577              		.cfi_def_cfa_offset 8
 578              		.cfi_offset 7, -8
 579              		.cfi_offset 14, -4
 580 0002 82B0     		sub	sp, sp, #8
 581              		.cfi_def_cfa_offset 16
 582 0004 00AF     		add	r7, sp, #0
 583              		.cfi_def_cfa_register 7
 584 0006 7860     		str	r0, [r7, #4]
 585 0008 0B46     		mov	r3, r1
 586 000a 7B80     		strh	r3, [r7, #2]	@ movhi
 267:Generated_Source\PSoC5/LF_DAC_1.c **** 	#if (CY_PSOC3)
 268:Generated_Source\PSoC5/LF_DAC_1.c **** 		uint16 memoryType; /* determining the source memory type */
ARM GAS  C:\Users\riveraes\AppData\Local\Temp\cc41cjJj.s 			page 16


 269:Generated_Source\PSoC5/LF_DAC_1.c **** 		memoryType = (LF_DAC_1_HI16FLASHPTR == HI16(wavePtr)) ? HI16(CYDEV_FLS_BASE) : HI16(CYDEV_SRAM_BA
 270:Generated_Source\PSoC5/LF_DAC_1.c **** 			
 271:Generated_Source\PSoC5/LF_DAC_1.c **** 		LF_DAC_1_Wave2Chan = LF_DAC_1_Wave2_DMA_DmaInitialize(
 272:Generated_Source\PSoC5/LF_DAC_1.c **** 		LF_DAC_1_Wave2_DMA_BYTES_PER_BURST, LF_DAC_1_Wave2_DMA_REQUEST_PER_BURST,
 273:Generated_Source\PSoC5/LF_DAC_1.c **** 		memoryType, HI16(CYDEV_PERIPH_BASE));
 274:Generated_Source\PSoC5/LF_DAC_1.c **** 	#else /* PSoC 5 */
 275:Generated_Source\PSoC5/LF_DAC_1.c **** 		LF_DAC_1_Wave2Chan = LF_DAC_1_Wave2_DMA_DmaInitialize(
 276:Generated_Source\PSoC5/LF_DAC_1.c **** 		LF_DAC_1_Wave2_DMA_BYTES_PER_BURST, LF_DAC_1_Wave2_DMA_REQUEST_PER_BURST,
 277:Generated_Source\PSoC5/LF_DAC_1.c **** 		HI16(wavePtr), HI16(LF_DAC_1_DAC8__D));
 587              		.loc 1 277 0
 588 000c 7B68     		ldr	r3, [r7, #4]
 589 000e 1B0C     		lsrs	r3, r3, #16
 275:Generated_Source\PSoC5/LF_DAC_1.c **** 		LF_DAC_1_Wave2_DMA_BYTES_PER_BURST, LF_DAC_1_Wave2_DMA_REQUEST_PER_BURST,
 590              		.loc 1 275 0
 591 0010 9AB2     		uxth	r2, r3
 592 0012 4FF48043 		mov	r3, #16384
 593 0016 0121     		movs	r1, #1
 594 0018 0120     		movs	r0, #1
 595 001a FFF7FEFF 		bl	LF_DAC_1_Wave2_DMA_DmaInitialize
 596 001e 0346     		mov	r3, r0
 597 0020 1A46     		mov	r2, r3
 598 0022 0F4B     		ldr	r3, .L19
 599 0024 1A70     		strb	r2, [r3]
 278:Generated_Source\PSoC5/LF_DAC_1.c **** 	#endif /* CY_PSOC3 */
 279:Generated_Source\PSoC5/LF_DAC_1.c **** 	
 280:Generated_Source\PSoC5/LF_DAC_1.c **** 	/*
 281:Generated_Source\PSoC5/LF_DAC_1.c **** 	* TD is looping on itself. 
 282:Generated_Source\PSoC5/LF_DAC_1.c **** 	* Increment the source address, but not the destination address. 
 283:Generated_Source\PSoC5/LF_DAC_1.c **** 	*/
 284:Generated_Source\PSoC5/LF_DAC_1.c **** 	(void)CyDmaTdSetConfiguration(LF_DAC_1_Wave2TD, sampleSize, LF_DAC_1_Wave2TD, 
 600              		.loc 1 284 0
 601 0026 0F4B     		ldr	r3, .L19+4
 602 0028 1878     		ldrb	r0, [r3]	@ zero_extendqisi2
 603 002a 0E4B     		ldr	r3, .L19+4
 604 002c 1A78     		ldrb	r2, [r3]	@ zero_extendqisi2
 605 002e 7988     		ldrh	r1, [r7, #2]
 606 0030 0123     		movs	r3, #1
 607 0032 FFF7FEFF 		bl	CyDmaTdSetConfiguration
 285:Generated_Source\PSoC5/LF_DAC_1.c ****                                     (uint8)CY_DMA_TD_INC_SRC_ADR | (uint8)LF_DAC_1_Wave2_DMA__TD_TE
 286:Generated_Source\PSoC5/LF_DAC_1.c **** 	
 287:Generated_Source\PSoC5/LF_DAC_1.c **** 	/* Set the TD source and destination address */
 288:Generated_Source\PSoC5/LF_DAC_1.c **** 	(void)CyDmaTdSetAddress(LF_DAC_1_Wave2TD, LO16((uint32)wavePtr), LO16(LF_DAC_1_DAC8__D));
 608              		.loc 1 288 0
 609 0036 0B4B     		ldr	r3, .L19+4
 610 0038 1B78     		ldrb	r3, [r3]	@ zero_extendqisi2
 611 003a 7A68     		ldr	r2, [r7, #4]
 612 003c 91B2     		uxth	r1, r2
 613 003e 45F68332 		movw	r2, #23427
 614 0042 1846     		mov	r0, r3
 615 0044 FFF7FEFF 		bl	CyDmaTdSetAddress
 289:Generated_Source\PSoC5/LF_DAC_1.c **** 	
 290:Generated_Source\PSoC5/LF_DAC_1.c **** 	/* Associate the TD with the channel */
 291:Generated_Source\PSoC5/LF_DAC_1.c **** 	(void)CyDmaChSetInitialTd(LF_DAC_1_Wave2Chan, LF_DAC_1_Wave2TD);
 616              		.loc 1 291 0
 617 0048 054B     		ldr	r3, .L19
 618 004a 1A78     		ldrb	r2, [r3]	@ zero_extendqisi2
 619 004c 054B     		ldr	r3, .L19+4
ARM GAS  C:\Users\riveraes\AppData\Local\Temp\cc41cjJj.s 			page 17


 620 004e 1B78     		ldrb	r3, [r3]	@ zero_extendqisi2
 621 0050 1946     		mov	r1, r3
 622 0052 1046     		mov	r0, r2
 623 0054 FFF7FEFF 		bl	CyDmaChSetInitialTd
 292:Generated_Source\PSoC5/LF_DAC_1.c **** }
 624              		.loc 1 292 0
 625 0058 00BF     		nop
 626 005a 0837     		adds	r7, r7, #8
 627              		.cfi_def_cfa_offset 8
 628 005c BD46     		mov	sp, r7
 629              		.cfi_def_cfa_register 13
 630              		@ sp needed
 631 005e 80BD     		pop	{r7, pc}
 632              	.L20:
 633              		.align	2
 634              	.L19:
 635 0060 02000000 		.word	LF_DAC_1_Wave2Chan
 636 0064 04000000 		.word	LF_DAC_1_Wave2TD
 637              		.cfi_endproc
 638              	.LFE6:
 639              		.size	LF_DAC_1_Wave2Setup, .-LF_DAC_1_Wave2Setup
 640              		.text
 641              	.Letext0:
 642              		.file 2 "Generated_Source\\PSoC5\\cytypes.h"
 643              		.section	.debug_info,"",%progbits
 644              	.Ldebug_info0:
 645 0000 54020000 		.4byte	0x254
 646 0004 0400     		.2byte	0x4
 647 0006 00000000 		.4byte	.Ldebug_abbrev0
 648 000a 04       		.byte	0x4
 649 000b 01       		.uleb128 0x1
 650 000c 11000000 		.4byte	.LASF37
 651 0010 0C       		.byte	0xc
 652 0011 97020000 		.4byte	.LASF38
 653 0015 E7000000 		.4byte	.LASF39
 654 0019 00000000 		.4byte	.Ldebug_ranges0+0
 655 001d 00000000 		.4byte	0
 656 0021 00000000 		.4byte	.Ldebug_line0
 657 0025 02       		.uleb128 0x2
 658 0026 01       		.byte	0x1
 659 0027 06       		.byte	0x6
 660 0028 F8020000 		.4byte	.LASF0
 661 002c 02       		.uleb128 0x2
 662 002d 01       		.byte	0x1
 663 002e 08       		.byte	0x8
 664 002f CC010000 		.4byte	.LASF1
 665 0033 02       		.uleb128 0x2
 666 0034 02       		.byte	0x2
 667 0035 05       		.byte	0x5
 668 0036 6F020000 		.4byte	.LASF2
 669 003a 02       		.uleb128 0x2
 670 003b 02       		.byte	0x2
 671 003c 07       		.byte	0x7
 672 003d 9F000000 		.4byte	.LASF3
 673 0041 02       		.uleb128 0x2
 674 0042 04       		.byte	0x4
 675 0043 05       		.byte	0x5
ARM GAS  C:\Users\riveraes\AppData\Local\Temp\cc41cjJj.s 			page 18


 676 0044 CD020000 		.4byte	.LASF4
 677 0048 02       		.uleb128 0x2
 678 0049 04       		.byte	0x4
 679 004a 07       		.byte	0x7
 680 004b 94010000 		.4byte	.LASF5
 681 004f 02       		.uleb128 0x2
 682 0050 08       		.byte	0x8
 683 0051 05       		.byte	0x5
 684 0052 5C020000 		.4byte	.LASF6
 685 0056 02       		.uleb128 0x2
 686 0057 08       		.byte	0x8
 687 0058 07       		.byte	0x7
 688 0059 30020000 		.4byte	.LASF7
 689 005d 03       		.uleb128 0x3
 690 005e 04       		.byte	0x4
 691 005f 05       		.byte	0x5
 692 0060 696E7400 		.ascii	"int\000"
 693 0064 02       		.uleb128 0x2
 694 0065 04       		.byte	0x4
 695 0066 07       		.byte	0x7
 696 0067 12020000 		.4byte	.LASF8
 697 006b 04       		.uleb128 0x4
 698 006c AE010000 		.4byte	.LASF9
 699 0070 02       		.byte	0x2
 700 0071 9201     		.2byte	0x192
 701 0073 2C000000 		.4byte	0x2c
 702 0077 04       		.uleb128 0x4
 703 0078 04020000 		.4byte	.LASF10
 704 007c 02       		.byte	0x2
 705 007d 9301     		.2byte	0x193
 706 007f 3A000000 		.4byte	0x3a
 707 0083 04       		.uleb128 0x4
 708 0084 0B020000 		.4byte	.LASF11
 709 0088 02       		.byte	0x2
 710 0089 9401     		.2byte	0x194
 711 008b 48000000 		.4byte	0x48
 712 008f 02       		.uleb128 0x2
 713 0090 04       		.byte	0x4
 714 0091 04       		.byte	0x4
 715 0092 E1000000 		.4byte	.LASF12
 716 0096 02       		.uleb128 0x2
 717 0097 08       		.byte	0x8
 718 0098 04       		.byte	0x4
 719 0099 EA010000 		.4byte	.LASF13
 720 009d 02       		.uleb128 0x2
 721 009e 01       		.byte	0x1
 722 009f 08       		.byte	0x8
 723 00a0 6A020000 		.4byte	.LASF14
 724 00a4 02       		.uleb128 0x2
 725 00a5 08       		.byte	0x8
 726 00a6 04       		.byte	0x4
 727 00a7 47020000 		.4byte	.LASF15
 728 00ab 02       		.uleb128 0x2
 729 00ac 04       		.byte	0x4
 730 00ad 07       		.byte	0x7
 731 00ae 53020000 		.4byte	.LASF16
 732 00b2 05       		.uleb128 0x5
ARM GAS  C:\Users\riveraes\AppData\Local\Temp\cc41cjJj.s 			page 19


 733 00b3 D6020000 		.4byte	.LASF17
 734 00b7 01       		.byte	0x1
 735 00b8 2B       		.byte	0x2b
 736 00b9 00000000 		.4byte	.LFB0
 737 00bd 50000000 		.4byte	.LFE0-.LFB0
 738 00c1 01       		.uleb128 0x1
 739 00c2 9C       		.byte	0x9c
 740 00c3 05       		.uleb128 0x5
 741 00c4 DA010000 		.4byte	.LASF18
 742 00c8 01       		.byte	0x1
 743 00c9 56       		.byte	0x56
 744 00ca 00000000 		.4byte	.LFB1
 745 00ce 34000000 		.4byte	.LFE1-.LFB1
 746 00d2 01       		.uleb128 0x1
 747 00d3 9C       		.byte	0x9c
 748 00d4 05       		.uleb128 0x5
 749 00d5 B2000000 		.4byte	.LASF19
 750 00d9 01       		.byte	0x1
 751 00da 81       		.byte	0x81
 752 00db 00000000 		.4byte	.LFB2
 753 00df 24000000 		.4byte	.LFE2-.LFB2
 754 00e3 01       		.uleb128 0x1
 755 00e4 9C       		.byte	0x9c
 756 00e5 06       		.uleb128 0x6
 757 00e6 00000000 		.4byte	.LASF25
 758 00ea 01       		.byte	0x1
 759 00eb A3       		.byte	0xa3
 760 00ec 00000000 		.4byte	.LFB3
 761 00f0 34000000 		.4byte	.LFE3-.LFB3
 762 00f4 01       		.uleb128 0x1
 763 00f5 9C       		.byte	0x9c
 764 00f6 33010000 		.4byte	0x133
 765 00fa 07       		.uleb128 0x7
 766 00fb C1000000 		.4byte	.LASF20
 767 00ff 01       		.byte	0x1
 768 0100 A3       		.byte	0xa3
 769 0101 33010000 		.4byte	0x133
 770 0105 02       		.uleb128 0x2
 771 0106 91       		.byte	0x91
 772 0107 74       		.sleb128 -12
 773 0108 07       		.uleb128 0x7
 774 0109 B4010000 		.4byte	.LASF21
 775 010d 01       		.byte	0x1
 776 010e A3       		.byte	0xa3
 777 010f 77000000 		.4byte	0x77
 778 0113 02       		.uleb128 0x2
 779 0114 91       		.byte	0x91
 780 0115 72       		.sleb128 -14
 781 0116 07       		.uleb128 0x7
 782 0117 CA000000 		.4byte	.LASF22
 783 011b 01       		.byte	0x1
 784 011c A3       		.byte	0xa3
 785 011d 33010000 		.4byte	0x133
 786 0121 02       		.uleb128 0x2
 787 0122 91       		.byte	0x91
 788 0123 6C       		.sleb128 -20
 789 0124 07       		.uleb128 0x7
ARM GAS  C:\Users\riveraes\AppData\Local\Temp\cc41cjJj.s 			page 20


 790 0125 C0010000 		.4byte	.LASF23
 791 0129 01       		.byte	0x1
 792 012a A3       		.byte	0xa3
 793 012b 77000000 		.4byte	0x77
 794 012f 02       		.uleb128 0x2
 795 0130 91       		.byte	0x91
 796 0131 70       		.sleb128 -16
 797 0132 00       		.byte	0
 798 0133 08       		.uleb128 0x8
 799 0134 04       		.byte	0x4
 800 0135 39010000 		.4byte	0x139
 801 0139 09       		.uleb128 0x9
 802 013a 6B000000 		.4byte	0x6b
 803 013e 05       		.uleb128 0x5
 804 013f D3000000 		.4byte	.LASF24
 805 0143 01       		.byte	0x1
 806 0144 BB       		.byte	0xbb
 807 0145 00000000 		.4byte	.LFB4
 808 0149 28000000 		.4byte	.LFE4-.LFB4
 809 014d 01       		.uleb128 0x1
 810 014e 9C       		.byte	0x9c
 811 014f 06       		.uleb128 0x6
 812 0150 E4020000 		.4byte	.LASF26
 813 0154 01       		.byte	0x1
 814 0155 DA       		.byte	0xda
 815 0156 00000000 		.4byte	.LFB5
 816 015a 68000000 		.4byte	.LFE5-.LFB5
 817 015e 01       		.uleb128 0x1
 818 015f 9C       		.byte	0x9c
 819 0160 81010000 		.4byte	0x181
 820 0164 07       		.uleb128 0x7
 821 0165 A6010000 		.4byte	.LASF27
 822 0169 01       		.byte	0x1
 823 016a DA       		.byte	0xda
 824 016b 33010000 		.4byte	0x133
 825 016f 02       		.uleb128 0x2
 826 0170 91       		.byte	0x91
 827 0171 74       		.sleb128 -12
 828 0172 07       		.uleb128 0x7
 829 0173 78010000 		.4byte	.LASF28
 830 0177 01       		.byte	0x1
 831 0178 DA       		.byte	0xda
 832 0179 77000000 		.4byte	0x77
 833 017d 02       		.uleb128 0x2
 834 017e 91       		.byte	0x91
 835 017f 72       		.sleb128 -14
 836 0180 00       		.byte	0
 837 0181 0A       		.uleb128 0xa
 838 0182 B9020000 		.4byte	.LASF29
 839 0186 01       		.byte	0x1
 840 0187 0801     		.2byte	0x108
 841 0189 00000000 		.4byte	.LFB6
 842 018d 68000000 		.4byte	.LFE6-.LFB6
 843 0191 01       		.uleb128 0x1
 844 0192 9C       		.byte	0x9c
 845 0193 B6010000 		.4byte	0x1b6
 846 0197 0B       		.uleb128 0xb
ARM GAS  C:\Users\riveraes\AppData\Local\Temp\cc41cjJj.s 			page 21


 847 0198 A6010000 		.4byte	.LASF27
 848 019c 01       		.byte	0x1
 849 019d 0801     		.2byte	0x108
 850 019f 33010000 		.4byte	0x133
 851 01a3 02       		.uleb128 0x2
 852 01a4 91       		.byte	0x91
 853 01a5 74       		.sleb128 -12
 854 01a6 0B       		.uleb128 0xb
 855 01a7 78010000 		.4byte	.LASF28
 856 01ab 01       		.byte	0x1
 857 01ac 0801     		.2byte	0x108
 858 01ae 77000000 		.4byte	0x77
 859 01b2 02       		.uleb128 0x2
 860 01b3 91       		.byte	0x91
 861 01b4 72       		.sleb128 -14
 862 01b5 00       		.byte	0
 863 01b6 0C       		.uleb128 0xc
 864 01b7 F1010000 		.4byte	.LASF30
 865 01bb 01       		.byte	0x1
 866 01bc 17       		.byte	0x17
 867 01bd 6B000000 		.4byte	0x6b
 868 01c1 05       		.uleb128 0x5
 869 01c2 03       		.byte	0x3
 870 01c3 01000000 		.4byte	LF_DAC_1_Wave1Chan
 871 01c7 0C       		.uleb128 0xc
 872 01c8 15030000 		.4byte	.LASF31
 873 01cc 01       		.byte	0x1
 874 01cd 18       		.byte	0x18
 875 01ce 6B000000 		.4byte	0x6b
 876 01d2 05       		.uleb128 0x5
 877 01d3 03       		.byte	0x3
 878 01d4 02000000 		.4byte	LF_DAC_1_Wave2Chan
 879 01d8 0C       		.uleb128 0xc
 880 01d9 1F020000 		.4byte	.LASF32
 881 01dd 01       		.byte	0x1
 882 01de 19       		.byte	0x19
 883 01df 6B000000 		.4byte	0x6b
 884 01e3 05       		.uleb128 0x5
 885 01e4 03       		.byte	0x3
 886 01e5 03000000 		.4byte	LF_DAC_1_Wave1TD
 887 01e9 0C       		.uleb128 0xc
 888 01ea 04030000 		.4byte	.LASF33
 889 01ee 01       		.byte	0x1
 890 01ef 1A       		.byte	0x1a
 891 01f0 6B000000 		.4byte	0x6b
 892 01f4 05       		.uleb128 0x5
 893 01f5 03       		.byte	0x3
 894 01f6 04000000 		.4byte	LF_DAC_1_Wave2TD
 895 01fa 0D       		.uleb128 0xd
 896 01fb 83010000 		.4byte	.LASF34
 897 01ff 01       		.byte	0x1
 898 0200 12       		.byte	0x12
 899 0201 6B000000 		.4byte	0x6b
 900 0205 05       		.uleb128 0x5
 901 0206 03       		.byte	0x3
 902 0207 00000000 		.4byte	LF_DAC_1_initVar
 903 020b 0E       		.uleb128 0xe
ARM GAS  C:\Users\riveraes\AppData\Local\Temp\cc41cjJj.s 			page 22


 904 020c 39010000 		.4byte	0x139
 905 0210 1B020000 		.4byte	0x21b
 906 0214 0F       		.uleb128 0xf
 907 0215 AB000000 		.4byte	0xab
 908 0219 C7       		.byte	0xc7
 909 021a 00       		.byte	0
 910 021b 0D       		.uleb128 0xd
 911 021c 79020000 		.4byte	.LASF35
 912 0220 01       		.byte	0x1
 913 0221 14       		.byte	0x14
 914 0222 2C020000 		.4byte	0x22c
 915 0226 05       		.uleb128 0x5
 916 0227 03       		.byte	0x3
 917 0228 00000000 		.4byte	LF_DAC_1_wave1
 918 022c 09       		.uleb128 0x9
 919 022d 0B020000 		.4byte	0x20b
 920 0231 0E       		.uleb128 0xe
 921 0232 39010000 		.4byte	0x139
 922 0236 41020000 		.4byte	0x241
 923 023a 0F       		.uleb128 0xf
 924 023b AB000000 		.4byte	0xab
 925 023f 03       		.byte	0x3
 926 0240 00       		.byte	0
 927 0241 0D       		.uleb128 0xd
 928 0242 88020000 		.4byte	.LASF36
 929 0246 01       		.byte	0x1
 930 0247 15       		.byte	0x15
 931 0248 52020000 		.4byte	0x252
 932 024c 05       		.uleb128 0x5
 933 024d 03       		.byte	0x3
 934 024e 00000000 		.4byte	LF_DAC_1_wave2
 935 0252 09       		.uleb128 0x9
 936 0253 31020000 		.4byte	0x231
 937 0257 00       		.byte	0
 938              		.section	.debug_abbrev,"",%progbits
 939              	.Ldebug_abbrev0:
 940 0000 01       		.uleb128 0x1
 941 0001 11       		.uleb128 0x11
 942 0002 01       		.byte	0x1
 943 0003 25       		.uleb128 0x25
 944 0004 0E       		.uleb128 0xe
 945 0005 13       		.uleb128 0x13
 946 0006 0B       		.uleb128 0xb
 947 0007 03       		.uleb128 0x3
 948 0008 0E       		.uleb128 0xe
 949 0009 1B       		.uleb128 0x1b
 950 000a 0E       		.uleb128 0xe
 951 000b 55       		.uleb128 0x55
 952 000c 17       		.uleb128 0x17
 953 000d 11       		.uleb128 0x11
 954 000e 01       		.uleb128 0x1
 955 000f 10       		.uleb128 0x10
 956 0010 17       		.uleb128 0x17
 957 0011 00       		.byte	0
 958 0012 00       		.byte	0
 959 0013 02       		.uleb128 0x2
 960 0014 24       		.uleb128 0x24
ARM GAS  C:\Users\riveraes\AppData\Local\Temp\cc41cjJj.s 			page 23


 961 0015 00       		.byte	0
 962 0016 0B       		.uleb128 0xb
 963 0017 0B       		.uleb128 0xb
 964 0018 3E       		.uleb128 0x3e
 965 0019 0B       		.uleb128 0xb
 966 001a 03       		.uleb128 0x3
 967 001b 0E       		.uleb128 0xe
 968 001c 00       		.byte	0
 969 001d 00       		.byte	0
 970 001e 03       		.uleb128 0x3
 971 001f 24       		.uleb128 0x24
 972 0020 00       		.byte	0
 973 0021 0B       		.uleb128 0xb
 974 0022 0B       		.uleb128 0xb
 975 0023 3E       		.uleb128 0x3e
 976 0024 0B       		.uleb128 0xb
 977 0025 03       		.uleb128 0x3
 978 0026 08       		.uleb128 0x8
 979 0027 00       		.byte	0
 980 0028 00       		.byte	0
 981 0029 04       		.uleb128 0x4
 982 002a 16       		.uleb128 0x16
 983 002b 00       		.byte	0
 984 002c 03       		.uleb128 0x3
 985 002d 0E       		.uleb128 0xe
 986 002e 3A       		.uleb128 0x3a
 987 002f 0B       		.uleb128 0xb
 988 0030 3B       		.uleb128 0x3b
 989 0031 05       		.uleb128 0x5
 990 0032 49       		.uleb128 0x49
 991 0033 13       		.uleb128 0x13
 992 0034 00       		.byte	0
 993 0035 00       		.byte	0
 994 0036 05       		.uleb128 0x5
 995 0037 2E       		.uleb128 0x2e
 996 0038 00       		.byte	0
 997 0039 3F       		.uleb128 0x3f
 998 003a 19       		.uleb128 0x19
 999 003b 03       		.uleb128 0x3
 1000 003c 0E       		.uleb128 0xe
 1001 003d 3A       		.uleb128 0x3a
 1002 003e 0B       		.uleb128 0xb
 1003 003f 3B       		.uleb128 0x3b
 1004 0040 0B       		.uleb128 0xb
 1005 0041 27       		.uleb128 0x27
 1006 0042 19       		.uleb128 0x19
 1007 0043 11       		.uleb128 0x11
 1008 0044 01       		.uleb128 0x1
 1009 0045 12       		.uleb128 0x12
 1010 0046 06       		.uleb128 0x6
 1011 0047 40       		.uleb128 0x40
 1012 0048 18       		.uleb128 0x18
 1013 0049 9642     		.uleb128 0x2116
 1014 004b 19       		.uleb128 0x19
 1015 004c 00       		.byte	0
 1016 004d 00       		.byte	0
 1017 004e 06       		.uleb128 0x6
ARM GAS  C:\Users\riveraes\AppData\Local\Temp\cc41cjJj.s 			page 24


 1018 004f 2E       		.uleb128 0x2e
 1019 0050 01       		.byte	0x1
 1020 0051 3F       		.uleb128 0x3f
 1021 0052 19       		.uleb128 0x19
 1022 0053 03       		.uleb128 0x3
 1023 0054 0E       		.uleb128 0xe
 1024 0055 3A       		.uleb128 0x3a
 1025 0056 0B       		.uleb128 0xb
 1026 0057 3B       		.uleb128 0x3b
 1027 0058 0B       		.uleb128 0xb
 1028 0059 27       		.uleb128 0x27
 1029 005a 19       		.uleb128 0x19
 1030 005b 11       		.uleb128 0x11
 1031 005c 01       		.uleb128 0x1
 1032 005d 12       		.uleb128 0x12
 1033 005e 06       		.uleb128 0x6
 1034 005f 40       		.uleb128 0x40
 1035 0060 18       		.uleb128 0x18
 1036 0061 9642     		.uleb128 0x2116
 1037 0063 19       		.uleb128 0x19
 1038 0064 01       		.uleb128 0x1
 1039 0065 13       		.uleb128 0x13
 1040 0066 00       		.byte	0
 1041 0067 00       		.byte	0
 1042 0068 07       		.uleb128 0x7
 1043 0069 05       		.uleb128 0x5
 1044 006a 00       		.byte	0
 1045 006b 03       		.uleb128 0x3
 1046 006c 0E       		.uleb128 0xe
 1047 006d 3A       		.uleb128 0x3a
 1048 006e 0B       		.uleb128 0xb
 1049 006f 3B       		.uleb128 0x3b
 1050 0070 0B       		.uleb128 0xb
 1051 0071 49       		.uleb128 0x49
 1052 0072 13       		.uleb128 0x13
 1053 0073 02       		.uleb128 0x2
 1054 0074 18       		.uleb128 0x18
 1055 0075 00       		.byte	0
 1056 0076 00       		.byte	0
 1057 0077 08       		.uleb128 0x8
 1058 0078 0F       		.uleb128 0xf
 1059 0079 00       		.byte	0
 1060 007a 0B       		.uleb128 0xb
 1061 007b 0B       		.uleb128 0xb
 1062 007c 49       		.uleb128 0x49
 1063 007d 13       		.uleb128 0x13
 1064 007e 00       		.byte	0
 1065 007f 00       		.byte	0
 1066 0080 09       		.uleb128 0x9
 1067 0081 26       		.uleb128 0x26
 1068 0082 00       		.byte	0
 1069 0083 49       		.uleb128 0x49
 1070 0084 13       		.uleb128 0x13
 1071 0085 00       		.byte	0
 1072 0086 00       		.byte	0
 1073 0087 0A       		.uleb128 0xa
 1074 0088 2E       		.uleb128 0x2e
ARM GAS  C:\Users\riveraes\AppData\Local\Temp\cc41cjJj.s 			page 25


 1075 0089 01       		.byte	0x1
 1076 008a 3F       		.uleb128 0x3f
 1077 008b 19       		.uleb128 0x19
 1078 008c 03       		.uleb128 0x3
 1079 008d 0E       		.uleb128 0xe
 1080 008e 3A       		.uleb128 0x3a
 1081 008f 0B       		.uleb128 0xb
 1082 0090 3B       		.uleb128 0x3b
 1083 0091 05       		.uleb128 0x5
 1084 0092 27       		.uleb128 0x27
 1085 0093 19       		.uleb128 0x19
 1086 0094 11       		.uleb128 0x11
 1087 0095 01       		.uleb128 0x1
 1088 0096 12       		.uleb128 0x12
 1089 0097 06       		.uleb128 0x6
 1090 0098 40       		.uleb128 0x40
 1091 0099 18       		.uleb128 0x18
 1092 009a 9642     		.uleb128 0x2116
 1093 009c 19       		.uleb128 0x19
 1094 009d 01       		.uleb128 0x1
 1095 009e 13       		.uleb128 0x13
 1096 009f 00       		.byte	0
 1097 00a0 00       		.byte	0
 1098 00a1 0B       		.uleb128 0xb
 1099 00a2 05       		.uleb128 0x5
 1100 00a3 00       		.byte	0
 1101 00a4 03       		.uleb128 0x3
 1102 00a5 0E       		.uleb128 0xe
 1103 00a6 3A       		.uleb128 0x3a
 1104 00a7 0B       		.uleb128 0xb
 1105 00a8 3B       		.uleb128 0x3b
 1106 00a9 05       		.uleb128 0x5
 1107 00aa 49       		.uleb128 0x49
 1108 00ab 13       		.uleb128 0x13
 1109 00ac 02       		.uleb128 0x2
 1110 00ad 18       		.uleb128 0x18
 1111 00ae 00       		.byte	0
 1112 00af 00       		.byte	0
 1113 00b0 0C       		.uleb128 0xc
 1114 00b1 34       		.uleb128 0x34
 1115 00b2 00       		.byte	0
 1116 00b3 03       		.uleb128 0x3
 1117 00b4 0E       		.uleb128 0xe
 1118 00b5 3A       		.uleb128 0x3a
 1119 00b6 0B       		.uleb128 0xb
 1120 00b7 3B       		.uleb128 0x3b
 1121 00b8 0B       		.uleb128 0xb
 1122 00b9 49       		.uleb128 0x49
 1123 00ba 13       		.uleb128 0x13
 1124 00bb 02       		.uleb128 0x2
 1125 00bc 18       		.uleb128 0x18
 1126 00bd 00       		.byte	0
 1127 00be 00       		.byte	0
 1128 00bf 0D       		.uleb128 0xd
 1129 00c0 34       		.uleb128 0x34
 1130 00c1 00       		.byte	0
 1131 00c2 03       		.uleb128 0x3
ARM GAS  C:\Users\riveraes\AppData\Local\Temp\cc41cjJj.s 			page 26


 1132 00c3 0E       		.uleb128 0xe
 1133 00c4 3A       		.uleb128 0x3a
 1134 00c5 0B       		.uleb128 0xb
 1135 00c6 3B       		.uleb128 0x3b
 1136 00c7 0B       		.uleb128 0xb
 1137 00c8 49       		.uleb128 0x49
 1138 00c9 13       		.uleb128 0x13
 1139 00ca 3F       		.uleb128 0x3f
 1140 00cb 19       		.uleb128 0x19
 1141 00cc 02       		.uleb128 0x2
 1142 00cd 18       		.uleb128 0x18
 1143 00ce 00       		.byte	0
 1144 00cf 00       		.byte	0
 1145 00d0 0E       		.uleb128 0xe
 1146 00d1 01       		.uleb128 0x1
 1147 00d2 01       		.byte	0x1
 1148 00d3 49       		.uleb128 0x49
 1149 00d4 13       		.uleb128 0x13
 1150 00d5 01       		.uleb128 0x1
 1151 00d6 13       		.uleb128 0x13
 1152 00d7 00       		.byte	0
 1153 00d8 00       		.byte	0
 1154 00d9 0F       		.uleb128 0xf
 1155 00da 21       		.uleb128 0x21
 1156 00db 00       		.byte	0
 1157 00dc 49       		.uleb128 0x49
 1158 00dd 13       		.uleb128 0x13
 1159 00de 2F       		.uleb128 0x2f
 1160 00df 0B       		.uleb128 0xb
 1161 00e0 00       		.byte	0
 1162 00e1 00       		.byte	0
 1163 00e2 00       		.byte	0
 1164              		.section	.debug_aranges,"",%progbits
 1165 0000 4C000000 		.4byte	0x4c
 1166 0004 0200     		.2byte	0x2
 1167 0006 00000000 		.4byte	.Ldebug_info0
 1168 000a 04       		.byte	0x4
 1169 000b 00       		.byte	0
 1170 000c 0000     		.2byte	0
 1171 000e 0000     		.2byte	0
 1172 0010 00000000 		.4byte	.LFB0
 1173 0014 50000000 		.4byte	.LFE0-.LFB0
 1174 0018 00000000 		.4byte	.LFB1
 1175 001c 34000000 		.4byte	.LFE1-.LFB1
 1176 0020 00000000 		.4byte	.LFB2
 1177 0024 24000000 		.4byte	.LFE2-.LFB2
 1178 0028 00000000 		.4byte	.LFB3
 1179 002c 34000000 		.4byte	.LFE3-.LFB3
 1180 0030 00000000 		.4byte	.LFB4
 1181 0034 28000000 		.4byte	.LFE4-.LFB4
 1182 0038 00000000 		.4byte	.LFB5
 1183 003c 68000000 		.4byte	.LFE5-.LFB5
 1184 0040 00000000 		.4byte	.LFB6
 1185 0044 68000000 		.4byte	.LFE6-.LFB6
 1186 0048 00000000 		.4byte	0
 1187 004c 00000000 		.4byte	0
 1188              		.section	.debug_ranges,"",%progbits
ARM GAS  C:\Users\riveraes\AppData\Local\Temp\cc41cjJj.s 			page 27


 1189              	.Ldebug_ranges0:
 1190 0000 00000000 		.4byte	.LFB0
 1191 0004 50000000 		.4byte	.LFE0
 1192 0008 00000000 		.4byte	.LFB1
 1193 000c 34000000 		.4byte	.LFE1
 1194 0010 00000000 		.4byte	.LFB2
 1195 0014 24000000 		.4byte	.LFE2
 1196 0018 00000000 		.4byte	.LFB3
 1197 001c 34000000 		.4byte	.LFE3
 1198 0020 00000000 		.4byte	.LFB4
 1199 0024 28000000 		.4byte	.LFE4
 1200 0028 00000000 		.4byte	.LFB5
 1201 002c 68000000 		.4byte	.LFE5
 1202 0030 00000000 		.4byte	.LFB6
 1203 0034 68000000 		.4byte	.LFE6
 1204 0038 00000000 		.4byte	0
 1205 003c 00000000 		.4byte	0
 1206              		.section	.debug_line,"",%progbits
 1207              	.Ldebug_line0:
 1208 0000 EC000000 		.section	.debug_str,"MS",%progbits,1
 1208      02004500 
 1208      00000201 
 1208      FB0E0D00 
 1208      01010101 
 1209              	.LASF25:
 1210 0000 4C465F44 		.ascii	"LF_DAC_1_StartEx\000"
 1210      41435F31 
 1210      5F537461 
 1210      72744578 
 1210      00
 1211              	.LASF37:
 1212 0011 474E5520 		.ascii	"GNU C11 5.4.1 20160609 (release) [ARM/embedded-5-br"
 1212      43313120 
 1212      352E342E 
 1212      31203230 
 1212      31363036 
 1213 0044 616E6368 		.ascii	"anch revision 237715] -mcpu=cortex-m3 -mthumb -g -O"
 1213      20726576 
 1213      6973696F 
 1213      6E203233 
 1213      37373135 
 1214 0077 30202D66 		.ascii	"0 -ffunction-sections -ffat-lto-objects\000"
 1214      66756E63 
 1214      74696F6E 
 1214      2D736563 
 1214      74696F6E 
 1215              	.LASF3:
 1216 009f 73686F72 		.ascii	"short unsigned int\000"
 1216      7420756E 
 1216      7369676E 
 1216      65642069 
 1216      6E7400
 1217              	.LASF19:
 1218 00b2 4C465F44 		.ascii	"LF_DAC_1_Start\000"
 1218      41435F31 
 1218      5F537461 
 1218      727400
ARM GAS  C:\Users\riveraes\AppData\Local\Temp\cc41cjJj.s 			page 28


 1219              	.LASF20:
 1220 00c1 77617665 		.ascii	"wavePtr1\000"
 1220      50747231 
 1220      00
 1221              	.LASF22:
 1222 00ca 77617665 		.ascii	"wavePtr2\000"
 1222      50747232 
 1222      00
 1223              	.LASF24:
 1224 00d3 4C465F44 		.ascii	"LF_DAC_1_Stop\000"
 1224      41435F31 
 1224      5F53746F 
 1224      7000
 1225              	.LASF12:
 1226 00e1 666C6F61 		.ascii	"float\000"
 1226      7400
 1227              	.LASF39:
 1228 00e7 433A5C55 		.ascii	"C:\\Users\\riveraes\\Documents\\LaptopPublic\\Maest"
 1228      73657273 
 1228      5C726976 
 1228      65726165 
 1228      735C446F 
 1229 0115 7269615C 		.ascii	"ria\\MP6157_Adquisicion y procesamiento de datos\\D"
 1229      4D503631 
 1229      35375F41 
 1229      64717569 
 1229      73696369 
 1230 0146 75616C54 		.ascii	"ualToneMultiFrequency\\DTMF_Projects\\DTMF_RX.cydsn"
 1230      6F6E654D 
 1230      756C7469 
 1230      46726571 
 1230      75656E63 
 1231 0177 00       		.ascii	"\000"
 1232              	.LASF28:
 1233 0178 73616D70 		.ascii	"sampleSize\000"
 1233      6C655369 
 1233      7A6500
 1234              	.LASF34:
 1235 0183 4C465F44 		.ascii	"LF_DAC_1_initVar\000"
 1235      41435F31 
 1235      5F696E69 
 1235      74566172 
 1235      00
 1236              	.LASF5:
 1237 0194 6C6F6E67 		.ascii	"long unsigned int\000"
 1237      20756E73 
 1237      69676E65 
 1237      6420696E 
 1237      7400
 1238              	.LASF27:
 1239 01a6 77617665 		.ascii	"wavePtr\000"
 1239      50747200 
 1240              	.LASF9:
 1241 01ae 75696E74 		.ascii	"uint8\000"
 1241      3800
 1242              	.LASF21:
 1243 01b4 73616D70 		.ascii	"sampleSize1\000"
ARM GAS  C:\Users\riveraes\AppData\Local\Temp\cc41cjJj.s 			page 29


 1243      6C655369 
 1243      7A653100 
 1244              	.LASF23:
 1245 01c0 73616D70 		.ascii	"sampleSize2\000"
 1245      6C655369 
 1245      7A653200 
 1246              	.LASF1:
 1247 01cc 756E7369 		.ascii	"unsigned char\000"
 1247      676E6564 
 1247      20636861 
 1247      7200
 1248              	.LASF18:
 1249 01da 4C465F44 		.ascii	"LF_DAC_1_Enable\000"
 1249      41435F31 
 1249      5F456E61 
 1249      626C6500 
 1250              	.LASF13:
 1251 01ea 646F7562 		.ascii	"double\000"
 1251      6C6500
 1252              	.LASF30:
 1253 01f1 4C465F44 		.ascii	"LF_DAC_1_Wave1Chan\000"
 1253      41435F31 
 1253      5F576176 
 1253      65314368 
 1253      616E00
 1254              	.LASF10:
 1255 0204 75696E74 		.ascii	"uint16\000"
 1255      313600
 1256              	.LASF11:
 1257 020b 75696E74 		.ascii	"uint32\000"
 1257      333200
 1258              	.LASF8:
 1259 0212 756E7369 		.ascii	"unsigned int\000"
 1259      676E6564 
 1259      20696E74 
 1259      00
 1260              	.LASF32:
 1261 021f 4C465F44 		.ascii	"LF_DAC_1_Wave1TD\000"
 1261      41435F31 
 1261      5F576176 
 1261      65315444 
 1261      00
 1262              	.LASF7:
 1263 0230 6C6F6E67 		.ascii	"long long unsigned int\000"
 1263      206C6F6E 
 1263      6720756E 
 1263      7369676E 
 1263      65642069 
 1264              	.LASF15:
 1265 0247 6C6F6E67 		.ascii	"long double\000"
 1265      20646F75 
 1265      626C6500 
 1266              	.LASF16:
 1267 0253 73697A65 		.ascii	"sizetype\000"
 1267      74797065 
 1267      00
 1268              	.LASF6:
ARM GAS  C:\Users\riveraes\AppData\Local\Temp\cc41cjJj.s 			page 30


 1269 025c 6C6F6E67 		.ascii	"long long int\000"
 1269      206C6F6E 
 1269      6720696E 
 1269      7400
 1270              	.LASF14:
 1271 026a 63686172 		.ascii	"char\000"
 1271      00
 1272              	.LASF2:
 1273 026f 73686F72 		.ascii	"short int\000"
 1273      7420696E 
 1273      7400
 1274              	.LASF35:
 1275 0279 4C465F44 		.ascii	"LF_DAC_1_wave1\000"
 1275      41435F31 
 1275      5F776176 
 1275      653100
 1276              	.LASF36:
 1277 0288 4C465F44 		.ascii	"LF_DAC_1_wave2\000"
 1277      41435F31 
 1277      5F776176 
 1277      653200
 1278              	.LASF38:
 1279 0297 47656E65 		.ascii	"Generated_Source\\PSoC5\\LF_DAC_1.c\000"
 1279      72617465 
 1279      645F536F 
 1279      75726365 
 1279      5C50536F 
 1280              	.LASF29:
 1281 02b9 4C465F44 		.ascii	"LF_DAC_1_Wave2Setup\000"
 1281      41435F31 
 1281      5F576176 
 1281      65325365 
 1281      74757000 
 1282              	.LASF4:
 1283 02cd 6C6F6E67 		.ascii	"long int\000"
 1283      20696E74 
 1283      00
 1284              	.LASF17:
 1285 02d6 4C465F44 		.ascii	"LF_DAC_1_Init\000"
 1285      41435F31 
 1285      5F496E69 
 1285      7400
 1286              	.LASF26:
 1287 02e4 4C465F44 		.ascii	"LF_DAC_1_Wave1Setup\000"
 1287      41435F31 
 1287      5F576176 
 1287      65315365 
 1287      74757000 
 1288              	.LASF0:
 1289 02f8 7369676E 		.ascii	"signed char\000"
 1289      65642063 
 1289      68617200 
 1290              	.LASF33:
 1291 0304 4C465F44 		.ascii	"LF_DAC_1_Wave2TD\000"
 1291      41435F31 
 1291      5F576176 
 1291      65325444 
ARM GAS  C:\Users\riveraes\AppData\Local\Temp\cc41cjJj.s 			page 31


 1291      00
 1292              	.LASF31:
 1293 0315 4C465F44 		.ascii	"LF_DAC_1_Wave2Chan\000"
 1293      41435F31 
 1293      5F576176 
 1293      65324368 
 1293      616E00
 1294              		.ident	"GCC: (GNU Tools for ARM Embedded Processors) 5.4.1 20160609 (release) [ARM/embedded-5-bran
