ARM GAS  C:\Users\riveraes\AppData\Local\Temp\ccOzw1UR.s 			page 1


   1              		.syntax unified
   2              		.cpu cortex-m3
   3              		.fpu softvfp
   4              		.eabi_attribute 20, 1
   5              		.eabi_attribute 21, 1
   6              		.eabi_attribute 23, 3
   7              		.eabi_attribute 24, 1
   8              		.eabi_attribute 25, 1
   9              		.eabi_attribute 26, 1
  10              		.eabi_attribute 30, 6
  11              		.eabi_attribute 34, 1
  12              		.eabi_attribute 18, 4
  13              		.thumb
  14              		.syntax unified
  15              		.file	"WaveDAC8_PM.c"
  16              		.text
  17              	.Ltext0:
  18              		.cfi_sections	.debug_frame
  19              		.bss
  20              		.align	2
  21              	WaveDAC8_backup:
  22 0000 00       		.space	1
  23              		.section	.text.WaveDAC8_Sleep,"ax",%progbits
  24              		.align	2
  25              		.global	WaveDAC8_Sleep
  26              		.thumb
  27              		.thumb_func
  28              		.type	WaveDAC8_Sleep, %function
  29              	WaveDAC8_Sleep:
  30              	.LFB0:
  31              		.file 1 "Generated_Source\\PSoC5\\WaveDAC8_PM.c"
   1:Generated_Source\PSoC5/WaveDAC8_PM.c **** /*******************************************************************************
   2:Generated_Source\PSoC5/WaveDAC8_PM.c **** * File Name: WaveDAC8_PM.c  
   3:Generated_Source\PSoC5/WaveDAC8_PM.c **** * Version 2.10
   4:Generated_Source\PSoC5/WaveDAC8_PM.c **** *
   5:Generated_Source\PSoC5/WaveDAC8_PM.c **** * Description:
   6:Generated_Source\PSoC5/WaveDAC8_PM.c **** *  This file provides the power manager source code to the API for 
   7:Generated_Source\PSoC5/WaveDAC8_PM.c **** *  the WaveDAC8 component.
   8:Generated_Source\PSoC5/WaveDAC8_PM.c **** *
   9:Generated_Source\PSoC5/WaveDAC8_PM.c **** ********************************************************************************
  10:Generated_Source\PSoC5/WaveDAC8_PM.c **** * Copyright 2013, Cypress Semiconductor Corporation.  All rights reserved.
  11:Generated_Source\PSoC5/WaveDAC8_PM.c **** * You may use this file only in accordance with the license, terms, conditions, 
  12:Generated_Source\PSoC5/WaveDAC8_PM.c **** * disclaimers, and limitations in the end user license agreement accompanying 
  13:Generated_Source\PSoC5/WaveDAC8_PM.c **** * the software package with which this file was provided.
  14:Generated_Source\PSoC5/WaveDAC8_PM.c **** *******************************************************************************/
  15:Generated_Source\PSoC5/WaveDAC8_PM.c **** 
  16:Generated_Source\PSoC5/WaveDAC8_PM.c **** #include "WaveDAC8.h"
  17:Generated_Source\PSoC5/WaveDAC8_PM.c **** 
  18:Generated_Source\PSoC5/WaveDAC8_PM.c **** static WaveDAC8_BACKUP_STRUCT  WaveDAC8_backup;
  19:Generated_Source\PSoC5/WaveDAC8_PM.c **** 
  20:Generated_Source\PSoC5/WaveDAC8_PM.c **** 
  21:Generated_Source\PSoC5/WaveDAC8_PM.c **** /*******************************************************************************
  22:Generated_Source\PSoC5/WaveDAC8_PM.c **** * Function Name: WaveDAC8_Sleep
  23:Generated_Source\PSoC5/WaveDAC8_PM.c **** ********************************************************************************
  24:Generated_Source\PSoC5/WaveDAC8_PM.c **** *
  25:Generated_Source\PSoC5/WaveDAC8_PM.c **** * Summary:
  26:Generated_Source\PSoC5/WaveDAC8_PM.c **** *  Stops the component and saves its configuration. Should be called 
ARM GAS  C:\Users\riveraes\AppData\Local\Temp\ccOzw1UR.s 			page 2


  27:Generated_Source\PSoC5/WaveDAC8_PM.c **** *  just prior to entering sleep.
  28:Generated_Source\PSoC5/WaveDAC8_PM.c **** *  
  29:Generated_Source\PSoC5/WaveDAC8_PM.c **** * Parameters:  
  30:Generated_Source\PSoC5/WaveDAC8_PM.c **** *  None
  31:Generated_Source\PSoC5/WaveDAC8_PM.c **** *
  32:Generated_Source\PSoC5/WaveDAC8_PM.c **** * Return: 
  33:Generated_Source\PSoC5/WaveDAC8_PM.c **** *  None
  34:Generated_Source\PSoC5/WaveDAC8_PM.c **** *
  35:Generated_Source\PSoC5/WaveDAC8_PM.c **** * Global variables:
  36:Generated_Source\PSoC5/WaveDAC8_PM.c **** *  WaveDAC8_backup:  The structure field 'enableState' is modified 
  37:Generated_Source\PSoC5/WaveDAC8_PM.c **** *  depending on the enable state of the block before entering to sleep mode.
  38:Generated_Source\PSoC5/WaveDAC8_PM.c **** *
  39:Generated_Source\PSoC5/WaveDAC8_PM.c **** * Reentrant:
  40:Generated_Source\PSoC5/WaveDAC8_PM.c **** *  No
  41:Generated_Source\PSoC5/WaveDAC8_PM.c **** *
  42:Generated_Source\PSoC5/WaveDAC8_PM.c **** *******************************************************************************/
  43:Generated_Source\PSoC5/WaveDAC8_PM.c **** void WaveDAC8_Sleep(void) 
  44:Generated_Source\PSoC5/WaveDAC8_PM.c **** {
  32              		.loc 1 44 0
  33              		.cfi_startproc
  34              		@ args = 0, pretend = 0, frame = 0
  35              		@ frame_needed = 1, uses_anonymous_args = 0
  36 0000 80B5     		push	{r7, lr}
  37              		.cfi_def_cfa_offset 8
  38              		.cfi_offset 7, -8
  39              		.cfi_offset 14, -4
  40 0002 00AF     		add	r7, sp, #0
  41              		.cfi_def_cfa_register 7
  45:Generated_Source\PSoC5/WaveDAC8_PM.c **** 	/* Save DAC8's enable state */
  46:Generated_Source\PSoC5/WaveDAC8_PM.c **** 
  47:Generated_Source\PSoC5/WaveDAC8_PM.c **** 	WaveDAC8_backup.enableState = (WaveDAC8_VDAC8_ACT_PWR_EN == 
  48:Generated_Source\PSoC5/WaveDAC8_PM.c **** 		(WaveDAC8_VDAC8_PWRMGR_REG & WaveDAC8_VDAC8_ACT_PWR_EN)) ? 1u : 0u ;
  42              		.loc 1 48 0
  43 0004 084B     		ldr	r3, .L4
  44 0006 1B78     		ldrb	r3, [r3]
  45 0008 DBB2     		uxtb	r3, r3
  46 000a 03F00403 		and	r3, r3, #4
  47:Generated_Source\PSoC5/WaveDAC8_PM.c **** 		(WaveDAC8_VDAC8_PWRMGR_REG & WaveDAC8_VDAC8_ACT_PWR_EN)) ? 1u : 0u ;
  47              		.loc 1 47 0
  48 000e 002B     		cmp	r3, #0
  49 0010 01D0     		beq	.L2
  47:Generated_Source\PSoC5/WaveDAC8_PM.c **** 		(WaveDAC8_VDAC8_PWRMGR_REG & WaveDAC8_VDAC8_ACT_PWR_EN)) ? 1u : 0u ;
  50              		.loc 1 47 0 is_stmt 0 discriminator 1
  51 0012 0122     		movs	r2, #1
  52 0014 00E0     		b	.L3
  53              	.L2:
  47:Generated_Source\PSoC5/WaveDAC8_PM.c **** 		(WaveDAC8_VDAC8_PWRMGR_REG & WaveDAC8_VDAC8_ACT_PWR_EN)) ? 1u : 0u ;
  54              		.loc 1 47 0 discriminator 2
  55 0016 0022     		movs	r2, #0
  56              	.L3:
  47:Generated_Source\PSoC5/WaveDAC8_PM.c **** 		(WaveDAC8_VDAC8_PWRMGR_REG & WaveDAC8_VDAC8_ACT_PWR_EN)) ? 1u : 0u ;
  57              		.loc 1 47 0 discriminator 4
  58 0018 044B     		ldr	r3, .L4+4
  59 001a 1A70     		strb	r2, [r3]
  49:Generated_Source\PSoC5/WaveDAC8_PM.c **** 	
  50:Generated_Source\PSoC5/WaveDAC8_PM.c **** 	WaveDAC8_Stop();
  60              		.loc 1 50 0 is_stmt 1 discriminator 4
ARM GAS  C:\Users\riveraes\AppData\Local\Temp\ccOzw1UR.s 			page 3


  61 001c FFF7FEFF 		bl	WaveDAC8_Stop
  51:Generated_Source\PSoC5/WaveDAC8_PM.c **** 	WaveDAC8_SaveConfig();
  62              		.loc 1 51 0 discriminator 4
  63 0020 FFF7FEFF 		bl	WaveDAC8_VDAC8_SaveConfig
  52:Generated_Source\PSoC5/WaveDAC8_PM.c **** }
  64              		.loc 1 52 0 discriminator 4
  65 0024 00BF     		nop
  66 0026 80BD     		pop	{r7, pc}
  67              	.L5:
  68              		.align	2
  69              	.L4:
  70 0028 A8430040 		.word	1073759144
  71 002c 00000000 		.word	WaveDAC8_backup
  72              		.cfi_endproc
  73              	.LFE0:
  74              		.size	WaveDAC8_Sleep, .-WaveDAC8_Sleep
  75              		.section	.text.WaveDAC8_Wakeup,"ax",%progbits
  76              		.align	2
  77              		.global	WaveDAC8_Wakeup
  78              		.thumb
  79              		.thumb_func
  80              		.type	WaveDAC8_Wakeup, %function
  81              	WaveDAC8_Wakeup:
  82              	.LFB1:
  53:Generated_Source\PSoC5/WaveDAC8_PM.c **** 
  54:Generated_Source\PSoC5/WaveDAC8_PM.c **** 
  55:Generated_Source\PSoC5/WaveDAC8_PM.c **** /*******************************************************************************
  56:Generated_Source\PSoC5/WaveDAC8_PM.c **** * Function Name: WaveDAC8_Wakeup
  57:Generated_Source\PSoC5/WaveDAC8_PM.c **** ********************************************************************************
  58:Generated_Source\PSoC5/WaveDAC8_PM.c **** *
  59:Generated_Source\PSoC5/WaveDAC8_PM.c **** * Summary:
  60:Generated_Source\PSoC5/WaveDAC8_PM.c **** *  Restores the component configuration. Should be called
  61:Generated_Source\PSoC5/WaveDAC8_PM.c **** *  just after awaking from sleep.
  62:Generated_Source\PSoC5/WaveDAC8_PM.c **** *  
  63:Generated_Source\PSoC5/WaveDAC8_PM.c **** * Parameters:  
  64:Generated_Source\PSoC5/WaveDAC8_PM.c **** *  None
  65:Generated_Source\PSoC5/WaveDAC8_PM.c **** *
  66:Generated_Source\PSoC5/WaveDAC8_PM.c **** * Return: 
  67:Generated_Source\PSoC5/WaveDAC8_PM.c **** *  void
  68:Generated_Source\PSoC5/WaveDAC8_PM.c **** *
  69:Generated_Source\PSoC5/WaveDAC8_PM.c **** * Global variables:
  70:Generated_Source\PSoC5/WaveDAC8_PM.c **** *  WaveDAC8_backup:  The structure field 'enableState' is used to 
  71:Generated_Source\PSoC5/WaveDAC8_PM.c **** *  restore the enable state of block after wakeup from sleep mode.
  72:Generated_Source\PSoC5/WaveDAC8_PM.c **** *
  73:Generated_Source\PSoC5/WaveDAC8_PM.c **** * Reentrant:
  74:Generated_Source\PSoC5/WaveDAC8_PM.c **** *  No
  75:Generated_Source\PSoC5/WaveDAC8_PM.c **** *
  76:Generated_Source\PSoC5/WaveDAC8_PM.c **** *******************************************************************************/
  77:Generated_Source\PSoC5/WaveDAC8_PM.c **** void WaveDAC8_Wakeup(void) 
  78:Generated_Source\PSoC5/WaveDAC8_PM.c **** {
  83              		.loc 1 78 0
  84              		.cfi_startproc
  85              		@ args = 0, pretend = 0, frame = 0
  86              		@ frame_needed = 1, uses_anonymous_args = 0
  87 0000 80B5     		push	{r7, lr}
  88              		.cfi_def_cfa_offset 8
  89              		.cfi_offset 7, -8
ARM GAS  C:\Users\riveraes\AppData\Local\Temp\ccOzw1UR.s 			page 4


  90              		.cfi_offset 14, -4
  91 0002 00AF     		add	r7, sp, #0
  92              		.cfi_def_cfa_register 7
  79:Generated_Source\PSoC5/WaveDAC8_PM.c **** 	WaveDAC8_RestoreConfig();
  93              		.loc 1 79 0
  94 0004 FFF7FEFF 		bl	WaveDAC8_VDAC8_RestoreConfig
  80:Generated_Source\PSoC5/WaveDAC8_PM.c **** 
  81:Generated_Source\PSoC5/WaveDAC8_PM.c **** 	if(WaveDAC8_backup.enableState == 1u)
  95              		.loc 1 81 0
  96 0008 034B     		ldr	r3, .L9
  97 000a 1B78     		ldrb	r3, [r3]	@ zero_extendqisi2
  98 000c 012B     		cmp	r3, #1
  99 000e 01D1     		bne	.L8
  82:Generated_Source\PSoC5/WaveDAC8_PM.c **** 	{
  83:Generated_Source\PSoC5/WaveDAC8_PM.c **** 		WaveDAC8_Enable();
 100              		.loc 1 83 0
 101 0010 FFF7FEFF 		bl	WaveDAC8_Enable
 102              	.L8:
  84:Generated_Source\PSoC5/WaveDAC8_PM.c **** 	}
  85:Generated_Source\PSoC5/WaveDAC8_PM.c **** }
 103              		.loc 1 85 0
 104 0014 00BF     		nop
 105 0016 80BD     		pop	{r7, pc}
 106              	.L10:
 107              		.align	2
 108              	.L9:
 109 0018 00000000 		.word	WaveDAC8_backup
 110              		.cfi_endproc
 111              	.LFE1:
 112              		.size	WaveDAC8_Wakeup, .-WaveDAC8_Wakeup
 113              		.text
 114              	.Letext0:
 115              		.file 2 "Generated_Source\\PSoC5\\cytypes.h"
 116              		.file 3 "Generated_Source\\PSoC5\\WaveDAC8.h"
 117              		.section	.debug_info,"",%progbits
 118              	.Ldebug_info0:
 119 0000 FB000000 		.4byte	0xfb
 120 0004 0400     		.2byte	0x4
 121 0006 00000000 		.4byte	.Ldebug_abbrev0
 122 000a 04       		.byte	0x4
 123 000b 01       		.uleb128 0x1
 124 000c 02010000 		.4byte	.LASF19
 125 0010 0C       		.byte	0xc
 126 0011 90010000 		.4byte	.LASF20
 127 0015 37000000 		.4byte	.LASF21
 128 0019 00000000 		.4byte	.Ldebug_ranges0+0
 129 001d 00000000 		.4byte	0
 130 0021 00000000 		.4byte	.Ldebug_line0
 131 0025 02       		.uleb128 0x2
 132 0026 01       		.byte	0x1
 133 0027 06       		.byte	0x6
 134 0028 07020000 		.4byte	.LASF0
 135 002c 02       		.uleb128 0x2
 136 002d 01       		.byte	0x1
 137 002e 08       		.byte	0x8
 138 002f B5010000 		.4byte	.LASF1
 139 0033 02       		.uleb128 0x2
ARM GAS  C:\Users\riveraes\AppData\Local\Temp\ccOzw1UR.s 			page 5


 140 0034 02       		.byte	0x2
 141 0035 05       		.byte	0x5
 142 0036 D1010000 		.4byte	.LASF2
 143 003a 02       		.uleb128 0x2
 144 003b 02       		.byte	0x2
 145 003c 07       		.byte	0x7
 146 003d F4010000 		.4byte	.LASF3
 147 0041 02       		.uleb128 0x2
 148 0042 04       		.byte	0x4
 149 0043 05       		.byte	0x5
 150 0044 C8010000 		.4byte	.LASF4
 151 0048 02       		.uleb128 0x2
 152 0049 04       		.byte	0x4
 153 004a 07       		.byte	0x7
 154 004b DB010000 		.4byte	.LASF5
 155 004f 02       		.uleb128 0x2
 156 0050 08       		.byte	0x8
 157 0051 05       		.byte	0x5
 158 0052 00000000 		.4byte	.LASF6
 159 0056 02       		.uleb128 0x2
 160 0057 08       		.byte	0x8
 161 0058 07       		.byte	0x7
 162 0059 E5000000 		.4byte	.LASF7
 163 005d 03       		.uleb128 0x3
 164 005e 04       		.byte	0x4
 165 005f 05       		.byte	0x5
 166 0060 696E7400 		.ascii	"int\000"
 167 0064 02       		.uleb128 0x2
 168 0065 04       		.byte	0x4
 169 0066 07       		.byte	0x7
 170 0067 2A000000 		.4byte	.LASF8
 171 006b 04       		.uleb128 0x4
 172 006c CF000000 		.4byte	.LASF12
 173 0070 02       		.byte	0x2
 174 0071 9201     		.2byte	0x192
 175 0073 2C000000 		.4byte	0x2c
 176 0077 02       		.uleb128 0x2
 177 0078 04       		.byte	0x4
 178 0079 04       		.byte	0x4
 179 007a FC000000 		.4byte	.LASF9
 180 007e 02       		.uleb128 0x2
 181 007f 08       		.byte	0x8
 182 0080 04       		.byte	0x4
 183 0081 ED010000 		.4byte	.LASF10
 184 0085 02       		.uleb128 0x2
 185 0086 01       		.byte	0x1
 186 0087 08       		.byte	0x8
 187 0088 C3010000 		.4byte	.LASF11
 188 008c 04       		.uleb128 0x4
 189 008d 45020000 		.4byte	.LASF13
 190 0091 02       		.byte	0x2
 191 0092 3C02     		.2byte	0x23c
 192 0094 98000000 		.4byte	0x98
 193 0098 05       		.uleb128 0x5
 194 0099 6B000000 		.4byte	0x6b
 195 009d 02       		.uleb128 0x2
 196 009e 08       		.byte	0x8
ARM GAS  C:\Users\riveraes\AppData\Local\Temp\ccOzw1UR.s 			page 6


 197 009f 04       		.byte	0x4
 198 00a0 13020000 		.4byte	.LASF14
 199 00a4 02       		.uleb128 0x2
 200 00a5 04       		.byte	0x4
 201 00a6 07       		.byte	0x7
 202 00a7 4A020000 		.4byte	.LASF15
 203 00ab 06       		.uleb128 0x6
 204 00ac 01       		.byte	0x1
 205 00ad 03       		.byte	0x3
 206 00ae 5D       		.byte	0x5d
 207 00af C0000000 		.4byte	0xc0
 208 00b3 07       		.uleb128 0x7
 209 00b4 1E000000 		.4byte	.LASF22
 210 00b8 03       		.byte	0x3
 211 00b9 5F       		.byte	0x5f
 212 00ba 6B000000 		.4byte	0x6b
 213 00be 00       		.byte	0
 214 00bf 00       		.byte	0
 215 00c0 08       		.uleb128 0x8
 216 00c1 1F020000 		.4byte	.LASF16
 217 00c5 03       		.byte	0x3
 218 00c6 60       		.byte	0x60
 219 00c7 AB000000 		.4byte	0xab
 220 00cb 09       		.uleb128 0x9
 221 00cc 36020000 		.4byte	.LASF17
 222 00d0 01       		.byte	0x1
 223 00d1 2B       		.byte	0x2b
 224 00d2 00000000 		.4byte	.LFB0
 225 00d6 30000000 		.4byte	.LFE0-.LFB0
 226 00da 01       		.uleb128 0x1
 227 00db 9C       		.byte	0x9c
 228 00dc 09       		.uleb128 0x9
 229 00dd D5000000 		.4byte	.LASF18
 230 00e1 01       		.byte	0x1
 231 00e2 4D       		.byte	0x4d
 232 00e3 00000000 		.4byte	.LFB1
 233 00e7 1C000000 		.4byte	.LFE1-.LFB1
 234 00eb 01       		.uleb128 0x1
 235 00ec 9C       		.byte	0x9c
 236 00ed 0A       		.uleb128 0xa
 237 00ee 0E000000 		.4byte	.LASF23
 238 00f2 01       		.byte	0x1
 239 00f3 12       		.byte	0x12
 240 00f4 C0000000 		.4byte	0xc0
 241 00f8 05       		.uleb128 0x5
 242 00f9 03       		.byte	0x3
 243 00fa 00000000 		.4byte	WaveDAC8_backup
 244 00fe 00       		.byte	0
 245              		.section	.debug_abbrev,"",%progbits
 246              	.Ldebug_abbrev0:
 247 0000 01       		.uleb128 0x1
 248 0001 11       		.uleb128 0x11
 249 0002 01       		.byte	0x1
 250 0003 25       		.uleb128 0x25
 251 0004 0E       		.uleb128 0xe
 252 0005 13       		.uleb128 0x13
 253 0006 0B       		.uleb128 0xb
ARM GAS  C:\Users\riveraes\AppData\Local\Temp\ccOzw1UR.s 			page 7


 254 0007 03       		.uleb128 0x3
 255 0008 0E       		.uleb128 0xe
 256 0009 1B       		.uleb128 0x1b
 257 000a 0E       		.uleb128 0xe
 258 000b 55       		.uleb128 0x55
 259 000c 17       		.uleb128 0x17
 260 000d 11       		.uleb128 0x11
 261 000e 01       		.uleb128 0x1
 262 000f 10       		.uleb128 0x10
 263 0010 17       		.uleb128 0x17
 264 0011 00       		.byte	0
 265 0012 00       		.byte	0
 266 0013 02       		.uleb128 0x2
 267 0014 24       		.uleb128 0x24
 268 0015 00       		.byte	0
 269 0016 0B       		.uleb128 0xb
 270 0017 0B       		.uleb128 0xb
 271 0018 3E       		.uleb128 0x3e
 272 0019 0B       		.uleb128 0xb
 273 001a 03       		.uleb128 0x3
 274 001b 0E       		.uleb128 0xe
 275 001c 00       		.byte	0
 276 001d 00       		.byte	0
 277 001e 03       		.uleb128 0x3
 278 001f 24       		.uleb128 0x24
 279 0020 00       		.byte	0
 280 0021 0B       		.uleb128 0xb
 281 0022 0B       		.uleb128 0xb
 282 0023 3E       		.uleb128 0x3e
 283 0024 0B       		.uleb128 0xb
 284 0025 03       		.uleb128 0x3
 285 0026 08       		.uleb128 0x8
 286 0027 00       		.byte	0
 287 0028 00       		.byte	0
 288 0029 04       		.uleb128 0x4
 289 002a 16       		.uleb128 0x16
 290 002b 00       		.byte	0
 291 002c 03       		.uleb128 0x3
 292 002d 0E       		.uleb128 0xe
 293 002e 3A       		.uleb128 0x3a
 294 002f 0B       		.uleb128 0xb
 295 0030 3B       		.uleb128 0x3b
 296 0031 05       		.uleb128 0x5
 297 0032 49       		.uleb128 0x49
 298 0033 13       		.uleb128 0x13
 299 0034 00       		.byte	0
 300 0035 00       		.byte	0
 301 0036 05       		.uleb128 0x5
 302 0037 35       		.uleb128 0x35
 303 0038 00       		.byte	0
 304 0039 49       		.uleb128 0x49
 305 003a 13       		.uleb128 0x13
 306 003b 00       		.byte	0
 307 003c 00       		.byte	0
 308 003d 06       		.uleb128 0x6
 309 003e 13       		.uleb128 0x13
 310 003f 01       		.byte	0x1
ARM GAS  C:\Users\riveraes\AppData\Local\Temp\ccOzw1UR.s 			page 8


 311 0040 0B       		.uleb128 0xb
 312 0041 0B       		.uleb128 0xb
 313 0042 3A       		.uleb128 0x3a
 314 0043 0B       		.uleb128 0xb
 315 0044 3B       		.uleb128 0x3b
 316 0045 0B       		.uleb128 0xb
 317 0046 01       		.uleb128 0x1
 318 0047 13       		.uleb128 0x13
 319 0048 00       		.byte	0
 320 0049 00       		.byte	0
 321 004a 07       		.uleb128 0x7
 322 004b 0D       		.uleb128 0xd
 323 004c 00       		.byte	0
 324 004d 03       		.uleb128 0x3
 325 004e 0E       		.uleb128 0xe
 326 004f 3A       		.uleb128 0x3a
 327 0050 0B       		.uleb128 0xb
 328 0051 3B       		.uleb128 0x3b
 329 0052 0B       		.uleb128 0xb
 330 0053 49       		.uleb128 0x49
 331 0054 13       		.uleb128 0x13
 332 0055 38       		.uleb128 0x38
 333 0056 0B       		.uleb128 0xb
 334 0057 00       		.byte	0
 335 0058 00       		.byte	0
 336 0059 08       		.uleb128 0x8
 337 005a 16       		.uleb128 0x16
 338 005b 00       		.byte	0
 339 005c 03       		.uleb128 0x3
 340 005d 0E       		.uleb128 0xe
 341 005e 3A       		.uleb128 0x3a
 342 005f 0B       		.uleb128 0xb
 343 0060 3B       		.uleb128 0x3b
 344 0061 0B       		.uleb128 0xb
 345 0062 49       		.uleb128 0x49
 346 0063 13       		.uleb128 0x13
 347 0064 00       		.byte	0
 348 0065 00       		.byte	0
 349 0066 09       		.uleb128 0x9
 350 0067 2E       		.uleb128 0x2e
 351 0068 00       		.byte	0
 352 0069 3F       		.uleb128 0x3f
 353 006a 19       		.uleb128 0x19
 354 006b 03       		.uleb128 0x3
 355 006c 0E       		.uleb128 0xe
 356 006d 3A       		.uleb128 0x3a
 357 006e 0B       		.uleb128 0xb
 358 006f 3B       		.uleb128 0x3b
 359 0070 0B       		.uleb128 0xb
 360 0071 27       		.uleb128 0x27
 361 0072 19       		.uleb128 0x19
 362 0073 11       		.uleb128 0x11
 363 0074 01       		.uleb128 0x1
 364 0075 12       		.uleb128 0x12
 365 0076 06       		.uleb128 0x6
 366 0077 40       		.uleb128 0x40
 367 0078 18       		.uleb128 0x18
ARM GAS  C:\Users\riveraes\AppData\Local\Temp\ccOzw1UR.s 			page 9


 368 0079 9642     		.uleb128 0x2116
 369 007b 19       		.uleb128 0x19
 370 007c 00       		.byte	0
 371 007d 00       		.byte	0
 372 007e 0A       		.uleb128 0xa
 373 007f 34       		.uleb128 0x34
 374 0080 00       		.byte	0
 375 0081 03       		.uleb128 0x3
 376 0082 0E       		.uleb128 0xe
 377 0083 3A       		.uleb128 0x3a
 378 0084 0B       		.uleb128 0xb
 379 0085 3B       		.uleb128 0x3b
 380 0086 0B       		.uleb128 0xb
 381 0087 49       		.uleb128 0x49
 382 0088 13       		.uleb128 0x13
 383 0089 02       		.uleb128 0x2
 384 008a 18       		.uleb128 0x18
 385 008b 00       		.byte	0
 386 008c 00       		.byte	0
 387 008d 00       		.byte	0
 388              		.section	.debug_aranges,"",%progbits
 389 0000 24000000 		.4byte	0x24
 390 0004 0200     		.2byte	0x2
 391 0006 00000000 		.4byte	.Ldebug_info0
 392 000a 04       		.byte	0x4
 393 000b 00       		.byte	0
 394 000c 0000     		.2byte	0
 395 000e 0000     		.2byte	0
 396 0010 00000000 		.4byte	.LFB0
 397 0014 30000000 		.4byte	.LFE0-.LFB0
 398 0018 00000000 		.4byte	.LFB1
 399 001c 1C000000 		.4byte	.LFE1-.LFB1
 400 0020 00000000 		.4byte	0
 401 0024 00000000 		.4byte	0
 402              		.section	.debug_ranges,"",%progbits
 403              	.Ldebug_ranges0:
 404 0000 00000000 		.4byte	.LFB0
 405 0004 30000000 		.4byte	.LFE0
 406 0008 00000000 		.4byte	.LFB1
 407 000c 1C000000 		.4byte	.LFE1
 408 0010 00000000 		.4byte	0
 409 0014 00000000 		.4byte	0
 410              		.section	.debug_line,"",%progbits
 411              	.Ldebug_line0:
 412 0000 A1000000 		.section	.debug_str,"MS",%progbits,1
 412      02005600 
 412      00000201 
 412      FB0E0D00 
 412      01010101 
 413              	.LASF6:
 414 0000 6C6F6E67 		.ascii	"long long int\000"
 414      206C6F6E 
 414      6720696E 
 414      7400
 415              	.LASF23:
 416 000e 57617665 		.ascii	"WaveDAC8_backup\000"
 416      44414338 
ARM GAS  C:\Users\riveraes\AppData\Local\Temp\ccOzw1UR.s 			page 10


 416      5F626163 
 416      6B757000 
 417              	.LASF22:
 418 001e 656E6162 		.ascii	"enableState\000"
 418      6C655374 
 418      61746500 
 419              	.LASF8:
 420 002a 756E7369 		.ascii	"unsigned int\000"
 420      676E6564 
 420      20696E74 
 420      00
 421              	.LASF21:
 422 0037 433A5C55 		.ascii	"C:\\Users\\riveraes\\Documents\\LaptopPublic\\Maest"
 422      73657273 
 422      5C726976 
 422      65726165 
 422      735C446F 
 423 0065 7269615C 		.ascii	"ria\\MP6157_Adquisicion y procesamiento de datos\\P"
 423      4D503631 
 423      35375F41 
 423      64717569 
 423      73696369 
 424 0096 726F7965 		.ascii	"royecto1\\CE95277 ADC and UART\\CE95277 ADC and UAR"
 424      63746F31 
 424      5C434539 
 424      35323737 
 424      20414443 
 425 00c7 542E6379 		.ascii	"T.cydsn\000"
 425      64736E00 
 426              	.LASF12:
 427 00cf 75696E74 		.ascii	"uint8\000"
 427      3800
 428              	.LASF18:
 429 00d5 57617665 		.ascii	"WaveDAC8_Wakeup\000"
 429      44414338 
 429      5F57616B 
 429      65757000 
 430              	.LASF7:
 431 00e5 6C6F6E67 		.ascii	"long long unsigned int\000"
 431      206C6F6E 
 431      6720756E 
 431      7369676E 
 431      65642069 
 432              	.LASF9:
 433 00fc 666C6F61 		.ascii	"float\000"
 433      7400
 434              	.LASF19:
 435 0102 474E5520 		.ascii	"GNU C11 5.4.1 20160609 (release) [ARM/embedded-5-br"
 435      43313120 
 435      352E342E 
 435      31203230 
 435      31363036 
 436 0135 616E6368 		.ascii	"anch revision 237715] -mcpu=cortex-m3 -mthumb -g -O"
 436      20726576 
 436      6973696F 
 436      6E203233 
 436      37373135 
ARM GAS  C:\Users\riveraes\AppData\Local\Temp\ccOzw1UR.s 			page 11


 437 0168 30202D66 		.ascii	"0 -ffunction-sections -ffat-lto-objects\000"
 437      66756E63 
 437      74696F6E 
 437      2D736563 
 437      74696F6E 
 438              	.LASF20:
 439 0190 47656E65 		.ascii	"Generated_Source\\PSoC5\\WaveDAC8_PM.c\000"
 439      72617465 
 439      645F536F 
 439      75726365 
 439      5C50536F 
 440              	.LASF1:
 441 01b5 756E7369 		.ascii	"unsigned char\000"
 441      676E6564 
 441      20636861 
 441      7200
 442              	.LASF11:
 443 01c3 63686172 		.ascii	"char\000"
 443      00
 444              	.LASF4:
 445 01c8 6C6F6E67 		.ascii	"long int\000"
 445      20696E74 
 445      00
 446              	.LASF2:
 447 01d1 73686F72 		.ascii	"short int\000"
 447      7420696E 
 447      7400
 448              	.LASF5:
 449 01db 6C6F6E67 		.ascii	"long unsigned int\000"
 449      20756E73 
 449      69676E65 
 449      6420696E 
 449      7400
 450              	.LASF10:
 451 01ed 646F7562 		.ascii	"double\000"
 451      6C6500
 452              	.LASF3:
 453 01f4 73686F72 		.ascii	"short unsigned int\000"
 453      7420756E 
 453      7369676E 
 453      65642069 
 453      6E7400
 454              	.LASF0:
 455 0207 7369676E 		.ascii	"signed char\000"
 455      65642063 
 455      68617200 
 456              	.LASF14:
 457 0213 6C6F6E67 		.ascii	"long double\000"
 457      20646F75 
 457      626C6500 
 458              	.LASF16:
 459 021f 57617665 		.ascii	"WaveDAC8_BACKUP_STRUCT\000"
 459      44414338 
 459      5F424143 
 459      4B55505F 
 459      53545255 
 460              	.LASF17:
ARM GAS  C:\Users\riveraes\AppData\Local\Temp\ccOzw1UR.s 			page 12


 461 0236 57617665 		.ascii	"WaveDAC8_Sleep\000"
 461      44414338 
 461      5F536C65 
 461      657000
 462              	.LASF13:
 463 0245 72656738 		.ascii	"reg8\000"
 463      00
 464              	.LASF15:
 465 024a 73697A65 		.ascii	"sizetype\000"
 465      74797065 
 465      00
 466              		.ident	"GCC: (GNU Tools for ARM Embedded Processors) 5.4.1 20160609 (release) [ARM/embedded-5-bran
