--------------- Rebuild Started: 03/05/2018 18:33:48 Project: DTMF_TX, Configuration: ARM GCC 5.4-2016-q2-update Debug ---------------
Deleting file ".\ARM_GCC_541\Debug\main.o"
Deleting file ".\ARM_GCC_541\Debug\cyfitter_cfg.o"
Deleting file ".\ARM_GCC_541\Debug\cymetadata.o"
Deleting file ".\ARM_GCC_541\Debug\ADC_DelSig_1.o"
Deleting file ".\ARM_GCC_541\Debug\ADC_DelSig_1_PM.o"
Deleting file ".\ARM_GCC_541\Debug\ADC_DelSig_1_INT.o"
Deleting file ".\ARM_GCC_541\Debug\ADC_DelSig_1_AMux.o"
Deleting file ".\ARM_GCC_541\Debug\ADC_DelSig_1_Ext_CP_Clk.o"
Deleting file ".\ARM_GCC_541\Debug\ADC_DelSig_1_IRQ.o"
Deleting file ".\ARM_GCC_541\Debug\ADC_DelSig_1_theACLK.o"
Deleting file ".\ARM_GCC_541\Debug\Cm3Start.o"
Deleting file ".\ARM_GCC_541\Debug\CyBootAsmGnu.o"
Deleting file ".\ARM_GCC_541\Debug\CyDmac.o"
Deleting file ".\ARM_GCC_541\Debug\CyFlash.o"
Deleting file ".\ARM_GCC_541\Debug\CyLib.o"
Deleting file ".\ARM_GCC_541\Debug\cyPm.o"
Deleting file ".\ARM_GCC_541\Debug\CySpc.o"
Deleting file ".\ARM_GCC_541\Debug\cyutils.o"
Deleting file ".\ARM_GCC_541\Debug\UART_1.o"
Deleting file ".\ARM_GCC_541\Debug\UART_1_PM.o"
Deleting file ".\ARM_GCC_541\Debug\UART_1_INT.o"
Deleting file ".\ARM_GCC_541\Debug\UART_1_BOOT.o"
Deleting file ".\ARM_GCC_541\Debug\UART_1_IntClock.o"
Deleting file ".\ARM_GCC_541\Debug\Timer.o"
Deleting file ".\ARM_GCC_541\Debug\Timer_PM.o"
Deleting file ".\ARM_GCC_541\Debug\isr.o"
Deleting file ".\ARM_GCC_541\Debug\Clock_1.o"
Deleting file ".\ARM_GCC_541\Debug\HF_SW1.o"
Deleting file ".\ARM_GCC_541\Debug\LF_SW1.o"
Deleting file ".\ARM_GCC_541\Debug\HF_DAC_1.o"
Deleting file ".\ARM_GCC_541\Debug\HF_DAC_1_PM.o"
Deleting file ".\ARM_GCC_541\Debug\LF_DAC_1.o"
Deleting file ".\ARM_GCC_541\Debug\LF_DAC_1_PM.o"
Deleting file ".\ARM_GCC_541\Debug\HF_DAC_1_Wave1_DMA_dma.o"
Deleting file ".\ARM_GCC_541\Debug\HF_DAC_1_Wave2_DMA_dma.o"
Deleting file ".\ARM_GCC_541\Debug\HF_DAC_1_VDAC8.o"
Deleting file ".\ARM_GCC_541\Debug\HF_DAC_1_VDAC8_PM.o"
Deleting file ".\ARM_GCC_541\Debug\LF_DAC_1_Wave1_DMA_dma.o"
Deleting file ".\ARM_GCC_541\Debug\LF_DAC_1_Wave2_DMA_dma.o"
Deleting file ".\ARM_GCC_541\Debug\LF_DAC_1_VDAC8.o"
Deleting file ".\ARM_GCC_541\Debug\LF_DAC_1_VDAC8_PM.o"
Deleting file ".\ARM_GCC_541\Debug\TX_Output.o"
Deleting file ".\ARM_GCC_541\Debug\LED.o"
Deleting file ".\ARM_GCC_541\Debug\HF_DAC_CLK.o"
Deleting file ".\ARM_GCC_541\Debug\LF_DAC_CLK.o"
Deleting file ".\ARM_GCC_541\Debug\Blue_LED.o"
Deleting file ".\ARM_GCC_541\Debug\DTMF_TX.hex"
Deleting file ".\ARM_GCC_541\Debug\DTMF_TX.elf"
Deleting file ".\ARM_GCC_541\Debug\DTMF_TX.map"
Deleting file ".\DTMF_TX.cycdx"
Deleting file ".\DTMF_TX.svd"
Deleting file ".\DTMF_TX.rpt"
Deleting file ".\DTMF_TX_timing.html"
Deleting file ".\ARM_GCC_541\Debug\.deps\SOURCE_C__ARM_GCC_GENERIC.P"
Deleting file ".\ARM_GCC_541\Debug\.deps\SOURCE_ASM__ARM_GCC_GENERIC.P"
cydsfit.exe -.appdatapath "C:\Users\riveraes\AppData\Local\Cypress Semiconductor\PSoC Creator\4.1" -.fdsnotice -.fdswarpdepfile=warp_dependencies.txt -.fdselabdepfile=elab_dependencies.txt -.fdsbldfile=generated_files.txt -.fdsreffile=referenced_files.txt -p "C:\Users\riveraes\Documents\LaptopPublic\Maestria\MP6157_Adquisicion y procesamiento de datos\DualToneMultiFrequency\DTMF_Projects\DTMF_TX.cydsn\DTMF_TX.cyprj" -d CY8C5888LTI-LP097 -s "C:\Users\riveraes\Documents\LaptopPublic\Maestria\MP6157_Adquisicion y procesamiento de datos\DualToneMultiFrequency\DTMF_Projects\DTMF_TX.cydsn\Generated_Source\PSoC5" -- -yv2 -q10 -ygs -o2 -v3 -.fftcfgtype=LE
Elaborating Design...
HDL Generation...
Synthesis...
Tech Mapping...
ADD: pft.M0040: information: The following 3 pin(s) will be assigned a location by the fitter: Blue_LED(0), HF_SW1(0), LF_SW1(0)
Analog Placement...
Info: apr.M0002: Analog signal "\ADC_DelSig_1:Net_35\" is connected to one terminal only. (App=cydsfit)
Log: apr.M0058: The analog placement iterative improvement is 42% done. (App=cydsfit)
Log: apr.M0058: The analog placement iterative improvement is 65% done. (App=cydsfit)
Log: apr.M0058: The analog placement iterative improvement is 90% done. (App=cydsfit)
Analog Routing...
Analog Code Generation...
Digital Placement...
Digital Routing...
Bitstream Generation...
Bitstream Verification...
Static timing analysis...
API Generation...
Dependency Generation...
Cleanup...
arm-none-eabi-gcc.exe -mcpu=cortex-m3 -mthumb -I. -IGenerated_Source\PSoC5 -Wa,-alh=.\ARM_GCC_541\Debug/main.lst -g -ffunction-sections -ffat-lto-objects -O0 -c main.c -o .\ARM_GCC_541\Debug\main.o
arm-none-eabi-gcc.exe -mcpu=cortex-m3 -mthumb -I. -IGenerated_Source\PSoC5 -Wa,-alh=.\ARM_GCC_541\Debug/cyfitter_cfg.lst -g -ffunction-sections -ffat-lto-objects -O0 -c Generated_Source\PSoC5\cyfitter_cfg.c -o .\ARM_GCC_541\Debug\cyfitter_cfg.o
arm-none-eabi-gcc.exe -mcpu=cortex-m3 -mthumb -I. -IGenerated_Source\PSoC5 -Wa,-alh=.\ARM_GCC_541\Debug/cymetadata.lst -g -ffunction-sections -ffat-lto-objects -O0 -c Generated_Source\PSoC5\cymetadata.c -o .\ARM_GCC_541\Debug\cymetadata.o
arm-none-eabi-gcc.exe -mcpu=cortex-m3 -mthumb -I. -IGenerated_Source\PSoC5 -Wa,-alh=.\ARM_GCC_541\Debug/ADC_DelSig_1.lst -g -ffunction-sections -ffat-lto-objects -O0 -c Generated_Source\PSoC5\ADC_DelSig_1.c -o .\ARM_GCC_541\Debug\ADC_DelSig_1.o
arm-none-eabi-gcc.exe -mcpu=cortex-m3 -mthumb -I. -IGenerated_Source\PSoC5 -Wa,-alh=.\ARM_GCC_541\Debug/ADC_DelSig_1_PM.lst -g -ffunction-sections -ffat-lto-objects -O0 -c Generated_Source\PSoC5\ADC_DelSig_1_PM.c -o .\ARM_GCC_541\Debug\ADC_DelSig_1_PM.o
arm-none-eabi-gcc.exe -mcpu=cortex-m3 -mthumb -I. -IGenerated_Source\PSoC5 -Wa,-alh=.\ARM_GCC_541\Debug/ADC_DelSig_1_INT.lst -g -ffunction-sections -ffat-lto-objects -O0 -c Generated_Source\PSoC5\ADC_DelSig_1_INT.c -o .\ARM_GCC_541\Debug\ADC_DelSig_1_INT.o
arm-none-eabi-gcc.exe -mcpu=cortex-m3 -mthumb -I. -IGenerated_Source\PSoC5 -Wa,-alh=.\ARM_GCC_541\Debug/ADC_DelSig_1_AMux.lst -g -ffunction-sections -ffat-lto-objects -O0 -c Generated_Source\PSoC5\ADC_DelSig_1_AMux.c -o .\ARM_GCC_541\Debug\ADC_DelSig_1_AMux.o
arm-none-eabi-gcc.exe -mcpu=cortex-m3 -mthumb -I. -IGenerated_Source\PSoC5 -Wa,-alh=.\ARM_GCC_541\Debug/ADC_DelSig_1_Ext_CP_Clk.lst -g -ffunction-sections -ffat-lto-objects -O0 -c Generated_Source\PSoC5\ADC_DelSig_1_Ext_CP_Clk.c -o .\ARM_GCC_541\Debug\ADC_DelSig_1_Ext_CP_Clk.o
arm-none-eabi-gcc.exe -mcpu=cortex-m3 -mthumb -I. -IGenerated_Source\PSoC5 -Wa,-alh=.\ARM_GCC_541\Debug/ADC_DelSig_1_IRQ.lst -g -ffunction-sections -ffat-lto-objects -O0 -c Generated_Source\PSoC5\ADC_DelSig_1_IRQ.c -o .\ARM_GCC_541\Debug\ADC_DelSig_1_IRQ.o
arm-none-eabi-gcc.exe -mcpu=cortex-m3 -mthumb -I. -IGenerated_Source\PSoC5 -Wa,-alh=.\ARM_GCC_541\Debug/ADC_DelSig_1_theACLK.lst -g -ffunction-sections -ffat-lto-objects -O0 -c Generated_Source\PSoC5\ADC_DelSig_1_theACLK.c -o .\ARM_GCC_541\Debug\ADC_DelSig_1_theACLK.o
arm-none-eabi-gcc.exe -mcpu=cortex-m3 -mthumb -I. -IGenerated_Source\PSoC5 -Wa,-alh=.\ARM_GCC_541\Debug/Cm3Start.lst -g -ffunction-sections -ffat-lto-objects -O0 -c Generated_Source\PSoC5\Cm3Start.c -o .\ARM_GCC_541\Debug\Cm3Start.o
arm-none-eabi-gcc.exe -mcpu=cortex-m3 -mthumb -I. -IGenerated_Source\PSoC5 -Wa,-alh=.\ARM_GCC_541\Debug/CyDmac.lst -g -ffunction-sections -ffat-lto-objects -O0 -c Generated_Source\PSoC5\CyDmac.c -o .\ARM_GCC_541\Debug\CyDmac.o
arm-none-eabi-gcc.exe -mcpu=cortex-m3 -mthumb -I. -IGenerated_Source\PSoC5 -Wa,-alh=.\ARM_GCC_541\Debug/CyFlash.lst -g -ffunction-sections -ffat-lto-objects -O0 -c Generated_Source\PSoC5\CyFlash.c -o .\ARM_GCC_541\Debug\CyFlash.o
arm-none-eabi-gcc.exe -mcpu=cortex-m3 -mthumb -I. -IGenerated_Source\PSoC5 -Wa,-alh=.\ARM_GCC_541\Debug/CyLib.lst -g -ffunction-sections -ffat-lto-objects -O0 -c Generated_Source\PSoC5\CyLib.c -o .\ARM_GCC_541\Debug\CyLib.o
arm-none-eabi-gcc.exe -mcpu=cortex-m3 -mthumb -I. -IGenerated_Source\PSoC5 -Wa,-alh=.\ARM_GCC_541\Debug/cyPm.lst -g -ffunction-sections -ffat-lto-objects -O0 -c Generated_Source\PSoC5\cyPm.c -o .\ARM_GCC_541\Debug\cyPm.o
arm-none-eabi-gcc.exe -mcpu=cortex-m3 -mthumb -I. -IGenerated_Source\PSoC5 -Wa,-alh=.\ARM_GCC_541\Debug/CySpc.lst -g -ffunction-sections -ffat-lto-objects -O0 -c Generated_Source\PSoC5\CySpc.c -o .\ARM_GCC_541\Debug\CySpc.o
arm-none-eabi-gcc.exe -mcpu=cortex-m3 -mthumb -I. -IGenerated_Source\PSoC5 -Wa,-alh=.\ARM_GCC_541\Debug/cyutils.lst -g -ffunction-sections -ffat-lto-objects -O0 -c Generated_Source\PSoC5\cyutils.c -o .\ARM_GCC_541\Debug\cyutils.o
arm-none-eabi-gcc.exe -mcpu=cortex-m3 -mthumb -I. -IGenerated_Source\PSoC5 -Wa,-alh=.\ARM_GCC_541\Debug/UART_1.lst -g -ffunction-sections -ffat-lto-objects -O0 -c Generated_Source\PSoC5\UART_1.c -o .\ARM_GCC_541\Debug\UART_1.o
arm-none-eabi-gcc.exe -mcpu=cortex-m3 -mthumb -I. -IGenerated_Source\PSoC5 -Wa,-alh=.\ARM_GCC_541\Debug/UART_1_PM.lst -g -ffunction-sections -ffat-lto-objects -O0 -c Generated_Source\PSoC5\UART_1_PM.c -o .\ARM_GCC_541\Debug\UART_1_PM.o
arm-none-eabi-gcc.exe -mcpu=cortex-m3 -mthumb -I. -IGenerated_Source\PSoC5 -Wa,-alh=.\ARM_GCC_541\Debug/UART_1_INT.lst -g -ffunction-sections -ffat-lto-objects -O0 -c Generated_Source\PSoC5\UART_1_INT.c -o .\ARM_GCC_541\Debug\UART_1_INT.o
arm-none-eabi-gcc.exe -mcpu=cortex-m3 -mthumb -I. -IGenerated_Source\PSoC5 -Wa,-alh=.\ARM_GCC_541\Debug/UART_1_BOOT.lst -g -ffunction-sections -ffat-lto-objects -O0 -c Generated_Source\PSoC5\UART_1_BOOT.c -o .\ARM_GCC_541\Debug\UART_1_BOOT.o
arm-none-eabi-gcc.exe -mcpu=cortex-m3 -mthumb -I. -IGenerated_Source\PSoC5 -Wa,-alh=.\ARM_GCC_541\Debug/UART_1_IntClock.lst -g -ffunction-sections -ffat-lto-objects -O0 -c Generated_Source\PSoC5\UART_1_IntClock.c -o .\ARM_GCC_541\Debug\UART_1_IntClock.o
arm-none-eabi-gcc.exe -mcpu=cortex-m3 -mthumb -I. -IGenerated_Source\PSoC5 -Wa,-alh=.\ARM_GCC_541\Debug/Timer.lst -g -ffunction-sections -ffat-lto-objects -O0 -c Generated_Source\PSoC5\Timer.c -o .\ARM_GCC_541\Debug\Timer.o
arm-none-eabi-gcc.exe -mcpu=cortex-m3 -mthumb -I. -IGenerated_Source\PSoC5 -Wa,-alh=.\ARM_GCC_541\Debug/Timer_PM.lst -g -ffunction-sections -ffat-lto-objects -O0 -c Generated_Source\PSoC5\Timer_PM.c -o .\ARM_GCC_541\Debug\Timer_PM.o
arm-none-eabi-gcc.exe -mcpu=cortex-m3 -mthumb -I. -IGenerated_Source\PSoC5 -Wa,-alh=.\ARM_GCC_541\Debug/isr.lst -g -ffunction-sections -ffat-lto-objects -O0 -c Generated_Source\PSoC5\isr.c -o .\ARM_GCC_541\Debug\isr.o
arm-none-eabi-gcc.exe -mcpu=cortex-m3 -mthumb -I. -IGenerated_Source\PSoC5 -Wa,-alh=.\ARM_GCC_541\Debug/Clock_1.lst -g -ffunction-sections -ffat-lto-objects -O0 -c Generated_Source\PSoC5\Clock_1.c -o .\ARM_GCC_541\Debug\Clock_1.o
arm-none-eabi-gcc.exe -mcpu=cortex-m3 -mthumb -I. -IGenerated_Source\PSoC5 -Wa,-alh=.\ARM_GCC_541\Debug/HF_SW1.lst -g -ffunction-sections -ffat-lto-objects -O0 -c Generated_Source\PSoC5\HF_SW1.c -o .\ARM_GCC_541\Debug\HF_SW1.o
arm-none-eabi-gcc.exe -mcpu=cortex-m3 -mthumb -I. -IGenerated_Source\PSoC5 -Wa,-alh=.\ARM_GCC_541\Debug/LF_SW1.lst -g -ffunction-sections -ffat-lto-objects -O0 -c Generated_Source\PSoC5\LF_SW1.c -o .\ARM_GCC_541\Debug\LF_SW1.o
arm-none-eabi-gcc.exe -mcpu=cortex-m3 -mthumb -I. -IGenerated_Source\PSoC5 -Wa,-alh=.\ARM_GCC_541\Debug/HF_DAC_1.lst -g -ffunction-sections -ffat-lto-objects -O0 -c Generated_Source\PSoC5\HF_DAC_1.c -o .\ARM_GCC_541\Debug\HF_DAC_1.o
arm-none-eabi-gcc.exe -mcpu=cortex-m3 -mthumb -I. -IGenerated_Source\PSoC5 -Wa,-alh=.\ARM_GCC_541\Debug/HF_DAC_1_PM.lst -g -ffunction-sections -ffat-lto-objects -O0 -c Generated_Source\PSoC5\HF_DAC_1_PM.c -o .\ARM_GCC_541\Debug\HF_DAC_1_PM.o
arm-none-eabi-gcc.exe -mcpu=cortex-m3 -mthumb -I. -IGenerated_Source\PSoC5 -Wa,-alh=.\ARM_GCC_541\Debug/LF_DAC_1.lst -g -ffunction-sections -ffat-lto-objects -O0 -c Generated_Source\PSoC5\LF_DAC_1.c -o .\ARM_GCC_541\Debug\LF_DAC_1.o
arm-none-eabi-gcc.exe -mcpu=cortex-m3 -mthumb -I. -IGenerated_Source\PSoC5 -Wa,-alh=.\ARM_GCC_541\Debug/LF_DAC_1_PM.lst -g -ffunction-sections -ffat-lto-objects -O0 -c Generated_Source\PSoC5\LF_DAC_1_PM.c -o .\ARM_GCC_541\Debug\LF_DAC_1_PM.o
arm-none-eabi-gcc.exe -mcpu=cortex-m3 -mthumb -I. -IGenerated_Source\PSoC5 -Wa,-alh=.\ARM_GCC_541\Debug/HF_DAC_1_Wave1_DMA_dma.lst -g -ffunction-sections -ffat-lto-objects -O0 -c Generated_Source\PSoC5\HF_DAC_1_Wave1_DMA_dma.c -o .\ARM_GCC_541\Debug\HF_DAC_1_Wave1_DMA_dma.o
arm-none-eabi-gcc.exe -mcpu=cortex-m3 -mthumb -I. -IGenerated_Source\PSoC5 -Wa,-alh=.\ARM_GCC_541\Debug/HF_DAC_1_Wave2_DMA_dma.lst -g -ffunction-sections -ffat-lto-objects -O0 -c Generated_Source\PSoC5\HF_DAC_1_Wave2_DMA_dma.c -o .\ARM_GCC_541\Debug\HF_DAC_1_Wave2_DMA_dma.o
arm-none-eabi-gcc.exe -mcpu=cortex-m3 -mthumb -I. -IGenerated_Source\PSoC5 -Wa,-alh=.\ARM_GCC_541\Debug/HF_DAC_1_VDAC8.lst -g -ffunction-sections -ffat-lto-objects -O0 -c Generated_Source\PSoC5\HF_DAC_1_VDAC8.c -o .\ARM_GCC_541\Debug\HF_DAC_1_VDAC8.o
arm-none-eabi-gcc.exe -mcpu=cortex-m3 -mthumb -I. -IGenerated_Source\PSoC5 -Wa,-alh=.\ARM_GCC_541\Debug/HF_DAC_1_VDAC8_PM.lst -g -ffunction-sections -ffat-lto-objects -O0 -c Generated_Source\PSoC5\HF_DAC_1_VDAC8_PM.c -o .\ARM_GCC_541\Debug\HF_DAC_1_VDAC8_PM.o
arm-none-eabi-gcc.exe -mcpu=cortex-m3 -mthumb -I. -IGenerated_Source\PSoC5 -Wa,-alh=.\ARM_GCC_541\Debug/LF_DAC_1_Wave1_DMA_dma.lst -g -ffunction-sections -ffat-lto-objects -O0 -c Generated_Source\PSoC5\LF_DAC_1_Wave1_DMA_dma.c -o .\ARM_GCC_541\Debug\LF_DAC_1_Wave1_DMA_dma.o
arm-none-eabi-gcc.exe -mcpu=cortex-m3 -mthumb -I. -IGenerated_Source\PSoC5 -Wa,-alh=.\ARM_GCC_541\Debug/LF_DAC_1_Wave2_DMA_dma.lst -g -ffunction-sections -ffat-lto-objects -O0 -c Generated_Source\PSoC5\LF_DAC_1_Wave2_DMA_dma.c -o .\ARM_GCC_541\Debug\LF_DAC_1_Wave2_DMA_dma.o
arm-none-eabi-gcc.exe -mcpu=cortex-m3 -mthumb -I. -IGenerated_Source\PSoC5 -Wa,-alh=.\ARM_GCC_541\Debug/LF_DAC_1_VDAC8.lst -g -ffunction-sections -ffat-lto-objects -O0 -c Generated_Source\PSoC5\LF_DAC_1_VDAC8.c -o .\ARM_GCC_541\Debug\LF_DAC_1_VDAC8.o
arm-none-eabi-gcc.exe -mcpu=cortex-m3 -mthumb -I. -IGenerated_Source\PSoC5 -Wa,-alh=.\ARM_GCC_541\Debug/LF_DAC_1_VDAC8_PM.lst -g -ffunction-sections -ffat-lto-objects -O0 -c Generated_Source\PSoC5\LF_DAC_1_VDAC8_PM.c -o .\ARM_GCC_541\Debug\LF_DAC_1_VDAC8_PM.o
arm-none-eabi-gcc.exe -mcpu=cortex-m3 -mthumb -I. -IGenerated_Source\PSoC5 -Wa,-alh=.\ARM_GCC_541\Debug/TX_Output.lst -g -ffunction-sections -ffat-lto-objects -O0 -c Generated_Source\PSoC5\TX_Output.c -o .\ARM_GCC_541\Debug\TX_Output.o
arm-none-eabi-gcc.exe -mcpu=cortex-m3 -mthumb -I. -IGenerated_Source\PSoC5 -Wa,-alh=.\ARM_GCC_541\Debug/LED.lst -g -ffunction-sections -ffat-lto-objects -O0 -c Generated_Source\PSoC5\LED.c -o .\ARM_GCC_541\Debug\LED.o
arm-none-eabi-gcc.exe -mcpu=cortex-m3 -mthumb -I. -IGenerated_Source\PSoC5 -Wa,-alh=.\ARM_GCC_541\Debug/HF_DAC_CLK.lst -g -ffunction-sections -ffat-lto-objects -O0 -c Generated_Source\PSoC5\HF_DAC_CLK.c -o .\ARM_GCC_541\Debug\HF_DAC_CLK.o
arm-none-eabi-gcc.exe -mcpu=cortex-m3 -mthumb -I. -IGenerated_Source\PSoC5 -Wa,-alh=.\ARM_GCC_541\Debug/LF_DAC_CLK.lst -g -ffunction-sections -ffat-lto-objects -O0 -c Generated_Source\PSoC5\LF_DAC_CLK.c -o .\ARM_GCC_541\Debug\LF_DAC_CLK.o
arm-none-eabi-gcc.exe -mcpu=cortex-m3 -mthumb -I. -IGenerated_Source\PSoC5 -Wa,-alh=.\ARM_GCC_541\Debug/Blue_LED.lst -g -ffunction-sections -ffat-lto-objects -O0 -c Generated_Source\PSoC5\Blue_LED.c -o .\ARM_GCC_541\Debug\Blue_LED.o
arm-none-eabi-as.exe -mcpu=cortex-m3 -mthumb -I. -IGenerated_Source\PSoC5 -alh=.\ARM_GCC_541\Debug/CyBootAsmGnu.lst -g -o .\ARM_GCC_541\Debug\CyBootAsmGnu.o Generated_Source\PSoC5\CyBootAsmGnu.s
arm-none-eabi-ar.exe -rs .\ARM_GCC_541\Debug\DTMF_TX.a .\ARM_GCC_541\Debug\ADC_DelSig_1.o .\ARM_GCC_541\Debug\ADC_DelSig_1_PM.o .\ARM_GCC_541\Debug\ADC_DelSig_1_INT.o .\ARM_GCC_541\Debug\ADC_DelSig_1_AMux.o .\ARM_GCC_541\Debug\ADC_DelSig_1_Ext_CP_Clk.o .\ARM_GCC_541\Debug\ADC_DelSig_1_IRQ.o .\ARM_GCC_541\Debug\ADC_DelSig_1_theACLK.o .\ARM_GCC_541\Debug\CyDmac.o .\ARM_GCC_541\Debug\CyFlash.o .\ARM_GCC_541\Debug\CyLib.o .\ARM_GCC_541\Debug\cyPm.o .\ARM_GCC_541\Debug\CySpc.o .\ARM_GCC_541\Debug\cyutils.o .\ARM_GCC_541\Debug\UART_1.o .\ARM_GCC_541\Debug\UART_1_PM.o .\ARM_GCC_541\Debug\UART_1_INT.o .\ARM_GCC_541\Debug\UART_1_BOOT.o .\ARM_GCC_541\Debug\UART_1_IntClock.o .\ARM_GCC_541\Debug\Timer.o .\ARM_GCC_541\Debug\Timer_PM.o .\ARM_GCC_541\Debug\isr.o .\ARM_GCC_541\Debug\Clock_1.o .\ARM_GCC_541\Debug\HF_SW1.o .\ARM_GCC_541\Debug\LF_SW1.o .\ARM_GCC_541\Debug\HF_DAC_1.o .\ARM_GCC_541\Debug\HF_DAC_1_PM.o .\ARM_GCC_541\Debug\LF_DAC_1.o .\ARM_GCC_541\Debug\LF_DAC_1_PM.o .\ARM_GCC_541\Debug\HF_DAC_1_Wave1_DMA_dma.o .\ARM_GCC_541\Debug\HF_DAC_1_Wave2_DMA_dma.o .\ARM_GCC_541\Debug\HF_DAC_1_VDAC8.o .\ARM_GCC_541\Debug\HF_DAC_1_VDAC8_PM.o .\ARM_GCC_541\Debug\LF_DAC_1_Wave1_DMA_dma.o .\ARM_GCC_541\Debug\LF_DAC_1_Wave2_DMA_dma.o .\ARM_GCC_541\Debug\LF_DAC_1_VDAC8.o .\ARM_GCC_541\Debug\LF_DAC_1_VDAC8_PM.o .\ARM_GCC_541\Debug\TX_Output.o .\ARM_GCC_541\Debug\LED.o .\ARM_GCC_541\Debug\HF_DAC_CLK.o .\ARM_GCC_541\Debug\LF_DAC_CLK.o .\ARM_GCC_541\Debug\Blue_LED.o .\ARM_GCC_541\Debug\CyBootAsmGnu.o
arm-none-eabi-ar.exe: creating .\ARM_GCC_541\Debug\DTMF_TX.a
arm-none-eabi-gcc.exe -Wl,--start-group -o "C:\Users\riveraes\Documents\LaptopPublic\Maestria\MP6157_Adquisicion y procesamiento de datos\DualToneMultiFrequency\DTMF_Projects\DTMF_TX.cydsn\ARM_GCC_541\Debug\DTMF_TX.elf" .\ARM_GCC_541\Debug\main.o .\ARM_GCC_541\Debug\cyfitter_cfg.o .\ARM_GCC_541\Debug\cymetadata.o .\ARM_GCC_541\Debug\Cm3Start.o .\ARM_GCC_541\Debug\DTMF_TX.a "C:\Program Files (x86)\Cypress\PSoC Creator\4.1\PSoC Creator\psoc\content\cycomponentlibrary\CyComponentLibrary.cylib\CortexM3\ARM_GCC_541\Debug\CyComponentLibrary.a" -mcpu=cortex-m3 -mthumb -l m -L Generated_Source\PSoC5 -Wl,-Map,.\ARM_GCC_541\Debug/DTMF_TX.map -T Generated_Source\PSoC5\cm3gcc.ld -specs=nano.specs -Wl,--gc-sections -g -ffunction-sections -O0 -ffat-lto-objects -Wl,--end-group
cyelftool.exe -C "C:\Users\riveraes\Documents\LaptopPublic\Maestria\MP6157_Adquisicion y procesamiento de datos\DualToneMultiFrequency\DTMF_Projects\DTMF_TX.cydsn\ARM_GCC_541\Debug\DTMF_TX.elf" --flash_row_size 256 --flash_size 262144 --flash_offset 0x00000000
cyelftool.exe -S "C:\Users\riveraes\Documents\LaptopPublic\Maestria\MP6157_Adquisicion y procesamiento de datos\DualToneMultiFrequency\DTMF_Projects\DTMF_TX.cydsn\ARM_GCC_541\Debug\DTMF_TX.elf"
Flash used: 24624 of 262144 bytes (9.4%).
SRAM used: 3957 of 65536 bytes (6.0%). Stack: 2048 bytes. Heap: 128 bytes.
--------------- Rebuild Succeeded: 03/05/2018 18:34:06 ---------------
